ag0 read request stall cycles           0 write request stall cycles        4108
ag0 read request stall cycles due to wait for rd fifo avaliable           0
ag1 read request stall cycles           0 write request stall cycles           0
ag1 read request stall cycles due to wait for rd fifo avaliable         899
ag2 read request stall cycles         625 write request stall cycles           0
ag2 read request stall cycles due to wait for rd fifo avaliable         275
ag3 read request stall cycles         287 write request stall cycles           0
ag3 read request stall cycles due to wait for rd fifo avaliable        3741
ag4 read request stall cycles           0 write request stall cycles           0
ag4 read request stall cycles due to wait for rd fifo avaliable           0
ag5 read request stall cycles           0 write request stall cycles           0
ag5 read request stall cycles due to wait for rd fifo avaliable           0
ag6 read request stall cycles           0 write request stall cycles           0
ag6 read request stall cycles due to wait for rd fifo avaliable           0
ag7 read request stall cycles           0 write request stall cycles           0
ag7 read request stall cycles due to wait for rd fifo avaliable           0
ag0 read request stall cycles           0 write request stall cycles        4108
ag0 read request stall cycles due to wait for rd fifo avaliable           0
ag1 read request stall cycles           0 write request stall cycles           0
ag1 read request stall cycles due to wait for rd fifo avaliable         899
ag2 read request stall cycles         625 write request stall cycles           0
ag2 read request stall cycles due to wait for rd fifo avaliable         275
ag3 read request stall cycles         287 write request stall cycles           0
ag3 read request stall cycles due to wait for rd fifo avaliable        3741
ag4 read request stall cycles           0 write request stall cycles           0
ag4 read request stall cycles due to wait for rd fifo avaliable           0
ag5 read request stall cycles           0 write request stall cycles           0
ag5 read request stall cycles due to wait for rd fifo avaliable           0
ag6 read request stall cycles           0 write request stall cycles           0
ag6 read request stall cycles due to wait for rd fifo avaliable           0
ag7 read request stall cycles           0 write request stall cycles           0
ag7 read request stall cycles due to wait for rd fifo avaliable           0
