slice12 start prefetch  @clk     1024197
slice13 start prefetch  @clk     1024197
slice14 start prefetch  @clk     1024197
slice15 start prefetch  @clk     1024197
slice8 start prefetch  @clk     1024199
slice9 start prefetch  @clk     1024199
slice10 start prefetch  @clk     1024199
slice11 start prefetch  @clk     1024199
slice4 start prefetch  @clk     1024201
slice5 start prefetch  @clk     1024201
slice6 start prefetch  @clk     1024201
slice7 start prefetch  @clk     1024201
slice0 start prefetch @clk     1024203
slice1 start prefetch  @clk     1024203
slice2 start prefetch  @clk     1024203
slice3 start prefetch  @clk     1024203
slice12 compute config finish @clk     1056636
slice13 compute config finish @clk     1056636
slice14 compute config finish @clk     1056636
slice15 compute config finish @clk     1056636
slice8 compute config finish @clk     1056638
slice9 compute config finish @clk     1056638
slice10 compute config finish @clk     1056638
slice11 compute config finish @clk     1056638
slice4 compute config finish @clk     1056640
slice5 compute config finish @clk     1056640
slice6 compute config finish @clk     1056640
slice7 compute config finish @clk     1056640
slice0 compute config finish @clk     1056642
slice1 compute config finish @clk     1056642
slice2 compute config finish @clk     1056642
slice3 compute config finish @clk     1056642
slice12 prefetch finish  @clk     1139063
slice12 start run  @clk     1139064
slice13 prefetch finish  @clk     1139069
slice13 start run  @clk     1139070
slice14 prefetch finish  @clk     1139075
slice14 start run  @clk     1139076
slice15 prefetch finish  @clk     1139101
slice15 start run  @clk     1139102
slice12 start prefetch  @clk     1139134
slice13 start prefetch  @clk     1139140
slice14 start prefetch  @clk     1139146
slice4 prefetch finish  @clk     1139151
slice4 start run  @clk     1139152
slice5 prefetch finish  @clk     1139157
slice5 start run  @clk     1139158
slice6 prefetch finish  @clk     1139163
slice6 start run  @clk     1139164
slice15 start prefetch  @clk     1139172
slice7 prefetch finish  @clk     1139189
slice7 start run  @clk     1139190
slice8 prefetch finish  @clk     1139195
slice8 start run  @clk     1139196
slice9 prefetch finish  @clk     1139201
slice9 start run  @clk     1139202
slice10 prefetch finish  @clk     1139207
slice10 start run  @clk     1139208
slice4 start prefetch  @clk     1139222
slice5 start prefetch  @clk     1139228
slice11 prefetch finish  @clk     1139233
slice6 start prefetch  @clk     1139234
slice11 start run  @clk     1139234
slice0 prefetch finish @clk     1139239
slice0 start run @clk     1139240
slice1 prefetch finish  @clk     1139245
slice1 start run  @clk     1139246
slice2 prefetch finish  @clk     1139251
slice2 start run  @clk     1139252
slice7 start prefetch  @clk     1139260
slice8 start prefetch  @clk     1139266
slice9 start prefetch  @clk     1139272
slice3 prefetch finish  @clk     1139277
slice10 start prefetch  @clk     1139278
slice3 start run  @clk     1139278
slice11 start prefetch  @clk     1139304
slice0 start prefetch @clk     1139310
slice1 start prefetch  @clk     1139316
slice0 prefetch finish @clk     1139317
slice2 start prefetch  @clk     1139322
slice1 prefetch finish  @clk     1139323
slice2 prefetch finish  @clk     1139329
slice3 start prefetch  @clk     1139348
slice3 prefetch finish  @clk     1139355
slice12 access done  @clk     1143643
slice12 start write  @clk     1143644
slice13 access done  @clk     1143649
slice13 start write  @clk     1143650
slice14 access done  @clk     1143655
slice14 start write  @clk     1143656
slice15 access done  @clk     1143681
slice15 start write  @clk     1143682
slice4 access done  @clk     1143731
slice4 start write  @clk     1143732
slice5 access done  @clk     1143737
slice5 start write  @clk     1143738
slice6 access done  @clk     1143743
slice6 start write  @clk     1143744
slice7 access done  @clk     1143769
slice7 start write  @clk     1143770
slice8 access done  @clk     1143775
slice8 start write  @clk     1143776
slice9 access done  @clk     1143781
slice9 start write  @clk     1143782
slice10 access done  @clk     1143787
slice10 start write  @clk     1143788
slice11 access done  @clk     1143813
slice11 start write  @clk     1143814
slice0 access done @clk     1143819
slice0 start write @clk     1143820
slice1 access done  @clk     1143825
slice1 start write  @clk     1143826
slice2 access done  @clk     1143831
slice2 start write  @clk     1143832
slice3 access done  @clk     1143857
slice3 start write  @clk     1143858
slice12 compute config finish @clk     1144539
slice13 compute config finish @clk     1144545
slice14 compute config finish @clk     1144551
slice15 compute config finish @clk     1144577
slice4 compute config finish @clk     1144627
slice5 compute config finish @clk     1144633
slice6 compute config finish @clk     1144639
slice7 compute config finish @clk     1144665
slice8 compute config finish @clk     1144671
slice9 compute config finish @clk     1144677
slice10 compute config finish @clk     1144683
slice11 compute config finish @clk     1144709
slice0 compute config finish @clk     1144715
slice1 compute config finish @clk     1144721
slice2 compute config finish @clk     1144727
slice3 compute config finish @clk     1144753
slice0 write_burst finish @clk     1228757
slice0 task finish @clk     1228759
slice1 write_burst finish  @clk     1228760
slice1 task finish  @clk     1228762
slice2 write_burst finish  @clk     1228763
slice2 task finish  @clk     1228765
slice3 write_burst finish  @clk     1228766
slice3 task finish  @clk     1228768
slice0 start run @clk     1228774
slice1 start run  @clk     1228775
slice2 start run  @clk     1228776
slice3 start run  @clk     1228777
slice0 access done @clk     1228783
slice1 access done  @clk     1228784
slice0 start write @clk     1228784
slice2 access done  @clk     1228785
slice1 start write  @clk     1228785
slice0 write_burst finish @clk     1228785
slice3 access done  @clk     1228786
slice2 start write  @clk     1228786
slice1 write_burst finish  @clk     1228786
slice3 start write  @clk     1228787
slice2 write_burst finish  @clk     1228787
slice0 task finish @clk     1228787
slice3 write_burst finish  @clk     1228788
slice1 task finish  @clk     1228788
slice2 task finish  @clk     1228789
slice3 task finish  @clk     1228790
slice12 prefetch finish  @clk     1240987
slice13 prefetch finish  @clk     1241925
slice14 prefetch finish  @clk     1241927
slice15 prefetch finish  @clk     1242121
slice4 prefetch finish  @clk     1242697
slice5 prefetch finish  @clk     1242789
slice6 prefetch finish  @clk     1242897
slice7 prefetch finish  @clk     1243269
slice8 prefetch finish  @clk     1243357
slice9 prefetch finish  @clk     1243359
slice10 prefetch finish  @clk     1243361
slice11 prefetch finish  @clk     1243365
slice12 write_burst finish  @clk     1287027
slice12 task finish  @clk     1287029
slice12 start run  @clk     1287042
slice13 write_burst finish  @clk     1287503
slice13 task finish  @clk     1287505
slice13 start run  @clk     1287507
slice14 write_burst finish  @clk     1287525
slice14 task finish  @clk     1287527
slice14 start run  @clk     1287540
slice15 write_burst finish  @clk     1287693
slice15 task finish  @clk     1287695
slice15 start run  @clk     1287701
slice4 write_burst finish  @clk     1288007
slice4 task finish  @clk     1288009
slice4 start run  @clk     1288010
slice5 write_burst finish  @clk     1288011
slice5 task finish  @clk     1288013
slice5 start run  @clk     1288027
slice6 write_burst finish  @clk     1288135
slice6 task finish  @clk     1288137
slice6 start run  @clk     1288140
slice7 write_burst finish  @clk     1288309
slice7 task finish  @clk     1288311
slice7 start run  @clk     1288317
slice8 write_burst finish  @clk     1288345
slice8 task finish  @clk     1288347
slice9 write_burst finish  @clk     1288349
slice8 start run  @clk     1288350
slice9 task finish  @clk     1288351
slice10 write_burst finish  @clk     1288353
slice10 task finish  @clk     1288355
slice9 start run  @clk     1288367
slice10 start run  @clk     1288368
slice11 write_burst finish  @clk     1288375
slice11 task finish  @clk     1288377
slice11 start run  @clk     1288385
slice12 start prefetch  @clk     1288701
slice13 start prefetch  @clk     1288701
slice14 start prefetch  @clk     1288701
slice15 start prefetch  @clk     1288701
slice8 start prefetch  @clk     1288703
slice9 start prefetch  @clk     1288703
slice10 start prefetch  @clk     1288703
slice11 start prefetch  @clk     1288703
slice4 start prefetch  @clk     1288705
slice5 start prefetch  @clk     1288705
slice6 start prefetch  @clk     1288705
slice7 start prefetch  @clk     1288705
slice0 start prefetch @clk     1288707
slice1 start prefetch  @clk     1288707
slice2 start prefetch  @clk     1288707
slice3 start prefetch  @clk     1288707
slice12 access done  @clk     1291624
slice12 start write  @clk     1291625
slice13 access done  @clk     1292089
slice13 start write  @clk     1292090
slice14 access done  @clk     1292122
slice14 start write  @clk     1292123
slice0 compute config finish @clk     1292164
slice1 compute config finish @clk     1292164
slice2 compute config finish @clk     1292164
slice3 compute config finish @clk     1292164
slice15 access done  @clk     1292283
slice15 start write  @clk     1292284
slice12 compute config finish @clk     1292520
slice4 access done  @clk     1292592
slice4 start write  @clk     1292593
slice5 access done  @clk     1292609
slice5 start write  @clk     1292610
slice6 access done  @clk     1292722
slice6 start write  @clk     1292723
slice7 access done  @clk     1292899
slice7 start write  @clk     1292900
slice8 access done  @clk     1292932
slice8 start write  @clk     1292933
slice9 access done  @clk     1292949
slice10 access done  @clk     1292950
slice9 start write  @clk     1292950
slice10 start write  @clk     1292951
slice11 access done  @clk     1292967
slice11 start write  @clk     1292968
slice13 compute config finish @clk     1292985
slice14 compute config finish @clk     1293018
slice15 compute config finish @clk     1293179
slice4 compute config finish @clk     1293488
slice5 compute config finish @clk     1293505
slice6 compute config finish @clk     1293618
slice7 compute config finish @clk     1293795
slice8 compute config finish @clk     1293828
slice9 compute config finish @clk     1293845
slice10 compute config finish @clk     1293846
slice11 compute config finish @clk     1293863
slice12 prefetch finish  @clk     1351607
slice13 prefetch finish  @clk     1351627
slice14 prefetch finish  @clk     1351633
slice15 prefetch finish  @clk     1351645
slice4 prefetch finish  @clk     1351651
slice5 prefetch finish  @clk     1351671
slice6 prefetch finish  @clk     1351677
slice7 prefetch finish  @clk     1351689
slice8 prefetch finish  @clk     1351695
slice9 prefetch finish  @clk     1351715
slice10 prefetch finish  @clk     1351721
slice11 prefetch finish  @clk     1351733
slice12 write_burst finish  @clk     1395781
slice12 task finish  @clk     1395783
slice12 start run  @clk     1395794
slice13 write_burst finish  @clk     1396019
slice13 task finish  @clk     1396021
slice13 start run  @clk     1396035
slice14 write_burst finish  @clk     1396061
slice14 task finish  @clk     1396063
slice14 start run  @clk     1396068
slice15 write_burst finish  @clk     1396191
slice15 task finish  @clk     1396193
slice15 start run  @clk     1396197
slice4 write_burst finish  @clk     1396261
slice4 task finish  @clk     1396263
slice5 write_burst finish  @clk     1396265
slice4 start run  @clk     1396266
slice5 task finish  @clk     1396267
slice5 start run  @clk     1396283
slice6 write_burst finish  @clk     1396297
slice6 task finish  @clk     1396299
slice6 start run  @clk     1396300
slice7 write_burst finish  @clk     1396301
slice7 task finish  @clk     1396303
slice7 start run  @clk     1396317
slice8 write_burst finish  @clk     1396328
slice8 task finish  @clk     1396330
slice9 write_burst finish  @clk     1396333
slice8 start run  @clk     1396334
slice9 task finish  @clk     1396335
slice10 write_burst finish  @clk     1396337
slice10 task finish  @clk     1396339
slice9 start run  @clk     1396351
slice10 start run  @clk     1396352
slice11 write_burst finish  @clk     1396359
slice11 task finish  @clk     1396361
slice11 start run  @clk     1396369
slice12 start prefetch  @clk     1396739
slice13 start prefetch  @clk     1396739
slice14 start prefetch  @clk     1396739
slice15 start prefetch  @clk     1396739
slice8 start prefetch  @clk     1396741
slice9 start prefetch  @clk     1396741
slice10 start prefetch  @clk     1396741
slice11 start prefetch  @clk     1396741
slice4 start prefetch  @clk     1396743
slice5 start prefetch  @clk     1396743
slice6 start prefetch  @clk     1396743
slice7 start prefetch  @clk     1396743
slice12 access done  @clk     1400376
slice12 start write  @clk     1400377
slice13 access done  @clk     1400617
slice13 start write  @clk     1400618
slice14 access done  @clk     1400650
slice14 start write  @clk     1400651
slice15 access done  @clk     1400779
slice15 start write  @clk     1400780
slice4 access done  @clk     1400848
slice4 start write  @clk     1400849
slice5 access done  @clk     1400865
slice5 start write  @clk     1400866
slice6 access done  @clk     1400882
slice6 start write  @clk     1400883
slice7 access done  @clk     1400899
slice7 start write  @clk     1400900
slice8 access done  @clk     1400916
slice8 start write  @clk     1400917
slice9 access done  @clk     1400933
slice10 access done  @clk     1400934
slice9 start write  @clk     1400934
slice10 start write  @clk     1400935
slice11 access done  @clk     1400951
slice11 start write  @clk     1400952
slice12 compute config finish @clk     1401272
slice13 compute config finish @clk     1401513
slice14 compute config finish @clk     1401546
slice15 compute config finish @clk     1401675
slice4 compute config finish @clk     1401744
slice5 compute config finish @clk     1401761
slice6 compute config finish @clk     1401778
slice7 compute config finish @clk     1401795
slice8 compute config finish @clk     1401812
slice9 compute config finish @clk     1401829
slice10 compute config finish @clk     1401830
slice11 compute config finish @clk     1401847
slice12 prefetch finish  @clk     1459439
slice13 prefetch finish  @clk     1459445
slice14 prefetch finish  @clk     1459451
slice15 prefetch finish  @clk     1459457
slice4 prefetch finish  @clk     1459483
slice5 prefetch finish  @clk     1459489
slice6 prefetch finish  @clk     1459495
slice7 prefetch finish  @clk     1459501
slice8 prefetch finish  @clk     1459527
slice9 prefetch finish  @clk     1459533
slice10 prefetch finish  @clk     1459539
slice11 prefetch finish  @clk     1459545
slice12 write_burst finish  @clk     1504721
slice12 task finish  @clk     1504723
slice13 write_burst finish  @clk     1504725
slice13 task finish  @clk     1504727
slice12 start run  @clk     1504738
slice13 start run  @clk     1504739
slice14 write_burst finish  @clk     1504823
slice14 task finish  @clk     1504825
slice14 start run  @clk     1504836
slice15 write_burst finish  @clk     1504916
slice15 task finish  @clk     1504918
slice15 start run  @clk     1504933
slice4 write_burst finish  @clk     1504991
slice4 task finish  @clk     1504993
slice5 write_burst finish  @clk     1504995
slice5 task finish  @clk     1504997
slice4 start run  @clk     1505002
slice5 start run  @clk     1505003
slice6 write_burst finish  @clk     1505056
slice6 task finish  @clk     1505058
slice7 write_burst finish  @clk     1505061
slice7 task finish  @clk     1505063
slice8 write_burst finish  @clk     1505065
slice8 task finish  @clk     1505067
slice6 start run  @clk     1505068
slice7 start run  @clk     1505069
slice8 start run  @clk     1505070
slice9 write_burst finish  @clk     1505087
slice9 task finish  @clk     1505089
slice10 write_burst finish  @clk     1505091
slice10 task finish  @clk     1505093
slice11 write_burst finish  @clk     1505095
slice11 task finish  @clk     1505097
slice9 start run  @clk     1505103
slice10 start run  @clk     1505104
slice11 start run  @clk     1505105
slice12 access done  @clk     1509320
slice13 access done  @clk     1509321
slice12 start write  @clk     1509321
slice13 start write  @clk     1509322
slice14 access done  @clk     1509418
slice14 start write  @clk     1509419
slice15 access done  @clk     1509515
slice15 start write  @clk     1509516
slice4 access done  @clk     1509584
slice5 access done  @clk     1509585
slice4 start write  @clk     1509585
slice5 start write  @clk     1509586
slice6 access done  @clk     1509650
slice7 access done  @clk     1509651
slice6 start write  @clk     1509651
slice8 access done  @clk     1509652
slice7 start write  @clk     1509652
slice8 start write  @clk     1509653
slice9 access done  @clk     1509685
slice10 access done  @clk     1509686
slice9 start write  @clk     1509686
slice11 access done  @clk     1509687
slice10 start write  @clk     1509687
slice11 start write  @clk     1509688
slice12 write_burst finish  @clk     1553685
slice12 task finish  @clk     1553687
slice13 write_burst finish  @clk     1553787
slice13 task finish  @clk     1553789
slice14 write_burst finish  @clk     1554437
slice14 task finish  @clk     1554439
slice15 write_burst finish  @clk     1554707
slice15 task finish  @clk     1554709
slice4 write_burst finish  @clk     1554847
slice4 task finish  @clk     1554849
slice5 write_burst finish  @clk     1554869
slice5 task finish  @clk     1554871
slice6 write_burst finish  @clk     1554944
slice6 task finish  @clk     1554946
slice7 write_burst finish  @clk     1554949
slice7 task finish  @clk     1554951
slice8 write_burst finish  @clk     1554953
slice8 task finish  @clk     1554955
slice9 write_burst finish  @clk     1554977
slice9 task finish  @clk     1554979
slice10 write_burst finish  @clk     1554981
slice10 task finish  @clk     1554983
slice11 write_burst finish  @clk     1554985
slice11 task finish  @clk     1554987
slice12 start prefetch  @clk     1555093
slice13 start prefetch  @clk     1555093
slice14 start prefetch  @clk     1555093
slice15 start prefetch  @clk     1555093
slice8 start prefetch  @clk     1555095
slice9 start prefetch  @clk     1555095
slice10 start prefetch  @clk     1555095
slice11 start prefetch  @clk     1555095
slice4 start prefetch  @clk     1555097
slice5 start prefetch  @clk     1555097
slice6 start prefetch  @clk     1555097
slice7 start prefetch  @clk     1555097
slice12 compute config finish @clk     1558586
slice13 compute config finish @clk     1558586
slice14 compute config finish @clk     1558586
slice15 compute config finish @clk     1558586
slice8 compute config finish @clk     1558588
slice9 compute config finish @clk     1558588
slice10 compute config finish @clk     1558588
slice11 compute config finish @clk     1558588
slice4 compute config finish @clk     1558590
slice5 compute config finish @clk     1558590
slice6 compute config finish @clk     1558590
slice7 compute config finish @clk     1558590
slice12 prefetch finish  @clk     1618193
slice12 start run  @clk     1618194
slice13 prefetch finish  @clk     1618199
slice13 start run  @clk     1618200
slice14 prefetch finish  @clk     1618205
slice14 start run  @clk     1618206
slice15 prefetch finish  @clk     1618211
slice15 start run  @clk     1618212
slice4 prefetch finish  @clk     1618237
slice4 start run  @clk     1618238
slice5 prefetch finish  @clk     1618243
slice5 start run  @clk     1618244
slice6 prefetch finish  @clk     1618249
slice6 start run  @clk     1618250
slice7 prefetch finish  @clk     1618255
slice7 start run  @clk     1618256
slice8 prefetch finish  @clk     1618281
slice8 start run  @clk     1618282
slice9 prefetch finish  @clk     1618287
slice9 start run  @clk     1618288
slice10 prefetch finish  @clk     1618293
slice10 start run  @clk     1618294
slice11 prefetch finish  @clk     1618299
slice11 start run  @clk     1618300
slice12 access done  @clk     1622776
slice12 start write  @clk     1622777
slice13 access done  @clk     1622782
slice13 start write  @clk     1622783
slice14 access done  @clk     1622788
slice14 start write  @clk     1622789
slice15 access done  @clk     1622794
slice15 start write  @clk     1622795
slice4 access done  @clk     1622820
slice4 start write  @clk     1622821
slice5 access done  @clk     1622826
slice5 start write  @clk     1622827
slice6 access done  @clk     1622832
slice6 start write  @clk     1622833
slice7 access done  @clk     1622838
slice7 start write  @clk     1622839
slice8 access done  @clk     1622864
slice8 start write  @clk     1622865
slice9 access done  @clk     1622870
slice9 start write  @clk     1622871
slice10 access done  @clk     1622876
slice10 start write  @clk     1622877
slice11 access done  @clk     1622882
slice11 start write  @clk     1622883
slice12 write_burst finish  @clk     1668059
slice12 task finish  @clk     1668061
slice13 write_burst finish  @clk     1668063
slice13 task finish  @clk     1668065
slice14 write_burst finish  @clk     1668161
slice14 task finish  @clk     1668163
slice15 write_burst finish  @clk     1668257
slice15 task finish  @clk     1668259
slice4 write_burst finish  @clk     1668329
slice4 task finish  @clk     1668331
slice5 write_burst finish  @clk     1668397
slice5 task finish  @clk     1668399
slice6 write_burst finish  @clk     1668401
slice7 write_burst finish  @clk     1668402
slice6 task finish  @clk     1668403
slice7 task finish  @clk     1668404
slice8 write_burst finish  @clk     1668407
slice8 task finish  @clk     1668409
slice9 write_burst finish  @clk     1668429
slice9 task finish  @clk     1668431
slice10 write_burst finish  @clk     1668433
slice10 task finish  @clk     1668435
slice11 write_burst finish  @clk     1668437
slice11 task finish  @clk     1668439
slice12 start prefetch  @clk     1668793
slice13 start prefetch  @clk     1668793
slice14 start prefetch  @clk     1668793
slice15 start prefetch  @clk     1668793
slice8 start prefetch  @clk     1668795
slice9 start prefetch  @clk     1668795
slice10 start prefetch  @clk     1668795
slice11 start prefetch  @clk     1668795
slice4 start prefetch  @clk     1668797
slice5 start prefetch  @clk     1668797
slice6 start prefetch  @clk     1668797
slice7 start prefetch  @clk     1668797
slice12 compute config finish @clk     1672450
slice13 compute config finish @clk     1672450
slice14 compute config finish @clk     1672450
slice15 compute config finish @clk     1672450
slice8 compute config finish @clk     1672452
slice9 compute config finish @clk     1672452
slice10 compute config finish @clk     1672452
slice11 compute config finish @clk     1672452
slice4 compute config finish @clk     1672454
slice5 compute config finish @clk     1672454
slice6 compute config finish @clk     1672454
slice7 compute config finish @clk     1672454
slice12 prefetch finish  @clk     1732023
slice12 start run  @clk     1732024
slice13 prefetch finish  @clk     1732043
slice13 start run  @clk     1732044
slice14 prefetch finish  @clk     1732049
slice14 start run  @clk     1732050
slice15 prefetch finish  @clk     1732061
slice15 start run  @clk     1732062
slice4 prefetch finish  @clk     1732067
slice4 start run  @clk     1732068
slice5 prefetch finish  @clk     1732087
slice5 start run  @clk     1732088
slice6 prefetch finish  @clk     1732093
slice6 start run  @clk     1732094
slice7 prefetch finish  @clk     1732105
slice7 start run  @clk     1732106
slice8 prefetch finish  @clk     1732111
slice8 start run  @clk     1732112
slice9 prefetch finish  @clk     1732131
slice9 start run  @clk     1732132
slice10 prefetch finish  @clk     1732137
slice10 start run  @clk     1732138
slice11 prefetch finish  @clk     1732149
slice11 start run  @clk     1732150
slice12 access done  @clk     1736606
slice12 start write  @clk     1736607
slice13 access done  @clk     1736626
slice13 start write  @clk     1736627
slice14 access done  @clk     1736632
slice14 start write  @clk     1736633
slice15 access done  @clk     1736644
slice15 start write  @clk     1736645
slice4 access done  @clk     1736650
slice4 start write  @clk     1736651
slice5 access done  @clk     1736670
slice5 start write  @clk     1736671
slice6 access done  @clk     1736676
slice6 start write  @clk     1736677
slice7 access done  @clk     1736688
slice7 start write  @clk     1736689
slice8 access done  @clk     1736694
slice8 start write  @clk     1736695
slice9 access done  @clk     1736714
slice9 start write  @clk     1736715
slice10 access done  @clk     1736720
slice10 start write  @clk     1736721
slice11 access done  @clk     1736732
slice11 start write  @clk     1736733
slice12 write_burst finish  @clk     1780085
slice12 task finish  @clk     1780087
slice13 write_burst finish  @clk     1780323
slice13 task finish  @clk     1780325
slice14 write_burst finish  @clk     1780365
slice14 task finish  @clk     1780367
slice15 write_burst finish  @clk     1780495
slice15 task finish  @clk     1780497
slice4 write_burst finish  @clk     1780565
slice4 task finish  @clk     1780567
slice5 write_burst finish  @clk     1780569
slice5 task finish  @clk     1780571
slice6 write_burst finish  @clk     1780601
slice6 task finish  @clk     1780603
slice7 write_burst finish  @clk     1780605
slice7 task finish  @clk     1780607
slice8 write_burst finish  @clk     1780627
slice8 task finish  @clk     1780629
slice9 write_burst finish  @clk     1780632
slice9 task finish  @clk     1780634
slice10 write_burst finish  @clk     1780637
slice10 task finish  @clk     1780639
slice11 write_burst finish  @clk     1780641
slice11 task finish  @clk     1780643
