slice12 start prefetch  @clk      218739
slice13 start prefetch  @clk      218739
slice14 start prefetch  @clk      218739
slice15 start prefetch  @clk      218739
slice8 start prefetch  @clk      218743
slice9 start prefetch  @clk      218743
slice10 start prefetch  @clk      218743
slice11 start prefetch  @clk      218743
slice4 start prefetch  @clk      218747
slice5 start prefetch  @clk      218747
slice6 start prefetch  @clk      218747
slice7 start prefetch  @clk      218747
slice0 start prefetch @clk      218753
slice1 start prefetch  @clk      218753
slice2 start prefetch  @clk      218753
slice3 start prefetch  @clk      218753
slice12 prefetch finish  @clk      247304
slice13 prefetch finish  @clk      247338
slice14 prefetch finish  @clk      247372
slice15 prefetch finish  @clk      247406
slice8 prefetch finish  @clk      247712
slice9 prefetch finish  @clk      247746
slice10 prefetch finish  @clk      247780
slice11 prefetch finish  @clk      247814
slice4 prefetch finish  @clk      247984
slice5 prefetch finish  @clk      248018
slice6 prefetch finish  @clk      248052
slice7 prefetch finish  @clk      248086
slice0 prefetch finish @clk      248120
slice1 prefetch finish  @clk      248154
slice2 prefetch finish  @clk      248188
slice3 prefetch finish  @clk      248222
slice12 compute config finish @clk      249238
slice13 compute config finish @clk      249238
slice14 compute config finish @clk      249238
slice15 compute config finish @clk      249238
slice12 start run  @clk      249239
slice13 start run  @clk      249239
slice14 start run  @clk      249239
slice15 start run  @clk      249239
slice8 compute config finish @clk      249242
slice9 compute config finish @clk      249242
slice10 compute config finish @clk      249242
slice11 compute config finish @clk      249242
slice8 start run  @clk      249243
slice9 start run  @clk      249243
slice10 start run  @clk      249243
slice11 start run  @clk      249243
slice4 compute config finish @clk      249246
slice5 compute config finish @clk      249246
slice6 compute config finish @clk      249246
slice7 compute config finish @clk      249246
slice4 start run  @clk      249247
slice5 start run  @clk      249247
slice6 start run  @clk      249247
slice7 start run  @clk      249247
slice0 compute config finish @clk      249252
slice1 compute config finish @clk      249252
slice2 compute config finish @clk      249252
slice3 compute config finish @clk      249252
slice0 start run @clk      249253
slice1 start run  @clk      249253
slice2 start run  @clk      249253
slice3 start run  @clk      249253
slice12 start prefetch  @clk      249595
slice13 start prefetch  @clk      249595
slice14 start prefetch  @clk      249595
slice15 start prefetch  @clk      249595
slice8 start prefetch  @clk      249599
slice9 start prefetch  @clk      249599
slice10 start prefetch  @clk      249599
slice11 start prefetch  @clk      249599
slice4 start prefetch  @clk      249603
slice5 start prefetch  @clk      249603
slice6 start prefetch  @clk      249603
slice7 start prefetch  @clk      249603
slice0 start prefetch @clk      249609
slice1 start prefetch  @clk      249609
slice2 start prefetch  @clk      249609
slice3 start prefetch  @clk      249609
slice12 access done  @clk      252886
slice13 access done  @clk      252886
slice14 access done  @clk      252886
slice15 access done  @clk      252886
slice12 start write  @clk      252887
slice13 start write  @clk      252887
slice14 start write  @clk      252887
slice15 start write  @clk      252887
slice8 access done  @clk      252890
slice9 access done  @clk      252890
slice10 access done  @clk      252890
slice11 access done  @clk      252890
slice8 start write  @clk      252891
slice9 start write  @clk      252891
slice10 start write  @clk      252891
slice11 start write  @clk      252891
slice4 access done  @clk      252894
slice5 access done  @clk      252894
slice6 access done  @clk      252894
slice7 access done  @clk      252894
slice4 start write  @clk      252895
slice5 start write  @clk      252895
slice6 start write  @clk      252895
slice7 start write  @clk      252895
slice0 access done @clk      252900
slice1 access done  @clk      252900
slice2 access done  @clk      252900
slice3 access done  @clk      252900
slice0 start write @clk      252901
slice1 start write  @clk      252901
slice2 start write  @clk      252901
slice3 start write  @clk      252901
slice12 prefetch finish  @clk      278206
slice13 prefetch finish  @clk      278240
slice14 prefetch finish  @clk      278274
slice15 prefetch finish  @clk      278308
slice8 prefetch finish  @clk      278614
slice9 prefetch finish  @clk      278648
slice10 prefetch finish  @clk      278682
slice11 prefetch finish  @clk      278716
slice4 prefetch finish  @clk      278886
slice5 prefetch finish  @clk      278920
slice6 prefetch finish  @clk      278954
slice7 prefetch finish  @clk      278988
slice0 prefetch finish @clk      279022
slice1 prefetch finish  @clk      279056
slice2 prefetch finish  @clk      279090
slice3 prefetch finish  @clk      279124
slice12 compute config finish @clk      280004
slice13 compute config finish @clk      280004
slice14 compute config finish @clk      280004
slice15 compute config finish @clk      280004
slice8 compute config finish @clk      280008
slice9 compute config finish @clk      280008
slice10 compute config finish @clk      280008
slice11 compute config finish @clk      280008
slice4 compute config finish @clk      280012
slice5 compute config finish @clk      280012
slice6 compute config finish @clk      280012
slice7 compute config finish @clk      280012
slice0 compute config finish @clk      280018
slice1 compute config finish @clk      280018
slice2 compute config finish @clk      280018
slice3 compute config finish @clk      280018
slice12 write_burst finish  @clk      311925
slice12 task finish  @clk      311927
slice13 write_burst finish  @clk      311933
slice13 task finish  @clk      311935
slice12 start run  @clk      311938
slice13 start run  @clk      311939
slice14 write_burst finish  @clk      311941
slice14 task finish  @clk      311943
slice14 start run  @clk      311956
slice15 write_burst finish  @clk      312053
slice15 task finish  @clk      312055
slice15 start run  @clk      312069
slice8 write_burst finish  @clk      312221
slice8 task finish  @clk      312223
slice9 write_burst finish  @clk      312229
slice9 task finish  @clk      312231
slice8 start run  @clk      312238
slice9 start run  @clk      312239
slice10 write_burst finish  @clk      312317
slice10 task finish  @clk      312319
slice10 start run  @clk      312320
slice11 write_burst finish  @clk      312325
slice11 task finish  @clk      312327
slice11 start run  @clk      312337
slice4 write_burst finish  @clk      312371
slice4 task finish  @clk      312373
slice4 start run  @clk      312378
slice5 write_burst finish  @clk      312379
slice5 task finish  @clk      312381
slice6 write_burst finish  @clk      312387
slice6 task finish  @clk      312389
slice5 start run  @clk      312395
slice7 write_burst finish  @clk      312395
slice6 start run  @clk      312396
slice0 write_burst finish @clk      312396
slice7 task finish  @clk      312397
slice0 task finish @clk      312398
slice1 write_burst finish  @clk      312405
slice0 start run @clk      312406
slice1 task finish  @clk      312407
slice7 start run  @clk      312413
slice2 write_burst finish  @clk      312413
slice2 task finish  @clk      312415
slice3 write_burst finish  @clk      312421
slice1 start run  @clk      312423
slice3 task finish  @clk      312423
slice2 start run  @clk      312424
slice3 start run  @clk      312425
slice12 start prefetch  @clk      312693
slice13 start prefetch  @clk      312693
slice14 start prefetch  @clk      312693
slice15 start prefetch  @clk      312693
slice8 start prefetch  @clk      312697
slice9 start prefetch  @clk      312697
slice10 start prefetch  @clk      312697
slice11 start prefetch  @clk      312697
slice4 start prefetch  @clk      312701
slice5 start prefetch  @clk      312701
slice6 start prefetch  @clk      312701
slice7 start prefetch  @clk      312701
slice0 start prefetch @clk      312707
slice1 start prefetch  @clk      312707
slice2 start prefetch  @clk      312707
slice3 start prefetch  @clk      312707
slice12 access done  @clk      315585
slice13 access done  @clk      315586
slice12 start write  @clk      315586
slice13 start write  @clk      315587
slice14 access done  @clk      315603
slice14 start write  @clk      315604
slice15 access done  @clk      315716
slice15 start write  @clk      315717
slice8 access done  @clk      315885
slice9 access done  @clk      315886
slice8 start write  @clk      315886
slice9 start write  @clk      315887
slice10 access done  @clk      315967
slice10 start write  @clk      315968
slice11 access done  @clk      315984
slice11 start write  @clk      315985
slice4 access done  @clk      316025
slice4 start write  @clk      316026
slice5 access done  @clk      316042
slice6 access done  @clk      316043
slice5 start write  @clk      316043
slice6 start write  @clk      316044
slice0 access done @clk      316053
slice0 start write @clk      316054
slice7 access done  @clk      316060
slice7 start write  @clk      316061
slice1 access done  @clk      316070
slice2 access done  @clk      316071
slice1 start write  @clk      316071
slice3 access done  @clk      316072
slice2 start write  @clk      316072
slice3 start write  @clk      316073
slice0 prefetch finish @clk      316111
slice1 prefetch finish  @clk      316111
slice2 prefetch finish  @clk      316111
slice3 prefetch finish  @clk      316111
slice4 prefetch finish  @clk      316111
slice5 prefetch finish  @clk      316111
slice6 prefetch finish  @clk      316111
slice7 prefetch finish  @clk      316111
slice8 prefetch finish  @clk      316111
slice9 prefetch finish  @clk      316111
slice10 prefetch finish  @clk      316111
slice11 prefetch finish  @clk      316111
slice12 prefetch finish  @clk      316111
slice13 prefetch finish  @clk      316111
slice14 prefetch finish  @clk      316111
slice15 prefetch finish  @clk      316111
slice12 compute config finish @clk      316990
slice13 compute config finish @clk      316990
slice14 compute config finish @clk      316990
slice15 compute config finish @clk      316990
slice8 compute config finish @clk      316994
slice9 compute config finish @clk      316994
slice10 compute config finish @clk      316994
slice11 compute config finish @clk      316994
slice4 compute config finish @clk      316998
slice5 compute config finish @clk      316998
slice6 compute config finish @clk      316998
slice7 compute config finish @clk      316998
slice0 compute config finish @clk      317004
slice1 compute config finish @clk      317004
slice2 compute config finish @clk      317004
slice3 compute config finish @clk      317004
slice4 write_burst finish  @clk      349447
slice4 task finish  @clk      349449
slice4 start run  @clk      349450
slice5 write_burst finish  @clk      349455
slice5 task finish  @clk      349457
slice6 write_burst finish  @clk      349463
slice6 task finish  @clk      349465
slice5 start run  @clk      349467
slice6 start run  @clk      349468
slice7 write_burst finish  @clk      349471
slice7 task finish  @clk      349473
slice8 write_burst finish  @clk      349479
slice8 task finish  @clk      349481
slice7 start run  @clk      349485
slice8 start run  @clk      349486
slice9 write_burst finish  @clk      349487
slice9 task finish  @clk      349489
slice10 write_burst finish  @clk      349495
slice10 task finish  @clk      349497
slice9 start run  @clk      349503
slice11 write_burst finish  @clk      349503
slice10 start run  @clk      349504
slice11 task finish  @clk      349505
slice12 write_burst finish  @clk      349511
slice12 task finish  @clk      349513
slice13 write_burst finish  @clk      349519
slice11 start run  @clk      349521
slice13 task finish  @clk      349521
slice12 start run  @clk      349522
slice13 start run  @clk      349523
slice14 write_burst finish  @clk      349527
slice14 task finish  @clk      349529
slice15 write_burst finish  @clk      349535
slice15 task finish  @clk      349537
slice14 start run  @clk      349540
slice15 start run  @clk      349541
slice0 write_burst finish @clk      349543
slice0 task finish @clk      349545
slice1 write_burst finish  @clk      349551
slice1 task finish  @clk      349553
slice0 start run @clk      349558
slice1 start run  @clk      349559
slice2 write_burst finish  @clk      349559
slice2 task finish  @clk      349561
slice3 write_burst finish  @clk      349567
slice3 task finish  @clk      349569
slice2 start run  @clk      349576
slice3 start run  @clk      349577
slice12 start prefetch  @clk      349839
slice13 start prefetch  @clk      349839
slice14 start prefetch  @clk      349839
slice15 start prefetch  @clk      349839
slice8 start prefetch  @clk      349843
slice9 start prefetch  @clk      349843
slice10 start prefetch  @clk      349843
slice11 start prefetch  @clk      349843
slice4 start prefetch  @clk      349847
slice5 start prefetch  @clk      349847
slice6 start prefetch  @clk      349847
slice7 start prefetch  @clk      349847
slice0 start prefetch @clk      349853
slice1 start prefetch  @clk      349853
slice2 start prefetch  @clk      349853
slice3 start prefetch  @clk      349853
slice4 access done  @clk      353097
slice4 start write  @clk      353098
slice5 access done  @clk      353114
slice6 access done  @clk      353115
slice5 start write  @clk      353115
slice6 start write  @clk      353116
slice7 access done  @clk      353132
slice8 access done  @clk      353133
slice7 start write  @clk      353133
slice8 start write  @clk      353134
slice9 access done  @clk      353150
slice10 access done  @clk      353151
slice9 start write  @clk      353151
slice10 start write  @clk      353152
slice11 access done  @clk      353168
slice12 access done  @clk      353169
slice11 start write  @clk      353169
slice13 access done  @clk      353170
slice12 start write  @clk      353170
slice13 start write  @clk      353171
slice14 access done  @clk      353187
slice15 access done  @clk      353188
slice14 start write  @clk      353188
slice15 start write  @clk      353189
slice0 access done @clk      353205
slice1 access done  @clk      353206
slice0 start write @clk      353206
slice1 start write  @clk      353207
slice2 access done  @clk      353223
slice3 access done  @clk      353224
slice2 start write  @clk      353224
slice3 start write  @clk      353225
slice0 prefetch finish @clk      353257
slice1 prefetch finish  @clk      353257
slice2 prefetch finish  @clk      353257
slice3 prefetch finish  @clk      353257
slice4 prefetch finish  @clk      353257
slice5 prefetch finish  @clk      353257
slice6 prefetch finish  @clk      353257
slice7 prefetch finish  @clk      353257
slice8 prefetch finish  @clk      353257
slice9 prefetch finish  @clk      353257
slice10 prefetch finish  @clk      353257
slice11 prefetch finish  @clk      353257
slice12 prefetch finish  @clk      353257
slice13 prefetch finish  @clk      353257
slice14 prefetch finish  @clk      353257
slice15 prefetch finish  @clk      353257
slice12 compute config finish @clk      354136
slice13 compute config finish @clk      354136
slice14 compute config finish @clk      354136
slice15 compute config finish @clk      354136
slice8 compute config finish @clk      354140
slice9 compute config finish @clk      354140
slice10 compute config finish @clk      354140
slice11 compute config finish @clk      354140
slice4 compute config finish @clk      354144
slice5 compute config finish @clk      354144
slice6 compute config finish @clk      354144
slice7 compute config finish @clk      354144
slice0 compute config finish @clk      354150
slice1 compute config finish @clk      354150
slice2 compute config finish @clk      354150
slice3 compute config finish @clk      354150
slice4 write_burst finish  @clk      386593
slice4 task finish  @clk      386595
slice5 write_burst finish  @clk      386601
slice4 start run  @clk      386602
slice5 task finish  @clk      386603
slice6 write_burst finish  @clk      386609
slice6 task finish  @clk      386611
slice7 write_burst finish  @clk      386617
slice5 start run  @clk      386619
slice7 task finish  @clk      386619
slice6 start run  @clk      386620
slice7 start run  @clk      386621
slice8 write_burst finish  @clk      386625
slice8 task finish  @clk      386627
slice9 write_burst finish  @clk      386633
slice9 task finish  @clk      386635
slice8 start run  @clk      386638
slice9 start run  @clk      386639
slice10 write_burst finish  @clk      386641
slice10 task finish  @clk      386643
slice11 write_burst finish  @clk      386649
slice11 task finish  @clk      386651
slice10 start run  @clk      386656
slice11 start run  @clk      386657
slice12 write_burst finish  @clk      386657
slice12 task finish  @clk      386659
slice13 write_burst finish  @clk      386665
slice13 task finish  @clk      386667
slice14 write_burst finish  @clk      386673
slice12 start run  @clk      386674
slice13 start run  @clk      386675
slice14 task finish  @clk      386675
slice14 start run  @clk      386676
slice15 write_burst finish  @clk      386681
slice15 task finish  @clk      386683
slice0 write_burst finish @clk      386689
slice0 task finish @clk      386691
slice15 start run  @clk      386693
slice0 start run @clk      386694
slice1 write_burst finish  @clk      386697
slice1 task finish  @clk      386699
slice2 write_burst finish  @clk      386705
slice2 task finish  @clk      386707
slice1 start run  @clk      386711
slice2 start run  @clk      386712
slice3 write_burst finish  @clk      386713
slice3 task finish  @clk      386715
slice3 start run  @clk      386729
slice12 start prefetch  @clk      386993
slice13 start prefetch  @clk      386993
slice14 start prefetch  @clk      386993
slice15 start prefetch  @clk      386993
slice8 start prefetch  @clk      386997
slice9 start prefetch  @clk      386997
slice10 start prefetch  @clk      386997
slice11 start prefetch  @clk      386997
slice4 start prefetch  @clk      387001
slice5 start prefetch  @clk      387001
slice6 start prefetch  @clk      387001
slice7 start prefetch  @clk      387001
slice0 start prefetch @clk      387007
slice1 start prefetch  @clk      387007
slice2 start prefetch  @clk      387007
slice3 start prefetch  @clk      387007
slice4 access done  @clk      390249
slice4 start write  @clk      390250
slice5 access done  @clk      390266
slice6 access done  @clk      390267
slice5 start write  @clk      390267
slice7 access done  @clk      390268
slice6 start write  @clk      390268
slice7 start write  @clk      390269
slice8 access done  @clk      390285
slice9 access done  @clk      390286
slice8 start write  @clk      390286
slice9 start write  @clk      390287
slice10 access done  @clk      390303
slice11 access done  @clk      390304
slice10 start write  @clk      390304
slice11 start write  @clk      390305
slice12 access done  @clk      390321
slice13 access done  @clk      390322
slice12 start write  @clk      390322
slice14 access done  @clk      390323
slice13 start write  @clk      390323
slice14 start write  @clk      390324
slice15 access done  @clk      390340
slice0 access done @clk      390341
slice15 start write  @clk      390341
slice0 start write @clk      390342
slice1 access done  @clk      390358
slice2 access done  @clk      390359
slice1 start write  @clk      390359
slice2 start write  @clk      390360
slice3 access done  @clk      390376
slice3 start write  @clk      390377
slice0 prefetch finish @clk      390411
slice1 prefetch finish  @clk      390411
slice2 prefetch finish  @clk      390411
slice3 prefetch finish  @clk      390411
slice4 prefetch finish  @clk      390411
slice5 prefetch finish  @clk      390411
slice6 prefetch finish  @clk      390411
slice7 prefetch finish  @clk      390411
slice8 prefetch finish  @clk      390411
slice9 prefetch finish  @clk      390411
slice10 prefetch finish  @clk      390411
slice11 prefetch finish  @clk      390411
slice12 prefetch finish  @clk      390411
slice13 prefetch finish  @clk      390411
slice14 prefetch finish  @clk      390411
slice15 prefetch finish  @clk      390411
slice12 compute config finish @clk      391290
slice13 compute config finish @clk      391290
slice14 compute config finish @clk      391290
slice15 compute config finish @clk      391290
slice8 compute config finish @clk      391294
slice9 compute config finish @clk      391294
slice10 compute config finish @clk      391294
slice11 compute config finish @clk      391294
slice4 compute config finish @clk      391298
slice5 compute config finish @clk      391298
slice6 compute config finish @clk      391298
slice7 compute config finish @clk      391298
slice0 compute config finish @clk      391304
slice1 compute config finish @clk      391304
slice2 compute config finish @clk      391304
slice3 compute config finish @clk      391304
slice4 write_burst finish  @clk      423747
slice4 task finish  @clk      423749
slice4 start run  @clk      423754
slice5 write_burst finish  @clk      423755
slice5 task finish  @clk      423757
slice6 write_burst finish  @clk      423763
slice6 task finish  @clk      423765
slice5 start run  @clk      423771
slice7 write_burst finish  @clk      423771
slice6 start run  @clk      423772
slice7 task finish  @clk      423773
slice8 write_burst finish  @clk      423779
slice8 task finish  @clk      423781
slice9 write_burst finish  @clk      423787
slice7 start run  @clk      423789
slice9 task finish  @clk      423789
slice8 start run  @clk      423790
slice9 start run  @clk      423791
slice10 write_burst finish  @clk      423795
slice10 task finish  @clk      423797
slice11 write_burst finish  @clk      423803
slice11 task finish  @clk      423805
slice10 start run  @clk      423808
slice11 start run  @clk      423809
slice12 write_burst finish  @clk      423811
slice12 task finish  @clk      423813
slice13 write_burst finish  @clk      423819
slice13 task finish  @clk      423821
slice12 start run  @clk      423826
slice13 start run  @clk      423827
slice14 write_burst finish  @clk      423827
slice14 task finish  @clk      423829
slice15 write_burst finish  @clk      423835
slice15 task finish  @clk      423837
slice0 write_burst finish @clk      423843
slice14 start run  @clk      423844
slice15 start run  @clk      423845
slice0 task finish @clk      423845
slice0 start run @clk      423846
slice1 write_burst finish  @clk      423851
slice1 task finish  @clk      423853
slice2 write_burst finish  @clk      423859
slice2 task finish  @clk      423861
slice1 start run  @clk      423863
slice2 start run  @clk      423864
slice3 write_burst finish  @clk      423867
slice3 task finish  @clk      423869
slice3 start run  @clk      423881
slice12 start prefetch  @clk      424147
slice13 start prefetch  @clk      424147
slice14 start prefetch  @clk      424147
slice15 start prefetch  @clk      424147
slice8 start prefetch  @clk      424151
slice9 start prefetch  @clk      424151
slice10 start prefetch  @clk      424151
slice11 start prefetch  @clk      424151
slice4 start prefetch  @clk      424155
slice5 start prefetch  @clk      424155
slice6 start prefetch  @clk      424155
slice7 start prefetch  @clk      424155
slice0 start prefetch @clk      424161
slice1 start prefetch  @clk      424161
slice2 start prefetch  @clk      424161
slice3 start prefetch  @clk      424161
slice4 access done  @clk      427401
slice4 start write  @clk      427402
slice5 access done  @clk      427418
slice6 access done  @clk      427419
slice5 start write  @clk      427419
slice6 start write  @clk      427420
slice7 access done  @clk      427436
slice8 access done  @clk      427437
slice7 start write  @clk      427437
slice9 access done  @clk      427438
slice8 start write  @clk      427438
slice9 start write  @clk      427439
slice10 access done  @clk      427455
slice11 access done  @clk      427456
slice10 start write  @clk      427456
slice11 start write  @clk      427457
slice12 access done  @clk      427473
slice13 access done  @clk      427474
slice12 start write  @clk      427474
slice13 start write  @clk      427475
slice14 access done  @clk      427491
slice15 access done  @clk      427492
slice14 start write  @clk      427492
slice0 access done @clk      427493
slice15 start write  @clk      427493
slice0 start write @clk      427494
slice1 access done  @clk      427510
slice2 access done  @clk      427511
slice1 start write  @clk      427511
slice2 start write  @clk      427512
slice3 access done  @clk      427528
slice3 start write  @clk      427529
slice0 prefetch finish @clk      427565
slice1 prefetch finish  @clk      427565
slice2 prefetch finish  @clk      427565
slice3 prefetch finish  @clk      427565
slice4 prefetch finish  @clk      427565
slice5 prefetch finish  @clk      427565
slice6 prefetch finish  @clk      427565
slice7 prefetch finish  @clk      427565
slice8 prefetch finish  @clk      427565
slice9 prefetch finish  @clk      427565
slice10 prefetch finish  @clk      427565
slice11 prefetch finish  @clk      427565
slice12 prefetch finish  @clk      427565
slice13 prefetch finish  @clk      427565
slice14 prefetch finish  @clk      427565
slice15 prefetch finish  @clk      427565
slice12 compute config finish @clk      428444
slice13 compute config finish @clk      428444
slice14 compute config finish @clk      428444
slice15 compute config finish @clk      428444
slice8 compute config finish @clk      428448
slice9 compute config finish @clk      428448
slice10 compute config finish @clk      428448
slice11 compute config finish @clk      428448
slice4 compute config finish @clk      428452
slice5 compute config finish @clk      428452
slice6 compute config finish @clk      428452
slice7 compute config finish @clk      428452
slice0 compute config finish @clk      428458
slice1 compute config finish @clk      428458
slice2 compute config finish @clk      428458
slice3 compute config finish @clk      428458
slice4 write_burst finish  @clk      460901
slice4 task finish  @clk      460903
slice4 start run  @clk      460906
slice5 write_burst finish  @clk      460909
slice5 task finish  @clk      460911
slice6 write_burst finish  @clk      460917
slice6 task finish  @clk      460919
slice5 start run  @clk      460923
slice6 start run  @clk      460924
slice7 write_burst finish  @clk      460925
slice7 task finish  @clk      460927
slice8 write_burst finish  @clk      460933
slice8 task finish  @clk      460935
slice7 start run  @clk      460941
slice9 write_burst finish  @clk      460941
slice8 start run  @clk      460942
slice9 task finish  @clk      460943
slice10 write_burst finish  @clk      460949
slice10 task finish  @clk      460951
slice11 write_burst finish  @clk      460957
slice9 start run  @clk      460959
slice11 task finish  @clk      460959
slice10 start run  @clk      460960
slice11 start run  @clk      460961
slice12 write_burst finish  @clk      460965
slice12 task finish  @clk      460967
slice13 write_burst finish  @clk      460973
slice13 task finish  @clk      460975
slice12 start run  @clk      460978
slice13 start run  @clk      460979
slice14 write_burst finish  @clk      460981
slice14 task finish  @clk      460983
slice15 write_burst finish  @clk      460989
slice15 task finish  @clk      460991
slice14 start run  @clk      460996
slice15 start run  @clk      460997
slice0 write_burst finish @clk      460997
slice0 task finish @clk      460999
slice1 write_burst finish  @clk      461005
slice1 task finish  @clk      461007
slice2 write_burst finish  @clk      461013
slice0 start run @clk      461014
slice1 start run  @clk      461015
slice2 task finish  @clk      461015
slice2 start run  @clk      461016
slice3 write_burst finish  @clk      461021
slice3 task finish  @clk      461023
slice3 start run  @clk      461033
slice12 start prefetch  @clk      461301
slice13 start prefetch  @clk      461301
slice14 start prefetch  @clk      461301
slice15 start prefetch  @clk      461301
slice8 start prefetch  @clk      461305
slice9 start prefetch  @clk      461305
slice10 start prefetch  @clk      461305
slice11 start prefetch  @clk      461305
slice4 start prefetch  @clk      461309
slice5 start prefetch  @clk      461309
slice6 start prefetch  @clk      461309
slice7 start prefetch  @clk      461309
slice0 start prefetch @clk      461315
slice1 start prefetch  @clk      461315
slice2 start prefetch  @clk      461315
slice3 start prefetch  @clk      461315
slice4 access done  @clk      464553
slice4 start write  @clk      464554
slice5 access done  @clk      464570
slice6 access done  @clk      464571
slice5 start write  @clk      464571
slice6 start write  @clk      464572
slice7 access done  @clk      464588
slice8 access done  @clk      464589
slice7 start write  @clk      464589
slice8 start write  @clk      464590
slice9 access done  @clk      464606
slice10 access done  @clk      464607
slice9 start write  @clk      464607
slice11 access done  @clk      464608
slice10 start write  @clk      464608
slice11 start write  @clk      464609
slice12 access done  @clk      464625
slice13 access done  @clk      464626
slice12 start write  @clk      464626
slice13 start write  @clk      464627
slice14 access done  @clk      464643
slice15 access done  @clk      464644
slice14 start write  @clk      464644
slice15 start write  @clk      464645
slice0 access done @clk      464661
slice1 access done  @clk      464662
slice0 start write @clk      464662
slice2 access done  @clk      464663
slice1 start write  @clk      464663
slice2 start write  @clk      464664
slice3 access done  @clk      464680
slice3 start write  @clk      464681
slice0 prefetch finish @clk      464719
slice1 prefetch finish  @clk      464719
slice2 prefetch finish  @clk      464719
slice3 prefetch finish  @clk      464719
slice4 prefetch finish  @clk      464719
slice5 prefetch finish  @clk      464719
slice6 prefetch finish  @clk      464719
slice7 prefetch finish  @clk      464719
slice8 prefetch finish  @clk      464719
slice9 prefetch finish  @clk      464719
slice10 prefetch finish  @clk      464719
slice11 prefetch finish  @clk      464719
slice12 prefetch finish  @clk      464719
slice13 prefetch finish  @clk      464719
slice14 prefetch finish  @clk      464719
slice15 prefetch finish  @clk      464719
slice12 compute config finish @clk      465598
slice13 compute config finish @clk      465598
slice14 compute config finish @clk      465598
slice15 compute config finish @clk      465598
slice8 compute config finish @clk      465602
slice9 compute config finish @clk      465602
slice10 compute config finish @clk      465602
slice11 compute config finish @clk      465602
slice4 compute config finish @clk      465606
slice5 compute config finish @clk      465606
slice6 compute config finish @clk      465606
slice7 compute config finish @clk      465606
slice0 compute config finish @clk      465612
slice1 compute config finish @clk      465612
slice2 compute config finish @clk      465612
slice3 compute config finish @clk      465612
slice4 write_burst finish  @clk      498055
slice4 task finish  @clk      498057
slice4 start run  @clk      498058
slice5 write_burst finish  @clk      498063
slice5 task finish  @clk      498065
slice6 write_burst finish  @clk      498071
slice6 task finish  @clk      498073
slice5 start run  @clk      498075
slice6 start run  @clk      498076
slice7 write_burst finish  @clk      498079
slice7 task finish  @clk      498081
slice8 write_burst finish  @clk      498087
slice8 task finish  @clk      498089
slice7 start run  @clk      498093
slice8 start run  @clk      498094
slice9 write_burst finish  @clk      498095
slice9 task finish  @clk      498097
slice10 write_burst finish  @clk      498103
slice10 task finish  @clk      498105
slice9 start run  @clk      498111
slice11 write_burst finish  @clk      498111
slice10 start run  @clk      498112
slice11 task finish  @clk      498113
slice12 write_burst finish  @clk      498119
slice12 task finish  @clk      498121
slice13 write_burst finish  @clk      498127
slice11 start run  @clk      498129
slice13 task finish  @clk      498129
slice12 start run  @clk      498130
slice13 start run  @clk      498131
slice14 write_burst finish  @clk      498135
slice14 task finish  @clk      498137
slice15 write_burst finish  @clk      498143
slice15 task finish  @clk      498145
slice14 start run  @clk      498148
slice15 start run  @clk      498149
slice0 write_burst finish @clk      498151
slice0 task finish @clk      498153
slice1 write_burst finish  @clk      498159
slice1 task finish  @clk      498161
slice0 start run @clk      498166
slice1 start run  @clk      498167
slice2 write_burst finish  @clk      498167
slice2 task finish  @clk      498169
slice3 write_burst finish  @clk      498175
slice3 task finish  @clk      498177
slice2 start run  @clk      498184
slice3 start run  @clk      498185
slice12 start prefetch  @clk      498447
slice13 start prefetch  @clk      498447
slice14 start prefetch  @clk      498447
slice15 start prefetch  @clk      498447
slice8 start prefetch  @clk      498451
slice9 start prefetch  @clk      498451
slice10 start prefetch  @clk      498451
slice11 start prefetch  @clk      498451
slice4 start prefetch  @clk      498455
slice5 start prefetch  @clk      498455
slice6 start prefetch  @clk      498455
slice7 start prefetch  @clk      498455
slice0 start prefetch @clk      498461
slice1 start prefetch  @clk      498461
slice2 start prefetch  @clk      498461
slice3 start prefetch  @clk      498461
slice4 access done  @clk      501705
slice4 start write  @clk      501706
slice5 access done  @clk      501722
slice6 access done  @clk      501723
slice5 start write  @clk      501723
slice6 start write  @clk      501724
slice7 access done  @clk      501740
slice8 access done  @clk      501741
slice7 start write  @clk      501741
slice8 start write  @clk      501742
slice9 access done  @clk      501758
slice10 access done  @clk      501759
slice9 start write  @clk      501759
slice10 start write  @clk      501760
slice11 access done  @clk      501776
slice12 access done  @clk      501777
slice11 start write  @clk      501777
slice13 access done  @clk      501778
slice12 start write  @clk      501778
slice13 start write  @clk      501779
slice14 access done  @clk      501795
slice15 access done  @clk      501796
slice14 start write  @clk      501796
slice15 start write  @clk      501797
slice0 access done @clk      501813
slice1 access done  @clk      501814
slice0 start write @clk      501814
slice1 start write  @clk      501815
slice2 access done  @clk      501831
slice3 access done  @clk      501832
slice2 start write  @clk      501832
slice3 start write  @clk      501833
slice0 prefetch finish @clk      501865
slice1 prefetch finish  @clk      501865
slice2 prefetch finish  @clk      501865
slice3 prefetch finish  @clk      501865
slice4 prefetch finish  @clk      501865
slice5 prefetch finish  @clk      501865
slice6 prefetch finish  @clk      501865
slice7 prefetch finish  @clk      501865
slice8 prefetch finish  @clk      501865
slice9 prefetch finish  @clk      501865
slice10 prefetch finish  @clk      501865
slice11 prefetch finish  @clk      501865
slice12 prefetch finish  @clk      501865
slice13 prefetch finish  @clk      501865
slice14 prefetch finish  @clk      501865
slice15 prefetch finish  @clk      501865
slice12 compute config finish @clk      502744
slice13 compute config finish @clk      502744
slice14 compute config finish @clk      502744
slice15 compute config finish @clk      502744
slice8 compute config finish @clk      502748
slice9 compute config finish @clk      502748
slice10 compute config finish @clk      502748
slice11 compute config finish @clk      502748
slice4 compute config finish @clk      502752
slice5 compute config finish @clk      502752
slice6 compute config finish @clk      502752
slice7 compute config finish @clk      502752
slice0 compute config finish @clk      502758
slice1 compute config finish @clk      502758
slice2 compute config finish @clk      502758
slice3 compute config finish @clk      502758
slice4 write_burst finish  @clk      535201
slice4 task finish  @clk      535203
slice5 write_burst finish  @clk      535209
slice4 start run  @clk      535210
slice5 task finish  @clk      535211
slice6 write_burst finish  @clk      535217
slice6 task finish  @clk      535219
slice7 write_burst finish  @clk      535225
slice5 start run  @clk      535227
slice7 task finish  @clk      535227
slice6 start run  @clk      535228
slice7 start run  @clk      535229
slice8 write_burst finish  @clk      535233
slice8 task finish  @clk      535235
slice9 write_burst finish  @clk      535241
slice9 task finish  @clk      535243
slice8 start run  @clk      535246
slice9 start run  @clk      535247
slice10 write_burst finish  @clk      535249
slice10 task finish  @clk      535251
slice11 write_burst finish  @clk      535257
slice11 task finish  @clk      535259
slice10 start run  @clk      535264
slice11 start run  @clk      535265
slice12 write_burst finish  @clk      535265
slice12 task finish  @clk      535267
slice13 write_burst finish  @clk      535273
slice13 task finish  @clk      535275
slice14 write_burst finish  @clk      535281
slice12 start run  @clk      535282
slice13 start run  @clk      535283
slice14 task finish  @clk      535283
slice14 start run  @clk      535284
slice15 write_burst finish  @clk      535289
slice15 task finish  @clk      535291
slice0 write_burst finish @clk      535297
slice0 task finish @clk      535299
slice15 start run  @clk      535301
slice0 start run @clk      535302
slice1 write_burst finish  @clk      535305
slice1 task finish  @clk      535307
slice2 write_burst finish  @clk      535313
slice2 task finish  @clk      535315
slice1 start run  @clk      535319
slice2 start run  @clk      535320
slice3 write_burst finish  @clk      535321
slice3 task finish  @clk      535323
slice3 start run  @clk      535337
slice4 access done  @clk      538857
slice4 start write  @clk      538858
slice5 access done  @clk      538874
slice6 access done  @clk      538875
slice5 start write  @clk      538875
slice7 access done  @clk      538876
slice6 start write  @clk      538876
slice7 start write  @clk      538877
slice8 access done  @clk      538893
slice9 access done  @clk      538894
slice8 start write  @clk      538894
slice9 start write  @clk      538895
slice10 access done  @clk      538911
slice11 access done  @clk      538912
slice10 start write  @clk      538912
slice11 start write  @clk      538913
slice12 access done  @clk      538929
slice13 access done  @clk      538930
slice12 start write  @clk      538930
slice14 access done  @clk      538931
slice13 start write  @clk      538931
slice14 start write  @clk      538932
slice15 access done  @clk      538948
slice0 access done @clk      538949
slice15 start write  @clk      538949
slice0 start write @clk      538950
slice1 access done  @clk      538966
slice2 access done  @clk      538967
slice1 start write  @clk      538967
slice2 start write  @clk      538968
slice3 access done  @clk      538984
slice3 start write  @clk      538985
slice4 write_burst finish  @clk      570969
slice4 task finish  @clk      570971
slice5 write_burst finish  @clk      571217
slice5 task finish  @clk      571219
slice6 write_burst finish  @clk      571337
slice6 task finish  @clk      571339
slice7 write_burst finish  @clk      571345
slice7 task finish  @clk      571347
slice8 write_burst finish  @clk      571449
slice8 task finish  @clk      571451
slice9 write_burst finish  @clk      571457
slice9 task finish  @clk      571459
slice10 write_burst finish  @clk      571465
slice10 task finish  @clk      571467
slice11 write_burst finish  @clk      571473
slice11 task finish  @clk      571475
slice12 write_burst finish  @clk      571544
slice12 task finish  @clk      571546
slice13 write_burst finish  @clk      571553
slice13 task finish  @clk      571555
slice14 write_burst finish  @clk      571561
slice14 task finish  @clk      571563
slice15 write_burst finish  @clk      571569
slice15 task finish  @clk      571571
slice0 write_burst finish @clk      571577
slice0 task finish @clk      571579
slice1 write_burst finish  @clk      571585
slice1 task finish  @clk      571587
slice2 write_burst finish  @clk      571593
slice2 task finish  @clk      571595
slice3 write_burst finish  @clk      571601
slice3 task finish  @clk      571603
