slice12 start prefetch  @clk      218622
slice13 start prefetch  @clk      218622
slice14 start prefetch  @clk      218622
slice15 start prefetch  @clk      218622
slice8 start prefetch  @clk      218626
slice9 start prefetch  @clk      218626
slice10 start prefetch  @clk      218626
slice11 start prefetch  @clk      218626
slice4 start prefetch  @clk      218630
slice5 start prefetch  @clk      218630
slice6 start prefetch  @clk      218630
slice7 start prefetch  @clk      218630
slice0 start prefetch @clk      218634
slice1 start prefetch  @clk      218634
slice2 start prefetch  @clk      218634
slice3 start prefetch  @clk      218634
slice12 prefetch finish  @clk      322367
slice13 prefetch finish  @clk      322401
slice14 prefetch finish  @clk      322435
slice15 prefetch finish  @clk      322469
slice8 prefetch finish  @clk      322775
slice9 prefetch finish  @clk      322809
slice10 prefetch finish  @clk      322843
slice11 prefetch finish  @clk      322877
slice0 prefetch finish @clk      322911
slice1 prefetch finish  @clk      322945
slice2 prefetch finish  @clk      322979
slice3 prefetch finish  @clk      323013
slice4 prefetch finish  @clk      323047
slice5 prefetch finish  @clk      323081
slice6 prefetch finish  @clk      323115
slice7 prefetch finish  @clk      323149
slice12 compute config finish @clk      323824
slice13 compute config finish @clk      323824
slice14 compute config finish @clk      323824
slice15 compute config finish @clk      323824
slice12 start run  @clk      323825
slice13 start run  @clk      323825
slice14 start run  @clk      323825
slice15 start run  @clk      323825
slice8 compute config finish @clk      323828
slice9 compute config finish @clk      323828
slice10 compute config finish @clk      323828
slice11 compute config finish @clk      323828
slice8 start run  @clk      323829
slice9 start run  @clk      323829
slice10 start run  @clk      323829
slice11 start run  @clk      323829
slice4 compute config finish @clk      323832
slice5 compute config finish @clk      323832
slice6 compute config finish @clk      323832
slice7 compute config finish @clk      323832
slice4 start run  @clk      323833
slice5 start run  @clk      323833
slice6 start run  @clk      323833
slice7 start run  @clk      323833
slice0 compute config finish @clk      323838
slice1 compute config finish @clk      323838
slice2 compute config finish @clk      323838
slice3 compute config finish @clk      323838
slice0 start run @clk      323839
slice1 start run  @clk      323839
slice2 start run  @clk      323839
slice3 start run  @clk      323839
slice12 start prefetch  @clk      324064
slice13 start prefetch  @clk      324064
slice14 start prefetch  @clk      324064
slice15 start prefetch  @clk      324064
slice8 start prefetch  @clk      324068
slice9 start prefetch  @clk      324068
slice10 start prefetch  @clk      324068
slice11 start prefetch  @clk      324068
slice4 start prefetch  @clk      324072
slice5 start prefetch  @clk      324072
slice6 start prefetch  @clk      324072
slice7 start prefetch  @clk      324072
slice0 start prefetch @clk      324076
slice1 start prefetch  @clk      324076
slice2 start prefetch  @clk      324076
slice3 start prefetch  @clk      324076
slice12 access done  @clk      324612
slice13 access done  @clk      324612
slice14 access done  @clk      324612
slice15 access done  @clk      324612
slice12 start write  @clk      324613
slice13 start write  @clk      324613
slice14 start write  @clk      324613
slice15 start write  @clk      324613
slice12 write_burst finish  @clk      324614
slice13 write_burst finish  @clk      324614
slice14 write_burst finish  @clk      324614
slice15 write_burst finish  @clk      324614
slice8 access done  @clk      324616
slice9 access done  @clk      324616
slice10 access done  @clk      324616
slice11 access done  @clk      324616
slice12 task finish  @clk      324616
slice13 task finish  @clk      324616
slice14 task finish  @clk      324616
slice15 task finish  @clk      324616
slice8 start write  @clk      324617
slice9 start write  @clk      324617
slice10 start write  @clk      324617
slice11 start write  @clk      324617
slice8 write_burst finish  @clk      324618
slice9 write_burst finish  @clk      324618
slice10 write_burst finish  @clk      324618
slice11 write_burst finish  @clk      324618
slice4 access done  @clk      324620
slice5 access done  @clk      324620
slice6 access done  @clk      324620
slice7 access done  @clk      324620
slice8 task finish  @clk      324620
slice9 task finish  @clk      324620
slice10 task finish  @clk      324620
slice11 task finish  @clk      324620
slice4 start write  @clk      324621
slice5 start write  @clk      324621
slice6 start write  @clk      324621
slice7 start write  @clk      324621
slice4 write_burst finish  @clk      324622
slice5 write_burst finish  @clk      324622
slice6 write_burst finish  @clk      324622
slice7 write_burst finish  @clk      324622
slice4 task finish  @clk      324624
slice5 task finish  @clk      324624
slice6 task finish  @clk      324624
slice7 task finish  @clk      324624
slice0 access done @clk      324626
slice1 access done  @clk      324626
slice2 access done  @clk      324626
slice3 access done  @clk      324626
slice0 start write @clk      324627
slice1 start write  @clk      324627
slice2 start write  @clk      324627
slice3 start write  @clk      324627
slice0 write_burst finish @clk      324628
slice1 write_burst finish  @clk      324628
slice2 write_burst finish  @clk      324628
slice3 write_burst finish  @clk      324628
slice0 task finish @clk      324630
slice1 task finish  @clk      324630
slice2 task finish  @clk      324630
slice3 task finish  @clk      324630
slice12 prefetch finish  @clk      427809
slice13 prefetch finish  @clk      427843
slice14 prefetch finish  @clk      427877
slice15 prefetch finish  @clk      427911
slice8 prefetch finish  @clk      428217
slice9 prefetch finish  @clk      428251
slice10 prefetch finish  @clk      428285
slice11 prefetch finish  @clk      428319
slice0 prefetch finish @clk      428353
slice1 prefetch finish  @clk      428387
slice2 prefetch finish  @clk      428421
slice3 prefetch finish  @clk      428455
slice4 prefetch finish  @clk      428489
slice5 prefetch finish  @clk      428523
slice6 prefetch finish  @clk      428557
slice7 prefetch finish  @clk      428591
slice12 compute config finish @clk      429266
slice13 compute config finish @clk      429266
slice14 compute config finish @clk      429266
slice15 compute config finish @clk      429266
slice12 start run  @clk      429267
slice13 start run  @clk      429267
slice14 start run  @clk      429267
slice15 start run  @clk      429267
slice8 compute config finish @clk      429270
slice9 compute config finish @clk      429270
slice10 compute config finish @clk      429270
slice11 compute config finish @clk      429270
slice8 start run  @clk      429271
slice9 start run  @clk      429271
slice10 start run  @clk      429271
slice11 start run  @clk      429271
slice4 compute config finish @clk      429274
slice5 compute config finish @clk      429274
slice6 compute config finish @clk      429274
slice7 compute config finish @clk      429274
slice4 start run  @clk      429275
slice5 start run  @clk      429275
slice6 start run  @clk      429275
slice7 start run  @clk      429275
slice0 compute config finish @clk      429280
slice1 compute config finish @clk      429280
slice2 compute config finish @clk      429280
slice3 compute config finish @clk      429280
slice0 start run @clk      429281
slice1 start run  @clk      429281
slice2 start run  @clk      429281
slice3 start run  @clk      429281
slice12 start prefetch  @clk      429558
slice13 start prefetch  @clk      429558
slice14 start prefetch  @clk      429558
slice15 start prefetch  @clk      429558
slice8 start prefetch  @clk      429562
slice9 start prefetch  @clk      429562
slice10 start prefetch  @clk      429562
slice11 start prefetch  @clk      429562
slice12 prefetch finish  @clk      429565
slice13 prefetch finish  @clk      429565
slice14 prefetch finish  @clk      429565
slice15 prefetch finish  @clk      429565
slice4 start prefetch  @clk      429566
slice5 start prefetch  @clk      429566
slice6 start prefetch  @clk      429566
slice7 start prefetch  @clk      429566
slice8 prefetch finish  @clk      429569
slice9 prefetch finish  @clk      429569
slice10 prefetch finish  @clk      429569
slice11 prefetch finish  @clk      429569
slice0 start prefetch @clk      429572
slice1 start prefetch  @clk      429572
slice2 start prefetch  @clk      429572
slice3 start prefetch  @clk      429572
slice4 prefetch finish  @clk      429573
slice5 prefetch finish  @clk      429573
slice6 prefetch finish  @clk      429573
slice7 prefetch finish  @clk      429573
slice0 prefetch finish @clk      429579
slice1 prefetch finish  @clk      429579
slice2 prefetch finish  @clk      429579
slice3 prefetch finish  @clk      429579
slice12 access done  @clk      430054
slice13 access done  @clk      430054
slice14 access done  @clk      430054
slice15 access done  @clk      430054
slice12 start write  @clk      430055
slice13 start write  @clk      430055
slice14 start write  @clk      430055
slice15 start write  @clk      430055
slice12 write_burst finish  @clk      430056
slice13 write_burst finish  @clk      430056
slice14 write_burst finish  @clk      430056
slice15 write_burst finish  @clk      430056
slice8 access done  @clk      430058
slice9 access done  @clk      430058
slice10 access done  @clk      430058
slice11 access done  @clk      430058
slice12 task finish  @clk      430058
slice13 task finish  @clk      430058
slice14 task finish  @clk      430058
slice15 task finish  @clk      430058
slice8 start write  @clk      430059
slice9 start write  @clk      430059
slice10 start write  @clk      430059
slice11 start write  @clk      430059
slice8 write_burst finish  @clk      430060
slice9 write_burst finish  @clk      430060
slice10 write_burst finish  @clk      430060
slice11 write_burst finish  @clk      430060
slice4 access done  @clk      430062
slice5 access done  @clk      430062
slice6 access done  @clk      430062
slice7 access done  @clk      430062
slice8 task finish  @clk      430062
slice9 task finish  @clk      430062
slice10 task finish  @clk      430062
slice11 task finish  @clk      430062
slice4 start write  @clk      430063
slice5 start write  @clk      430063
slice6 start write  @clk      430063
slice7 start write  @clk      430063
slice4 write_burst finish  @clk      430064
slice5 write_burst finish  @clk      430064
slice6 write_burst finish  @clk      430064
slice7 write_burst finish  @clk      430064
slice4 task finish  @clk      430066
slice5 task finish  @clk      430066
slice6 task finish  @clk      430066
slice7 task finish  @clk      430066
slice0 access done @clk      430068
slice1 access done  @clk      430068
slice2 access done  @clk      430068
slice3 access done  @clk      430068
slice0 start write @clk      430069
slice1 start write  @clk      430069
slice2 start write  @clk      430069
slice3 start write  @clk      430069
slice0 write_burst finish @clk      430070
slice1 write_burst finish  @clk      430070
slice2 write_burst finish  @clk      430070
slice3 write_burst finish  @clk      430070
slice0 task finish @clk      430072
slice1 task finish  @clk      430072
slice2 task finish  @clk      430072
slice3 task finish  @clk      430072
slice12 compute config finish @clk      430739
slice13 compute config finish @clk      430739
slice14 compute config finish @clk      430739
slice15 compute config finish @clk      430739
slice12 start run  @clk      430740
slice13 start run  @clk      430740
slice14 start run  @clk      430740
slice15 start run  @clk      430740
slice8 compute config finish @clk      430743
slice9 compute config finish @clk      430743
slice10 compute config finish @clk      430743
slice11 compute config finish @clk      430743
slice8 start run  @clk      430744
slice9 start run  @clk      430744
slice10 start run  @clk      430744
slice11 start run  @clk      430744
slice4 compute config finish @clk      430747
slice5 compute config finish @clk      430747
slice6 compute config finish @clk      430747
slice7 compute config finish @clk      430747
slice4 start run  @clk      430748
slice5 start run  @clk      430748
slice6 start run  @clk      430748
slice7 start run  @clk      430748
slice0 compute config finish @clk      430753
slice1 compute config finish @clk      430753
slice2 compute config finish @clk      430753
slice3 compute config finish @clk      430753
slice0 start run @clk      430754
slice1 start run  @clk      430754
slice2 start run  @clk      430754
slice3 start run  @clk      430754
slice12 start prefetch  @clk      430817
slice13 start prefetch  @clk      430817
slice14 start prefetch  @clk      430817
slice15 start prefetch  @clk      430817
slice8 start prefetch  @clk      430821
slice9 start prefetch  @clk      430821
slice10 start prefetch  @clk      430821
slice11 start prefetch  @clk      430821
slice12 prefetch finish  @clk      430824
slice13 prefetch finish  @clk      430824
slice14 prefetch finish  @clk      430824
slice15 prefetch finish  @clk      430824
slice4 start prefetch  @clk      430825
slice5 start prefetch  @clk      430825
slice6 start prefetch  @clk      430825
slice7 start prefetch  @clk      430825
slice8 prefetch finish  @clk      430828
slice9 prefetch finish  @clk      430828
slice10 prefetch finish  @clk      430828
slice11 prefetch finish  @clk      430828
slice0 start prefetch @clk      430831
slice1 start prefetch  @clk      430831
slice2 start prefetch  @clk      430831
slice3 start prefetch  @clk      430831
slice4 prefetch finish  @clk      430832
slice5 prefetch finish  @clk      430832
slice6 prefetch finish  @clk      430832
slice7 prefetch finish  @clk      430832
slice0 prefetch finish @clk      430838
slice1 prefetch finish  @clk      430838
slice2 prefetch finish  @clk      430838
slice3 prefetch finish  @clk      430838
slice12 access done  @clk      432304
slice13 access done  @clk      432304
slice14 access done  @clk      432304
slice15 access done  @clk      432304
slice12 start write  @clk      432305
slice13 start write  @clk      432305
slice14 start write  @clk      432305
slice15 start write  @clk      432305
slice12 write_burst finish  @clk      432306
slice13 write_burst finish  @clk      432306
slice14 write_burst finish  @clk      432306
slice15 write_burst finish  @clk      432306
slice8 access done  @clk      432308
slice9 access done  @clk      432308
slice10 access done  @clk      432308
slice11 access done  @clk      432308
slice12 task finish  @clk      432308
slice13 task finish  @clk      432308
slice14 task finish  @clk      432308
slice15 task finish  @clk      432308
slice8 start write  @clk      432309
slice9 start write  @clk      432309
slice10 start write  @clk      432309
slice11 start write  @clk      432309
slice8 write_burst finish  @clk      432310
slice9 write_burst finish  @clk      432310
slice10 write_burst finish  @clk      432310
slice11 write_burst finish  @clk      432310
slice4 access done  @clk      432312
slice5 access done  @clk      432312
slice6 access done  @clk      432312
slice7 access done  @clk      432312
slice8 task finish  @clk      432312
slice9 task finish  @clk      432312
slice10 task finish  @clk      432312
slice11 task finish  @clk      432312
slice4 start write  @clk      432313
slice5 start write  @clk      432313
slice6 start write  @clk      432313
slice7 start write  @clk      432313
slice4 write_burst finish  @clk      432314
slice5 write_burst finish  @clk      432314
slice6 write_burst finish  @clk      432314
slice7 write_burst finish  @clk      432314
slice4 task finish  @clk      432316
slice5 task finish  @clk      432316
slice6 task finish  @clk      432316
slice7 task finish  @clk      432316
slice0 access done @clk      432318
slice1 access done  @clk      432318
slice2 access done  @clk      432318
slice3 access done  @clk      432318
slice0 start write @clk      432319
slice1 start write  @clk      432319
slice2 start write  @clk      432319
slice3 start write  @clk      432319
slice0 write_burst finish @clk      432320
slice1 write_burst finish  @clk      432320
slice2 write_burst finish  @clk      432320
slice3 write_burst finish  @clk      432320
slice0 task finish @clk      432322
slice1 task finish  @clk      432322
slice2 task finish  @clk      432322
slice3 task finish  @clk      432322
slice12 compute config finish @clk      432989
slice13 compute config finish @clk      432989
slice14 compute config finish @clk      432989
slice15 compute config finish @clk      432989
slice12 start run  @clk      432990
slice13 start run  @clk      432990
slice14 start run  @clk      432990
slice15 start run  @clk      432990
slice8 compute config finish @clk      432993
slice9 compute config finish @clk      432993
slice10 compute config finish @clk      432993
slice11 compute config finish @clk      432993
slice8 start run  @clk      432994
slice9 start run  @clk      432994
slice10 start run  @clk      432994
slice11 start run  @clk      432994
slice4 compute config finish @clk      432997
slice5 compute config finish @clk      432997
slice6 compute config finish @clk      432997
slice7 compute config finish @clk      432997
slice4 start run  @clk      432998
slice5 start run  @clk      432998
slice6 start run  @clk      432998
slice7 start run  @clk      432998
slice0 compute config finish @clk      433003
slice1 compute config finish @clk      433003
slice2 compute config finish @clk      433003
slice3 compute config finish @clk      433003
slice0 start run @clk      433004
slice1 start run  @clk      433004
slice2 start run  @clk      433004
slice3 start run  @clk      433004
slice12 start prefetch  @clk      433078
slice13 start prefetch  @clk      433078
slice14 start prefetch  @clk      433078
slice15 start prefetch  @clk      433078
slice8 start prefetch  @clk      433082
slice9 start prefetch  @clk      433082
slice10 start prefetch  @clk      433082
slice11 start prefetch  @clk      433082
slice12 prefetch finish  @clk      433085
slice13 prefetch finish  @clk      433085
slice14 prefetch finish  @clk      433085
slice15 prefetch finish  @clk      433085
slice4 start prefetch  @clk      433086
slice5 start prefetch  @clk      433086
slice6 start prefetch  @clk      433086
slice7 start prefetch  @clk      433086
slice8 prefetch finish  @clk      433089
slice9 prefetch finish  @clk      433089
slice10 prefetch finish  @clk      433089
slice11 prefetch finish  @clk      433089
slice0 start prefetch @clk      433092
slice1 start prefetch  @clk      433092
slice2 start prefetch  @clk      433092
slice3 start prefetch  @clk      433092
slice4 prefetch finish  @clk      433093
slice5 prefetch finish  @clk      433093
slice6 prefetch finish  @clk      433093
slice7 prefetch finish  @clk      433093
slice0 prefetch finish @clk      433099
slice1 prefetch finish  @clk      433099
slice2 prefetch finish  @clk      433099
slice3 prefetch finish  @clk      433099
slice12 access done  @clk      434554
slice13 access done  @clk      434554
slice14 access done  @clk      434554
slice15 access done  @clk      434554
slice12 start write  @clk      434555
slice13 start write  @clk      434555
slice14 start write  @clk      434555
slice15 start write  @clk      434555
slice12 write_burst finish  @clk      434556
slice13 write_burst finish  @clk      434556
slice14 write_burst finish  @clk      434556
slice15 write_burst finish  @clk      434556
slice8 access done  @clk      434558
slice9 access done  @clk      434558
slice10 access done  @clk      434558
slice11 access done  @clk      434558
slice12 task finish  @clk      434558
slice13 task finish  @clk      434558
slice14 task finish  @clk      434558
slice15 task finish  @clk      434558
slice8 start write  @clk      434559
slice9 start write  @clk      434559
slice10 start write  @clk      434559
slice11 start write  @clk      434559
slice8 write_burst finish  @clk      434560
slice9 write_burst finish  @clk      434560
slice10 write_burst finish  @clk      434560
slice11 write_burst finish  @clk      434560
slice4 access done  @clk      434562
slice5 access done  @clk      434562
slice6 access done  @clk      434562
slice7 access done  @clk      434562
slice8 task finish  @clk      434562
slice9 task finish  @clk      434562
slice10 task finish  @clk      434562
slice11 task finish  @clk      434562
slice4 start write  @clk      434563
slice5 start write  @clk      434563
slice6 start write  @clk      434563
slice7 start write  @clk      434563
slice4 write_burst finish  @clk      434564
slice5 write_burst finish  @clk      434564
slice6 write_burst finish  @clk      434564
slice7 write_burst finish  @clk      434564
slice4 task finish  @clk      434566
slice5 task finish  @clk      434566
slice6 task finish  @clk      434566
slice7 task finish  @clk      434566
slice0 access done @clk      434568
slice1 access done  @clk      434568
slice2 access done  @clk      434568
slice3 access done  @clk      434568
slice0 start write @clk      434569
slice1 start write  @clk      434569
slice2 start write  @clk      434569
slice3 start write  @clk      434569
slice0 write_burst finish @clk      434570
slice1 write_burst finish  @clk      434570
slice2 write_burst finish  @clk      434570
slice3 write_burst finish  @clk      434570
slice0 task finish @clk      434572
slice1 task finish  @clk      434572
slice2 task finish  @clk      434572
slice3 task finish  @clk      434572
slice12 compute config finish @clk      435159
slice13 compute config finish @clk      435159
slice14 compute config finish @clk      435159
slice15 compute config finish @clk      435159
slice12 start run  @clk      435160
slice13 start run  @clk      435160
slice14 start run  @clk      435160
slice15 start run  @clk      435160
slice8 compute config finish @clk      435163
slice9 compute config finish @clk      435163
slice10 compute config finish @clk      435163
slice11 compute config finish @clk      435163
slice8 start run  @clk      435164
slice9 start run  @clk      435164
slice10 start run  @clk      435164
slice11 start run  @clk      435164
slice4 compute config finish @clk      435167
slice5 compute config finish @clk      435167
slice6 compute config finish @clk      435167
slice7 compute config finish @clk      435167
slice4 start run  @clk      435168
slice5 start run  @clk      435168
slice6 start run  @clk      435168
slice7 start run  @clk      435168
slice0 compute config finish @clk      435173
slice1 compute config finish @clk      435173
slice2 compute config finish @clk      435173
slice3 compute config finish @clk      435173
slice0 start run @clk      435174
slice1 start run  @clk      435174
slice2 start run  @clk      435174
slice3 start run  @clk      435174
slice12 start prefetch  @clk      435307
slice13 start prefetch  @clk      435307
slice14 start prefetch  @clk      435307
slice15 start prefetch  @clk      435307
slice8 start prefetch  @clk      435311
slice9 start prefetch  @clk      435311
slice10 start prefetch  @clk      435311
slice11 start prefetch  @clk      435311
slice12 prefetch finish  @clk      435314
slice13 prefetch finish  @clk      435314
slice14 prefetch finish  @clk      435314
slice15 prefetch finish  @clk      435314
slice4 start prefetch  @clk      435315
slice5 start prefetch  @clk      435315
slice6 start prefetch  @clk      435315
slice7 start prefetch  @clk      435315
slice8 prefetch finish  @clk      435318
slice9 prefetch finish  @clk      435318
slice10 prefetch finish  @clk      435318
slice11 prefetch finish  @clk      435318
slice0 start prefetch @clk      435321
slice1 start prefetch  @clk      435321
slice2 start prefetch  @clk      435321
slice3 start prefetch  @clk      435321
slice4 prefetch finish  @clk      435322
slice5 prefetch finish  @clk      435322
slice6 prefetch finish  @clk      435322
slice7 prefetch finish  @clk      435322
slice0 prefetch finish @clk      435328
slice1 prefetch finish  @clk      435328
slice2 prefetch finish  @clk      435328
slice3 prefetch finish  @clk      435328
slice12 access done  @clk      437277
slice13 access done  @clk      437277
slice14 access done  @clk      437277
slice15 access done  @clk      437277
slice12 start write  @clk      437278
slice13 start write  @clk      437278
slice14 start write  @clk      437278
slice15 start write  @clk      437278
slice12 write_burst finish  @clk      437279
slice13 write_burst finish  @clk      437279
slice14 write_burst finish  @clk      437279
slice15 write_burst finish  @clk      437279
slice8 access done  @clk      437281
slice9 access done  @clk      437281
slice10 access done  @clk      437281
slice11 access done  @clk      437281
slice12 task finish  @clk      437281
slice13 task finish  @clk      437281
slice14 task finish  @clk      437281
slice15 task finish  @clk      437281
slice8 start write  @clk      437282
slice9 start write  @clk      437282
slice10 start write  @clk      437282
slice11 start write  @clk      437282
slice8 write_burst finish  @clk      437283
slice9 write_burst finish  @clk      437283
slice10 write_burst finish  @clk      437283
slice11 write_burst finish  @clk      437283
slice4 access done  @clk      437285
slice5 access done  @clk      437285
slice6 access done  @clk      437285
slice7 access done  @clk      437285
slice8 task finish  @clk      437285
slice9 task finish  @clk      437285
slice10 task finish  @clk      437285
slice11 task finish  @clk      437285
slice4 start write  @clk      437286
slice5 start write  @clk      437286
slice6 start write  @clk      437286
slice7 start write  @clk      437286
slice4 write_burst finish  @clk      437287
slice5 write_burst finish  @clk      437287
slice6 write_burst finish  @clk      437287
slice7 write_burst finish  @clk      437287
slice4 task finish  @clk      437289
slice5 task finish  @clk      437289
slice6 task finish  @clk      437289
slice7 task finish  @clk      437289
slice0 access done @clk      437291
slice1 access done  @clk      437291
slice2 access done  @clk      437291
slice3 access done  @clk      437291
slice0 start write @clk      437292
slice1 start write  @clk      437292
slice2 start write  @clk      437292
slice3 start write  @clk      437292
slice0 write_burst finish @clk      437293
slice1 write_burst finish  @clk      437293
slice2 write_burst finish  @clk      437293
slice3 write_burst finish  @clk      437293
slice0 task finish @clk      437295
slice1 task finish  @clk      437295
slice2 task finish  @clk      437295
slice3 task finish  @clk      437295
slice12 compute config finish @clk      437882
slice13 compute config finish @clk      437882
slice14 compute config finish @clk      437882
slice15 compute config finish @clk      437882
slice12 start run  @clk      437883
slice13 start run  @clk      437883
slice14 start run  @clk      437883
slice15 start run  @clk      437883
slice8 compute config finish @clk      437886
slice9 compute config finish @clk      437886
slice10 compute config finish @clk      437886
slice11 compute config finish @clk      437886
slice8 start run  @clk      437887
slice9 start run  @clk      437887
slice10 start run  @clk      437887
slice11 start run  @clk      437887
slice4 compute config finish @clk      437890
slice5 compute config finish @clk      437890
slice6 compute config finish @clk      437890
slice7 compute config finish @clk      437890
slice4 start run  @clk      437891
slice5 start run  @clk      437891
slice6 start run  @clk      437891
slice7 start run  @clk      437891
slice0 compute config finish @clk      437896
slice1 compute config finish @clk      437896
slice2 compute config finish @clk      437896
slice3 compute config finish @clk      437896
slice0 start run @clk      437897
slice1 start run  @clk      437897
slice2 start run  @clk      437897
slice3 start run  @clk      437897
slice12 start prefetch  @clk      438030
slice13 start prefetch  @clk      438030
slice14 start prefetch  @clk      438030
slice15 start prefetch  @clk      438030
slice8 start prefetch  @clk      438034
slice9 start prefetch  @clk      438034
slice10 start prefetch  @clk      438034
slice11 start prefetch  @clk      438034
slice4 start prefetch  @clk      438038
slice5 start prefetch  @clk      438038
slice6 start prefetch  @clk      438038
slice7 start prefetch  @clk      438038
slice0 start prefetch @clk      438044
slice1 start prefetch  @clk      438044
slice2 start prefetch  @clk      438044
slice3 start prefetch  @clk      438044
slice12 access done  @clk      440000
slice13 access done  @clk      440000
slice14 access done  @clk      440000
slice15 access done  @clk      440000
slice12 start write  @clk      440001
slice13 start write  @clk      440001
slice14 start write  @clk      440001
slice15 start write  @clk      440001
slice12 write_burst finish  @clk      440002
slice13 write_burst finish  @clk      440002
slice14 write_burst finish  @clk      440002
slice15 write_burst finish  @clk      440002
slice8 access done  @clk      440004
slice9 access done  @clk      440004
slice10 access done  @clk      440004
slice11 access done  @clk      440004
slice12 task finish  @clk      440004
slice13 task finish  @clk      440004
slice14 task finish  @clk      440004
slice15 task finish  @clk      440004
slice8 start write  @clk      440005
slice9 start write  @clk      440005
slice10 start write  @clk      440005
slice11 start write  @clk      440005
slice8 write_burst finish  @clk      440006
slice9 write_burst finish  @clk      440006
slice10 write_burst finish  @clk      440006
slice11 write_burst finish  @clk      440006
slice4 access done  @clk      440008
slice5 access done  @clk      440008
slice6 access done  @clk      440008
slice7 access done  @clk      440008
slice8 task finish  @clk      440008
slice9 task finish  @clk      440008
slice10 task finish  @clk      440008
slice11 task finish  @clk      440008
slice4 start write  @clk      440009
slice5 start write  @clk      440009
slice6 start write  @clk      440009
slice7 start write  @clk      440009
slice4 write_burst finish  @clk      440010
slice5 write_burst finish  @clk      440010
slice6 write_burst finish  @clk      440010
slice7 write_burst finish  @clk      440010
slice4 task finish  @clk      440012
slice5 task finish  @clk      440012
slice6 task finish  @clk      440012
slice7 task finish  @clk      440012
slice0 access done @clk      440014
slice1 access done  @clk      440014
slice2 access done  @clk      440014
slice3 access done  @clk      440014
slice0 start write @clk      440015
slice1 start write  @clk      440015
slice2 start write  @clk      440015
slice3 start write  @clk      440015
slice0 write_burst finish @clk      440016
slice1 write_burst finish  @clk      440016
slice2 write_burst finish  @clk      440016
slice3 write_burst finish  @clk      440016
slice0 task finish @clk      440018
slice1 task finish  @clk      440018
slice2 task finish  @clk      440018
slice3 task finish  @clk      440018
slice12 compute config finish @clk      440578
slice13 compute config finish @clk      440578
slice14 compute config finish @clk      440578
slice15 compute config finish @clk      440578
slice8 compute config finish @clk      440582
slice9 compute config finish @clk      440582
slice10 compute config finish @clk      440582
slice11 compute config finish @clk      440582
slice4 compute config finish @clk      440586
slice5 compute config finish @clk      440586
slice6 compute config finish @clk      440586
slice7 compute config finish @clk      440586
slice0 compute config finish @clk      440592
slice1 compute config finish @clk      440592
slice2 compute config finish @clk      440592
slice3 compute config finish @clk      440592
slice12 prefetch finish  @clk      441282
slice12 start run  @clk      441283
slice13 prefetch finish  @clk      441316
slice13 start run  @clk      441317
slice14 prefetch finish  @clk      441350
slice14 start run  @clk      441351
slice15 prefetch finish  @clk      441384
slice15 start run  @clk      441385
slice8 prefetch finish  @clk      441418
slice8 start run  @clk      441419
slice9 prefetch finish  @clk      441452
slice9 start run  @clk      441453
slice10 prefetch finish  @clk      441486
slice10 start run  @clk      441487
slice11 prefetch finish  @clk      441520
slice11 start run  @clk      441521
slice4 prefetch finish  @clk      441554
slice4 start run  @clk      441555
slice5 prefetch finish  @clk      441588
slice5 start run  @clk      441589
slice6 prefetch finish  @clk      441622
slice6 start run  @clk      441623
slice7 prefetch finish  @clk      441656
slice7 start run  @clk      441657
slice0 prefetch finish @clk      441690
slice0 start run @clk      441691
slice1 prefetch finish  @clk      441724
slice1 start run  @clk      441725
slice2 prefetch finish  @clk      441758
slice2 start run  @clk      441759
slice3 prefetch finish  @clk      441792
slice3 start run  @clk      441793
slice12 start prefetch  @clk      442053
slice13 start prefetch  @clk      442053
slice14 start prefetch  @clk      442053
slice15 start prefetch  @clk      442053
slice8 start prefetch  @clk      442057
slice9 start prefetch  @clk      442057
slice10 start prefetch  @clk      442057
slice11 start prefetch  @clk      442057
slice4 start prefetch  @clk      442061
slice5 start prefetch  @clk      442061
slice6 start prefetch  @clk      442061
slice7 start prefetch  @clk      442061
slice0 start prefetch @clk      442067
slice1 start prefetch  @clk      442067
slice2 start prefetch  @clk      442067
slice3 start prefetch  @clk      442067
slice12 prefetch finish  @clk      445284
slice13 prefetch finish  @clk      445318
slice14 prefetch finish  @clk      445352
slice15 prefetch finish  @clk      445386
slice8 prefetch finish  @clk      445420
slice9 prefetch finish  @clk      445454
slice10 prefetch finish  @clk      445488
slice11 prefetch finish  @clk      445522
slice4 prefetch finish  @clk      445556
slice5 prefetch finish  @clk      445590
slice6 prefetch finish  @clk      445624
slice7 prefetch finish  @clk      445658
slice0 prefetch finish @clk      445692
slice1 prefetch finish  @clk      445726
slice2 prefetch finish  @clk      445760
slice3 prefetch finish  @clk      445794
slice15 access done  @clk      447345
slice15 start write  @clk      447346
slice12 access done  @clk      447430
slice12 start write  @clk      447431
slice13 access done  @clk      447464
slice13 start write  @clk      447465
slice14 access done  @clk      447498
slice14 start write  @clk      447499
slice8 access done  @clk      447566
slice8 start write  @clk      447567
slice9 access done  @clk      447600
slice9 start write  @clk      447601
slice10 access done  @clk      447634
slice10 start write  @clk      447635
slice11 access done  @clk      447668
slice11 start write  @clk      447669
slice4 access done  @clk      447702
slice4 start write  @clk      447703
slice5 access done  @clk      447736
slice5 start write  @clk      447737
slice6 access done  @clk      447770
slice6 start write  @clk      447771
slice7 access done  @clk      447804
slice7 start write  @clk      447805
slice0 access done @clk      447838
slice0 start write @clk      447839
slice1 access done  @clk      447872
slice1 start write  @clk      447873
slice2 access done  @clk      447906
slice2 start write  @clk      447907
slice15 compute config finish @clk      447923
slice3 access done  @clk      447940
slice3 start write  @clk      447941
slice12 compute config finish @clk      448008
slice13 compute config finish @clk      448042
slice14 compute config finish @clk      448076
slice8 compute config finish @clk      448144
slice9 compute config finish @clk      448178
slice10 compute config finish @clk      448212
slice11 compute config finish @clk      448246
slice4 compute config finish @clk      448280
slice5 compute config finish @clk      448314
slice6 compute config finish @clk      448348
slice7 compute config finish @clk      448382
slice0 compute config finish @clk      448416
slice1 compute config finish @clk      448450
slice2 compute config finish @clk      448484
slice3 compute config finish @clk      448518
slice15 write_burst finish  @clk      511880
slice15 task finish  @clk      511882
slice15 start run  @clk      511893
slice12 write_burst finish  @clk      513486
slice12 task finish  @clk      513488
slice12 start run  @clk      513490
slice13 write_burst finish  @clk      513816
slice13 task finish  @clk      513818
slice13 start run  @clk      513827
slice14 write_burst finish  @clk      514124
slice14 task finish  @clk      514126
slice14 start run  @clk      514132
slice8 write_burst finish  @clk      514322
slice8 task finish  @clk      514324
slice8 start run  @clk      514334
slice9 write_burst finish  @clk      514586
slice9 task finish  @clk      514588
slice9 start run  @clk      514591
slice10 write_burst finish  @clk      514608
slice10 task finish  @clk      514610
slice10 start run  @clk      514624
slice11 write_burst finish  @clk      514630
slice11 task finish  @clk      514632
slice11 start run  @clk      514641
slice4 write_burst finish  @clk      514740
slice4 task finish  @clk      514742
slice4 start run  @clk      514746
slice5 write_burst finish  @clk      514762
slice5 task finish  @clk      514764
slice5 start run  @clk      514779
slice6 write_burst finish  @clk      514784
slice6 task finish  @clk      514786
slice6 start run  @clk      514796
slice7 write_burst finish  @clk      514806
slice7 task finish  @clk      514808
slice7 start run  @clk      514813
slice0 write_burst finish @clk      514828
slice0 task finish @clk      514830
slice0 start run @clk      514838
slice1 write_burst finish  @clk      514850
slice1 task finish  @clk      514852
slice1 start run  @clk      514855
slice2 write_burst finish  @clk      514872
slice2 task finish  @clk      514874
slice2 start run  @clk      514888
slice3 write_burst finish  @clk      514894
slice3 task finish  @clk      514896
slice3 start run  @clk      514905
slice15 access done  @clk      518040
slice15 start write  @clk      518041
slice12 access done  @clk      519637
slice12 start write  @clk      519638
slice13 access done  @clk      519787
slice13 start write  @clk      519788
slice14 access done  @clk      520279
slice14 start write  @clk      520280
slice8 access done  @clk      520481
slice8 start write  @clk      520482
slice10 access done  @clk      520584
slice10 start write  @clk      520585
slice4 access done  @clk      520706
slice4 start write  @clk      520707
slice9 access done  @clk      520738
slice9 start write  @clk      520739
slice11 access done  @clk      520788
slice11 start write  @clk      520789
slice1 access done  @clk      520815
slice1 start write  @clk      520816
slice2 access done  @clk      520848
slice2 start write  @clk      520849
slice5 access done  @clk      520926
slice5 start write  @clk      520927
slice6 access done  @clk      520943
slice6 start write  @clk      520944
slice7 access done  @clk      520960
slice7 start write  @clk      520961
slice0 access done @clk      520985
slice0 start write @clk      520986
slice3 access done  @clk      521052
slice3 start write  @clk      521053
slice15 write_burst finish  @clk      556152
slice15 task finish  @clk      556154
slice12 write_burst finish  @clk      580858
slice12 task finish  @clk      580860
slice13 write_burst finish  @clk      582112
slice13 task finish  @clk      582114
slice14 write_burst finish  @clk      584136
slice14 task finish  @clk      584138
slice8 write_burst finish  @clk      584862
slice8 task finish  @clk      584864
slice10 write_burst finish  @clk      585148
slice10 task finish  @clk      585150
slice4 write_burst finish  @clk      585280
slice4 task finish  @clk      585282
slice9 write_burst finish  @clk      585368
slice9 task finish  @clk      585370
slice11 write_burst finish  @clk      585390
slice11 task finish  @clk      585392
slice1 write_burst finish  @clk      585434
slice1 task finish  @clk      585436
slice2 write_burst finish  @clk      585456
slice2 task finish  @clk      585458
slice5 write_burst finish  @clk      585500
slice5 task finish  @clk      585502
slice6 write_burst finish  @clk      585522
slice6 task finish  @clk      585524
slice7 write_burst finish  @clk      585544
slice7 task finish  @clk      585546
slice0 write_burst finish @clk      585566
slice0 task finish @clk      585568
slice3 write_burst finish  @clk      585588
slice3 task finish  @clk      585590
