slice12 start prefetch  @clk     1024197
slice13 start prefetch  @clk     1024197
slice14 start prefetch  @clk     1024197
slice15 start prefetch  @clk     1024197
slice8 start prefetch  @clk     1024199
slice9 start prefetch  @clk     1024199
slice10 start prefetch  @clk     1024199
slice11 start prefetch  @clk     1024199
slice4 start prefetch  @clk     1024201
slice5 start prefetch  @clk     1024201
slice6 start prefetch  @clk     1024201
slice7 start prefetch  @clk     1024201
slice0 start prefetch @clk     1024203
slice1 start prefetch  @clk     1024203
slice2 start prefetch  @clk     1024203
slice3 start prefetch  @clk     1024203
slice12 compute config finish @clk     1026090
slice13 compute config finish @clk     1026090
slice14 compute config finish @clk     1026090
slice15 compute config finish @clk     1026090
slice8 compute config finish @clk     1026092
slice9 compute config finish @clk     1026092
slice10 compute config finish @clk     1026092
slice11 compute config finish @clk     1026092
slice4 compute config finish @clk     1026094
slice5 compute config finish @clk     1026094
slice6 compute config finish @clk     1026094
slice7 compute config finish @clk     1026094
slice0 compute config finish @clk     1026096
slice1 compute config finish @clk     1026096
slice2 compute config finish @clk     1026096
slice3 compute config finish @clk     1026096
slice12 prefetch finish  @clk     1163202
slice12 start run  @clk     1163203
slice13 prefetch finish  @clk     1163246
slice13 start run  @clk     1163247
slice12 start prefetch  @clk     1163273
slice14 prefetch finish  @clk     1163290
slice14 start run  @clk     1163291
slice13 start prefetch  @clk     1163317
slice15 prefetch finish  @clk     1163334
slice15 start run  @clk     1163335
slice14 start prefetch  @clk     1163361
slice15 start prefetch  @clk     1163405
slice4 prefetch finish  @clk     1163554
slice4 start run  @clk     1163555
slice5 prefetch finish  @clk     1163598
slice5 start run  @clk     1163599
slice4 start prefetch  @clk     1163625
slice6 prefetch finish  @clk     1163642
slice6 start run  @clk     1163643
slice5 start prefetch  @clk     1163669
slice7 prefetch finish  @clk     1163686
slice7 start run  @clk     1163687
slice6 start prefetch  @clk     1163713
slice8 prefetch finish  @clk     1163730
slice8 start run  @clk     1163731
slice7 start prefetch  @clk     1163757
slice9 prefetch finish  @clk     1163774
slice9 start run  @clk     1163775
slice8 start prefetch  @clk     1163801
slice10 prefetch finish  @clk     1163818
slice10 start run  @clk     1163819
slice9 start prefetch  @clk     1163845
slice11 prefetch finish  @clk     1163862
slice11 start run  @clk     1163863
slice10 start prefetch  @clk     1163889
slice0 prefetch finish @clk     1163906
slice0 start run @clk     1163907
slice11 start prefetch  @clk     1163933
slice1 prefetch finish  @clk     1163950
slice1 start run  @clk     1163951
slice0 start prefetch @clk     1163977
slice2 prefetch finish  @clk     1163994
slice2 start run  @clk     1163995
slice1 start prefetch  @clk     1164021
slice3 prefetch finish  @clk     1164038
slice3 start run  @clk     1164039
slice2 start prefetch  @clk     1164065
slice3 start prefetch  @clk     1164109
slice12 access done  @clk     1168188
slice12 start write  @clk     1168189
slice12 write_burst finish  @clk     1168190
slice12 task finish  @clk     1168192
slice13 access done  @clk     1168232
slice13 start write  @clk     1168233
slice13 write_burst finish  @clk     1168234
slice13 task finish  @clk     1168236
slice14 access done  @clk     1168276
slice14 start write  @clk     1168277
slice14 write_burst finish  @clk     1168278
slice14 task finish  @clk     1168280
slice15 access done  @clk     1168320
slice15 start write  @clk     1168321
slice15 write_burst finish  @clk     1168322
slice15 task finish  @clk     1168324
slice4 access done  @clk     1168540
slice4 start write  @clk     1168541
slice4 write_burst finish  @clk     1168542
slice4 task finish  @clk     1168544
slice5 access done  @clk     1168584
slice5 start write  @clk     1168585
slice5 write_burst finish  @clk     1168586
slice5 task finish  @clk     1168588
slice6 access done  @clk     1168628
slice6 start write  @clk     1168629
slice6 write_burst finish  @clk     1168630
slice6 task finish  @clk     1168632
slice7 access done  @clk     1168672
slice7 start write  @clk     1168673
slice7 write_burst finish  @clk     1168674
slice7 task finish  @clk     1168676
slice8 access done  @clk     1168716
slice8 start write  @clk     1168717
slice8 write_burst finish  @clk     1168718
slice8 task finish  @clk     1168720
slice9 access done  @clk     1168760
slice9 start write  @clk     1168761
slice9 write_burst finish  @clk     1168762
slice9 task finish  @clk     1168764
slice10 access done  @clk     1168804
slice10 start write  @clk     1168805
slice10 write_burst finish  @clk     1168806
slice10 task finish  @clk     1168808
slice11 access done  @clk     1168848
slice11 start write  @clk     1168849
slice11 write_burst finish  @clk     1168850
slice11 task finish  @clk     1168852
slice0 access done @clk     1168892
slice0 start write @clk     1168893
slice0 write_burst finish @clk     1168894
slice0 task finish @clk     1168896
slice1 access done  @clk     1168936
slice1 start write  @clk     1168937
slice1 write_burst finish  @clk     1168938
slice1 task finish  @clk     1168940
slice2 access done  @clk     1168980
slice2 start write  @clk     1168981
slice2 write_burst finish  @clk     1168982
slice2 task finish  @clk     1168984
slice3 access done  @clk     1169024
slice3 start write  @clk     1169025
slice3 write_burst finish  @clk     1169026
slice3 task finish  @clk     1169028
slice12 compute config finish @clk     1169084
slice13 compute config finish @clk     1169128
slice14 compute config finish @clk     1169172
slice15 compute config finish @clk     1169216
slice4 compute config finish @clk     1169436
slice5 compute config finish @clk     1169480
slice6 compute config finish @clk     1169524
slice7 compute config finish @clk     1169568
slice8 compute config finish @clk     1169612
slice9 compute config finish @clk     1169656
slice10 compute config finish @clk     1169700
slice11 compute config finish @clk     1169744
slice0 compute config finish @clk     1169788
slice1 compute config finish @clk     1169832
slice2 compute config finish @clk     1169876
slice3 compute config finish @clk     1169920
slice12 prefetch finish  @clk     1280299
slice12 start run  @clk     1280300
slice13 prefetch finish  @clk     1280303
slice13 start run  @clk     1280304
slice14 prefetch finish  @clk     1280307
slice14 start run  @clk     1280308
slice15 prefetch finish  @clk     1280311
slice15 start run  @clk     1280312
slice12 start prefetch  @clk     1280370
slice13 start prefetch  @clk     1280374
slice14 start prefetch  @clk     1280378
slice15 start prefetch  @clk     1280382
slice4 prefetch finish  @clk     1281001
slice4 start run  @clk     1281002
slice4 start prefetch  @clk     1281072
slice5 prefetch finish  @clk     1281099
slice5 start run  @clk     1281100
slice5 start prefetch  @clk     1281170
slice6 prefetch finish  @clk     1281239
slice6 start run  @clk     1281240
slice6 start prefetch  @clk     1281310
slice7 prefetch finish  @clk     1281375
slice7 start run  @clk     1281376
slice7 start prefetch  @clk     1281446
slice8 prefetch finish  @clk     1281515
slice8 start run  @clk     1281516
slice8 start prefetch  @clk     1281586
slice9 prefetch finish  @clk     1281603
slice9 start run  @clk     1281604
slice9 start prefetch  @clk     1281674
slice10 prefetch finish  @clk     1281715
slice10 start run  @clk     1281716
slice10 start prefetch  @clk     1281786
slice11 prefetch finish  @clk     1281809
slice11 start run  @clk     1281810
slice0 prefetch finish @clk     1281859
slice0 start run @clk     1281860
slice11 start prefetch  @clk     1281880
slice0 start prefetch @clk     1281930
slice1 prefetch finish  @clk     1281937
slice1 start run  @clk     1281938
slice2 prefetch finish  @clk     1282001
slice2 start run  @clk     1282002
slice1 start prefetch  @clk     1282008
slice3 prefetch finish  @clk     1282061
slice3 start run  @clk     1282062
slice2 start prefetch  @clk     1282072
slice3 start prefetch  @clk     1282132
slice12 access done  @clk     1285321
slice12 start write  @clk     1285322
slice12 write_burst finish  @clk     1285323
slice13 access done  @clk     1285325
slice12 task finish  @clk     1285325
slice13 start write  @clk     1285326
slice13 write_burst finish  @clk     1285327
slice14 access done  @clk     1285329
slice13 task finish  @clk     1285329
slice14 start write  @clk     1285330
slice14 write_burst finish  @clk     1285331
slice15 access done  @clk     1285333
slice14 task finish  @clk     1285333
slice15 start write  @clk     1285334
slice15 write_burst finish  @clk     1285335
slice15 task finish  @clk     1285337
slice4 access done  @clk     1286023
slice4 start write  @clk     1286024
slice4 write_burst finish  @clk     1286025
slice4 task finish  @clk     1286027
slice5 access done  @clk     1286121
slice5 start write  @clk     1286122
slice5 write_burst finish  @clk     1286123
slice5 task finish  @clk     1286125
slice12 compute config finish @clk     1286217
slice13 compute config finish @clk     1286221
slice14 compute config finish @clk     1286225
slice15 compute config finish @clk     1286229
slice6 access done  @clk     1286261
slice6 start write  @clk     1286262
slice6 write_burst finish  @clk     1286263
slice6 task finish  @clk     1286265
slice7 access done  @clk     1286397
slice7 start write  @clk     1286398
slice7 write_burst finish  @clk     1286399
slice7 task finish  @clk     1286401
slice8 access done  @clk     1286537
slice8 start write  @clk     1286538
slice8 write_burst finish  @clk     1286539
slice8 task finish  @clk     1286541
slice9 access done  @clk     1286625
slice9 start write  @clk     1286626
slice9 write_burst finish  @clk     1286627
slice9 task finish  @clk     1286629
slice10 access done  @clk     1286737
slice10 start write  @clk     1286738
slice10 write_burst finish  @clk     1286739
slice10 task finish  @clk     1286741
slice11 access done  @clk     1286831
slice11 start write  @clk     1286832
slice11 write_burst finish  @clk     1286833
slice11 task finish  @clk     1286835
slice0 access done @clk     1286881
slice0 start write @clk     1286882
slice0 write_burst finish @clk     1286883
slice0 task finish @clk     1286885
slice4 compute config finish @clk     1286919
slice1 access done  @clk     1286959
slice1 start write  @clk     1286960
slice1 write_burst finish  @clk     1286961
slice1 task finish  @clk     1286963
slice5 compute config finish @clk     1287017
slice2 access done  @clk     1287023
slice2 start write  @clk     1287024
slice2 write_burst finish  @clk     1287025
slice2 task finish  @clk     1287027
slice3 access done  @clk     1287083
slice3 start write  @clk     1287084
slice3 write_burst finish  @clk     1287085
slice3 task finish  @clk     1287087
slice6 compute config finish @clk     1287157
slice7 compute config finish @clk     1287293
slice8 compute config finish @clk     1287433
slice9 compute config finish @clk     1287521
slice10 compute config finish @clk     1287633
slice11 compute config finish @clk     1287727
slice0 compute config finish @clk     1287777
slice1 compute config finish @clk     1287855
slice2 compute config finish @clk     1287919
slice3 compute config finish @clk     1287979
slice12 prefetch finish  @clk     1365494
slice12 start run  @clk     1365495
slice13 prefetch finish  @clk     1365496
slice13 start run  @clk     1365497
slice14 prefetch finish  @clk     1365528
slice14 start run  @clk     1365529
slice12 start prefetch  @clk     1365565
slice13 start prefetch  @clk     1365567
slice15 prefetch finish  @clk     1365572
slice15 start run  @clk     1365573
slice14 start prefetch  @clk     1365599
slice15 start prefetch  @clk     1365643
slice4 prefetch finish  @clk     1367320
slice4 start run  @clk     1367321
slice4 start prefetch  @clk     1367391
slice5 prefetch finish  @clk     1367566
slice5 start run  @clk     1367567
slice6 prefetch finish  @clk     1367610
slice6 start run  @clk     1367611
slice5 start prefetch  @clk     1367637
slice6 start prefetch  @clk     1367681
slice7 prefetch finish  @clk     1368142
slice7 start run  @clk     1368143
slice7 start prefetch  @clk     1368213
slice8 prefetch finish  @clk     1368412
slice8 start run  @clk     1368413
slice8 start prefetch  @clk     1368483
slice9 prefetch finish  @clk     1368694
slice9 start run  @clk     1368695
slice9 start prefetch  @clk     1368765
slice10 prefetch finish  @clk     1368966
slice10 start run  @clk     1368967
slice10 start prefetch  @clk     1369037
slice11 prefetch finish  @clk     1369430
slice11 start run  @clk     1369431
slice0 prefetch finish @clk     1369474
slice0 start run @clk     1369475
slice11 start prefetch  @clk     1369501
slice0 start prefetch @clk     1369545
slice1 prefetch finish  @clk     1369904
slice1 start run  @clk     1369905
slice1 start prefetch  @clk     1369975
slice2 prefetch finish  @clk     1370218
slice2 start run  @clk     1370219
slice2 start prefetch  @clk     1370289
slice3 prefetch finish  @clk     1370358
slice3 start run  @clk     1370359
slice3 start prefetch  @clk     1370429
slice12 access done  @clk     1370516
slice12 start write  @clk     1370517
slice13 access done  @clk     1370518
slice12 write_burst finish  @clk     1370518
slice13 start write  @clk     1370519
slice13 write_burst finish  @clk     1370520
slice12 task finish  @clk     1370520
slice13 task finish  @clk     1370522
slice14 access done  @clk     1370550
slice14 start write  @clk     1370551
slice14 write_burst finish  @clk     1370552
slice14 task finish  @clk     1370554
slice15 access done  @clk     1370594
slice15 start write  @clk     1370595
slice15 write_burst finish  @clk     1370596
slice15 task finish  @clk     1370598
slice12 compute config finish @clk     1371412
slice13 compute config finish @clk     1371414
slice14 compute config finish @clk     1371446
slice15 compute config finish @clk     1371490
slice4 access done  @clk     1372342
slice4 start write  @clk     1372343
slice4 write_burst finish  @clk     1372344
slice4 task finish  @clk     1372346
slice5 access done  @clk     1372588
slice5 start write  @clk     1372589
slice5 write_burst finish  @clk     1372590
slice5 task finish  @clk     1372592
slice6 access done  @clk     1372632
slice6 start write  @clk     1372633
slice6 write_burst finish  @clk     1372634
slice6 task finish  @clk     1372636
slice7 access done  @clk     1373164
slice7 start write  @clk     1373165
slice7 write_burst finish  @clk     1373166
slice7 task finish  @clk     1373168
slice4 compute config finish @clk     1373238
slice8 access done  @clk     1373434
slice8 start write  @clk     1373435
slice8 write_burst finish  @clk     1373436
slice8 task finish  @clk     1373438
slice5 compute config finish @clk     1373484
slice6 compute config finish @clk     1373528
slice9 access done  @clk     1373716
slice9 start write  @clk     1373717
slice9 write_burst finish  @clk     1373718
slice9 task finish  @clk     1373720
slice10 access done  @clk     1373988
slice10 start write  @clk     1373989
slice10 write_burst finish  @clk     1373990
slice10 task finish  @clk     1373992
slice7 compute config finish @clk     1374060
slice8 compute config finish @clk     1374330
slice11 access done  @clk     1374452
slice11 start write  @clk     1374453
slice11 write_burst finish  @clk     1374454
slice11 task finish  @clk     1374456
slice0 access done @clk     1374496
slice0 start write @clk     1374497
slice0 write_burst finish @clk     1374498
slice0 task finish @clk     1374500
slice9 compute config finish @clk     1374612
slice10 compute config finish @clk     1374884
slice1 access done  @clk     1374926
slice1 start write  @clk     1374927
slice1 write_burst finish  @clk     1374928
slice1 task finish  @clk     1374930
slice2 access done  @clk     1375240
slice2 start write  @clk     1375241
slice2 write_burst finish  @clk     1375242
slice2 task finish  @clk     1375244
slice11 compute config finish @clk     1375348
slice3 access done  @clk     1375380
slice3 start write  @clk     1375381
slice3 write_burst finish  @clk     1375382
slice3 task finish  @clk     1375384
slice0 compute config finish @clk     1375392
slice1 compute config finish @clk     1375822
slice2 compute config finish @clk     1376136
slice3 compute config finish @clk     1376276
slice12 prefetch finish  @clk     1461702
slice12 start run  @clk     1461703
slice13 prefetch finish  @clk     1461704
slice13 start run  @clk     1461705
slice14 prefetch finish  @clk     1461706
slice14 start run  @clk     1461707
slice15 prefetch finish  @clk     1461736
slice15 start run  @clk     1461737
slice12 start prefetch  @clk     1461773
slice13 start prefetch  @clk     1461775
slice14 start prefetch  @clk     1461777
slice15 start prefetch  @clk     1461807
slice4 prefetch finish  @clk     1463388
slice4 start run  @clk     1463389
slice4 start prefetch  @clk     1463459
slice5 prefetch finish  @clk     1463636
slice5 start run  @clk     1463637
slice6 prefetch finish  @clk     1463638
slice6 start run  @clk     1463639
slice5 start prefetch  @clk     1463707
slice6 start prefetch  @clk     1463709
slice7 prefetch finish  @clk     1464086
slice7 start run  @clk     1464087
slice7 start prefetch  @clk     1464157
slice8 prefetch finish  @clk     1464276
slice8 start run  @clk     1464277
slice8 start prefetch  @clk     1464347
slice9 prefetch finish  @clk     1464828
slice9 start run  @clk     1464829
slice9 start prefetch  @clk     1464899
slice10 prefetch finish  @clk     1465188
slice10 start run  @clk     1465189
slice10 start prefetch  @clk     1465259
slice11 prefetch finish  @clk     1465556
slice11 start run  @clk     1465557
slice0 prefetch finish @clk     1465600
slice0 start run @clk     1465601
slice11 start prefetch  @clk     1465627
slice0 start prefetch @clk     1465671
slice1 prefetch finish  @clk     1465896
slice1 start run  @clk     1465897
slice1 start prefetch  @clk     1465967
slice2 prefetch finish  @clk     1466190
slice2 start run  @clk     1466191
slice2 start prefetch  @clk     1466261
slice3 prefetch finish  @clk     1466446
slice3 start run  @clk     1466447
slice3 start prefetch  @clk     1466517
slice12 access done  @clk     1466724
slice12 start write  @clk     1466725
slice13 access done  @clk     1466726
slice12 write_burst finish  @clk     1466726
slice13 start write  @clk     1466727
slice14 access done  @clk     1466728
slice13 write_burst finish  @clk     1466728
slice12 task finish  @clk     1466728
slice14 start write  @clk     1466729
slice14 write_burst finish  @clk     1466730
slice13 task finish  @clk     1466730
slice14 task finish  @clk     1466732
slice15 access done  @clk     1466758
slice15 start write  @clk     1466759
slice15 write_burst finish  @clk     1466760
slice15 task finish  @clk     1466762
slice12 compute config finish @clk     1467620
slice13 compute config finish @clk     1467622
slice14 compute config finish @clk     1467624
slice15 compute config finish @clk     1467654
slice4 access done  @clk     1468410
slice4 start write  @clk     1468411
slice4 write_burst finish  @clk     1468412
slice4 task finish  @clk     1468414
slice5 access done  @clk     1468658
slice5 start write  @clk     1468659
slice6 access done  @clk     1468660
slice5 write_burst finish  @clk     1468660
slice6 start write  @clk     1468661
slice6 write_burst finish  @clk     1468662
slice5 task finish  @clk     1468662
slice6 task finish  @clk     1468664
slice7 access done  @clk     1469108
slice7 start write  @clk     1469109
slice7 write_burst finish  @clk     1469110
slice7 task finish  @clk     1469112
slice8 access done  @clk     1469298
slice8 start write  @clk     1469299
slice8 write_burst finish  @clk     1469300
slice8 task finish  @clk     1469302
slice4 compute config finish @clk     1469306
slice5 compute config finish @clk     1469554
slice6 compute config finish @clk     1469556
slice9 access done  @clk     1469850
slice9 start write  @clk     1469851
slice9 write_burst finish  @clk     1469852
slice9 task finish  @clk     1469854
slice7 compute config finish @clk     1470004
slice8 compute config finish @clk     1470194
slice10 access done  @clk     1470210
slice10 start write  @clk     1470211
slice10 write_burst finish  @clk     1470212
slice10 task finish  @clk     1470214
slice11 access done  @clk     1470578
slice11 start write  @clk     1470579
slice11 write_burst finish  @clk     1470580
slice11 task finish  @clk     1470582
slice0 access done @clk     1470622
slice0 start write @clk     1470623
slice0 write_burst finish @clk     1470624
slice0 task finish @clk     1470626
slice9 compute config finish @clk     1470746
slice1 access done  @clk     1470918
slice1 start write  @clk     1470919
slice1 write_burst finish  @clk     1470920
slice1 task finish  @clk     1470922
slice10 compute config finish @clk     1471106
slice2 access done  @clk     1471212
slice2 start write  @clk     1471213
slice2 write_burst finish  @clk     1471214
slice2 task finish  @clk     1471216
slice3 access done  @clk     1471468
slice3 start write  @clk     1471469
slice3 write_burst finish  @clk     1471470
slice3 task finish  @clk     1471472
slice11 compute config finish @clk     1471474
slice0 compute config finish @clk     1471518
slice1 compute config finish @clk     1471814
slice2 compute config finish @clk     1472108
slice3 compute config finish @clk     1472364
slice12 prefetch finish  @clk     1556490
slice12 start run  @clk     1556491
slice13 prefetch finish  @clk     1556492
slice13 start run  @clk     1556493
slice14 prefetch finish  @clk     1556522
slice14 start run  @clk     1556523
slice12 start prefetch  @clk     1556561
slice13 start prefetch  @clk     1556563
slice15 prefetch finish  @clk     1556578
slice15 start run  @clk     1556579
slice14 start prefetch  @clk     1556593
slice15 start prefetch  @clk     1556649
slice4 prefetch finish  @clk     1558442
slice4 start run  @clk     1558443
slice4 start prefetch  @clk     1558513
slice5 prefetch finish  @clk     1558734
slice5 start run  @clk     1558735
slice6 prefetch finish  @clk     1558774
slice6 start run  @clk     1558775
slice5 start prefetch  @clk     1558805
slice6 start prefetch  @clk     1558845
slice7 prefetch finish  @clk     1559288
slice7 start run  @clk     1559289
slice7 start prefetch  @clk     1559359
slice8 prefetch finish  @clk     1559518
slice8 start run  @clk     1559519
slice8 start prefetch  @clk     1559589
slice9 prefetch finish  @clk     1559990
slice9 start run  @clk     1559991
slice9 start prefetch  @clk     1560061
slice10 prefetch finish  @clk     1560456
slice10 start run  @clk     1560457
slice10 start prefetch  @clk     1560527
slice11 prefetch finish  @clk     1560914
slice11 start run  @clk     1560915
slice0 prefetch finish @clk     1560960
slice0 start run @clk     1560961
slice11 start prefetch  @clk     1560985
slice0 start prefetch @clk     1561031
slice1 prefetch finish  @clk     1561302
slice1 start run  @clk     1561303
slice1 start prefetch  @clk     1561373
slice12 access done  @clk     1561512
slice12 start write  @clk     1561513
slice13 access done  @clk     1561514
slice12 write_burst finish  @clk     1561514
slice13 start write  @clk     1561515
slice13 write_burst finish  @clk     1561516
slice12 task finish  @clk     1561516
slice13 task finish  @clk     1561518
slice14 access done  @clk     1561544
slice14 start write  @clk     1561545
slice14 write_burst finish  @clk     1561546
slice14 task finish  @clk     1561548
slice15 access done  @clk     1561600
slice15 start write  @clk     1561601
slice15 write_burst finish  @clk     1561602
slice15 task finish  @clk     1561604
slice2 prefetch finish  @clk     1561636
slice2 start run  @clk     1561637
slice2 start prefetch  @clk     1561707
slice3 prefetch finish  @clk     1562026
slice3 start run  @clk     1562027
slice3 start prefetch  @clk     1562097
slice12 compute config finish @clk     1562408
slice13 compute config finish @clk     1562410
slice14 compute config finish @clk     1562440
slice15 compute config finish @clk     1562496
slice4 access done  @clk     1563464
slice4 start write  @clk     1563465
slice4 write_burst finish  @clk     1563466
slice4 task finish  @clk     1563468
slice5 access done  @clk     1563756
slice5 start write  @clk     1563757
slice5 write_burst finish  @clk     1563758
slice5 task finish  @clk     1563760
slice6 access done  @clk     1563796
slice6 start write  @clk     1563797
slice6 write_burst finish  @clk     1563798
slice6 task finish  @clk     1563800
slice7 access done  @clk     1564310
slice7 start write  @clk     1564311
slice7 write_burst finish  @clk     1564312
slice7 task finish  @clk     1564314
slice4 compute config finish @clk     1564360
slice8 access done  @clk     1564540
slice8 start write  @clk     1564541
slice8 write_burst finish  @clk     1564542
slice8 task finish  @clk     1564544
slice5 compute config finish @clk     1564652
slice6 compute config finish @clk     1564692
slice9 access done  @clk     1565012
slice9 start write  @clk     1565013
slice9 write_burst finish  @clk     1565014
slice9 task finish  @clk     1565016
slice7 compute config finish @clk     1565206
slice8 compute config finish @clk     1565436
slice10 access done  @clk     1565478
slice10 start write  @clk     1565479
slice10 write_burst finish  @clk     1565480
slice10 task finish  @clk     1565482
slice9 compute config finish @clk     1565908
slice11 access done  @clk     1565936
slice11 start write  @clk     1565937
slice11 write_burst finish  @clk     1565938
slice11 task finish  @clk     1565940
slice0 access done @clk     1565982
slice0 start write @clk     1565983
slice0 write_burst finish @clk     1565984
slice0 task finish @clk     1565986
slice1 access done  @clk     1566324
slice1 start write  @clk     1566325
slice1 write_burst finish  @clk     1566326
slice1 task finish  @clk     1566328
slice10 compute config finish @clk     1566374
slice2 access done  @clk     1566658
slice2 start write  @clk     1566659
slice2 write_burst finish  @clk     1566660
slice2 task finish  @clk     1566662
slice11 compute config finish @clk     1566832
slice0 compute config finish @clk     1566878
slice3 access done  @clk     1567048
slice3 start write  @clk     1567049
slice3 write_burst finish  @clk     1567050
slice3 task finish  @clk     1567052
slice1 compute config finish @clk     1567220
slice2 compute config finish @clk     1567554
slice3 compute config finish @clk     1567944
slice12 prefetch finish  @clk     1652014
slice12 start run  @clk     1652015
slice13 prefetch finish  @clk     1652016
slice13 start run  @clk     1652017
slice14 prefetch finish  @clk     1652042
slice14 start run  @clk     1652043
slice12 start prefetch  @clk     1652085
slice15 prefetch finish  @clk     1652086
slice13 start prefetch  @clk     1652087
slice15 start run  @clk     1652087
slice14 start prefetch  @clk     1652113
slice15 start prefetch  @clk     1652157
slice4 prefetch finish  @clk     1653666
slice4 start run  @clk     1653667
slice4 start prefetch  @clk     1653737
slice5 prefetch finish  @clk     1653940
slice5 start run  @clk     1653941
slice6 prefetch finish  @clk     1653984
slice6 start run  @clk     1653985
slice5 start prefetch  @clk     1654011
slice6 start prefetch  @clk     1654055
slice7 prefetch finish  @clk     1654484
slice7 start run  @clk     1654485
slice7 start prefetch  @clk     1654555
slice8 prefetch finish  @clk     1654694
slice8 start run  @clk     1654695
slice8 start prefetch  @clk     1654765
slice9 prefetch finish  @clk     1655114
slice9 start run  @clk     1655115
slice9 start prefetch  @clk     1655185
slice10 prefetch finish  @clk     1655784
slice10 start run  @clk     1655785
slice10 start prefetch  @clk     1655855
slice11 prefetch finish  @clk     1656236
slice11 start run  @clk     1656237
slice0 prefetch finish @clk     1656282
slice0 start run @clk     1656283
slice11 start prefetch  @clk     1656307
slice0 start prefetch @clk     1656353
slice1 prefetch finish  @clk     1656618
slice1 start run  @clk     1656619
slice1 start prefetch  @clk     1656689
slice2 prefetch finish  @clk     1656910
slice2 start run  @clk     1656911
slice2 start prefetch  @clk     1656981
slice12 access done  @clk     1657036
slice12 start write  @clk     1657037
slice13 access done  @clk     1657038
slice12 write_burst finish  @clk     1657038
slice13 start write  @clk     1657039
slice13 write_burst finish  @clk     1657040
slice12 task finish  @clk     1657040
slice13 task finish  @clk     1657042
slice14 access done  @clk     1657064
slice14 start write  @clk     1657065
slice14 write_burst finish  @clk     1657066
slice14 task finish  @clk     1657068
slice15 access done  @clk     1657108
slice15 start write  @clk     1657109
slice15 write_burst finish  @clk     1657110
slice15 task finish  @clk     1657112
slice3 prefetch finish  @clk     1657440
slice3 start run  @clk     1657441
slice3 start prefetch  @clk     1657511
slice12 compute config finish @clk     1657932
slice13 compute config finish @clk     1657934
slice14 compute config finish @clk     1657960
slice15 compute config finish @clk     1658004
slice4 access done  @clk     1658688
slice4 start write  @clk     1658689
slice4 write_burst finish  @clk     1658690
slice4 task finish  @clk     1658692
slice5 access done  @clk     1658962
slice5 start write  @clk     1658963
slice5 write_burst finish  @clk     1658964
slice5 task finish  @clk     1658966
slice6 access done  @clk     1659006
slice6 start write  @clk     1659007
slice6 write_burst finish  @clk     1659008
slice6 task finish  @clk     1659010
slice7 access done  @clk     1659506
slice7 start write  @clk     1659507
slice7 write_burst finish  @clk     1659508
slice7 task finish  @clk     1659510
slice4 compute config finish @clk     1659584
slice8 access done  @clk     1659716
slice8 start write  @clk     1659717
slice8 write_burst finish  @clk     1659718
slice8 task finish  @clk     1659720
slice5 compute config finish @clk     1659858
slice6 compute config finish @clk     1659902
slice9 access done  @clk     1660136
slice9 start write  @clk     1660137
slice9 write_burst finish  @clk     1660138
slice9 task finish  @clk     1660140
slice7 compute config finish @clk     1660402
slice8 compute config finish @clk     1660612
slice10 access done  @clk     1660806
slice10 start write  @clk     1660807
slice10 write_burst finish  @clk     1660808
slice10 task finish  @clk     1660810
slice9 compute config finish @clk     1661032
slice11 access done  @clk     1661258
slice11 start write  @clk     1661259
slice11 write_burst finish  @clk     1661260
slice11 task finish  @clk     1661262
slice0 access done @clk     1661304
slice0 start write @clk     1661305
slice0 write_burst finish @clk     1661306
slice0 task finish @clk     1661308
slice1 access done  @clk     1661640
slice1 start write  @clk     1661641
slice1 write_burst finish  @clk     1661642
slice1 task finish  @clk     1661644
slice10 compute config finish @clk     1661702
slice2 access done  @clk     1661932
slice2 start write  @clk     1661933
slice2 write_burst finish  @clk     1661934
slice2 task finish  @clk     1661936
slice11 compute config finish @clk     1662154
slice0 compute config finish @clk     1662200
slice3 access done  @clk     1662462
slice3 start write  @clk     1662463
slice3 write_burst finish  @clk     1662464
slice3 task finish  @clk     1662466
slice1 compute config finish @clk     1662536
slice2 compute config finish @clk     1662828
slice3 compute config finish @clk     1663358
slice12 prefetch finish  @clk     1745684
slice12 start run  @clk     1745685
slice13 prefetch finish  @clk     1745686
slice13 start run  @clk     1745687
slice14 prefetch finish  @clk     1745688
slice14 start run  @clk     1745689
slice15 prefetch finish  @clk     1745722
slice15 start run  @clk     1745723
slice12 start prefetch  @clk     1745755
slice13 start prefetch  @clk     1745757
slice14 start prefetch  @clk     1745759
slice15 start prefetch  @clk     1745793
slice4 prefetch finish  @clk     1747318
slice4 start run  @clk     1747319
slice4 start prefetch  @clk     1747389
slice5 prefetch finish  @clk     1747592
slice5 start run  @clk     1747593
slice6 prefetch finish  @clk     1747636
slice6 start run  @clk     1747637
slice5 start prefetch  @clk     1747663
slice6 start prefetch  @clk     1747707
slice7 prefetch finish  @clk     1748136
slice7 start run  @clk     1748137
slice7 start prefetch  @clk     1748207
slice8 prefetch finish  @clk     1748344
slice8 start run  @clk     1748345
slice8 start prefetch  @clk     1748415
slice9 prefetch finish  @clk     1748716
slice9 start run  @clk     1748717
slice9 start prefetch  @clk     1748787
slice10 prefetch finish  @clk     1749548
slice10 start run  @clk     1749549
slice10 start prefetch  @clk     1749619
slice11 prefetch finish  @clk     1750016
slice11 start run  @clk     1750017
slice0 prefetch finish @clk     1750060
slice0 start run @clk     1750061
slice11 start prefetch  @clk     1750087
slice0 start prefetch @clk     1750131
slice1 prefetch finish  @clk     1750440
slice1 start run  @clk     1750441
slice1 start prefetch  @clk     1750511
slice12 access done  @clk     1750706
slice12 start write  @clk     1750707
slice13 access done  @clk     1750708
slice12 write_burst finish  @clk     1750708
slice13 start write  @clk     1750709
slice14 access done  @clk     1750710
slice13 write_burst finish  @clk     1750710
slice12 task finish  @clk     1750710
slice14 start write  @clk     1750711
slice14 write_burst finish  @clk     1750712
slice13 task finish  @clk     1750712
slice14 task finish  @clk     1750714
slice15 access done  @clk     1750744
slice15 start write  @clk     1750745
slice15 write_burst finish  @clk     1750746
slice15 task finish  @clk     1750748
slice2 prefetch finish  @clk     1750762
slice2 start run  @clk     1750763
slice2 start prefetch  @clk     1750833
slice3 prefetch finish  @clk     1751372
slice3 start run  @clk     1751373
slice3 start prefetch  @clk     1751443
slice12 compute config finish @clk     1751602
slice13 compute config finish @clk     1751604
slice14 compute config finish @clk     1751606
slice15 compute config finish @clk     1751640
slice4 access done  @clk     1752340
slice4 start write  @clk     1752341
slice4 write_burst finish  @clk     1752342
slice4 task finish  @clk     1752344
slice5 access done  @clk     1752614
slice5 start write  @clk     1752615
slice5 write_burst finish  @clk     1752616
slice5 task finish  @clk     1752618
slice6 access done  @clk     1752658
slice6 start write  @clk     1752659
slice6 write_burst finish  @clk     1752660
slice6 task finish  @clk     1752662
slice7 access done  @clk     1753158
slice7 start write  @clk     1753159
slice7 write_burst finish  @clk     1753160
slice7 task finish  @clk     1753162
slice4 compute config finish @clk     1753236
slice8 access done  @clk     1753366
slice8 start write  @clk     1753367
slice8 write_burst finish  @clk     1753368
slice8 task finish  @clk     1753370
slice5 compute config finish @clk     1753510
slice6 compute config finish @clk     1753554
slice9 access done  @clk     1753738
slice9 start write  @clk     1753739
slice9 write_burst finish  @clk     1753740
slice9 task finish  @clk     1753742
slice7 compute config finish @clk     1754054
slice8 compute config finish @clk     1754262
slice10 access done  @clk     1754570
slice10 start write  @clk     1754571
slice10 write_burst finish  @clk     1754572
slice10 task finish  @clk     1754574
slice9 compute config finish @clk     1754634
slice11 access done  @clk     1755038
slice11 start write  @clk     1755039
slice11 write_burst finish  @clk     1755040
slice11 task finish  @clk     1755042
slice0 access done @clk     1755082
slice0 start write @clk     1755083
slice0 write_burst finish @clk     1755084
slice0 task finish @clk     1755086
slice1 access done  @clk     1755462
slice1 start write  @clk     1755463
slice1 write_burst finish  @clk     1755464
slice10 compute config finish @clk     1755466
slice1 task finish  @clk     1755466
slice2 access done  @clk     1755784
slice2 start write  @clk     1755785
slice2 write_burst finish  @clk     1755786
slice2 task finish  @clk     1755788
slice11 compute config finish @clk     1755934
slice0 compute config finish @clk     1755978
slice1 compute config finish @clk     1756358
slice3 access done  @clk     1756394
slice3 start write  @clk     1756395
slice3 write_burst finish  @clk     1756396
slice3 task finish  @clk     1756398
slice2 compute config finish @clk     1756680
slice3 compute config finish @clk     1757290
slice12 prefetch finish  @clk     1840112
slice12 start run  @clk     1840113
slice13 prefetch finish  @clk     1840114
slice13 start run  @clk     1840115
slice14 prefetch finish  @clk     1840150
slice14 start run  @clk     1840151
slice12 start prefetch  @clk     1840183
slice13 start prefetch  @clk     1840185
slice15 prefetch finish  @clk     1840194
slice15 start run  @clk     1840195
slice14 start prefetch  @clk     1840221
slice15 start prefetch  @clk     1840265
slice4 prefetch finish  @clk     1841690
slice4 start run  @clk     1841691
slice4 start prefetch  @clk     1841761
slice5 prefetch finish  @clk     1841924
slice5 start run  @clk     1841925
slice6 prefetch finish  @clk     1841974
slice6 start run  @clk     1841975
slice5 start prefetch  @clk     1841995
slice6 start prefetch  @clk     1842045
slice7 prefetch finish  @clk     1842450
slice7 start run  @clk     1842451
slice7 start prefetch  @clk     1842521
slice8 prefetch finish  @clk     1842860
slice8 start run  @clk     1842861
slice8 start prefetch  @clk     1842931
slice9 prefetch finish  @clk     1843284
slice9 start run  @clk     1843285
slice9 start prefetch  @clk     1843355
slice10 prefetch finish  @clk     1843870
slice10 start run  @clk     1843871
slice10 start prefetch  @clk     1843941
slice0 prefetch finish @clk     1844352
slice0 start run @clk     1844353
slice0 start prefetch @clk     1844423
slice11 prefetch finish  @clk     1844540
slice11 start run  @clk     1844541
slice11 start prefetch  @clk     1844611
slice1 prefetch finish  @clk     1844950
slice1 start run  @clk     1844951
slice1 start prefetch  @clk     1845021
slice12 access done  @clk     1845134
slice12 start write  @clk     1845135
slice13 access done  @clk     1845136
slice12 write_burst finish  @clk     1845136
slice13 start write  @clk     1845137
slice13 write_burst finish  @clk     1845138
slice12 task finish  @clk     1845138
slice13 task finish  @clk     1845140
slice14 access done  @clk     1845172
slice14 start write  @clk     1845173
slice14 write_burst finish  @clk     1845174
slice14 task finish  @clk     1845176
slice15 access done  @clk     1845216
slice15 start write  @clk     1845217
slice15 write_burst finish  @clk     1845218
slice15 task finish  @clk     1845220
slice2 prefetch finish  @clk     1845658
slice2 start run  @clk     1845659
slice2 start prefetch  @clk     1845729
slice12 compute config finish @clk     1846030
slice13 compute config finish @clk     1846032
slice14 compute config finish @clk     1846068
slice15 compute config finish @clk     1846112
slice3 prefetch finish  @clk     1846284
slice3 start run  @clk     1846285
slice3 start prefetch  @clk     1846355
slice4 access done  @clk     1846712
slice4 start write  @clk     1846713
slice4 write_burst finish  @clk     1846714
slice4 task finish  @clk     1846716
slice5 access done  @clk     1846946
slice5 start write  @clk     1846947
slice5 write_burst finish  @clk     1846948
slice5 task finish  @clk     1846950
slice6 access done  @clk     1846996
slice6 start write  @clk     1846997
slice6 write_burst finish  @clk     1846998
slice6 task finish  @clk     1847000
slice7 access done  @clk     1847472
slice7 start write  @clk     1847473
slice7 write_burst finish  @clk     1847474
slice7 task finish  @clk     1847476
slice4 compute config finish @clk     1847608
slice5 compute config finish @clk     1847842
slice8 access done  @clk     1847882
slice8 start write  @clk     1847883
slice8 write_burst finish  @clk     1847884
slice8 task finish  @clk     1847886
slice6 compute config finish @clk     1847892
slice9 access done  @clk     1848306
slice9 start write  @clk     1848307
slice9 write_burst finish  @clk     1848308
slice9 task finish  @clk     1848310
slice7 compute config finish @clk     1848368
slice8 compute config finish @clk     1848778
slice10 access done  @clk     1848892
slice10 start write  @clk     1848893
slice10 write_burst finish  @clk     1848894
slice10 task finish  @clk     1848896
slice9 compute config finish @clk     1849202
slice0 access done @clk     1849374
slice0 start write @clk     1849375
slice0 write_burst finish @clk     1849376
slice0 task finish @clk     1849378
slice11 access done  @clk     1849562
slice11 start write  @clk     1849563
slice11 write_burst finish  @clk     1849564
slice11 task finish  @clk     1849566
slice10 compute config finish @clk     1849788
slice1 access done  @clk     1849972
slice1 start write  @clk     1849973
slice1 write_burst finish  @clk     1849974
slice1 task finish  @clk     1849976
slice0 compute config finish @clk     1850270
slice11 compute config finish @clk     1850458
slice2 access done  @clk     1850680
slice2 start write  @clk     1850681
slice2 write_burst finish  @clk     1850682
slice2 task finish  @clk     1850684
slice1 compute config finish @clk     1850868
slice3 access done  @clk     1851306
slice3 start write  @clk     1851307
slice3 write_burst finish  @clk     1851308
slice3 task finish  @clk     1851310
slice2 compute config finish @clk     1851576
slice3 compute config finish @clk     1852202
slice12 prefetch finish  @clk     1937154
slice12 start run  @clk     1937155
slice13 prefetch finish  @clk     1937156
slice13 start run  @clk     1937157
slice14 prefetch finish  @clk     1937174
slice14 start run  @clk     1937175
slice15 prefetch finish  @clk     1937218
slice15 start run  @clk     1937219
slice12 start prefetch  @clk     1937225
slice13 start prefetch  @clk     1937227
slice14 start prefetch  @clk     1937245
slice15 start prefetch  @clk     1937289
slice4 prefetch finish  @clk     1939018
slice4 start run  @clk     1939019
slice4 start prefetch  @clk     1939089
slice5 prefetch finish  @clk     1939262
slice5 start run  @clk     1939263
slice6 prefetch finish  @clk     1939306
slice6 start run  @clk     1939307
slice5 start prefetch  @clk     1939333
slice6 start prefetch  @clk     1939377
slice7 prefetch finish  @clk     1939724
slice7 start run  @clk     1939725
slice7 start prefetch  @clk     1939795
slice8 prefetch finish  @clk     1940142
slice8 start run  @clk     1940143
slice8 start prefetch  @clk     1940213
slice9 prefetch finish  @clk     1940768
slice9 start run  @clk     1940769
slice9 start prefetch  @clk     1940839
slice10 prefetch finish  @clk     1941136
slice10 start run  @clk     1941137
slice10 start prefetch  @clk     1941207
slice0 prefetch finish @clk     1941568
slice0 start run @clk     1941569
slice0 start prefetch @clk     1941639
slice11 prefetch finish  @clk     1941932
slice11 start run  @clk     1941933
slice11 start prefetch  @clk     1942003
slice12 access done  @clk     1942176
slice12 start write  @clk     1942177
slice13 access done  @clk     1942178
slice12 write_burst finish  @clk     1942178
slice13 start write  @clk     1942179
slice13 write_burst finish  @clk     1942180
slice12 task finish  @clk     1942180
slice13 task finish  @clk     1942182
slice14 access done  @clk     1942196
slice14 start write  @clk     1942197
slice14 write_burst finish  @clk     1942198
slice14 task finish  @clk     1942200
slice15 access done  @clk     1942240
slice15 start write  @clk     1942241
slice15 write_burst finish  @clk     1942242
slice15 task finish  @clk     1942244
slice1 prefetch finish  @clk     1942330
slice1 start run  @clk     1942331
slice1 start prefetch  @clk     1942401
slice2 prefetch finish  @clk     1942514
slice2 start run  @clk     1942515
slice2 start prefetch  @clk     1942585
slice12 compute config finish @clk     1943072
slice13 compute config finish @clk     1943074
slice14 compute config finish @clk     1943092
slice15 compute config finish @clk     1943136
slice3 prefetch finish  @clk     1943228
slice3 start run  @clk     1943229
slice3 start prefetch  @clk     1943299
slice4 access done  @clk     1944040
slice4 start write  @clk     1944041
slice4 write_burst finish  @clk     1944042
slice4 task finish  @clk     1944044
slice5 access done  @clk     1944284
slice5 start write  @clk     1944285
slice5 write_burst finish  @clk     1944286
slice5 task finish  @clk     1944288
slice6 access done  @clk     1944328
slice6 start write  @clk     1944329
slice6 write_burst finish  @clk     1944330
slice6 task finish  @clk     1944332
slice7 access done  @clk     1944746
slice7 start write  @clk     1944747
slice7 write_burst finish  @clk     1944748
slice7 task finish  @clk     1944750
slice4 compute config finish @clk     1944936
slice8 access done  @clk     1945164
slice8 start write  @clk     1945165
slice8 write_burst finish  @clk     1945166
slice8 task finish  @clk     1945168
slice5 compute config finish @clk     1945180
slice6 compute config finish @clk     1945224
slice7 compute config finish @clk     1945642
slice9 access done  @clk     1945790
slice9 start write  @clk     1945791
slice9 write_burst finish  @clk     1945792
slice9 task finish  @clk     1945794
slice8 compute config finish @clk     1946060
slice10 access done  @clk     1946158
slice10 start write  @clk     1946159
slice10 write_burst finish  @clk     1946160
slice10 task finish  @clk     1946162
slice0 access done @clk     1946590
slice0 start write @clk     1946591
slice0 write_burst finish @clk     1946592
slice0 task finish @clk     1946594
slice9 compute config finish @clk     1946686
slice11 access done  @clk     1946954
slice11 start write  @clk     1946955
slice11 write_burst finish  @clk     1946956
slice11 task finish  @clk     1946958
slice10 compute config finish @clk     1947054
slice1 access done  @clk     1947352
slice1 start write  @clk     1947353
slice1 write_burst finish  @clk     1947354
slice1 task finish  @clk     1947356
slice0 compute config finish @clk     1947486
slice2 access done  @clk     1947536
slice2 start write  @clk     1947537
slice2 write_burst finish  @clk     1947538
slice2 task finish  @clk     1947540
slice11 compute config finish @clk     1947850
slice1 compute config finish @clk     1948248
slice3 access done  @clk     1948250
slice3 start write  @clk     1948251
slice3 write_burst finish  @clk     1948252
slice3 task finish  @clk     1948254
slice2 compute config finish @clk     1948432
slice3 compute config finish @clk     1949146
slice12 prefetch finish  @clk     2030378
slice12 start run  @clk     2030379
slice13 prefetch finish  @clk     2030380
slice13 start run  @clk     2030381
slice14 prefetch finish  @clk     2030414
slice14 start run  @clk     2030415
slice12 start prefetch  @clk     2030449
slice13 start prefetch  @clk     2030451
slice15 prefetch finish  @clk     2030466
slice15 start run  @clk     2030467
slice14 start prefetch  @clk     2030485
slice15 start prefetch  @clk     2030537
slice4 prefetch finish  @clk     2032204
slice4 start run  @clk     2032205
slice4 start prefetch  @clk     2032275
slice5 prefetch finish  @clk     2032478
slice5 start run  @clk     2032479
slice6 prefetch finish  @clk     2032528
slice6 start run  @clk     2032529
slice5 start prefetch  @clk     2032549
slice6 start prefetch  @clk     2032599
slice7 prefetch finish  @clk     2032964
slice7 start run  @clk     2032965
slice7 start prefetch  @clk     2033035
slice8 prefetch finish  @clk     2033326
slice8 start run  @clk     2033327
slice8 start prefetch  @clk     2033397
slice9 prefetch finish  @clk     2034140
slice9 start run  @clk     2034141
slice9 start prefetch  @clk     2034211
slice10 prefetch finish  @clk     2034320
slice10 start run  @clk     2034321
slice10 start prefetch  @clk     2034391
slice0 prefetch finish @clk     2034686
slice0 start run @clk     2034687
slice0 start prefetch @clk     2034757
slice11 prefetch finish  @clk     2035212
slice11 start run  @clk     2035213
slice11 start prefetch  @clk     2035283
slice12 access done  @clk     2035400
slice12 start write  @clk     2035401
slice13 access done  @clk     2035402
slice12 write_burst finish  @clk     2035402
slice13 start write  @clk     2035403
slice13 write_burst finish  @clk     2035404
slice12 task finish  @clk     2035404
slice13 task finish  @clk     2035406
slice14 access done  @clk     2035436
slice14 start write  @clk     2035437
slice14 write_burst finish  @clk     2035438
slice14 task finish  @clk     2035440
slice15 access done  @clk     2035488
slice15 start write  @clk     2035489
slice15 write_burst finish  @clk     2035490
slice15 task finish  @clk     2035492
slice1 prefetch finish  @clk     2035538
slice1 start run  @clk     2035539
slice1 start prefetch  @clk     2035609
slice2 prefetch finish  @clk     2035680
slice2 start run  @clk     2035681
slice2 start prefetch  @clk     2035751
slice12 compute config finish @clk     2036296
slice13 compute config finish @clk     2036298
slice3 prefetch finish  @clk     2036326
slice3 start run  @clk     2036327
slice14 compute config finish @clk     2036332
slice15 compute config finish @clk     2036384
slice3 start prefetch  @clk     2036397
slice4 access done  @clk     2037226
slice4 start write  @clk     2037227
slice4 write_burst finish  @clk     2037228
slice4 task finish  @clk     2037230
slice5 access done  @clk     2037500
slice5 start write  @clk     2037501
slice5 write_burst finish  @clk     2037502
slice5 task finish  @clk     2037504
slice6 access done  @clk     2037550
slice6 start write  @clk     2037551
slice6 write_burst finish  @clk     2037552
slice6 task finish  @clk     2037554
slice7 access done  @clk     2037986
slice7 start write  @clk     2037987
slice7 write_burst finish  @clk     2037988
slice7 task finish  @clk     2037990
slice4 compute config finish @clk     2038122
slice8 access done  @clk     2038348
slice8 start write  @clk     2038349
slice8 write_burst finish  @clk     2038350
slice8 task finish  @clk     2038352
slice5 compute config finish @clk     2038396
slice6 compute config finish @clk     2038446
slice7 compute config finish @clk     2038882
slice9 access done  @clk     2039162
slice9 start write  @clk     2039163
slice9 write_burst finish  @clk     2039164
slice9 task finish  @clk     2039166
slice8 compute config finish @clk     2039244
slice10 access done  @clk     2039342
slice10 start write  @clk     2039343
slice10 write_burst finish  @clk     2039344
slice10 task finish  @clk     2039346
slice0 access done @clk     2039708
slice0 start write @clk     2039709
slice0 write_burst finish @clk     2039710
slice0 task finish @clk     2039712
slice9 compute config finish @clk     2040058
slice11 access done  @clk     2040234
slice11 start write  @clk     2040235
slice11 write_burst finish  @clk     2040236
slice10 compute config finish @clk     2040238
slice11 task finish  @clk     2040238
slice1 access done  @clk     2040560
slice1 start write  @clk     2040561
slice1 write_burst finish  @clk     2040562
slice1 task finish  @clk     2040564
slice0 compute config finish @clk     2040604
slice2 access done  @clk     2040702
slice2 start write  @clk     2040703
slice2 write_burst finish  @clk     2040704
slice2 task finish  @clk     2040706
slice11 compute config finish @clk     2041130
slice3 access done  @clk     2041348
slice3 start write  @clk     2041349
slice3 write_burst finish  @clk     2041350
slice3 task finish  @clk     2041352
slice1 compute config finish @clk     2041456
slice2 compute config finish @clk     2041598
slice3 compute config finish @clk     2042244
slice12 prefetch finish  @clk     2120676
slice12 start run  @clk     2120677
slice13 prefetch finish  @clk     2120678
slice13 start run  @clk     2120679
slice14 prefetch finish  @clk     2120718
slice14 start run  @clk     2120719
slice12 start prefetch  @clk     2120747
slice13 start prefetch  @clk     2120749
slice15 prefetch finish  @clk     2120764
slice15 start run  @clk     2120765
slice14 start prefetch  @clk     2120789
slice15 start prefetch  @clk     2120835
slice4 prefetch finish  @clk     2122162
slice4 start run  @clk     2122163
slice4 start prefetch  @clk     2122233
slice5 prefetch finish  @clk     2122456
slice5 start run  @clk     2122457
slice6 prefetch finish  @clk     2122500
slice6 start run  @clk     2122501
slice5 start prefetch  @clk     2122527
slice6 start prefetch  @clk     2122571
slice7 prefetch finish  @clk     2123092
slice7 start run  @clk     2123093
slice7 start prefetch  @clk     2123163
slice8 prefetch finish  @clk     2123278
slice8 start run  @clk     2123279
slice8 start prefetch  @clk     2123349
slice9 prefetch finish  @clk     2124216
slice9 start run  @clk     2124217
slice9 start prefetch  @clk     2124287
slice10 prefetch finish  @clk     2124400
slice10 start run  @clk     2124401
slice10 start prefetch  @clk     2124471
slice0 prefetch finish @clk     2124772
slice0 start run @clk     2124773
slice0 start prefetch @clk     2124843
slice11 prefetch finish  @clk     2125602
slice11 start run  @clk     2125603
slice11 start prefetch  @clk     2125673
slice12 access done  @clk     2125698
slice12 start write  @clk     2125699
slice13 access done  @clk     2125700
slice12 write_burst finish  @clk     2125700
slice13 start write  @clk     2125701
slice13 write_burst finish  @clk     2125702
slice12 task finish  @clk     2125702
slice13 task finish  @clk     2125704
slice14 access done  @clk     2125740
slice14 start write  @clk     2125741
slice14 write_burst finish  @clk     2125742
slice14 task finish  @clk     2125744
slice15 access done  @clk     2125786
slice15 start write  @clk     2125787
slice15 write_burst finish  @clk     2125788
slice15 task finish  @clk     2125790
slice1 prefetch finish  @clk     2125930
slice1 start run  @clk     2125931
slice1 start prefetch  @clk     2126001
slice2 prefetch finish  @clk     2126072
slice2 start run  @clk     2126073
slice2 start prefetch  @clk     2126143
slice12 compute config finish @clk     2126594
slice13 compute config finish @clk     2126596
slice14 compute config finish @clk     2126636
slice15 compute config finish @clk     2126682
slice3 prefetch finish  @clk     2126804
slice3 start run  @clk     2126805
slice3 start prefetch  @clk     2126875
slice4 access done  @clk     2127184
slice4 start write  @clk     2127185
slice4 write_burst finish  @clk     2127186
slice4 task finish  @clk     2127188
slice5 access done  @clk     2127478
slice5 start write  @clk     2127479
slice5 write_burst finish  @clk     2127480
slice5 task finish  @clk     2127482
slice6 access done  @clk     2127522
slice6 start write  @clk     2127523
slice6 write_burst finish  @clk     2127524
slice6 task finish  @clk     2127526
slice4 compute config finish @clk     2128080
slice7 access done  @clk     2128114
slice7 start write  @clk     2128115
slice7 write_burst finish  @clk     2128116
slice7 task finish  @clk     2128118
slice8 access done  @clk     2128300
slice8 start write  @clk     2128301
slice8 write_burst finish  @clk     2128302
slice8 task finish  @clk     2128304
slice5 compute config finish @clk     2128374
slice6 compute config finish @clk     2128418
slice7 compute config finish @clk     2129010
slice8 compute config finish @clk     2129196
slice9 access done  @clk     2129238
slice9 start write  @clk     2129239
slice9 write_burst finish  @clk     2129240
slice9 task finish  @clk     2129242
slice10 access done  @clk     2129422
slice10 start write  @clk     2129423
slice10 write_burst finish  @clk     2129424
slice10 task finish  @clk     2129426
slice0 access done @clk     2129794
slice0 start write @clk     2129795
slice0 write_burst finish @clk     2129796
slice0 task finish @clk     2129798
slice9 compute config finish @clk     2130134
slice10 compute config finish @clk     2130318
slice11 access done  @clk     2130624
slice11 start write  @clk     2130625
slice11 write_burst finish  @clk     2130626
slice11 task finish  @clk     2130628
slice0 compute config finish @clk     2130690
slice1 access done  @clk     2130952
slice1 start write  @clk     2130953
slice1 write_burst finish  @clk     2130954
slice1 task finish  @clk     2130956
slice2 access done  @clk     2131094
slice2 start write  @clk     2131095
slice2 write_burst finish  @clk     2131096
slice2 task finish  @clk     2131098
slice11 compute config finish @clk     2131520
slice3 access done  @clk     2131826
slice3 start write  @clk     2131827
slice3 write_burst finish  @clk     2131828
slice3 task finish  @clk     2131830
slice1 compute config finish @clk     2131848
slice2 compute config finish @clk     2131990
slice3 compute config finish @clk     2132722
slice12 prefetch finish  @clk     2209602
slice12 start run  @clk     2209603
slice13 prefetch finish  @clk     2209626
slice13 start run  @clk     2209627
slice12 start prefetch  @clk     2209673
slice14 prefetch finish  @clk     2209678
slice14 start run  @clk     2209679
slice13 start prefetch  @clk     2209697
slice15 prefetch finish  @clk     2209722
slice15 start run  @clk     2209723
slice14 start prefetch  @clk     2209749
slice15 start prefetch  @clk     2209793
slice4 prefetch finish  @clk     2211452
slice4 start run  @clk     2211453
slice4 start prefetch  @clk     2211523
slice5 prefetch finish  @clk     2211708
slice5 start run  @clk     2211709
slice6 prefetch finish  @clk     2211752
slice6 start run  @clk     2211753
slice5 start prefetch  @clk     2211779
slice6 start prefetch  @clk     2211823
slice7 prefetch finish  @clk     2212504
slice7 start run  @clk     2212505
slice8 prefetch finish  @clk     2212532
slice8 start run  @clk     2212533
slice7 start prefetch  @clk     2212575
slice8 start prefetch  @clk     2212603
slice9 prefetch finish  @clk     2213526
slice9 start run  @clk     2213527
slice9 start prefetch  @clk     2213597
slice10 prefetch finish  @clk     2213664
slice10 start run  @clk     2213665
slice10 start prefetch  @clk     2213735
slice0 prefetch finish @clk     2214056
slice0 start run @clk     2214057
slice0 start prefetch @clk     2214127
slice11 prefetch finish  @clk     2214496
slice11 start run  @clk     2214497
slice11 start prefetch  @clk     2214567
slice12 access done  @clk     2214624
slice12 start write  @clk     2214625
slice12 write_burst finish  @clk     2214626
slice12 task finish  @clk     2214628
slice13 access done  @clk     2214648
slice13 start write  @clk     2214649
slice13 write_burst finish  @clk     2214650
slice13 task finish  @clk     2214652
slice14 access done  @clk     2214700
slice14 start write  @clk     2214701
slice14 write_burst finish  @clk     2214702
slice14 task finish  @clk     2214704
slice15 access done  @clk     2214744
slice15 start write  @clk     2214745
slice15 write_burst finish  @clk     2214746
slice15 task finish  @clk     2214748
slice1 prefetch finish  @clk     2214926
slice1 start run  @clk     2214927
slice1 start prefetch  @clk     2214997
slice2 prefetch finish  @clk     2215048
slice2 start run  @clk     2215049
slice2 start prefetch  @clk     2215119
slice3 prefetch finish  @clk     2216082
slice3 start run  @clk     2216083
slice3 start prefetch  @clk     2216153
slice4 access done  @clk     2216474
slice4 start write  @clk     2216475
slice4 write_burst finish  @clk     2216476
slice4 task finish  @clk     2216478
slice5 access done  @clk     2216730
slice5 start write  @clk     2216731
slice5 write_burst finish  @clk     2216732
slice5 task finish  @clk     2216734
slice6 access done  @clk     2216774
slice6 start write  @clk     2216775
slice6 write_burst finish  @clk     2216776
slice6 task finish  @clk     2216778
slice7 access done  @clk     2217526
slice7 start write  @clk     2217527
slice7 write_burst finish  @clk     2217528
slice7 task finish  @clk     2217530
slice8 access done  @clk     2217554
slice8 start write  @clk     2217555
slice8 write_burst finish  @clk     2217556
slice8 task finish  @clk     2217558
slice9 access done  @clk     2218548
slice9 start write  @clk     2218549
slice9 write_burst finish  @clk     2218550
slice9 task finish  @clk     2218552
slice10 access done  @clk     2218686
slice10 start write  @clk     2218687
slice10 write_burst finish  @clk     2218688
slice10 task finish  @clk     2218690
slice0 access done @clk     2219078
slice0 start write @clk     2219079
slice0 write_burst finish @clk     2219080
slice0 task finish @clk     2219082
slice11 access done  @clk     2219518
slice11 start write  @clk     2219519
slice11 write_burst finish  @clk     2219520
slice11 task finish  @clk     2219522
slice1 access done  @clk     2219948
slice1 start write  @clk     2219949
slice1 write_burst finish  @clk     2219950
slice1 task finish  @clk     2219952
slice2 access done  @clk     2220070
slice2 start write  @clk     2220071
slice2 write_burst finish  @clk     2220072
slice2 task finish  @clk     2220074
slice3 access done  @clk     2221104
slice3 start write  @clk     2221105
slice3 write_burst finish  @clk     2221106
slice3 task finish  @clk     2221108
slice12 prefetch finish  @clk     2245630
slice13 prefetch finish  @clk     2245650
slice14 prefetch finish  @clk     2245698
slice15 prefetch finish  @clk     2245746
slice4 prefetch finish  @clk     2247138
slice5 prefetch finish  @clk     2247374
slice6 prefetch finish  @clk     2247406
slice7 prefetch finish  @clk     2248292
slice8 prefetch finish  @clk     2248314
slice9 prefetch finish  @clk     2249046
slice10 prefetch finish  @clk     2249510
slice0 prefetch finish @clk     2249722
slice11 prefetch finish  @clk     2249922
slice1 prefetch finish  @clk     2250038
slice2 prefetch finish  @clk     2250096
slice3 prefetch finish  @clk     2250240
