slice12 start prefetch  @clk      218622
slice13 start prefetch  @clk      218622
slice14 start prefetch  @clk      218622
slice15 start prefetch  @clk      218622
slice8 start prefetch  @clk      218626
slice9 start prefetch  @clk      218626
slice10 start prefetch  @clk      218626
slice11 start prefetch  @clk      218626
slice4 start prefetch  @clk      218630
slice5 start prefetch  @clk      218630
slice6 start prefetch  @clk      218630
slice7 start prefetch  @clk      218630
slice0 start prefetch @clk      218634
slice1 start prefetch  @clk      218634
slice2 start prefetch  @clk      218634
slice3 start prefetch  @clk      218634
slice12 prefetch finish  @clk      287539
slice13 prefetch finish  @clk      287573
slice14 prefetch finish  @clk      287607
slice15 prefetch finish  @clk      287641
slice8 prefetch finish  @clk      287947
slice9 prefetch finish  @clk      287981
slice10 prefetch finish  @clk      288015
slice11 prefetch finish  @clk      288049
slice0 prefetch finish @clk      288083
slice1 prefetch finish  @clk      288117
slice2 prefetch finish  @clk      288151
slice3 prefetch finish  @clk      288185
slice4 prefetch finish  @clk      288219
slice5 prefetch finish  @clk      288253
slice6 prefetch finish  @clk      288287
slice7 prefetch finish  @clk      288321
slice12 compute config finish @clk      288844
slice13 compute config finish @clk      288844
slice14 compute config finish @clk      288844
slice15 compute config finish @clk      288844
slice12 start run  @clk      288845
slice13 start run  @clk      288845
slice14 start run  @clk      288845
slice15 start run  @clk      288845
slice8 compute config finish @clk      288848
slice9 compute config finish @clk      288848
slice10 compute config finish @clk      288848
slice11 compute config finish @clk      288848
slice8 start run  @clk      288849
slice9 start run  @clk      288849
slice10 start run  @clk      288849
slice11 start run  @clk      288849
slice4 compute config finish @clk      288852
slice5 compute config finish @clk      288852
slice6 compute config finish @clk      288852
slice7 compute config finish @clk      288852
slice4 start run  @clk      288853
slice5 start run  @clk      288853
slice6 start run  @clk      288853
slice7 start run  @clk      288853
slice0 compute config finish @clk      288856
slice1 compute config finish @clk      288856
slice2 compute config finish @clk      288856
slice3 compute config finish @clk      288856
slice0 start run @clk      288857
slice1 start run  @clk      288857
slice2 start run  @clk      288857
slice3 start run  @clk      288857
slice12 start prefetch  @clk      289082
slice13 start prefetch  @clk      289082
slice14 start prefetch  @clk      289082
slice15 start prefetch  @clk      289082
slice8 start prefetch  @clk      289086
slice9 start prefetch  @clk      289086
slice10 start prefetch  @clk      289086
slice11 start prefetch  @clk      289086
slice4 start prefetch  @clk      289090
slice5 start prefetch  @clk      289090
slice6 start prefetch  @clk      289090
slice7 start prefetch  @clk      289090
slice0 start prefetch @clk      289094
slice1 start prefetch  @clk      289094
slice2 start prefetch  @clk      289094
slice3 start prefetch  @clk      289094
slice12 access done  @clk      289371
slice13 access done  @clk      289371
slice14 access done  @clk      289371
slice15 access done  @clk      289371
slice12 start write  @clk      289372
slice13 start write  @clk      289372
slice14 start write  @clk      289372
slice15 start write  @clk      289372
slice12 write_burst finish  @clk      289373
slice13 write_burst finish  @clk      289373
slice14 write_burst finish  @clk      289373
slice15 write_burst finish  @clk      289373
slice8 access done  @clk      289375
slice9 access done  @clk      289375
slice10 access done  @clk      289375
slice11 access done  @clk      289375
slice12 task finish  @clk      289375
slice13 task finish  @clk      289375
slice14 task finish  @clk      289375
slice15 task finish  @clk      289375
slice8 start write  @clk      289376
slice9 start write  @clk      289376
slice10 start write  @clk      289376
slice11 start write  @clk      289376
slice8 write_burst finish  @clk      289377
slice9 write_burst finish  @clk      289377
slice10 write_burst finish  @clk      289377
slice11 write_burst finish  @clk      289377
slice4 access done  @clk      289379
slice5 access done  @clk      289379
slice6 access done  @clk      289379
slice7 access done  @clk      289379
slice8 task finish  @clk      289379
slice9 task finish  @clk      289379
slice10 task finish  @clk      289379
slice11 task finish  @clk      289379
slice4 start write  @clk      289380
slice5 start write  @clk      289380
slice6 start write  @clk      289380
slice7 start write  @clk      289380
slice4 write_burst finish  @clk      289381
slice5 write_burst finish  @clk      289381
slice6 write_burst finish  @clk      289381
slice7 write_burst finish  @clk      289381
slice0 access done @clk      289383
slice1 access done  @clk      289383
slice2 access done  @clk      289383
slice3 access done  @clk      289383
slice4 task finish  @clk      289383
slice5 task finish  @clk      289383
slice6 task finish  @clk      289383
slice7 task finish  @clk      289383
slice0 start write @clk      289384
slice1 start write  @clk      289384
slice2 start write  @clk      289384
slice3 start write  @clk      289384
slice0 write_burst finish @clk      289385
slice1 write_burst finish  @clk      289385
slice2 write_burst finish  @clk      289385
slice3 write_burst finish  @clk      289385
slice0 task finish @clk      289387
slice1 task finish  @clk      289387
slice2 task finish  @clk      289387
slice3 task finish  @clk      289387
slice12 prefetch finish  @clk      357999
slice13 prefetch finish  @clk      358033
slice14 prefetch finish  @clk      358067
slice15 prefetch finish  @clk      358101
slice8 prefetch finish  @clk      358407
slice9 prefetch finish  @clk      358441
slice10 prefetch finish  @clk      358475
slice11 prefetch finish  @clk      358509
slice0 prefetch finish @clk      358543
slice1 prefetch finish  @clk      358577
slice2 prefetch finish  @clk      358611
slice3 prefetch finish  @clk      358645
slice4 prefetch finish  @clk      358679
slice5 prefetch finish  @clk      358713
slice6 prefetch finish  @clk      358747
slice7 prefetch finish  @clk      358781
slice12 compute config finish @clk      359304
slice13 compute config finish @clk      359304
slice14 compute config finish @clk      359304
slice15 compute config finish @clk      359304
slice12 start run  @clk      359305
slice13 start run  @clk      359305
slice14 start run  @clk      359305
slice15 start run  @clk      359305
slice8 compute config finish @clk      359308
slice9 compute config finish @clk      359308
slice10 compute config finish @clk      359308
slice11 compute config finish @clk      359308
slice8 start run  @clk      359309
slice9 start run  @clk      359309
slice10 start run  @clk      359309
slice11 start run  @clk      359309
slice4 compute config finish @clk      359312
slice5 compute config finish @clk      359312
slice6 compute config finish @clk      359312
slice7 compute config finish @clk      359312
slice4 start run  @clk      359313
slice5 start run  @clk      359313
slice6 start run  @clk      359313
slice7 start run  @clk      359313
slice0 compute config finish @clk      359316
slice1 compute config finish @clk      359316
slice2 compute config finish @clk      359316
slice3 compute config finish @clk      359316
slice0 start run @clk      359317
slice1 start run  @clk      359317
slice2 start run  @clk      359317
slice3 start run  @clk      359317
slice12 start prefetch  @clk      359594
slice13 start prefetch  @clk      359594
slice14 start prefetch  @clk      359594
slice15 start prefetch  @clk      359594
slice8 start prefetch  @clk      359598
slice9 start prefetch  @clk      359598
slice10 start prefetch  @clk      359598
slice11 start prefetch  @clk      359598
slice12 prefetch finish  @clk      359601
slice13 prefetch finish  @clk      359601
slice14 prefetch finish  @clk      359601
slice15 prefetch finish  @clk      359601
slice4 start prefetch  @clk      359602
slice5 start prefetch  @clk      359602
slice6 start prefetch  @clk      359602
slice7 start prefetch  @clk      359602
slice8 prefetch finish  @clk      359605
slice9 prefetch finish  @clk      359605
slice10 prefetch finish  @clk      359605
slice11 prefetch finish  @clk      359605
slice0 start prefetch @clk      359608
slice1 start prefetch  @clk      359608
slice2 start prefetch  @clk      359608
slice3 start prefetch  @clk      359608
slice4 prefetch finish  @clk      359609
slice5 prefetch finish  @clk      359609
slice6 prefetch finish  @clk      359609
slice7 prefetch finish  @clk      359609
slice0 prefetch finish @clk      359615
slice1 prefetch finish  @clk      359615
slice2 prefetch finish  @clk      359615
slice3 prefetch finish  @clk      359615
slice12 access done  @clk      359831
slice13 access done  @clk      359831
slice14 access done  @clk      359831
slice15 access done  @clk      359831
slice12 start write  @clk      359832
slice13 start write  @clk      359832
slice14 start write  @clk      359832
slice15 start write  @clk      359832
slice12 write_burst finish  @clk      359833
slice13 write_burst finish  @clk      359833
slice14 write_burst finish  @clk      359833
slice15 write_burst finish  @clk      359833
slice8 access done  @clk      359835
slice9 access done  @clk      359835
slice10 access done  @clk      359835
slice11 access done  @clk      359835
slice12 task finish  @clk      359835
slice13 task finish  @clk      359835
slice14 task finish  @clk      359835
slice15 task finish  @clk      359835
slice8 start write  @clk      359836
slice9 start write  @clk      359836
slice10 start write  @clk      359836
slice11 start write  @clk      359836
slice8 write_burst finish  @clk      359837
slice9 write_burst finish  @clk      359837
slice10 write_burst finish  @clk      359837
slice11 write_burst finish  @clk      359837
slice4 access done  @clk      359839
slice5 access done  @clk      359839
slice6 access done  @clk      359839
slice7 access done  @clk      359839
slice8 task finish  @clk      359839
slice9 task finish  @clk      359839
slice10 task finish  @clk      359839
slice11 task finish  @clk      359839
slice4 start write  @clk      359840
slice5 start write  @clk      359840
slice6 start write  @clk      359840
slice7 start write  @clk      359840
slice4 write_burst finish  @clk      359841
slice5 write_burst finish  @clk      359841
slice6 write_burst finish  @clk      359841
slice7 write_burst finish  @clk      359841
slice0 access done @clk      359843
slice1 access done  @clk      359843
slice2 access done  @clk      359843
slice3 access done  @clk      359843
slice4 task finish  @clk      359843
slice5 task finish  @clk      359843
slice6 task finish  @clk      359843
slice7 task finish  @clk      359843
slice0 start write @clk      359844
slice1 start write  @clk      359844
slice2 start write  @clk      359844
slice3 start write  @clk      359844
slice0 write_burst finish @clk      359845
slice1 write_burst finish  @clk      359845
slice2 write_burst finish  @clk      359845
slice3 write_burst finish  @clk      359845
slice0 task finish @clk      359847
slice1 task finish  @clk      359847
slice2 task finish  @clk      359847
slice3 task finish  @clk      359847
slice12 compute config finish @clk      360351
slice13 compute config finish @clk      360351
slice14 compute config finish @clk      360351
slice15 compute config finish @clk      360351
slice12 start run  @clk      360352
slice13 start run  @clk      360352
slice14 start run  @clk      360352
slice15 start run  @clk      360352
slice8 compute config finish @clk      360355
slice9 compute config finish @clk      360355
slice10 compute config finish @clk      360355
slice11 compute config finish @clk      360355
slice8 start run  @clk      360356
slice9 start run  @clk      360356
slice10 start run  @clk      360356
slice11 start run  @clk      360356
slice4 compute config finish @clk      360359
slice5 compute config finish @clk      360359
slice6 compute config finish @clk      360359
slice7 compute config finish @clk      360359
slice4 start run  @clk      360360
slice5 start run  @clk      360360
slice6 start run  @clk      360360
slice7 start run  @clk      360360
slice0 compute config finish @clk      360363
slice1 compute config finish @clk      360363
slice2 compute config finish @clk      360363
slice3 compute config finish @clk      360363
slice0 start run @clk      360364
slice1 start run  @clk      360364
slice2 start run  @clk      360364
slice3 start run  @clk      360364
slice12 start prefetch  @clk      360488
slice13 start prefetch  @clk      360488
slice14 start prefetch  @clk      360488
slice15 start prefetch  @clk      360488
slice8 start prefetch  @clk      360492
slice9 start prefetch  @clk      360492
slice10 start prefetch  @clk      360492
slice11 start prefetch  @clk      360492
slice12 prefetch finish  @clk      360495
slice13 prefetch finish  @clk      360495
slice14 prefetch finish  @clk      360495
slice15 prefetch finish  @clk      360495
slice4 start prefetch  @clk      360496
slice5 start prefetch  @clk      360496
slice6 start prefetch  @clk      360496
slice7 start prefetch  @clk      360496
slice8 prefetch finish  @clk      360499
slice9 prefetch finish  @clk      360499
slice10 prefetch finish  @clk      360499
slice11 prefetch finish  @clk      360499
slice0 start prefetch @clk      360500
slice1 start prefetch  @clk      360500
slice2 start prefetch  @clk      360500
slice3 start prefetch  @clk      360500
slice4 prefetch finish  @clk      360503
slice5 prefetch finish  @clk      360503
slice6 prefetch finish  @clk      360503
slice7 prefetch finish  @clk      360503
slice0 prefetch finish @clk      360507
slice1 prefetch finish  @clk      360507
slice2 prefetch finish  @clk      360507
slice3 prefetch finish  @clk      360507
slice12 access done  @clk      362428
slice13 access done  @clk      362428
slice14 access done  @clk      362428
slice15 access done  @clk      362428
slice12 start write  @clk      362429
slice13 start write  @clk      362429
slice14 start write  @clk      362429
slice15 start write  @clk      362429
slice12 write_burst finish  @clk      362430
slice13 write_burst finish  @clk      362430
slice14 write_burst finish  @clk      362430
slice15 write_burst finish  @clk      362430
slice8 access done  @clk      362432
slice9 access done  @clk      362432
slice10 access done  @clk      362432
slice11 access done  @clk      362432
slice12 task finish  @clk      362432
slice13 task finish  @clk      362432
slice14 task finish  @clk      362432
slice15 task finish  @clk      362432
slice8 start write  @clk      362433
slice9 start write  @clk      362433
slice10 start write  @clk      362433
slice11 start write  @clk      362433
slice8 write_burst finish  @clk      362434
slice9 write_burst finish  @clk      362434
slice10 write_burst finish  @clk      362434
slice11 write_burst finish  @clk      362434
slice4 access done  @clk      362436
slice5 access done  @clk      362436
slice6 access done  @clk      362436
slice7 access done  @clk      362436
slice8 task finish  @clk      362436
slice9 task finish  @clk      362436
slice10 task finish  @clk      362436
slice11 task finish  @clk      362436
slice4 start write  @clk      362437
slice5 start write  @clk      362437
slice6 start write  @clk      362437
slice7 start write  @clk      362437
slice4 write_burst finish  @clk      362438
slice5 write_burst finish  @clk      362438
slice6 write_burst finish  @clk      362438
slice7 write_burst finish  @clk      362438
slice0 access done @clk      362440
slice1 access done  @clk      362440
slice2 access done  @clk      362440
slice3 access done  @clk      362440
slice4 task finish  @clk      362440
slice5 task finish  @clk      362440
slice6 task finish  @clk      362440
slice7 task finish  @clk      362440
slice0 start write @clk      362441
slice1 start write  @clk      362441
slice2 start write  @clk      362441
slice3 start write  @clk      362441
slice0 write_burst finish @clk      362442
slice1 write_burst finish  @clk      362442
slice2 write_burst finish  @clk      362442
slice3 write_burst finish  @clk      362442
slice0 task finish @clk      362444
slice1 task finish  @clk      362444
slice2 task finish  @clk      362444
slice3 task finish  @clk      362444
slice12 compute config finish @clk      362948
slice13 compute config finish @clk      362948
slice14 compute config finish @clk      362948
slice15 compute config finish @clk      362948
slice12 start run  @clk      362949
slice13 start run  @clk      362949
slice14 start run  @clk      362949
slice15 start run  @clk      362949
slice8 compute config finish @clk      362952
slice9 compute config finish @clk      362952
slice10 compute config finish @clk      362952
slice11 compute config finish @clk      362952
slice8 start run  @clk      362953
slice9 start run  @clk      362953
slice10 start run  @clk      362953
slice11 start run  @clk      362953
slice4 compute config finish @clk      362956
slice5 compute config finish @clk      362956
slice6 compute config finish @clk      362956
slice7 compute config finish @clk      362956
slice4 start run  @clk      362957
slice5 start run  @clk      362957
slice6 start run  @clk      362957
slice7 start run  @clk      362957
slice0 compute config finish @clk      362960
slice1 compute config finish @clk      362960
slice2 compute config finish @clk      362960
slice3 compute config finish @clk      362960
slice0 start run @clk      362961
slice1 start run  @clk      362961
slice2 start run  @clk      362961
slice3 start run  @clk      362961
slice12 start prefetch  @clk      363074
slice13 start prefetch  @clk      363074
slice14 start prefetch  @clk      363074
slice15 start prefetch  @clk      363074
slice8 start prefetch  @clk      363078
slice9 start prefetch  @clk      363078
slice10 start prefetch  @clk      363078
slice11 start prefetch  @clk      363078
slice12 prefetch finish  @clk      363081
slice13 prefetch finish  @clk      363081
slice14 prefetch finish  @clk      363081
slice15 prefetch finish  @clk      363081
slice4 start prefetch  @clk      363082
slice5 start prefetch  @clk      363082
slice6 start prefetch  @clk      363082
slice7 start prefetch  @clk      363082
slice8 prefetch finish  @clk      363085
slice9 prefetch finish  @clk      363085
slice10 prefetch finish  @clk      363085
slice11 prefetch finish  @clk      363085
slice0 start prefetch @clk      363086
slice1 start prefetch  @clk      363086
slice2 start prefetch  @clk      363086
slice3 start prefetch  @clk      363086
slice4 prefetch finish  @clk      363089
slice5 prefetch finish  @clk      363089
slice6 prefetch finish  @clk      363089
slice7 prefetch finish  @clk      363089
slice0 prefetch finish @clk      363093
slice1 prefetch finish  @clk      363093
slice2 prefetch finish  @clk      363093
slice3 prefetch finish  @clk      363093
slice12 access done  @clk      365025
slice13 access done  @clk      365025
slice14 access done  @clk      365025
slice15 access done  @clk      365025
slice12 start write  @clk      365026
slice13 start write  @clk      365026
slice14 start write  @clk      365026
slice15 start write  @clk      365026
slice12 write_burst finish  @clk      365027
slice13 write_burst finish  @clk      365027
slice14 write_burst finish  @clk      365027
slice15 write_burst finish  @clk      365027
slice8 access done  @clk      365029
slice9 access done  @clk      365029
slice10 access done  @clk      365029
slice11 access done  @clk      365029
slice12 task finish  @clk      365029
slice13 task finish  @clk      365029
slice14 task finish  @clk      365029
slice15 task finish  @clk      365029
slice8 start write  @clk      365030
slice9 start write  @clk      365030
slice10 start write  @clk      365030
slice11 start write  @clk      365030
slice8 write_burst finish  @clk      365031
slice9 write_burst finish  @clk      365031
slice10 write_burst finish  @clk      365031
slice11 write_burst finish  @clk      365031
slice4 access done  @clk      365033
slice5 access done  @clk      365033
slice6 access done  @clk      365033
slice7 access done  @clk      365033
slice8 task finish  @clk      365033
slice9 task finish  @clk      365033
slice10 task finish  @clk      365033
slice11 task finish  @clk      365033
slice4 start write  @clk      365034
slice5 start write  @clk      365034
slice6 start write  @clk      365034
slice7 start write  @clk      365034
slice4 write_burst finish  @clk      365035
slice5 write_burst finish  @clk      365035
slice6 write_burst finish  @clk      365035
slice7 write_burst finish  @clk      365035
slice0 access done @clk      365037
slice1 access done  @clk      365037
slice2 access done  @clk      365037
slice3 access done  @clk      365037
slice4 task finish  @clk      365037
slice5 task finish  @clk      365037
slice6 task finish  @clk      365037
slice7 task finish  @clk      365037
slice0 start write @clk      365038
slice1 start write  @clk      365038
slice2 start write  @clk      365038
slice3 start write  @clk      365038
slice0 write_burst finish @clk      365039
slice1 write_burst finish  @clk      365039
slice2 write_burst finish  @clk      365039
slice3 write_burst finish  @clk      365039
slice0 task finish @clk      365041
slice1 task finish  @clk      365041
slice2 task finish  @clk      365041
slice3 task finish  @clk      365041
slice12 compute config finish @clk      365682
slice13 compute config finish @clk      365682
slice14 compute config finish @clk      365682
slice15 compute config finish @clk      365682
slice12 start run  @clk      365683
slice13 start run  @clk      365683
slice14 start run  @clk      365683
slice15 start run  @clk      365683
slice8 compute config finish @clk      365686
slice9 compute config finish @clk      365686
slice10 compute config finish @clk      365686
slice11 compute config finish @clk      365686
slice8 start run  @clk      365687
slice9 start run  @clk      365687
slice10 start run  @clk      365687
slice11 start run  @clk      365687
slice4 compute config finish @clk      365690
slice5 compute config finish @clk      365690
slice6 compute config finish @clk      365690
slice7 compute config finish @clk      365690
slice4 start run  @clk      365691
slice5 start run  @clk      365691
slice6 start run  @clk      365691
slice7 start run  @clk      365691
slice0 compute config finish @clk      365694
slice1 compute config finish @clk      365694
slice2 compute config finish @clk      365694
slice3 compute config finish @clk      365694
slice0 start run @clk      365695
slice1 start run  @clk      365695
slice2 start run  @clk      365695
slice3 start run  @clk      365695
slice12 start prefetch  @clk      365749
slice13 start prefetch  @clk      365749
slice14 start prefetch  @clk      365749
slice15 start prefetch  @clk      365749
slice8 start prefetch  @clk      365753
slice9 start prefetch  @clk      365753
slice10 start prefetch  @clk      365753
slice11 start prefetch  @clk      365753
slice12 prefetch finish  @clk      365756
slice13 prefetch finish  @clk      365756
slice14 prefetch finish  @clk      365756
slice15 prefetch finish  @clk      365756
slice4 start prefetch  @clk      365757
slice5 start prefetch  @clk      365757
slice6 start prefetch  @clk      365757
slice7 start prefetch  @clk      365757
slice8 prefetch finish  @clk      365760
slice9 prefetch finish  @clk      365760
slice10 prefetch finish  @clk      365760
slice11 prefetch finish  @clk      365760
slice0 start prefetch @clk      365761
slice1 start prefetch  @clk      365761
slice2 start prefetch  @clk      365761
slice3 start prefetch  @clk      365761
slice4 prefetch finish  @clk      365764
slice5 prefetch finish  @clk      365764
slice6 prefetch finish  @clk      365764
slice7 prefetch finish  @clk      365764
slice0 prefetch finish @clk      365768
slice1 prefetch finish  @clk      365768
slice2 prefetch finish  @clk      365768
slice3 prefetch finish  @clk      365768
slice12 access done  @clk      366211
slice13 access done  @clk      366211
slice14 access done  @clk      366211
slice15 access done  @clk      366211
slice12 start write  @clk      366212
slice13 start write  @clk      366212
slice14 start write  @clk      366212
slice15 start write  @clk      366212
slice12 write_burst finish  @clk      366213
slice13 write_burst finish  @clk      366213
slice14 write_burst finish  @clk      366213
slice15 write_burst finish  @clk      366213
slice8 access done  @clk      366215
slice9 access done  @clk      366215
slice10 access done  @clk      366215
slice11 access done  @clk      366215
slice12 task finish  @clk      366215
slice13 task finish  @clk      366215
slice14 task finish  @clk      366215
slice15 task finish  @clk      366215
slice8 start write  @clk      366216
slice9 start write  @clk      366216
slice10 start write  @clk      366216
slice11 start write  @clk      366216
slice8 write_burst finish  @clk      366217
slice9 write_burst finish  @clk      366217
slice10 write_burst finish  @clk      366217
slice11 write_burst finish  @clk      366217
slice4 access done  @clk      366219
slice5 access done  @clk      366219
slice6 access done  @clk      366219
slice7 access done  @clk      366219
slice8 task finish  @clk      366219
slice9 task finish  @clk      366219
slice10 task finish  @clk      366219
slice11 task finish  @clk      366219
slice4 start write  @clk      366220
slice5 start write  @clk      366220
slice6 start write  @clk      366220
slice7 start write  @clk      366220
slice4 write_burst finish  @clk      366221
slice5 write_burst finish  @clk      366221
slice6 write_burst finish  @clk      366221
slice7 write_burst finish  @clk      366221
slice0 access done @clk      366223
slice1 access done  @clk      366223
slice2 access done  @clk      366223
slice3 access done  @clk      366223
slice4 task finish  @clk      366223
slice5 task finish  @clk      366223
slice6 task finish  @clk      366223
slice7 task finish  @clk      366223
slice0 start write @clk      366224
slice1 start write  @clk      366224
slice2 start write  @clk      366224
slice3 start write  @clk      366224
slice0 write_burst finish @clk      366225
slice1 write_burst finish  @clk      366225
slice2 write_burst finish  @clk      366225
slice3 write_burst finish  @clk      366225
slice0 task finish @clk      366227
slice1 task finish  @clk      366227
slice2 task finish  @clk      366227
slice3 task finish  @clk      366227
slice12 compute config finish @clk      366868
slice13 compute config finish @clk      366868
slice14 compute config finish @clk      366868
slice15 compute config finish @clk      366868
slice12 start run  @clk      366869
slice13 start run  @clk      366869
slice14 start run  @clk      366869
slice15 start run  @clk      366869
slice8 compute config finish @clk      366872
slice9 compute config finish @clk      366872
slice10 compute config finish @clk      366872
slice11 compute config finish @clk      366872
slice8 start run  @clk      366873
slice9 start run  @clk      366873
slice10 start run  @clk      366873
slice11 start run  @clk      366873
slice4 compute config finish @clk      366876
slice5 compute config finish @clk      366876
slice6 compute config finish @clk      366876
slice7 compute config finish @clk      366876
slice4 start run  @clk      366877
slice5 start run  @clk      366877
slice6 start run  @clk      366877
slice7 start run  @clk      366877
slice0 compute config finish @clk      366880
slice1 compute config finish @clk      366880
slice2 compute config finish @clk      366880
slice3 compute config finish @clk      366880
slice0 start run @clk      366881
slice1 start run  @clk      366881
slice2 start run  @clk      366881
slice3 start run  @clk      366881
slice12 start prefetch  @clk      366935
slice13 start prefetch  @clk      366935
slice14 start prefetch  @clk      366935
slice15 start prefetch  @clk      366935
slice8 start prefetch  @clk      366939
slice9 start prefetch  @clk      366939
slice10 start prefetch  @clk      366939
slice11 start prefetch  @clk      366939
slice12 prefetch finish  @clk      366942
slice13 prefetch finish  @clk      366942
slice14 prefetch finish  @clk      366942
slice15 prefetch finish  @clk      366942
slice4 start prefetch  @clk      366943
slice5 start prefetch  @clk      366943
slice6 start prefetch  @clk      366943
slice7 start prefetch  @clk      366943
slice8 prefetch finish  @clk      366946
slice9 prefetch finish  @clk      366946
slice10 prefetch finish  @clk      366946
slice11 prefetch finish  @clk      366946
slice0 start prefetch @clk      366947
slice1 start prefetch  @clk      366947
slice2 start prefetch  @clk      366947
slice3 start prefetch  @clk      366947
slice4 prefetch finish  @clk      366950
slice5 prefetch finish  @clk      366950
slice6 prefetch finish  @clk      366950
slice7 prefetch finish  @clk      366950
slice0 prefetch finish @clk      366954
slice1 prefetch finish  @clk      366954
slice2 prefetch finish  @clk      366954
slice3 prefetch finish  @clk      366954
slice12 access done  @clk      367397
slice13 access done  @clk      367397
slice14 access done  @clk      367397
slice15 access done  @clk      367397
slice12 start write  @clk      367398
slice13 start write  @clk      367398
slice14 start write  @clk      367398
slice15 start write  @clk      367398
slice12 write_burst finish  @clk      367399
slice13 write_burst finish  @clk      367399
slice14 write_burst finish  @clk      367399
slice15 write_burst finish  @clk      367399
slice8 access done  @clk      367401
slice9 access done  @clk      367401
slice10 access done  @clk      367401
slice11 access done  @clk      367401
slice12 task finish  @clk      367401
slice13 task finish  @clk      367401
slice14 task finish  @clk      367401
slice15 task finish  @clk      367401
slice8 start write  @clk      367402
slice9 start write  @clk      367402
slice10 start write  @clk      367402
slice11 start write  @clk      367402
slice8 write_burst finish  @clk      367403
slice9 write_burst finish  @clk      367403
slice10 write_burst finish  @clk      367403
slice11 write_burst finish  @clk      367403
slice4 access done  @clk      367405
slice5 access done  @clk      367405
slice6 access done  @clk      367405
slice7 access done  @clk      367405
slice8 task finish  @clk      367405
slice9 task finish  @clk      367405
slice10 task finish  @clk      367405
slice11 task finish  @clk      367405
slice4 start write  @clk      367406
slice5 start write  @clk      367406
slice6 start write  @clk      367406
slice7 start write  @clk      367406
slice4 write_burst finish  @clk      367407
slice5 write_burst finish  @clk      367407
slice6 write_burst finish  @clk      367407
slice7 write_burst finish  @clk      367407
slice0 access done @clk      367409
slice1 access done  @clk      367409
slice2 access done  @clk      367409
slice3 access done  @clk      367409
slice4 task finish  @clk      367409
slice5 task finish  @clk      367409
slice6 task finish  @clk      367409
slice7 task finish  @clk      367409
slice0 start write @clk      367410
slice1 start write  @clk      367410
slice2 start write  @clk      367410
slice3 start write  @clk      367410
slice0 write_burst finish @clk      367411
slice1 write_burst finish  @clk      367411
slice2 write_burst finish  @clk      367411
slice3 write_burst finish  @clk      367411
slice0 task finish @clk      367413
slice1 task finish  @clk      367413
slice2 task finish  @clk      367413
slice3 task finish  @clk      367413
slice12 compute config finish @clk      367897
slice13 compute config finish @clk      367897
slice14 compute config finish @clk      367897
slice15 compute config finish @clk      367897
slice12 start run  @clk      367898
slice13 start run  @clk      367898
slice14 start run  @clk      367898
slice15 start run  @clk      367898
slice8 compute config finish @clk      367901
slice9 compute config finish @clk      367901
slice10 compute config finish @clk      367901
slice11 compute config finish @clk      367901
slice8 start run  @clk      367902
slice9 start run  @clk      367902
slice10 start run  @clk      367902
slice11 start run  @clk      367902
slice4 compute config finish @clk      367905
slice5 compute config finish @clk      367905
slice6 compute config finish @clk      367905
slice7 compute config finish @clk      367905
slice4 start run  @clk      367906
slice5 start run  @clk      367906
slice6 start run  @clk      367906
slice7 start run  @clk      367906
slice0 compute config finish @clk      367909
slice1 compute config finish @clk      367909
slice2 compute config finish @clk      367909
slice3 compute config finish @clk      367909
slice0 start run @clk      367910
slice1 start run  @clk      367910
slice2 start run  @clk      367910
slice3 start run  @clk      367910
slice12 access done  @clk      367922
slice13 access done  @clk      367922
slice14 access done  @clk      367922
slice15 access done  @clk      367922
slice12 start write  @clk      367923
slice13 start write  @clk      367923
slice14 start write  @clk      367923
slice15 start write  @clk      367923
slice12 write_burst finish  @clk      367924
slice13 write_burst finish  @clk      367924
slice14 write_burst finish  @clk      367924
slice15 write_burst finish  @clk      367924
slice8 access done  @clk      367926
slice9 access done  @clk      367926
slice10 access done  @clk      367926
slice11 access done  @clk      367926
slice12 task finish  @clk      367926
slice13 task finish  @clk      367926
slice14 task finish  @clk      367926
slice15 task finish  @clk      367926
slice8 start write  @clk      367927
slice9 start write  @clk      367927
slice10 start write  @clk      367927
slice11 start write  @clk      367927
slice8 write_burst finish  @clk      367928
slice9 write_burst finish  @clk      367928
slice10 write_burst finish  @clk      367928
slice11 write_burst finish  @clk      367928
slice4 access done  @clk      367930
slice5 access done  @clk      367930
slice6 access done  @clk      367930
slice7 access done  @clk      367930
slice8 task finish  @clk      367930
slice9 task finish  @clk      367930
slice10 task finish  @clk      367930
slice11 task finish  @clk      367930
slice4 start write  @clk      367931
slice5 start write  @clk      367931
slice6 start write  @clk      367931
slice7 start write  @clk      367931
slice4 write_burst finish  @clk      367932
slice5 write_burst finish  @clk      367932
slice6 write_burst finish  @clk      367932
slice7 write_burst finish  @clk      367932
slice0 access done @clk      367934
slice1 access done  @clk      367934
slice2 access done  @clk      367934
slice3 access done  @clk      367934
slice4 task finish  @clk      367934
slice5 task finish  @clk      367934
slice6 task finish  @clk      367934
slice7 task finish  @clk      367934
slice0 start write @clk      367935
slice1 start write  @clk      367935
slice2 start write  @clk      367935
slice3 start write  @clk      367935
slice0 write_burst finish @clk      367936
slice1 write_burst finish  @clk      367936
slice2 write_burst finish  @clk      367936
slice3 write_burst finish  @clk      367936
slice0 task finish @clk      367938
slice1 task finish  @clk      367938
slice2 task finish  @clk      367938
slice3 task finish  @clk      367938
slice12 start prefetch  @clk      367964
slice13 start prefetch  @clk      367964
slice14 start prefetch  @clk      367964
slice15 start prefetch  @clk      367964
slice8 start prefetch  @clk      367968
slice9 start prefetch  @clk      367968
slice10 start prefetch  @clk      367968
slice11 start prefetch  @clk      367968
slice12 prefetch finish  @clk      367971
slice13 prefetch finish  @clk      367971
slice14 prefetch finish  @clk      367971
slice15 prefetch finish  @clk      367971
slice4 start prefetch  @clk      367972
slice5 start prefetch  @clk      367972
slice6 start prefetch  @clk      367972
slice7 start prefetch  @clk      367972
slice8 prefetch finish  @clk      367975
slice9 prefetch finish  @clk      367975
slice10 prefetch finish  @clk      367975
slice11 prefetch finish  @clk      367975
slice0 start prefetch @clk      367976
slice1 start prefetch  @clk      367976
slice2 start prefetch  @clk      367976
slice3 start prefetch  @clk      367976
slice4 prefetch finish  @clk      367979
slice5 prefetch finish  @clk      367979
slice6 prefetch finish  @clk      367979
slice7 prefetch finish  @clk      367979
slice0 prefetch finish @clk      367983
slice1 prefetch finish  @clk      367983
slice2 prefetch finish  @clk      367983
slice3 prefetch finish  @clk      367983
slice12 compute config finish @clk      368462
slice13 compute config finish @clk      368462
slice14 compute config finish @clk      368462
slice15 compute config finish @clk      368462
slice12 start run  @clk      368463
slice13 start run  @clk      368463
slice14 start run  @clk      368463
slice15 start run  @clk      368463
slice8 compute config finish @clk      368466
slice9 compute config finish @clk      368466
slice10 compute config finish @clk      368466
slice11 compute config finish @clk      368466
slice8 start run  @clk      368467
slice9 start run  @clk      368467
slice10 start run  @clk      368467
slice11 start run  @clk      368467
slice4 compute config finish @clk      368470
slice5 compute config finish @clk      368470
slice6 compute config finish @clk      368470
slice7 compute config finish @clk      368470
slice4 start run  @clk      368471
slice5 start run  @clk      368471
slice6 start run  @clk      368471
slice7 start run  @clk      368471
slice0 compute config finish @clk      368474
slice1 compute config finish @clk      368474
slice2 compute config finish @clk      368474
slice3 compute config finish @clk      368474
slice0 start run @clk      368475
slice1 start run  @clk      368475
slice2 start run  @clk      368475
slice3 start run  @clk      368475
slice12 access done  @clk      368487
slice13 access done  @clk      368487
slice14 access done  @clk      368487
slice15 access done  @clk      368487
slice12 start write  @clk      368488
slice13 start write  @clk      368488
slice14 start write  @clk      368488
slice15 start write  @clk      368488
slice12 write_burst finish  @clk      368489
slice13 write_burst finish  @clk      368489
slice14 write_burst finish  @clk      368489
slice15 write_burst finish  @clk      368489
slice8 access done  @clk      368491
slice9 access done  @clk      368491
slice10 access done  @clk      368491
slice11 access done  @clk      368491
slice12 task finish  @clk      368491
slice13 task finish  @clk      368491
slice14 task finish  @clk      368491
slice15 task finish  @clk      368491
slice8 start write  @clk      368492
slice9 start write  @clk      368492
slice10 start write  @clk      368492
slice11 start write  @clk      368492
slice8 write_burst finish  @clk      368493
slice9 write_burst finish  @clk      368493
slice10 write_burst finish  @clk      368493
slice11 write_burst finish  @clk      368493
slice4 access done  @clk      368495
slice5 access done  @clk      368495
slice6 access done  @clk      368495
slice7 access done  @clk      368495
slice8 task finish  @clk      368495
slice9 task finish  @clk      368495
slice10 task finish  @clk      368495
slice11 task finish  @clk      368495
slice4 start write  @clk      368496
slice5 start write  @clk      368496
slice6 start write  @clk      368496
slice7 start write  @clk      368496
slice4 write_burst finish  @clk      368497
slice5 write_burst finish  @clk      368497
slice6 write_burst finish  @clk      368497
slice7 write_burst finish  @clk      368497
slice0 access done @clk      368499
slice1 access done  @clk      368499
slice2 access done  @clk      368499
slice3 access done  @clk      368499
slice4 task finish  @clk      368499
slice5 task finish  @clk      368499
slice6 task finish  @clk      368499
slice7 task finish  @clk      368499
slice0 start write @clk      368500
slice1 start write  @clk      368500
slice2 start write  @clk      368500
slice3 start write  @clk      368500
slice0 write_burst finish @clk      368501
slice1 write_burst finish  @clk      368501
slice2 write_burst finish  @clk      368501
slice3 write_burst finish  @clk      368501
slice0 task finish @clk      368503
slice1 task finish  @clk      368503
slice2 task finish  @clk      368503
slice3 task finish  @clk      368503
slice12 start prefetch  @clk      368540
slice13 start prefetch  @clk      368540
slice14 start prefetch  @clk      368540
slice15 start prefetch  @clk      368540
slice8 start prefetch  @clk      368544
slice9 start prefetch  @clk      368544
slice10 start prefetch  @clk      368544
slice11 start prefetch  @clk      368544
slice12 prefetch finish  @clk      368547
slice13 prefetch finish  @clk      368547
slice14 prefetch finish  @clk      368547
slice15 prefetch finish  @clk      368547
slice4 start prefetch  @clk      368548
slice5 start prefetch  @clk      368548
slice6 start prefetch  @clk      368548
slice7 start prefetch  @clk      368548
slice8 prefetch finish  @clk      368551
slice9 prefetch finish  @clk      368551
slice10 prefetch finish  @clk      368551
slice11 prefetch finish  @clk      368551
slice0 start prefetch @clk      368552
slice1 start prefetch  @clk      368552
slice2 start prefetch  @clk      368552
slice3 start prefetch  @clk      368552
slice4 prefetch finish  @clk      368555
slice5 prefetch finish  @clk      368555
slice6 prefetch finish  @clk      368555
slice7 prefetch finish  @clk      368555
slice0 prefetch finish @clk      368559
slice1 prefetch finish  @clk      368559
slice2 prefetch finish  @clk      368559
slice3 prefetch finish  @clk      368559
slice12 compute config finish @clk      369065
slice13 compute config finish @clk      369065
slice14 compute config finish @clk      369065
slice15 compute config finish @clk      369065
slice12 start run  @clk      369066
slice13 start run  @clk      369066
slice14 start run  @clk      369066
slice15 start run  @clk      369066
slice8 compute config finish @clk      369069
slice9 compute config finish @clk      369069
slice10 compute config finish @clk      369069
slice11 compute config finish @clk      369069
slice8 start run  @clk      369070
slice9 start run  @clk      369070
slice10 start run  @clk      369070
slice11 start run  @clk      369070
slice4 compute config finish @clk      369073
slice5 compute config finish @clk      369073
slice6 compute config finish @clk      369073
slice7 compute config finish @clk      369073
slice4 start run  @clk      369074
slice5 start run  @clk      369074
slice6 start run  @clk      369074
slice7 start run  @clk      369074
slice0 compute config finish @clk      369077
slice1 compute config finish @clk      369077
slice2 compute config finish @clk      369077
slice3 compute config finish @clk      369077
slice0 start run @clk      369078
slice1 start run  @clk      369078
slice2 start run  @clk      369078
slice3 start run  @clk      369078
slice12 start prefetch  @clk      369202
slice13 start prefetch  @clk      369202
slice14 start prefetch  @clk      369202
slice15 start prefetch  @clk      369202
slice8 start prefetch  @clk      369206
slice9 start prefetch  @clk      369206
slice10 start prefetch  @clk      369206
slice11 start prefetch  @clk      369206
slice12 prefetch finish  @clk      369209
slice13 prefetch finish  @clk      369209
slice14 prefetch finish  @clk      369209
slice15 prefetch finish  @clk      369209
slice4 start prefetch  @clk      369210
slice5 start prefetch  @clk      369210
slice6 start prefetch  @clk      369210
slice7 start prefetch  @clk      369210
slice8 prefetch finish  @clk      369213
slice9 prefetch finish  @clk      369213
slice10 prefetch finish  @clk      369213
slice11 prefetch finish  @clk      369213
slice0 start prefetch @clk      369214
slice1 start prefetch  @clk      369214
slice2 start prefetch  @clk      369214
slice3 start prefetch  @clk      369214
slice4 prefetch finish  @clk      369217
slice5 prefetch finish  @clk      369217
slice6 prefetch finish  @clk      369217
slice7 prefetch finish  @clk      369217
slice0 prefetch finish @clk      369221
slice1 prefetch finish  @clk      369221
slice2 prefetch finish  @clk      369221
slice3 prefetch finish  @clk      369221
slice12 access done  @clk      371126
slice13 access done  @clk      371126
slice14 access done  @clk      371126
slice15 access done  @clk      371126
slice12 start write  @clk      371127
slice13 start write  @clk      371127
slice14 start write  @clk      371127
slice15 start write  @clk      371127
slice8 access done  @clk      371130
slice9 access done  @clk      371130
slice10 access done  @clk      371130
slice11 access done  @clk      371130
slice8 start write  @clk      371131
slice9 start write  @clk      371131
slice10 start write  @clk      371131
slice11 start write  @clk      371131
slice4 access done  @clk      371134
slice5 access done  @clk      371134
slice6 access done  @clk      371134
slice7 access done  @clk      371134
slice4 start write  @clk      371135
slice5 start write  @clk      371135
slice6 start write  @clk      371135
slice7 start write  @clk      371135
slice0 access done @clk      371138
slice1 access done  @clk      371138
slice2 access done  @clk      371138
slice3 access done  @clk      371138
slice0 start write @clk      371139
slice1 start write  @clk      371139
slice2 start write  @clk      371139
slice3 start write  @clk      371139
slice12 compute config finish @clk      371653
slice13 compute config finish @clk      371653
slice14 compute config finish @clk      371653
slice15 compute config finish @clk      371653
slice8 compute config finish @clk      371657
slice9 compute config finish @clk      371657
slice10 compute config finish @clk      371657
slice11 compute config finish @clk      371657
slice4 compute config finish @clk      371661
slice5 compute config finish @clk      371661
slice6 compute config finish @clk      371661
slice7 compute config finish @clk      371661
slice0 compute config finish @clk      371665
slice1 compute config finish @clk      371665
slice2 compute config finish @clk      371665
slice3 compute config finish @clk      371665
slice12 write_burst finish  @clk      415728
slice12 task finish  @clk      415730
slice12 start run  @clk      415746
slice13 write_burst finish  @clk      415750
slice13 task finish  @clk      415752
slice13 start run  @clk      415763
slice14 write_burst finish  @clk      415772
slice14 task finish  @clk      415774
slice14 start run  @clk      415780
slice15 write_burst finish  @clk      415794
slice15 task finish  @clk      415796
slice15 start run  @clk      415797
slice4 write_burst finish  @clk      415904
slice4 task finish  @clk      415906
slice4 start run  @clk      415914
slice5 write_burst finish  @clk      415926
slice5 task finish  @clk      415928
slice5 start run  @clk      415931
slice6 write_burst finish  @clk      415948
slice6 task finish  @clk      415950
slice6 start run  @clk      415964
slice7 write_burst finish  @clk      415970
slice7 task finish  @clk      415972
slice7 start run  @clk      415981
slice8 write_burst finish  @clk      415992
slice8 task finish  @clk      415994
slice8 start run  @clk      415998
slice9 write_burst finish  @clk      416014
slice9 task finish  @clk      416016
slice9 start run  @clk      416031
slice10 write_burst finish  @clk      416036
slice10 task finish  @clk      416038
slice10 start run  @clk      416048
slice11 write_burst finish  @clk      416058
slice11 task finish  @clk      416060
slice11 start run  @clk      416065
slice0 write_burst finish @clk      416080
slice0 task finish @clk      416082
slice0 start run @clk      416086
slice1 write_burst finish  @clk      416102
slice1 task finish  @clk      416104
slice1 start run  @clk      416119
slice2 write_burst finish  @clk      416124
slice2 task finish  @clk      416126
slice2 start run  @clk      416136
slice3 write_burst finish  @clk      416146
slice3 task finish  @clk      416148
slice3 start run  @clk      416153
slice12 access done  @clk      417806
slice12 start write  @clk      417807
slice13 access done  @clk      417823
slice13 start write  @clk      417824
slice14 access done  @clk      417840
slice14 start write  @clk      417841
slice15 access done  @clk      417857
slice15 start write  @clk      417858
slice4 access done  @clk      417974
slice4 start write  @clk      417975
slice5 access done  @clk      417991
slice5 start write  @clk      417992
slice6 access done  @clk      418024
slice6 start write  @clk      418025
slice7 access done  @clk      418041
slice7 start write  @clk      418042
slice8 access done  @clk      418058
slice8 start write  @clk      418059
slice9 access done  @clk      418091
slice9 start write  @clk      418092
slice10 access done  @clk      418108
slice10 start write  @clk      418109
slice11 access done  @clk      418125
slice11 start write  @clk      418126
slice0 access done @clk      418146
slice0 start write @clk      418147
slice1 access done  @clk      418179
slice1 start write  @clk      418180
slice2 access done  @clk      418196
slice2 start write  @clk      418197
slice3 access done  @clk      418213
slice3 start write  @clk      418214
slice12 write_burst finish  @clk      461308
slice12 task finish  @clk      461310
slice13 write_burst finish  @clk      461660
slice13 task finish  @clk      461662
slice14 write_burst finish  @clk      461682
slice14 task finish  @clk      461684
slice15 write_burst finish  @clk      461990
slice15 task finish  @clk      461992
slice4 write_burst finish  @clk      462364
slice4 task finish  @clk      462366
slice5 write_burst finish  @clk      462386
slice5 task finish  @clk      462388
slice6 write_burst finish  @clk      462628
slice6 task finish  @clk      462630
slice7 write_burst finish  @clk      462650
slice7 task finish  @clk      462652
slice8 write_burst finish  @clk      462672
slice8 task finish  @clk      462674
slice9 write_burst finish  @clk      462694
slice9 task finish  @clk      462696
slice10 write_burst finish  @clk      462716
slice10 task finish  @clk      462718
slice11 write_burst finish  @clk      462738
slice11 task finish  @clk      462740
slice0 write_burst finish @clk      462760
slice0 task finish @clk      462762
slice1 write_burst finish  @clk      462782
slice1 task finish  @clk      462784
slice2 write_burst finish  @clk      462804
slice2 task finish  @clk      462806
slice3 write_burst finish  @clk      462826
slice3 task finish  @clk      462828
