slice12 start prefetch  @clk     1024197
slice13 start prefetch  @clk     1024197
slice14 start prefetch  @clk     1024197
slice15 start prefetch  @clk     1024197
slice8 start prefetch  @clk     1024199
slice9 start prefetch  @clk     1024199
slice10 start prefetch  @clk     1024199
slice11 start prefetch  @clk     1024199
slice4 start prefetch  @clk     1024201
slice5 start prefetch  @clk     1024201
slice6 start prefetch  @clk     1024201
slice7 start prefetch  @clk     1024201
slice0 start prefetch @clk     1024203
slice1 start prefetch  @clk     1024203
slice2 start prefetch  @clk     1024203
slice3 start prefetch  @clk     1024203
slice12 compute config finish @clk     1042652
slice13 compute config finish @clk     1042652
slice14 compute config finish @clk     1042652
slice15 compute config finish @clk     1042652
slice8 compute config finish @clk     1042654
slice9 compute config finish @clk     1042654
slice10 compute config finish @clk     1042654
slice11 compute config finish @clk     1042654
slice4 compute config finish @clk     1042656
slice5 compute config finish @clk     1042656
slice6 compute config finish @clk     1042656
slice7 compute config finish @clk     1042656
slice0 compute config finish @clk     1042658
slice1 compute config finish @clk     1042658
slice2 compute config finish @clk     1042658
slice3 compute config finish @clk     1042658
slice0 prefetch finish @clk     1058843
slice0 start run @clk     1058844
slice1 prefetch finish  @clk     1058893
slice1 start run  @clk     1058894
slice2 prefetch finish  @clk     1058899
slice2 start run  @clk     1058900
slice3 prefetch finish  @clk     1058901
slice3 start run  @clk     1058902
slice0 start prefetch @clk     1058914
slice1 start prefetch  @clk     1058964
slice2 start prefetch  @clk     1058970
slice3 start prefetch  @clk     1058972
slice0 access done @clk     1061769
slice0 start write @clk     1061770
slice1 access done  @clk     1061819
slice1 start write  @clk     1061820
slice2 access done  @clk     1061825
slice2 start write  @clk     1061826
slice3 access done  @clk     1061827
slice3 start write  @clk     1061828
slice0 compute config finish @clk     1062665
slice1 compute config finish @clk     1062715
slice2 compute config finish @clk     1062721
slice3 compute config finish @clk     1062723
slice12 prefetch finish  @clk     1092605
slice12 start run  @clk     1092606
slice13 prefetch finish  @clk     1092607
slice13 start run  @clk     1092608
slice14 prefetch finish  @clk     1092613
slice14 start run  @clk     1092614
slice15 prefetch finish  @clk     1092615
slice15 start run  @clk     1092616
slice12 start prefetch  @clk     1092676
slice13 start prefetch  @clk     1092678
slice4 prefetch finish  @clk     1092683
slice14 start prefetch  @clk     1092684
slice4 start run  @clk     1092684
slice5 prefetch finish  @clk     1092685
slice15 start prefetch  @clk     1092686
slice5 start run  @clk     1092686
slice6 prefetch finish  @clk     1092691
slice6 start run  @clk     1092692
slice7 prefetch finish  @clk     1092693
slice7 start run  @clk     1092694
slice8 prefetch finish  @clk     1092701
slice8 start run  @clk     1092702
slice9 prefetch finish  @clk     1092703
slice9 start run  @clk     1092704
slice10 prefetch finish  @clk     1092709
slice10 start run  @clk     1092710
slice11 prefetch finish  @clk     1092711
slice11 start run  @clk     1092712
slice4 start prefetch  @clk     1092754
slice5 start prefetch  @clk     1092756
slice6 start prefetch  @clk     1092762
slice7 start prefetch  @clk     1092764
slice8 start prefetch  @clk     1092772
slice9 start prefetch  @clk     1092774
slice10 start prefetch  @clk     1092780
slice11 start prefetch  @clk     1092782
slice12 access done  @clk     1097710
slice12 start write  @clk     1097711
slice13 access done  @clk     1097712
slice13 start write  @clk     1097713
slice14 access done  @clk     1097718
slice14 start write  @clk     1097719
slice15 access done  @clk     1097720
slice15 start write  @clk     1097721
slice4 access done  @clk     1097788
slice4 start write  @clk     1097789
slice5 access done  @clk     1097790
slice5 start write  @clk     1097791
slice6 access done  @clk     1097796
slice6 start write  @clk     1097797
slice7 access done  @clk     1097798
slice7 start write  @clk     1097799
slice8 access done  @clk     1097806
slice8 start write  @clk     1097807
slice9 access done  @clk     1097808
slice9 start write  @clk     1097809
slice10 access done  @clk     1097814
slice10 start write  @clk     1097815
slice11 access done  @clk     1097816
slice11 start write  @clk     1097817
slice12 compute config finish @clk     1098606
slice13 compute config finish @clk     1098608
slice14 compute config finish @clk     1098614
slice15 compute config finish @clk     1098616
slice4 compute config finish @clk     1098684
slice5 compute config finish @clk     1098686
slice6 compute config finish @clk     1098692
slice7 compute config finish @clk     1098694
slice8 compute config finish @clk     1098702
slice9 compute config finish @clk     1098704
slice10 compute config finish @clk     1098710
slice11 compute config finish @clk     1098712
slice0 prefetch finish @clk     1098771
slice1 prefetch finish  @clk     1098773
slice2 prefetch finish  @clk     1098779
slice3 prefetch finish  @clk     1098781
slice0 write_burst finish @clk     1113531
slice0 task finish @clk     1113533
slice1 write_burst finish  @clk     1113534
slice1 task finish  @clk     1113536
slice2 write_burst finish  @clk     1113537
slice2 task finish  @clk     1113539
slice3 write_burst finish  @clk     1113540
slice0 start run @clk     1113542
slice3 task finish  @clk     1113542
slice1 start run  @clk     1113543
slice2 start run  @clk     1113544
slice3 start run  @clk     1113545
slice0 access done @clk     1116470
slice1 access done  @clk     1116471
slice0 start write @clk     1116471
slice2 access done  @clk     1116472
slice1 start write  @clk     1116472
slice3 access done  @clk     1116473
slice2 start write  @clk     1116473
slice3 start write  @clk     1116474
slice0 write_burst finish @clk     1135109
slice0 task finish @clk     1135111
slice1 write_burst finish  @clk     1135112
slice1 task finish  @clk     1135114
slice2 write_burst finish  @clk     1135115
slice2 task finish  @clk     1135117
slice3 write_burst finish  @clk     1135118
slice3 task finish  @clk     1135120
slice12 prefetch finish  @clk     1146937
slice13 prefetch finish  @clk     1146939
slice14 prefetch finish  @clk     1146945
slice15 prefetch finish  @clk     1146947
slice4 prefetch finish  @clk     1147097
slice5 prefetch finish  @clk     1147099
slice6 prefetch finish  @clk     1147105
slice7 prefetch finish  @clk     1147107
slice8 prefetch finish  @clk     1147113
slice9 prefetch finish  @clk     1147115
slice10 prefetch finish  @clk     1147121
slice11 prefetch finish  @clk     1147123
slice12 write_burst finish  @clk     1174953
slice12 task finish  @clk     1174955
slice13 write_burst finish  @clk     1174957
slice13 task finish  @clk     1174959
slice12 start run  @clk     1174962
slice13 start run  @clk     1174963
slice14 write_burst finish  @clk     1174979
slice14 task finish  @clk     1174981
slice14 start run  @clk     1174996
slice15 write_burst finish  @clk     1175057
slice15 task finish  @clk     1175059
slice15 start run  @clk     1175061
slice4 write_burst finish  @clk     1175419
slice4 task finish  @clk     1175421
slice5 write_burst finish  @clk     1175423
slice5 task finish  @clk     1175425
slice6 write_burst finish  @clk     1175427
slice6 task finish  @clk     1175429
slice7 write_burst finish  @clk     1175431
slice8 write_burst finish  @clk     1175432
slice7 task finish  @clk     1175433
slice4 start run  @clk     1175434
slice8 task finish  @clk     1175434
slice5 start run  @clk     1175435
slice6 start run  @clk     1175436
slice7 start run  @clk     1175437
slice8 start run  @clk     1175438
slice9 write_burst finish  @clk     1175455
slice9 task finish  @clk     1175457
slice10 write_burst finish  @clk     1175459
slice10 task finish  @clk     1175461
slice11 write_burst finish  @clk     1175463
slice11 task finish  @clk     1175465
slice9 start run  @clk     1175471
slice10 start run  @clk     1175472
slice11 start run  @clk     1175473
slice12 start prefetch  @clk     1175751
slice13 start prefetch  @clk     1175751
slice14 start prefetch  @clk     1175751
slice15 start prefetch  @clk     1175751
slice8 start prefetch  @clk     1175753
slice9 start prefetch  @clk     1175753
slice10 start prefetch  @clk     1175753
slice11 start prefetch  @clk     1175753
slice4 start prefetch  @clk     1175755
slice5 start prefetch  @clk     1175755
slice6 start prefetch  @clk     1175755
slice7 start prefetch  @clk     1175755
slice0 start prefetch @clk     1175757
slice1 start prefetch  @clk     1175757
slice2 start prefetch  @clk     1175757
slice3 start prefetch  @clk     1175757
slice12 access done  @clk     1180069
slice13 access done  @clk     1180070
slice12 start write  @clk     1180070
slice13 start write  @clk     1180071
slice14 access done  @clk     1180103
slice14 start write  @clk     1180104
slice15 access done  @clk     1180168
slice15 start write  @clk     1180169
slice4 access done  @clk     1180541
slice5 access done  @clk     1180542
slice4 start write  @clk     1180542
slice6 access done  @clk     1180543
slice5 start write  @clk     1180543
slice7 access done  @clk     1180544
slice6 start write  @clk     1180544
slice8 access done  @clk     1180545
slice7 start write  @clk     1180545
slice8 start write  @clk     1180546
slice9 access done  @clk     1180578
slice10 access done  @clk     1180579
slice9 start write  @clk     1180579
slice11 access done  @clk     1180580
slice10 start write  @clk     1180580
slice11 start write  @clk     1180581
slice12 compute config finish @clk     1182940
slice13 compute config finish @clk     1182940
slice14 compute config finish @clk     1182940
slice15 compute config finish @clk     1182940
slice8 compute config finish @clk     1182946
slice9 compute config finish @clk     1182946
slice10 compute config finish @clk     1182946
slice11 compute config finish @clk     1182946
slice4 compute config finish @clk     1182948
slice5 compute config finish @clk     1182948
slice6 compute config finish @clk     1182948
slice7 compute config finish @clk     1182948
slice0 compute config finish @clk     1182950
slice1 compute config finish @clk     1182950
slice2 compute config finish @clk     1182950
slice3 compute config finish @clk     1182950
slice0 prefetch finish @clk     1204833
slice0 start run @clk     1204834
slice1 prefetch finish  @clk     1204835
slice1 start run  @clk     1204836
slice2 prefetch finish  @clk     1204841
slice2 start run  @clk     1204842
slice3 prefetch finish  @clk     1204843
slice3 start run  @clk     1204844
slice0 access done @clk     1207762
slice0 start write @clk     1207763
slice1 access done  @clk     1207764
slice1 start write  @clk     1207765
slice2 access done  @clk     1207770
slice2 start write  @clk     1207771
slice3 access done  @clk     1207772
slice3 start write  @clk     1207773
slice12 prefetch finish  @clk     1225515
slice13 prefetch finish  @clk     1225517
slice14 prefetch finish  @clk     1225523
slice15 prefetch finish  @clk     1225525
slice4 prefetch finish  @clk     1225609
slice5 prefetch finish  @clk     1225611
slice6 prefetch finish  @clk     1225617
slice7 prefetch finish  @clk     1225619
slice8 prefetch finish  @clk     1225739
slice9 prefetch finish  @clk     1225741
slice10 prefetch finish  @clk     1225747
slice11 prefetch finish  @clk     1225749
slice0 write_burst finish @clk     1228195
slice0 task finish @clk     1228197
slice1 write_burst finish  @clk     1228199
slice1 task finish  @clk     1228201
slice2 write_burst finish  @clk     1228221
slice2 task finish  @clk     1228223
slice3 write_burst finish  @clk     1228331
slice3 task finish  @clk     1228333
slice12 write_burst finish  @clk     1254617
slice12 task finish  @clk     1254619
slice12 start run  @clk     1254626
slice13 write_burst finish  @clk     1254639
slice13 task finish  @clk     1254641
slice13 start run  @clk     1254643
slice14 write_burst finish  @clk     1254643
slice14 task finish  @clk     1254645
slice15 write_burst finish  @clk     1254647
slice15 task finish  @clk     1254649
slice14 start run  @clk     1254660
slice15 start run  @clk     1254661
slice4 write_burst finish  @clk     1254718
slice4 task finish  @clk     1254720
slice4 start run  @clk     1254730
slice5 write_burst finish  @clk     1254741
slice5 task finish  @clk     1254743
slice6 write_burst finish  @clk     1254745
slice5 start run  @clk     1254747
slice6 task finish  @clk     1254747
slice6 start run  @clk     1254748
slice7 write_burst finish  @clk     1254749
slice7 task finish  @clk     1254751
slice7 start run  @clk     1254765
slice8 write_burst finish  @clk     1254786
slice8 task finish  @clk     1254788
slice8 start run  @clk     1254798
slice9 write_burst finish  @clk     1254809
slice9 task finish  @clk     1254811
slice10 write_burst finish  @clk     1254813
slice9 start run  @clk     1254815
slice10 task finish  @clk     1254815
slice10 start run  @clk     1254816
slice11 write_burst finish  @clk     1254817
slice11 task finish  @clk     1254819
slice11 start run  @clk     1254833
slice12 start prefetch  @clk     1255361
slice13 start prefetch  @clk     1255361
slice14 start prefetch  @clk     1255361
slice15 start prefetch  @clk     1255361
slice8 start prefetch  @clk     1255363
slice9 start prefetch  @clk     1255363
slice10 start prefetch  @clk     1255363
slice11 start prefetch  @clk     1255363
slice4 start prefetch  @clk     1255365
slice5 start prefetch  @clk     1255365
slice6 start prefetch  @clk     1255365
slice7 start prefetch  @clk     1255365
slice0 start prefetch @clk     1255367
slice1 start prefetch  @clk     1255367
slice2 start prefetch  @clk     1255367
slice3 start prefetch  @clk     1255367
slice12 access done  @clk     1259733
slice12 start write  @clk     1259734
slice13 access done  @clk     1259750
slice13 start write  @clk     1259751
slice14 access done  @clk     1259767
slice15 access done  @clk     1259768
slice14 start write  @clk     1259768
slice15 start write  @clk     1259769
slice4 access done  @clk     1259837
slice4 start write  @clk     1259838
slice5 access done  @clk     1259854
slice6 access done  @clk     1259855
slice5 start write  @clk     1259855
slice6 start write  @clk     1259856
slice7 access done  @clk     1259872
slice7 start write  @clk     1259873
slice8 access done  @clk     1259905
slice8 start write  @clk     1259906
slice9 access done  @clk     1259922
slice10 access done  @clk     1259923
slice9 start write  @clk     1259923
slice10 start write  @clk     1259924
slice11 access done  @clk     1259940
slice11 start write  @clk     1259941
slice12 compute config finish @clk     1262408
slice13 compute config finish @clk     1262408
slice14 compute config finish @clk     1262408
slice15 compute config finish @clk     1262408
slice8 compute config finish @clk     1262410
slice9 compute config finish @clk     1262410
slice10 compute config finish @clk     1262410
slice11 compute config finish @clk     1262410
slice4 compute config finish @clk     1262412
slice5 compute config finish @clk     1262412
slice6 compute config finish @clk     1262412
slice7 compute config finish @clk     1262412
slice0 compute config finish @clk     1262414
slice1 compute config finish @clk     1262414
slice2 compute config finish @clk     1262414
slice3 compute config finish @clk     1262414
slice0 prefetch finish @clk     1287239
slice0 start run @clk     1287240
slice1 prefetch finish  @clk     1287245
slice1 start run  @clk     1287246
slice2 prefetch finish  @clk     1287251
slice2 start run  @clk     1287252
slice3 prefetch finish  @clk     1287253
slice3 start run  @clk     1287254
slice0 access done @clk     1290168
slice0 start write @clk     1290169
slice1 access done  @clk     1290174
slice1 start write  @clk     1290175
slice2 access done  @clk     1290180
slice2 start write  @clk     1290181
slice3 access done  @clk     1290182
slice3 start write  @clk     1290183
slice12 prefetch finish  @clk     1308293
slice13 prefetch finish  @clk     1308319
slice14 prefetch finish  @clk     1308325
slice15 prefetch finish  @clk     1308327
slice4 prefetch finish  @clk     1308333
slice5 prefetch finish  @clk     1308385
slice6 prefetch finish  @clk     1308391
slice7 prefetch finish  @clk     1308393
slice8 prefetch finish  @clk     1308399
slice9 prefetch finish  @clk     1308485
slice10 prefetch finish  @clk     1308491
slice11 prefetch finish  @clk     1308493
slice0 write_burst finish @clk     1310991
slice0 task finish @clk     1310993
slice1 write_burst finish  @clk     1311127
slice1 task finish  @clk     1311129
slice2 write_burst finish  @clk     1311131
slice2 task finish  @clk     1311133
slice3 write_burst finish  @clk     1311135
slice3 task finish  @clk     1311137
slice12 write_burst finish  @clk     1337439
slice12 task finish  @clk     1337441
slice12 start run  @clk     1337442
slice13 write_burst finish  @clk     1337443
slice13 task finish  @clk     1337445
slice14 write_burst finish  @clk     1337447
slice14 task finish  @clk     1337449
slice15 write_burst finish  @clk     1337451
slice15 task finish  @clk     1337453
slice13 start run  @clk     1337459
slice14 start run  @clk     1337460
slice15 start run  @clk     1337461
slice4 write_burst finish  @clk     1337543
slice4 task finish  @clk     1337545
slice4 start run  @clk     1337546
slice5 write_burst finish  @clk     1337547
slice5 task finish  @clk     1337549
slice6 write_burst finish  @clk     1337551
slice7 write_burst finish  @clk     1337552
slice6 task finish  @clk     1337553
slice7 task finish  @clk     1337554
slice5 start run  @clk     1337563
slice6 start run  @clk     1337564
slice7 start run  @clk     1337565
slice8 write_burst finish  @clk     1337575
slice8 task finish  @clk     1337577
slice8 start run  @clk     1337582
slice9 write_burst finish  @clk     1337611
slice9 task finish  @clk     1337613
slice9 start run  @clk     1337615
slice10 write_burst finish  @clk     1337615
slice11 write_burst finish  @clk     1337616
slice10 task finish  @clk     1337617
slice11 task finish  @clk     1337618
slice10 start run  @clk     1337632
slice11 start run  @clk     1337633
slice12 start prefetch  @clk     1337913
slice13 start prefetch  @clk     1337913
slice14 start prefetch  @clk     1337913
slice15 start prefetch  @clk     1337913
slice8 start prefetch  @clk     1337915
slice9 start prefetch  @clk     1337915
slice10 start prefetch  @clk     1337915
slice11 start prefetch  @clk     1337915
slice4 start prefetch  @clk     1337917
slice5 start prefetch  @clk     1337917
slice6 start prefetch  @clk     1337917
slice7 start prefetch  @clk     1337917
slice0 start prefetch @clk     1337919
slice1 start prefetch  @clk     1337919
slice2 start prefetch  @clk     1337919
slice3 start prefetch  @clk     1337919
slice12 access done  @clk     1342549
slice12 start write  @clk     1342550
slice13 access done  @clk     1342566
slice14 access done  @clk     1342567
slice13 start write  @clk     1342567
slice15 access done  @clk     1342568
slice14 start write  @clk     1342568
slice15 start write  @clk     1342569
slice4 access done  @clk     1342653
slice4 start write  @clk     1342654
slice5 access done  @clk     1342670
slice6 access done  @clk     1342671
slice5 start write  @clk     1342671
slice7 access done  @clk     1342672
slice6 start write  @clk     1342672
slice7 start write  @clk     1342673
slice8 access done  @clk     1342689
slice8 start write  @clk     1342690
slice9 access done  @clk     1342722
slice9 start write  @clk     1342723
slice10 access done  @clk     1342739
slice11 access done  @clk     1342740
slice10 start write  @clk     1342740
slice11 start write  @clk     1342741
slice12 compute config finish @clk     1356610
slice13 compute config finish @clk     1356610
slice14 compute config finish @clk     1356610
slice15 compute config finish @clk     1356610
slice8 compute config finish @clk     1356612
slice9 compute config finish @clk     1356612
slice10 compute config finish @clk     1356612
slice11 compute config finish @clk     1356612
slice4 compute config finish @clk     1356614
slice5 compute config finish @clk     1356614
slice6 compute config finish @clk     1356614
slice7 compute config finish @clk     1356614
slice0 compute config finish @clk     1356616
slice1 compute config finish @clk     1356616
slice2 compute config finish @clk     1356616
slice3 compute config finish @clk     1356616
slice0 prefetch finish @clk     1372681
slice0 start run @clk     1372682
slice1 prefetch finish  @clk     1372683
slice1 start run  @clk     1372684
slice2 prefetch finish  @clk     1372689
slice2 start run  @clk     1372690
slice3 prefetch finish  @clk     1372691
slice3 start run  @clk     1372692
slice0 access done @clk     1375610
slice0 start write @clk     1375611
slice1 access done  @clk     1375612
slice1 start write  @clk     1375613
slice2 access done  @clk     1375618
slice2 start write  @clk     1375619
slice3 access done  @clk     1375620
slice3 start write  @clk     1375621
slice0 write_burst finish @clk     1394173
slice0 task finish @clk     1394175
slice1 write_burst finish  @clk     1394179
slice1 task finish  @clk     1394181
slice2 write_burst finish  @clk     1394182
slice2 task finish  @clk     1394184
slice3 write_burst finish  @clk     1394185
slice3 task finish  @clk     1394187
slice12 prefetch finish  @clk     1398565
slice13 prefetch finish  @clk     1398567
slice14 prefetch finish  @clk     1398573
slice15 prefetch finish  @clk     1398575
slice4 prefetch finish  @clk     1398613
slice5 prefetch finish  @clk     1398615
slice6 prefetch finish  @clk     1398621
slice7 prefetch finish  @clk     1398623
slice8 prefetch finish  @clk     1398643
slice9 prefetch finish  @clk     1398645
slice10 prefetch finish  @clk     1398651
slice11 prefetch finish  @clk     1398653
slice12 write_burst finish  @clk     1426741
slice12 task finish  @clk     1426743
slice12 start run  @clk     1426754
slice13 write_burst finish  @clk     1426805
slice13 task finish  @clk     1426807
slice13 start run  @clk     1426819
slice14 write_burst finish  @clk     1426843
slice14 task finish  @clk     1426845
slice15 write_burst finish  @clk     1426847
slice15 task finish  @clk     1426849
slice14 start run  @clk     1426852
slice15 start run  @clk     1426853
slice4 write_burst finish  @clk     1427041
slice4 task finish  @clk     1427043
slice5 write_burst finish  @clk     1427045
slice5 task finish  @clk     1427047
slice6 write_burst finish  @clk     1427049
slice4 start run  @clk     1427050
slice5 start run  @clk     1427051
slice6 task finish  @clk     1427051
slice6 start run  @clk     1427052
slice7 write_burst finish  @clk     1427053
slice8 write_burst finish  @clk     1427054
slice7 task finish  @clk     1427055
slice8 task finish  @clk     1427056
slice7 start run  @clk     1427069
slice8 start run  @clk     1427070
slice9 write_burst finish  @clk     1427077
slice9 task finish  @clk     1427079
slice10 write_burst finish  @clk     1427081
slice10 task finish  @clk     1427083
slice11 write_burst finish  @clk     1427085
slice9 start run  @clk     1427087
slice11 task finish  @clk     1427087
slice10 start run  @clk     1427088
slice11 start run  @clk     1427089
slice12 start prefetch  @clk     1427403
slice13 start prefetch  @clk     1427403
slice14 start prefetch  @clk     1427403
slice15 start prefetch  @clk     1427403
slice8 start prefetch  @clk     1427405
slice9 start prefetch  @clk     1427405
slice10 start prefetch  @clk     1427405
slice11 start prefetch  @clk     1427405
slice4 start prefetch  @clk     1427407
slice5 start prefetch  @clk     1427407
slice6 start prefetch  @clk     1427407
slice7 start prefetch  @clk     1427407
slice0 start prefetch @clk     1427409
slice1 start prefetch  @clk     1427409
slice2 start prefetch  @clk     1427409
slice3 start prefetch  @clk     1427409
slice12 access done  @clk     1431861
slice12 start write  @clk     1431862
slice13 access done  @clk     1431926
slice13 start write  @clk     1431927
slice14 access done  @clk     1431959
slice15 access done  @clk     1431960
slice14 start write  @clk     1431960
slice15 start write  @clk     1431961
slice4 access done  @clk     1432157
slice5 access done  @clk     1432158
slice4 start write  @clk     1432158
slice6 access done  @clk     1432159
slice5 start write  @clk     1432159
slice6 start write  @clk     1432160
slice7 access done  @clk     1432176
slice8 access done  @clk     1432177
slice7 start write  @clk     1432177
slice8 start write  @clk     1432178
slice9 access done  @clk     1432194
slice10 access done  @clk     1432195
slice9 start write  @clk     1432195
slice11 access done  @clk     1432196
slice10 start write  @clk     1432196
slice11 start write  @clk     1432197
slice12 compute config finish @clk     1445998
slice13 compute config finish @clk     1445998
slice14 compute config finish @clk     1445998
slice15 compute config finish @clk     1445998
slice8 compute config finish @clk     1446000
slice9 compute config finish @clk     1446000
slice10 compute config finish @clk     1446000
slice11 compute config finish @clk     1446000
slice4 compute config finish @clk     1446002
slice5 compute config finish @clk     1446002
slice6 compute config finish @clk     1446002
slice7 compute config finish @clk     1446002
slice0 compute config finish @clk     1446004
slice1 compute config finish @clk     1446004
slice2 compute config finish @clk     1446004
slice3 compute config finish @clk     1446004
slice0 prefetch finish @clk     1461917
slice0 start run @clk     1461918
slice1 prefetch finish  @clk     1461919
slice1 start run  @clk     1461920
slice2 prefetch finish  @clk     1461925
slice2 start run  @clk     1461926
slice3 prefetch finish  @clk     1461927
slice3 start run  @clk     1461928
slice0 access done @clk     1464846
slice0 start write @clk     1464847
slice1 access done  @clk     1464848
slice1 start write  @clk     1464849
slice2 access done  @clk     1464854
slice2 start write  @clk     1464855
slice3 access done  @clk     1464856
slice3 start write  @clk     1464857
slice0 write_burst finish @clk     1483483
slice0 task finish @clk     1483485
slice1 write_burst finish  @clk     1483486
slice1 task finish  @clk     1483488
slice2 write_burst finish  @clk     1483489
slice2 task finish  @clk     1483491
slice3 write_burst finish  @clk     1483492
slice3 task finish  @clk     1483494
slice12 prefetch finish  @clk     1488111
slice13 prefetch finish  @clk     1488113
slice14 prefetch finish  @clk     1488119
slice15 prefetch finish  @clk     1488121
slice4 prefetch finish  @clk     1488159
slice5 prefetch finish  @clk     1488161
slice6 prefetch finish  @clk     1488167
slice7 prefetch finish  @clk     1488169
slice8 prefetch finish  @clk     1488189
slice9 prefetch finish  @clk     1488191
slice10 prefetch finish  @clk     1488197
slice11 prefetch finish  @clk     1488199
slice12 write_burst finish  @clk     1516287
slice12 task finish  @clk     1516289
slice12 start run  @clk     1516290
slice13 write_burst finish  @clk     1516351
slice13 task finish  @clk     1516353
slice13 start run  @clk     1516355
slice14 write_burst finish  @clk     1516389
slice14 task finish  @clk     1516391
slice15 write_burst finish  @clk     1516393
slice15 task finish  @clk     1516395
slice14 start run  @clk     1516404
slice15 start run  @clk     1516405
slice4 write_burst finish  @clk     1516587
slice4 task finish  @clk     1516589
slice5 write_burst finish  @clk     1516591
slice5 task finish  @clk     1516593
slice6 write_burst finish  @clk     1516595
slice6 task finish  @clk     1516597
slice7 write_burst finish  @clk     1516599
slice8 write_burst finish  @clk     1516600
slice7 task finish  @clk     1516601
slice4 start run  @clk     1516602
slice8 task finish  @clk     1516602
slice5 start run  @clk     1516603
slice6 start run  @clk     1516604
slice7 start run  @clk     1516605
slice8 start run  @clk     1516606
slice9 write_burst finish  @clk     1516623
slice9 task finish  @clk     1516625
slice10 write_burst finish  @clk     1516627
slice10 task finish  @clk     1516629
slice11 write_burst finish  @clk     1516631
slice11 task finish  @clk     1516633
slice9 start run  @clk     1516639
slice10 start run  @clk     1516640
slice11 start run  @clk     1516641
slice12 start prefetch  @clk     1516945
slice13 start prefetch  @clk     1516945
slice14 start prefetch  @clk     1516945
slice15 start prefetch  @clk     1516945
slice8 start prefetch  @clk     1516947
slice9 start prefetch  @clk     1516947
slice10 start prefetch  @clk     1516947
slice11 start prefetch  @clk     1516947
slice4 start prefetch  @clk     1516949
slice5 start prefetch  @clk     1516949
slice6 start prefetch  @clk     1516949
slice7 start prefetch  @clk     1516949
slice0 start prefetch @clk     1516951
slice1 start prefetch  @clk     1516951
slice2 start prefetch  @clk     1516951
slice3 start prefetch  @clk     1516951
slice12 access done  @clk     1521397
slice12 start write  @clk     1521398
slice13 access done  @clk     1521462
slice13 start write  @clk     1521463
slice14 access done  @clk     1521511
slice15 access done  @clk     1521512
slice14 start write  @clk     1521512
slice15 start write  @clk     1521513
slice4 access done  @clk     1521709
slice5 access done  @clk     1521710
slice4 start write  @clk     1521710
slice6 access done  @clk     1521711
slice5 start write  @clk     1521711
slice7 access done  @clk     1521712
slice6 start write  @clk     1521712
slice8 access done  @clk     1521713
slice7 start write  @clk     1521713
slice8 start write  @clk     1521714
slice9 access done  @clk     1521746
slice10 access done  @clk     1521747
slice9 start write  @clk     1521747
slice11 access done  @clk     1521748
slice10 start write  @clk     1521748
slice11 start write  @clk     1521749
slice12 compute config finish @clk     1524294
slice13 compute config finish @clk     1524294
slice14 compute config finish @clk     1524294
slice15 compute config finish @clk     1524294
slice8 compute config finish @clk     1524296
slice9 compute config finish @clk     1524296
slice10 compute config finish @clk     1524296
slice11 compute config finish @clk     1524296
slice4 compute config finish @clk     1524298
slice5 compute config finish @clk     1524298
slice6 compute config finish @clk     1524298
slice7 compute config finish @clk     1524298
slice0 compute config finish @clk     1524300
slice1 compute config finish @clk     1524300
slice2 compute config finish @clk     1524300
slice3 compute config finish @clk     1524300
slice0 prefetch finish @clk     1550469
slice0 start run @clk     1550470
slice1 prefetch finish  @clk     1550471
slice1 start run  @clk     1550472
slice2 prefetch finish  @clk     1550477
slice2 start run  @clk     1550478
slice3 prefetch finish  @clk     1550479
slice3 start run  @clk     1550480
slice0 access done @clk     1553398
slice0 start write @clk     1553399
slice1 access done  @clk     1553400
slice1 start write  @clk     1553401
slice2 access done  @clk     1553406
slice2 start write  @clk     1553407
slice3 access done  @clk     1553408
slice3 start write  @clk     1553409
slice12 prefetch finish  @clk     1571079
slice13 prefetch finish  @clk     1571081
slice14 prefetch finish  @clk     1571087
slice15 prefetch finish  @clk     1571089
slice4 prefetch finish  @clk     1571173
slice5 prefetch finish  @clk     1571175
slice6 prefetch finish  @clk     1571181
slice7 prefetch finish  @clk     1571183
slice8 prefetch finish  @clk     1571303
slice9 prefetch finish  @clk     1571305
slice10 prefetch finish  @clk     1571311
slice11 prefetch finish  @clk     1571313
slice0 write_burst finish @clk     1573759
slice0 task finish @clk     1573761
slice1 write_burst finish  @clk     1573763
slice1 task finish  @clk     1573765
slice2 write_burst finish  @clk     1573785
slice2 task finish  @clk     1573787
slice3 write_burst finish  @clk     1573895
slice3 task finish  @clk     1573897
slice12 write_burst finish  @clk     1600181
slice12 task finish  @clk     1600183
slice12 start run  @clk     1600194
slice13 write_burst finish  @clk     1600203
slice13 task finish  @clk     1600205
slice14 write_burst finish  @clk     1600207
slice14 task finish  @clk     1600209
slice13 start run  @clk     1600211
slice15 write_burst finish  @clk     1600211
slice14 start run  @clk     1600212
slice15 task finish  @clk     1600213
slice15 start run  @clk     1600229
slice4 write_burst finish  @clk     1600282
slice4 task finish  @clk     1600284
slice4 start run  @clk     1600298
slice5 write_burst finish  @clk     1600305
slice5 task finish  @clk     1600307
slice6 write_burst finish  @clk     1600309
slice6 task finish  @clk     1600311
slice7 write_burst finish  @clk     1600313
slice5 start run  @clk     1600315
slice7 task finish  @clk     1600315
slice6 start run  @clk     1600316
slice7 start run  @clk     1600317
slice8 write_burst finish  @clk     1600350
slice8 task finish  @clk     1600352
slice8 start run  @clk     1600366
slice9 write_burst finish  @clk     1600373
slice9 task finish  @clk     1600375
slice10 write_burst finish  @clk     1600377
slice10 task finish  @clk     1600379
slice11 write_burst finish  @clk     1600381
slice9 start run  @clk     1600383
slice11 task finish  @clk     1600383
slice10 start run  @clk     1600384
slice11 start run  @clk     1600385
slice12 start prefetch  @clk     1600687
slice13 start prefetch  @clk     1600687
slice14 start prefetch  @clk     1600687
slice15 start prefetch  @clk     1600687
slice8 start prefetch  @clk     1600689
slice9 start prefetch  @clk     1600689
slice10 start prefetch  @clk     1600689
slice11 start prefetch  @clk     1600689
slice4 start prefetch  @clk     1600691
slice5 start prefetch  @clk     1600691
slice6 start prefetch  @clk     1600691
slice7 start prefetch  @clk     1600691
slice0 start prefetch @clk     1600693
slice1 start prefetch  @clk     1600693
slice2 start prefetch  @clk     1600693
slice3 start prefetch  @clk     1600693
slice12 access done  @clk     1605301
slice12 start write  @clk     1605302
slice13 access done  @clk     1605318
slice14 access done  @clk     1605319
slice13 start write  @clk     1605319
slice14 start write  @clk     1605320
slice15 access done  @clk     1605336
slice15 start write  @clk     1605337
slice4 access done  @clk     1605405
slice4 start write  @clk     1605406
slice5 access done  @clk     1605422
slice6 access done  @clk     1605423
slice5 start write  @clk     1605423
slice7 access done  @clk     1605424
slice6 start write  @clk     1605424
slice7 start write  @clk     1605425
slice8 access done  @clk     1605473
slice8 start write  @clk     1605474
slice9 access done  @clk     1605490
slice10 access done  @clk     1605491
slice9 start write  @clk     1605491
slice11 access done  @clk     1605492
slice10 start write  @clk     1605492
slice11 start write  @clk     1605493
slice12 compute config finish @clk     1607798
slice13 compute config finish @clk     1607798
slice14 compute config finish @clk     1607798
slice15 compute config finish @clk     1607798
slice8 compute config finish @clk     1607800
slice9 compute config finish @clk     1607800
slice10 compute config finish @clk     1607800
slice11 compute config finish @clk     1607800
slice4 compute config finish @clk     1607802
slice5 compute config finish @clk     1607802
slice6 compute config finish @clk     1607802
slice7 compute config finish @clk     1607802
slice0 compute config finish @clk     1607804
slice1 compute config finish @clk     1607804
slice2 compute config finish @clk     1607804
slice3 compute config finish @clk     1607804
slice0 prefetch finish @clk     1630383
slice0 start run @clk     1630384
slice1 prefetch finish  @clk     1630389
slice1 start run  @clk     1630390
slice2 prefetch finish  @clk     1630395
slice2 start run  @clk     1630396
slice3 prefetch finish  @clk     1630397
slice3 start run  @clk     1630398
slice0 access done @clk     1633312
slice0 start write @clk     1633313
slice1 access done  @clk     1633318
slice1 start write  @clk     1633319
slice2 access done  @clk     1633324
slice2 start write  @clk     1633325
slice3 access done  @clk     1633326
slice3 start write  @clk     1633327
slice12 prefetch finish  @clk     1651791
slice13 prefetch finish  @clk     1651817
slice14 prefetch finish  @clk     1651823
slice15 prefetch finish  @clk     1651825
slice4 prefetch finish  @clk     1651831
slice5 prefetch finish  @clk     1651883
slice6 prefetch finish  @clk     1651889
slice7 prefetch finish  @clk     1651891
slice8 prefetch finish  @clk     1651897
slice9 prefetch finish  @clk     1651983
slice10 prefetch finish  @clk     1651989
slice11 prefetch finish  @clk     1651991
slice0 write_burst finish @clk     1654489
slice0 task finish @clk     1654491
slice1 write_burst finish  @clk     1654625
slice1 task finish  @clk     1654627
slice2 write_burst finish  @clk     1654629
slice2 task finish  @clk     1654631
slice3 write_burst finish  @clk     1654633
slice3 task finish  @clk     1654635
slice12 write_burst finish  @clk     1680937
slice12 task finish  @clk     1680939
slice13 write_burst finish  @clk     1680941
slice13 task finish  @clk     1680943
slice14 write_burst finish  @clk     1680945
slice12 start run  @clk     1680946
slice13 start run  @clk     1680947
slice14 task finish  @clk     1680947
slice14 start run  @clk     1680948
slice15 write_burst finish  @clk     1680949
slice15 task finish  @clk     1680951
slice15 start run  @clk     1680965
slice4 write_burst finish  @clk     1681041
slice4 task finish  @clk     1681043
slice5 write_burst finish  @clk     1681045
slice5 task finish  @clk     1681047
slice6 write_burst finish  @clk     1681049
slice4 start run  @clk     1681050
slice7 write_burst finish  @clk     1681050
slice5 start run  @clk     1681051
slice6 task finish  @clk     1681051
slice6 start run  @clk     1681052
slice7 task finish  @clk     1681052
slice7 start run  @clk     1681053
slice8 write_burst finish  @clk     1681073
slice8 task finish  @clk     1681075
slice8 start run  @clk     1681086
slice9 write_burst finish  @clk     1681109
slice9 task finish  @clk     1681111
slice10 write_burst finish  @clk     1681113
slice11 write_burst finish  @clk     1681114
slice10 task finish  @clk     1681115
slice11 task finish  @clk     1681116
slice9 start run  @clk     1681119
slice10 start run  @clk     1681120
slice11 start run  @clk     1681121
slice12 start prefetch  @clk     1681415
slice13 start prefetch  @clk     1681415
slice14 start prefetch  @clk     1681415
slice15 start prefetch  @clk     1681415
slice8 start prefetch  @clk     1681417
slice9 start prefetch  @clk     1681417
slice10 start prefetch  @clk     1681417
slice11 start prefetch  @clk     1681417
slice4 start prefetch  @clk     1681419
slice5 start prefetch  @clk     1681419
slice6 start prefetch  @clk     1681419
slice7 start prefetch  @clk     1681419
slice0 start prefetch @clk     1681421
slice1 start prefetch  @clk     1681421
slice2 start prefetch  @clk     1681421
slice3 start prefetch  @clk     1681421
slice12 access done  @clk     1686053
slice13 access done  @clk     1686054
slice12 start write  @clk     1686054
slice14 access done  @clk     1686055
slice13 start write  @clk     1686055
slice14 start write  @clk     1686056
slice15 access done  @clk     1686072
slice15 start write  @clk     1686073
slice4 access done  @clk     1686157
slice5 access done  @clk     1686158
slice4 start write  @clk     1686158
slice6 access done  @clk     1686159
slice5 start write  @clk     1686159
slice7 access done  @clk     1686160
slice6 start write  @clk     1686160
slice7 start write  @clk     1686161
slice8 access done  @clk     1686193
slice8 start write  @clk     1686194
slice9 access done  @clk     1686226
slice10 access done  @clk     1686227
slice9 start write  @clk     1686227
slice11 access done  @clk     1686228
slice10 start write  @clk     1686228
slice11 start write  @clk     1686229
slice12 compute config finish @clk     1699888
slice13 compute config finish @clk     1699888
slice14 compute config finish @clk     1699888
slice15 compute config finish @clk     1699888
slice8 compute config finish @clk     1699890
slice9 compute config finish @clk     1699890
slice10 compute config finish @clk     1699890
slice11 compute config finish @clk     1699890
slice4 compute config finish @clk     1699892
slice5 compute config finish @clk     1699892
slice6 compute config finish @clk     1699892
slice7 compute config finish @clk     1699892
slice0 compute config finish @clk     1699894
slice1 compute config finish @clk     1699894
slice2 compute config finish @clk     1699894
slice3 compute config finish @clk     1699894
slice0 prefetch finish @clk     1718015
slice0 start run @clk     1718016
slice1 prefetch finish  @clk     1718017
slice1 start run  @clk     1718018
slice2 prefetch finish  @clk     1718019
slice2 start run  @clk     1718020
slice3 prefetch finish  @clk     1718021
slice3 start run  @clk     1718022
slice0 access done @clk     1720944
slice0 start write @clk     1720945
slice1 access done  @clk     1720946
slice1 start write  @clk     1720947
slice2 access done  @clk     1720948
slice2 start write  @clk     1720949
slice3 access done  @clk     1720950
slice3 start write  @clk     1720951
slice0 write_burst finish @clk     1739755
slice0 task finish @clk     1739757
slice1 write_burst finish  @clk     1739758
slice1 task finish  @clk     1739760
slice2 write_burst finish  @clk     1739761
slice2 task finish  @clk     1739763
slice3 write_burst finish  @clk     1739764
slice3 task finish  @clk     1739766
slice12 prefetch finish  @clk     1743957
slice13 prefetch finish  @clk     1743959
slice14 prefetch finish  @clk     1743965
slice15 prefetch finish  @clk     1743967
slice4 prefetch finish  @clk     1744005
slice5 prefetch finish  @clk     1744007
slice6 prefetch finish  @clk     1744013
slice7 prefetch finish  @clk     1744015
slice8 prefetch finish  @clk     1744035
slice9 prefetch finish  @clk     1744037
slice10 prefetch finish  @clk     1744043
slice11 prefetch finish  @clk     1744045
slice12 write_burst finish  @clk     1772133
slice12 task finish  @clk     1772135
slice12 start run  @clk     1772146
slice13 write_burst finish  @clk     1772197
slice13 task finish  @clk     1772199
slice13 start run  @clk     1772211
slice14 write_burst finish  @clk     1772235
slice14 task finish  @clk     1772237
slice15 write_burst finish  @clk     1772239
slice15 task finish  @clk     1772241
slice14 start run  @clk     1772244
slice15 start run  @clk     1772245
slice4 write_burst finish  @clk     1772433
slice4 task finish  @clk     1772435
slice5 write_burst finish  @clk     1772437
slice5 task finish  @clk     1772439
slice6 write_burst finish  @clk     1772441
slice4 start run  @clk     1772442
slice5 start run  @clk     1772443
slice6 task finish  @clk     1772443
slice6 start run  @clk     1772444
slice7 write_burst finish  @clk     1772445
slice8 write_burst finish  @clk     1772446
slice7 task finish  @clk     1772447
slice8 task finish  @clk     1772448
slice7 start run  @clk     1772461
slice8 start run  @clk     1772462
slice9 write_burst finish  @clk     1772469
slice9 task finish  @clk     1772471
slice10 write_burst finish  @clk     1772473
slice10 task finish  @clk     1772475
slice11 write_burst finish  @clk     1772477
slice9 start run  @clk     1772479
slice11 task finish  @clk     1772479
slice10 start run  @clk     1772480
slice11 start run  @clk     1772481
slice12 start prefetch  @clk     1772831
slice13 start prefetch  @clk     1772831
slice14 start prefetch  @clk     1772831
slice15 start prefetch  @clk     1772831
slice8 start prefetch  @clk     1772833
slice9 start prefetch  @clk     1772833
slice10 start prefetch  @clk     1772833
slice11 start prefetch  @clk     1772833
slice4 start prefetch  @clk     1772835
slice5 start prefetch  @clk     1772835
slice6 start prefetch  @clk     1772835
slice7 start prefetch  @clk     1772835
slice0 start prefetch @clk     1772837
slice1 start prefetch  @clk     1772837
slice2 start prefetch  @clk     1772837
slice3 start prefetch  @clk     1772837
slice12 access done  @clk     1777253
slice12 start write  @clk     1777254
slice13 access done  @clk     1777318
slice13 start write  @clk     1777319
slice14 access done  @clk     1777351
slice15 access done  @clk     1777352
slice14 start write  @clk     1777352
slice15 start write  @clk     1777353
slice4 access done  @clk     1777549
slice5 access done  @clk     1777550
slice4 start write  @clk     1777550
slice6 access done  @clk     1777551
slice5 start write  @clk     1777551
slice6 start write  @clk     1777552
slice7 access done  @clk     1777568
slice8 access done  @clk     1777569
slice7 start write  @clk     1777569
slice8 start write  @clk     1777570
slice9 access done  @clk     1777586
slice10 access done  @clk     1777587
slice9 start write  @clk     1777587
slice11 access done  @clk     1777588
slice10 start write  @clk     1777588
slice11 start write  @clk     1777589
slice12 compute config finish @clk     1791988
slice13 compute config finish @clk     1791988
slice14 compute config finish @clk     1791988
slice15 compute config finish @clk     1791988
slice8 compute config finish @clk     1791990
slice9 compute config finish @clk     1791990
slice10 compute config finish @clk     1791990
slice11 compute config finish @clk     1791990
slice4 compute config finish @clk     1791992
slice5 compute config finish @clk     1791992
slice6 compute config finish @clk     1791992
slice7 compute config finish @clk     1791992
slice0 compute config finish @clk     1791994
slice1 compute config finish @clk     1791994
slice2 compute config finish @clk     1791994
slice3 compute config finish @clk     1791994
slice0 prefetch finish @clk     1808427
slice0 start run @clk     1808428
slice1 prefetch finish  @clk     1808429
slice1 start run  @clk     1808430
slice2 prefetch finish  @clk     1808435
slice2 start run  @clk     1808436
slice3 prefetch finish  @clk     1808437
slice3 start run  @clk     1808438
slice0 access done @clk     1811356
slice0 start write @clk     1811357
slice1 access done  @clk     1811358
slice1 start write  @clk     1811359
slice2 access done  @clk     1811364
slice2 start write  @clk     1811365
slice3 access done  @clk     1811366
slice3 start write  @clk     1811367
slice0 write_burst finish @clk     1830293
slice0 task finish @clk     1830295
slice1 write_burst finish  @clk     1830299
slice1 task finish  @clk     1830301
slice2 write_burst finish  @clk     1830302
slice2 task finish  @clk     1830304
slice3 write_burst finish  @clk     1830305
slice3 task finish  @clk     1830307
slice12 prefetch finish  @clk     1834397
slice13 prefetch finish  @clk     1834399
slice14 prefetch finish  @clk     1834405
slice15 prefetch finish  @clk     1834407
slice4 prefetch finish  @clk     1834445
slice5 prefetch finish  @clk     1834447
slice6 prefetch finish  @clk     1834453
slice7 prefetch finish  @clk     1834455
slice8 prefetch finish  @clk     1834475
slice9 prefetch finish  @clk     1834477
slice10 prefetch finish  @clk     1834483
slice11 prefetch finish  @clk     1834485
slice12 write_burst finish  @clk     1862573
slice12 task finish  @clk     1862575
slice12 start run  @clk     1862578
slice13 write_burst finish  @clk     1862637
slice13 task finish  @clk     1862639
slice13 start run  @clk     1862643
slice14 write_burst finish  @clk     1862675
slice14 task finish  @clk     1862677
slice15 write_burst finish  @clk     1862679
slice15 task finish  @clk     1862681
slice14 start run  @clk     1862692
slice15 start run  @clk     1862693
slice4 write_burst finish  @clk     1862873
slice4 task finish  @clk     1862875
slice5 write_burst finish  @clk     1862877
slice5 task finish  @clk     1862879
slice6 write_burst finish  @clk     1862881
slice6 task finish  @clk     1862883
slice7 write_burst finish  @clk     1862885
slice8 write_burst finish  @clk     1862886
slice7 task finish  @clk     1862887
slice8 task finish  @clk     1862888
slice4 start run  @clk     1862890
slice5 start run  @clk     1862891
slice6 start run  @clk     1862892
slice7 start run  @clk     1862893
slice8 start run  @clk     1862894
slice9 write_burst finish  @clk     1862909
slice9 task finish  @clk     1862911
slice10 write_burst finish  @clk     1862913
slice10 task finish  @clk     1862915
slice11 write_burst finish  @clk     1862917
slice11 task finish  @clk     1862919
slice9 start run  @clk     1862927
slice10 start run  @clk     1862928
slice11 start run  @clk     1862929
slice12 start prefetch  @clk     1863275
slice13 start prefetch  @clk     1863275
slice14 start prefetch  @clk     1863275
slice15 start prefetch  @clk     1863275
slice8 start prefetch  @clk     1863277
slice9 start prefetch  @clk     1863277
slice10 start prefetch  @clk     1863277
slice11 start prefetch  @clk     1863277
slice4 start prefetch  @clk     1863279
slice5 start prefetch  @clk     1863279
slice6 start prefetch  @clk     1863279
slice7 start prefetch  @clk     1863279
slice0 start prefetch @clk     1863281
slice1 start prefetch  @clk     1863281
slice2 start prefetch  @clk     1863281
slice3 start prefetch  @clk     1863281
slice4 prefetch finish  @clk     1863286
slice5 prefetch finish  @clk     1863286
slice6 prefetch finish  @clk     1863286
slice7 prefetch finish  @clk     1863286
slice0 prefetch finish @clk     1863288
slice1 prefetch finish  @clk     1863288
slice2 prefetch finish  @clk     1863288
slice3 prefetch finish  @clk     1863288
slice12 access done  @clk     1867685
slice12 start write  @clk     1867686
slice13 access done  @clk     1867750
slice13 start write  @clk     1867751
slice14 access done  @clk     1867799
slice15 access done  @clk     1867800
slice14 start write  @clk     1867800
slice15 start write  @clk     1867801
slice0 compute config finish @clk     1867988
slice1 compute config finish @clk     1867988
slice2 compute config finish @clk     1867988
slice3 compute config finish @clk     1867988
slice0 start run @clk     1867989
slice1 start run  @clk     1867989
slice2 start run  @clk     1867989
slice3 start run  @clk     1867989
slice4 access done  @clk     1867997
slice0 access done @clk     1867998
slice1 access done  @clk     1867998
slice2 access done  @clk     1867998
slice3 access done  @clk     1867998
slice5 access done  @clk     1867998
slice4 start write  @clk     1867998
slice6 access done  @clk     1867999
slice5 start write  @clk     1867999
slice7 access done  @clk     1868000
slice6 start write  @clk     1868000
slice8 access done  @clk     1868001
slice7 start write  @clk     1868001
slice8 start write  @clk     1868002
slice9 access done  @clk     1868034
slice10 access done  @clk     1868035
slice9 start write  @clk     1868035
slice11 access done  @clk     1868036
slice10 start write  @clk     1868036
slice11 start write  @clk     1868037
slice0 start write @clk     1868323
slice1 start write  @clk     1868323
slice2 start write  @clk     1868323
slice3 start write  @clk     1868323
slice0 write_burst finish @clk     1868324
slice1 write_burst finish  @clk     1868324
slice2 write_burst finish  @clk     1868324
slice3 write_burst finish  @clk     1868324
slice0 task finish @clk     1868326
slice1 task finish  @clk     1868326
slice2 task finish  @clk     1868326
slice3 task finish  @clk     1868326
slice12 compute config finish @clk     1868581
slice13 compute config finish @clk     1868646
slice14 compute config finish @clk     1868695
slice15 compute config finish @clk     1868696
slice4 compute config finish @clk     1868893
slice5 compute config finish @clk     1868894
slice6 compute config finish @clk     1868895
slice7 compute config finish @clk     1868896
slice8 compute config finish @clk     1868897
slice9 compute config finish @clk     1868930
slice10 compute config finish @clk     1868931
slice11 compute config finish @clk     1868932
slice8 prefetch finish  @clk     1876577
slice12 prefetch finish  @clk     1887427
slice14 prefetch finish  @clk     1887431
slice10 prefetch finish  @clk     1887579
slice9 prefetch finish  @clk     1887891
slice13 prefetch finish  @clk     1898353
slice15 prefetch finish  @clk     1898511
slice11 prefetch finish  @clk     1898547
slice4 write_burst finish  @clk     1900909
slice4 task finish  @clk     1900911
slice4 start run  @clk     1900922
slice4 access done  @clk     1900931
slice4 start write  @clk     1900932
slice4 write_burst finish  @clk     1900933
slice4 task finish  @clk     1900935
slice5 write_burst finish  @clk     1901109
slice5 task finish  @clk     1901111
slice5 start run  @clk     1901115
slice5 access done  @clk     1901124
slice5 start write  @clk     1901128
slice5 write_burst finish  @clk     1901129
slice5 task finish  @clk     1901131
slice6 write_burst finish  @clk     1901529
slice6 task finish  @clk     1901531
slice6 start run  @clk     1901532
slice6 access done  @clk     1901541
slice6 start write  @clk     1901548
slice6 write_burst finish  @clk     1901549
slice6 task finish  @clk     1901551
slice7 write_burst finish  @clk     1902237
slice7 task finish  @clk     1902239
slice7 start run  @clk     1902253
slice7 access done  @clk     1902262
slice7 start write  @clk     1902263
slice7 write_burst finish  @clk     1902264
slice7 task finish  @clk     1902266
slice8 write_burst finish  @clk     1905981
slice8 task finish  @clk     1905983
slice8 start run  @clk     1905998
slice8 start prefetch  @clk     1906401
slice4 start prefetch  @clk     1906403
slice5 start prefetch  @clk     1906403
slice6 start prefetch  @clk     1906403
slice7 start prefetch  @clk     1906403
slice0 start prefetch @clk     1906405
slice1 start prefetch  @clk     1906405
slice2 start prefetch  @clk     1906405
slice3 start prefetch  @clk     1906405
slice8 access done  @clk     1907764
slice8 start write  @clk     1907765
slice14 write_burst finish  @clk     1912372
slice14 task finish  @clk     1912374
slice14 start run  @clk     1912388
slice14 start prefetch  @clk     1912461
slice9 write_burst finish  @clk     1913499
slice9 task finish  @clk     1913501
slice9 start run  @clk     1913503
slice9 start prefetch  @clk     1913588
slice12 write_burst finish  @clk     1913947
slice12 task finish  @clk     1913949
slice12 start run  @clk     1913954
slice10 write_burst finish  @clk     1913997
slice10 task finish  @clk     1913999
slice10 start run  @clk     1914000
slice12 start prefetch  @clk     1914036
slice10 start prefetch  @clk     1914086
slice14 access done  @clk     1915465
slice14 start write  @clk     1915466
slice9 access done  @clk     1916429
slice9 start write  @clk     1916430
slice12 access done  @clk     1917031
slice12 start write  @clk     1917032
slice10 access done  @clk     1917077
slice10 start write  @clk     1917078
slice11 write_burst finish  @clk     1924805
slice11 task finish  @clk     1924807
slice11 start run  @clk     1924817
slice13 write_burst finish  @clk     1924821
slice13 task finish  @clk     1924823
slice13 start run  @clk     1924835
slice11 start prefetch  @clk     1924894
slice13 start prefetch  @clk     1924910
slice15 write_burst finish  @clk     1925359
slice15 task finish  @clk     1925361
slice15 start run  @clk     1925365
slice15 start prefetch  @clk     1925448
slice11 access done  @clk     1929924
slice11 start write  @clk     1929925
slice13 access done  @clk     1929942
slice13 start write  @clk     1929943
slice15 access done  @clk     1930472
slice15 start write  @clk     1930473
slice12 compute config finish @clk     1940582
slice13 compute config finish @clk     1940582
slice14 compute config finish @clk     1940582
slice15 compute config finish @clk     1940582
slice8 compute config finish @clk     1940584
slice9 compute config finish @clk     1940584
slice10 compute config finish @clk     1940584
slice11 compute config finish @clk     1940584
slice4 compute config finish @clk     1940586
slice5 compute config finish @clk     1940586
slice6 compute config finish @clk     1940586
slice7 compute config finish @clk     1940586
slice0 compute config finish @clk     1940588
slice1 compute config finish @clk     1940588
slice2 compute config finish @clk     1940588
slice3 compute config finish @clk     1940588
slice8 prefetch finish  @clk     1942685
slice8 write_burst finish  @clk     1952403
slice8 task finish  @clk     1952405
slice8 start run  @clk     1952414
slice8 access done  @clk     1957521
slice8 start write  @clk     1957522
slice14 prefetch finish  @clk     1967159
slice9 prefetch finish  @clk     1968803
slice10 prefetch finish  @clk     1969339
slice12 prefetch finish  @clk     1969439
slice11 prefetch finish  @clk     1974515
slice13 prefetch finish  @clk     1974517
slice15 prefetch finish  @clk     1974681
slice9 write_burst finish  @clk     1978737
slice9 task finish  @clk     1978739
slice9 start run  @clk     1978751
slice14 write_burst finish  @clk     1979145
slice14 task finish  @clk     1979147
slice14 start run  @clk     1979156
slice8 write_burst finish  @clk     1980475
slice8 task finish  @clk     1980477
slice10 write_burst finish  @clk     1980571
slice10 task finish  @clk     1980573
slice10 start run  @clk     1980576
slice12 write_burst finish  @clk     1980641
slice12 task finish  @clk     1980643
slice12 start run  @clk     1980658
slice9 access done  @clk     1983858
slice9 start write  @clk     1983859
slice14 access done  @clk     1984263
slice14 start write  @clk     1984264
slice10 access done  @clk     1985683
slice10 start write  @clk     1985684
slice12 access done  @clk     1985765
slice12 start write  @clk     1985766
slice11 write_burst finish  @clk     1986184
slice11 task finish  @clk     1986186
slice11 start run  @clk     1986193
slice13 write_burst finish  @clk     1986213
slice13 task finish  @clk     1986215
slice13 start run  @clk     1986227
slice15 write_burst finish  @clk     1986321
slice15 task finish  @clk     1986323
slice15 start run  @clk     1986325
slice12 start prefetch  @clk     1986697
slice13 start prefetch  @clk     1986697
slice14 start prefetch  @clk     1986697
slice15 start prefetch  @clk     1986697
slice8 start prefetch  @clk     1986699
slice9 start prefetch  @clk     1986699
slice10 start prefetch  @clk     1986699
slice11 start prefetch  @clk     1986699
slice11 access done  @clk     1991300
slice11 start write  @clk     1991301
slice13 access done  @clk     1991334
slice13 start write  @clk     1991335
slice15 access done  @clk     1991432
slice15 start write  @clk     1991433
slice9 write_burst finish  @clk     2003267
slice9 task finish  @clk     2003269
slice12 compute config finish @clk     2003880
slice13 compute config finish @clk     2003880
slice14 compute config finish @clk     2003880
slice15 compute config finish @clk     2003880
slice8 compute config finish @clk     2003882
slice9 compute config finish @clk     2003882
slice10 compute config finish @clk     2003882
slice11 compute config finish @clk     2003882
slice14 write_burst finish  @clk     2004552
slice14 task finish  @clk     2004554
slice10 write_burst finish  @clk     2008073
slice10 task finish  @clk     2008075
slice12 write_burst finish  @clk     2008771
slice12 task finish  @clk     2008773
slice13 prefetch finish  @clk     2034093
slice15 prefetch finish  @clk     2034143
slice8 prefetch finish  @clk     2034145
slice8 start run  @clk     2034146
slice11 prefetch finish  @clk     2034181
slice8 access done  @clk     2039253
slice8 start write  @clk     2039254
slice9 prefetch finish  @clk     2048485
slice9 start run  @clk     2048486
slice14 prefetch finish  @clk     2049109
slice14 start run  @clk     2049110
slice10 prefetch finish  @clk     2050411
slice10 start run  @clk     2050412
slice12 prefetch finish  @clk     2050541
slice12 start run  @clk     2050542
slice15 write_burst finish  @clk     2051183
slice15 task finish  @clk     2051185
slice15 start run  @clk     2051189
slice13 write_burst finish  @clk     2051499
slice13 task finish  @clk     2051501
slice13 start run  @clk     2051507
slice11 write_burst finish  @clk     2051601
slice11 task finish  @clk     2051603
slice11 start run  @clk     2051617
slice8 write_burst finish  @clk     2052425
slice8 task finish  @clk     2052427
slice9 access done  @clk     2053593
slice9 start write  @clk     2053594
slice14 access done  @clk     2054217
slice14 start write  @clk     2054218
slice10 access done  @clk     2055519
slice10 start write  @clk     2055520
slice12 access done  @clk     2055649
slice12 start write  @clk     2055650
slice15 access done  @clk     2056296
slice15 start write  @clk     2056297
slice13 access done  @clk     2056614
slice13 start write  @clk     2056615
slice11 access done  @clk     2056724
slice11 start write  @clk     2056725
slice9 write_burst finish  @clk     2059400
slice9 task finish  @clk     2059402
slice14 write_burst finish  @clk     2063159
slice14 task finish  @clk     2063161
slice10 write_burst finish  @clk     2066476
slice10 task finish  @clk     2066478
slice12 write_burst finish  @clk     2066651
slice12 task finish  @clk     2066653
slice15 write_burst finish  @clk     2067155
slice15 task finish  @clk     2067157
slice13 write_burst finish  @clk     2067275
slice13 task finish  @clk     2067277
slice11 write_burst finish  @clk     2067303
slice11 task finish  @clk     2067305
