total RDsch during slice0 prefetch is           0
total precharge state during slice0 prefetch is           0
total read commands during slice0 prefetch is           0
total write commands during slice0 prefetch is           0
total activate commands during slice0 prefetch is           0
total page hit rate during slice0 prefetch is           x
total RDsch during slice0 writeback is           0
total precharge state during slice0 writeback is           0
total read commands during slice0 writeback is           0
total write commands during slice0 writeback is           0
total activate commands during slice0 writeback is           0
total page hit rate during slice0 writeback is           x
total RDsch during slice0 prefetch is           0
total precharge state during slice0 prefetch is           0
total read commands during slice0 prefetch is           0
total write commands during slice0 prefetch is           0
total activate commands during slice0 prefetch is           0
total page hit rate during slice0 prefetch is           x
total RDsch during slice0 writeback is           0
total precharge state during slice0 writeback is           0
total read commands during slice0 writeback is           0
total write commands during slice0 writeback is           0
total activate commands during slice0 writeback is           0
total page hit rate during slice0 writeback is           x
total RDsch during slice0 prefetch is           0
total precharge state during slice0 prefetch is           0
total read commands during slice0 prefetch is           0
total write commands during slice0 prefetch is           0
total activate commands during slice0 prefetch is           0
total page hit rate during slice0 prefetch is           x
total RDsch during slice0 writeback is           0
total precharge state during slice0 writeback is           0
total read commands during slice0 writeback is           0
total write commands during slice0 writeback is           0
total activate commands during slice0 writeback is           0
total page hit rate during slice0 writeback is           x
total RDsch during slice0 prefetch is           0
total precharge state during slice0 prefetch is           0
total read commands during slice0 prefetch is           0
total write commands during slice0 prefetch is           0
total activate commands during slice0 prefetch is           0
total page hit rate during slice0 prefetch is           x
total RDsch during slice0 writeback is           0
total precharge state during slice0 writeback is           0
total read commands during slice0 writeback is           0
total write commands during slice0 writeback is           0
total activate commands during slice0 writeback is           0
total page hit rate during slice0 writeback is           x
total RDsch during slice0 prefetch is           0
total precharge state during slice0 prefetch is           0
total read commands during slice0 prefetch is           0
total write commands during slice0 prefetch is           0
total activate commands during slice0 prefetch is           0
total page hit rate during slice0 prefetch is           x
total RDsch during slice0 writeback is           0
total precharge state during slice0 writeback is           0
total read commands during slice0 writeback is           0
total write commands during slice0 writeback is           0
total activate commands during slice0 writeback is           0
total page hit rate during slice0 writeback is           x
total RDsch during slice0 prefetch is           0
total precharge state during slice0 prefetch is           0
total read commands during slice0 prefetch is           0
total write commands during slice0 prefetch is           0
total activate commands during slice0 prefetch is           0
total page hit rate during slice0 prefetch is           x
total RDsch during slice0 writeback is           0
total precharge state during slice0 writeback is           0
total read commands during slice0 writeback is           0
total write commands during slice0 writeback is           0
total activate commands during slice0 writeback is           0
total page hit rate during slice0 writeback is           x
total RDsch during slice0 prefetch is           0
total precharge state during slice0 prefetch is           0
total read commands during slice0 prefetch is           0
total write commands during slice0 prefetch is           0
total activate commands during slice0 prefetch is           0
total page hit rate during slice0 prefetch is           x
