slice12 start prefetch  @clk     1024197
slice13 start prefetch  @clk     1024197
slice14 start prefetch  @clk     1024197
slice15 start prefetch  @clk     1024197
slice8 start prefetch  @clk     1024199
slice9 start prefetch  @clk     1024199
slice10 start prefetch  @clk     1024199
slice11 start prefetch  @clk     1024199
slice4 start prefetch  @clk     1024201
slice5 start prefetch  @clk     1024201
slice6 start prefetch  @clk     1024201
slice7 start prefetch  @clk     1024201
slice0 start prefetch @clk     1024203
slice1 start prefetch  @clk     1024203
slice2 start prefetch  @clk     1024203
slice3 start prefetch  @clk     1024203
slice0 prefetch finish @clk     1024210
slice12 prefetch finish  @clk     1039206
slice13 prefetch finish  @clk     1039222
slice14 prefetch finish  @clk     1039238
slice15 prefetch finish  @clk     1039254
slice4 prefetch finish  @clk     1039318
slice5 prefetch finish  @clk     1039334
slice6 prefetch finish  @clk     1039350
slice7 prefetch finish  @clk     1039366
slice8 prefetch finish  @clk     1039382
slice9 prefetch finish  @clk     1039398
slice10 prefetch finish  @clk     1039414
slice11 prefetch finish  @clk     1039430
slice1 prefetch finish  @clk     1039446
slice2 prefetch finish  @clk     1039466
slice3 prefetch finish  @clk     1039482
slice12 compute config finish @clk     1039950
slice13 compute config finish @clk     1039950
slice14 compute config finish @clk     1039950
slice15 compute config finish @clk     1039950
slice12 start run  @clk     1039951
slice13 start run  @clk     1039951
slice14 start run  @clk     1039951
slice15 start run  @clk     1039951
slice8 compute config finish @clk     1039952
slice9 compute config finish @clk     1039952
slice10 compute config finish @clk     1039952
slice11 compute config finish @clk     1039952
slice8 start run  @clk     1039953
slice9 start run  @clk     1039953
slice10 start run  @clk     1039953
slice11 start run  @clk     1039953
slice4 compute config finish @clk     1039954
slice5 compute config finish @clk     1039954
slice6 compute config finish @clk     1039954
slice7 compute config finish @clk     1039954
slice4 start run  @clk     1039955
slice5 start run  @clk     1039955
slice6 start run  @clk     1039955
slice7 start run  @clk     1039955
slice0 compute config finish @clk     1039956
slice1 compute config finish @clk     1039956
slice2 compute config finish @clk     1039956
slice3 compute config finish @clk     1039956
slice0 start run @clk     1039957
slice1 start run  @clk     1039957
slice2 start run  @clk     1039957
slice3 start run  @clk     1039957
slice0 access done @clk     1039966
slice0 start write @clk     1040091
slice0 write_burst finish @clk     1040092
slice0 task finish @clk     1040094
slice12 start prefetch  @clk     1040397
slice13 start prefetch  @clk     1040397
slice14 start prefetch  @clk     1040397
slice15 start prefetch  @clk     1040397
slice8 start prefetch  @clk     1040399
slice9 start prefetch  @clk     1040399
slice10 start prefetch  @clk     1040399
slice11 start prefetch  @clk     1040399
slice4 start prefetch  @clk     1040401
slice5 start prefetch  @clk     1040401
slice6 start prefetch  @clk     1040401
slice7 start prefetch  @clk     1040401
slice0 start prefetch @clk     1040403
slice1 start prefetch  @clk     1040403
slice2 start prefetch  @clk     1040403
slice3 start prefetch  @clk     1040403
slice0 prefetch finish @clk     1040410
slice1 prefetch finish  @clk     1040410
slice12 access done  @clk     1044514
slice13 access done  @clk     1044514
slice14 access done  @clk     1044514
slice15 access done  @clk     1044514
slice12 start write  @clk     1044515
slice13 start write  @clk     1044515
slice14 start write  @clk     1044515
slice15 start write  @clk     1044515
slice8 access done  @clk     1044516
slice9 access done  @clk     1044516
slice10 access done  @clk     1044516
slice11 access done  @clk     1044516
slice12 write_burst finish  @clk     1044516
slice13 write_burst finish  @clk     1044516
slice14 write_burst finish  @clk     1044516
slice15 write_burst finish  @clk     1044516
slice8 start write  @clk     1044517
slice9 start write  @clk     1044517
slice10 start write  @clk     1044517
slice11 start write  @clk     1044517
slice4 access done  @clk     1044518
slice5 access done  @clk     1044518
slice6 access done  @clk     1044518
slice7 access done  @clk     1044518
slice8 write_burst finish  @clk     1044518
slice9 write_burst finish  @clk     1044518
slice10 write_burst finish  @clk     1044518
slice11 write_burst finish  @clk     1044518
slice12 task finish  @clk     1044518
slice13 task finish  @clk     1044518
slice14 task finish  @clk     1044518
slice15 task finish  @clk     1044518
slice4 start write  @clk     1044519
slice5 start write  @clk     1044519
slice6 start write  @clk     1044519
slice7 start write  @clk     1044519
slice1 access done  @clk     1044520
slice2 access done  @clk     1044520
slice3 access done  @clk     1044520
slice4 write_burst finish  @clk     1044520
slice5 write_burst finish  @clk     1044520
slice6 write_burst finish  @clk     1044520
slice7 write_burst finish  @clk     1044520
slice8 task finish  @clk     1044520
slice9 task finish  @clk     1044520
slice10 task finish  @clk     1044520
slice11 task finish  @clk     1044520
slice1 start write  @clk     1044521
slice2 start write  @clk     1044521
slice3 start write  @clk     1044521
slice1 write_burst finish  @clk     1044522
slice2 write_burst finish  @clk     1044522
slice3 write_burst finish  @clk     1044522
slice4 task finish  @clk     1044522
slice5 task finish  @clk     1044522
slice6 task finish  @clk     1044522
slice7 task finish  @clk     1044522
slice1 task finish  @clk     1044524
slice2 task finish  @clk     1044524
slice3 task finish  @clk     1044524
slice12 prefetch finish  @clk     1054550
slice13 prefetch finish  @clk     1054566
slice14 prefetch finish  @clk     1054582
slice15 prefetch finish  @clk     1054598
slice4 prefetch finish  @clk     1054646
slice5 prefetch finish  @clk     1054662
slice6 prefetch finish  @clk     1054678
slice7 prefetch finish  @clk     1054694
slice8 prefetch finish  @clk     1054710
slice9 prefetch finish  @clk     1054726
slice10 prefetch finish  @clk     1054742
slice11 prefetch finish  @clk     1054758
slice2 prefetch finish  @clk     1054790
slice3 prefetch finish  @clk     1054806
slice12 compute config finish @clk     1055262
slice13 compute config finish @clk     1055262
slice14 compute config finish @clk     1055262
slice15 compute config finish @clk     1055262
slice12 start run  @clk     1055263
slice13 start run  @clk     1055263
slice14 start run  @clk     1055263
slice15 start run  @clk     1055263
slice8 compute config finish @clk     1055264
slice9 compute config finish @clk     1055264
slice10 compute config finish @clk     1055264
slice11 compute config finish @clk     1055264
slice8 start run  @clk     1055265
slice9 start run  @clk     1055265
slice10 start run  @clk     1055265
slice11 start run  @clk     1055265
slice4 compute config finish @clk     1055266
slice5 compute config finish @clk     1055266
slice6 compute config finish @clk     1055266
slice7 compute config finish @clk     1055266
slice4 start run  @clk     1055267
slice5 start run  @clk     1055267
slice6 start run  @clk     1055267
slice7 start run  @clk     1055267
slice0 compute config finish @clk     1055268
slice1 compute config finish @clk     1055268
slice2 compute config finish @clk     1055268
slice3 compute config finish @clk     1055268
slice0 start run @clk     1055269
slice1 start run  @clk     1055269
slice2 start run  @clk     1055269
slice3 start run  @clk     1055269
slice0 access done @clk     1055278
slice1 access done  @clk     1055278
slice0 start write @clk     1055403
slice1 start write  @clk     1055403
slice0 write_burst finish @clk     1055404
slice1 write_burst finish  @clk     1055404
slice0 task finish @clk     1055406
slice1 task finish  @clk     1055406
slice12 start prefetch  @clk     1055709
slice13 start prefetch  @clk     1055709
slice14 start prefetch  @clk     1055709
slice15 start prefetch  @clk     1055709
slice8 start prefetch  @clk     1055711
slice9 start prefetch  @clk     1055711
slice10 start prefetch  @clk     1055711
slice11 start prefetch  @clk     1055711
slice4 start prefetch  @clk     1055713
slice5 start prefetch  @clk     1055713
slice6 start prefetch  @clk     1055713
slice7 start prefetch  @clk     1055713
slice0 start prefetch @clk     1055715
slice1 start prefetch  @clk     1055715
slice2 start prefetch  @clk     1055715
slice3 start prefetch  @clk     1055715
slice0 prefetch finish @clk     1055722
slice12 access done  @clk     1059862
slice13 access done  @clk     1059862
slice14 access done  @clk     1059862
slice15 access done  @clk     1059862
slice12 start write  @clk     1059863
slice13 start write  @clk     1059863
slice14 start write  @clk     1059863
slice15 start write  @clk     1059863
slice8 access done  @clk     1059864
slice9 access done  @clk     1059864
slice10 access done  @clk     1059864
slice11 access done  @clk     1059864
slice12 write_burst finish  @clk     1059864
slice13 write_burst finish  @clk     1059864
slice14 write_burst finish  @clk     1059864
slice15 write_burst finish  @clk     1059864
slice8 start write  @clk     1059865
slice9 start write  @clk     1059865
slice10 start write  @clk     1059865
slice11 start write  @clk     1059865
slice4 access done  @clk     1059866
slice5 access done  @clk     1059866
slice6 access done  @clk     1059866
slice7 access done  @clk     1059866
slice8 write_burst finish  @clk     1059866
slice9 write_burst finish  @clk     1059866
slice10 write_burst finish  @clk     1059866
slice11 write_burst finish  @clk     1059866
slice12 task finish  @clk     1059866
slice13 task finish  @clk     1059866
slice14 task finish  @clk     1059866
slice15 task finish  @clk     1059866
slice4 start write  @clk     1059867
slice5 start write  @clk     1059867
slice6 start write  @clk     1059867
slice7 start write  @clk     1059867
slice2 access done  @clk     1059868
slice3 access done  @clk     1059868
slice4 write_burst finish  @clk     1059868
slice5 write_burst finish  @clk     1059868
slice6 write_burst finish  @clk     1059868
slice7 write_burst finish  @clk     1059868
slice8 task finish  @clk     1059868
slice9 task finish  @clk     1059868
slice10 task finish  @clk     1059868
slice11 task finish  @clk     1059868
slice2 start write  @clk     1059869
slice3 start write  @clk     1059869
slice2 write_burst finish  @clk     1059870
slice3 write_burst finish  @clk     1059870
slice4 task finish  @clk     1059870
slice5 task finish  @clk     1059870
slice6 task finish  @clk     1059870
slice7 task finish  @clk     1059870
slice2 task finish  @clk     1059872
slice3 task finish  @clk     1059872
slice12 prefetch finish  @clk     1070098
slice13 prefetch finish  @clk     1070114
slice14 prefetch finish  @clk     1070130
slice15 prefetch finish  @clk     1070146
slice4 prefetch finish  @clk     1070194
slice5 prefetch finish  @clk     1070210
slice6 prefetch finish  @clk     1070226
slice7 prefetch finish  @clk     1070242
slice8 prefetch finish  @clk     1070258
slice9 prefetch finish  @clk     1070274
slice10 prefetch finish  @clk     1070290
slice11 prefetch finish  @clk     1070306
slice2 prefetch finish  @clk     1070322
slice3 prefetch finish  @clk     1070346
slice12 compute config finish @clk     1070810
slice13 compute config finish @clk     1070810
slice14 compute config finish @clk     1070810
slice15 compute config finish @clk     1070810
slice12 start run  @clk     1070811
slice13 start run  @clk     1070811
slice14 start run  @clk     1070811
slice15 start run  @clk     1070811
slice8 compute config finish @clk     1070812
slice9 compute config finish @clk     1070812
slice10 compute config finish @clk     1070812
slice11 compute config finish @clk     1070812
slice8 start run  @clk     1070813
slice9 start run  @clk     1070813
slice10 start run  @clk     1070813
slice11 start run  @clk     1070813
slice4 compute config finish @clk     1070814
slice5 compute config finish @clk     1070814
slice6 compute config finish @clk     1070814
slice7 compute config finish @clk     1070814
slice4 start run  @clk     1070815
slice5 start run  @clk     1070815
slice6 start run  @clk     1070815
slice7 start run  @clk     1070815
slice0 compute config finish @clk     1070816
slice1 compute config finish @clk     1070816
slice2 compute config finish @clk     1070816
slice3 compute config finish @clk     1070816
slice0 start run @clk     1070817
slice2 start run  @clk     1070817
slice3 start run  @clk     1070817
slice0 access done @clk     1070826
slice0 start write @clk     1070951
slice0 write_burst finish @clk     1070952
slice0 task finish @clk     1070954
slice12 start prefetch  @clk     1071257
slice13 start prefetch  @clk     1071257
slice14 start prefetch  @clk     1071257
slice15 start prefetch  @clk     1071257
slice8 start prefetch  @clk     1071259
slice9 start prefetch  @clk     1071259
slice10 start prefetch  @clk     1071259
slice11 start prefetch  @clk     1071259
slice4 start prefetch  @clk     1071261
slice5 start prefetch  @clk     1071261
slice6 start prefetch  @clk     1071261
slice7 start prefetch  @clk     1071261
slice0 start prefetch @clk     1071263
slice2 start prefetch  @clk     1071263
slice3 start prefetch  @clk     1071263
slice0 prefetch finish @clk     1071270
slice12 access done  @clk     1075410
slice13 access done  @clk     1075410
slice14 access done  @clk     1075410
slice15 access done  @clk     1075410
slice12 start write  @clk     1075411
slice13 start write  @clk     1075411
slice14 start write  @clk     1075411
slice15 start write  @clk     1075411
slice8 access done  @clk     1075412
slice9 access done  @clk     1075412
slice10 access done  @clk     1075412
slice11 access done  @clk     1075412
slice12 write_burst finish  @clk     1075412
slice13 write_burst finish  @clk     1075412
slice14 write_burst finish  @clk     1075412
slice15 write_burst finish  @clk     1075412
slice8 start write  @clk     1075413
slice9 start write  @clk     1075413
slice10 start write  @clk     1075413
slice11 start write  @clk     1075413
slice4 access done  @clk     1075414
slice5 access done  @clk     1075414
slice6 access done  @clk     1075414
slice7 access done  @clk     1075414
slice8 write_burst finish  @clk     1075414
slice9 write_burst finish  @clk     1075414
slice10 write_burst finish  @clk     1075414
slice11 write_burst finish  @clk     1075414
slice12 task finish  @clk     1075414
slice13 task finish  @clk     1075414
slice14 task finish  @clk     1075414
slice15 task finish  @clk     1075414
slice4 start write  @clk     1075415
slice5 start write  @clk     1075415
slice6 start write  @clk     1075415
slice7 start write  @clk     1075415
slice2 access done  @clk     1075416
slice3 access done  @clk     1075416
slice4 write_burst finish  @clk     1075416
slice5 write_burst finish  @clk     1075416
slice6 write_burst finish  @clk     1075416
slice7 write_burst finish  @clk     1075416
slice8 task finish  @clk     1075416
slice9 task finish  @clk     1075416
slice10 task finish  @clk     1075416
slice11 task finish  @clk     1075416
slice2 start write  @clk     1075417
slice3 start write  @clk     1075417
slice2 write_burst finish  @clk     1075418
slice3 write_burst finish  @clk     1075418
slice4 task finish  @clk     1075418
slice5 task finish  @clk     1075418
slice6 task finish  @clk     1075418
slice7 task finish  @clk     1075418
slice2 task finish  @clk     1075420
slice3 task finish  @clk     1075420
slice12 prefetch finish  @clk     1085636
slice13 prefetch finish  @clk     1085652
slice14 prefetch finish  @clk     1085668
slice15 prefetch finish  @clk     1085684
slice4 prefetch finish  @clk     1085732
slice5 prefetch finish  @clk     1085748
slice6 prefetch finish  @clk     1085764
slice7 prefetch finish  @clk     1085780
slice8 prefetch finish  @clk     1085796
slice9 prefetch finish  @clk     1085812
slice10 prefetch finish  @clk     1085828
slice11 prefetch finish  @clk     1085844
slice2 prefetch finish  @clk     1085860
slice3 prefetch finish  @clk     1085884
slice12 compute config finish @clk     1086364
slice13 compute config finish @clk     1086364
slice14 compute config finish @clk     1086364
slice15 compute config finish @clk     1086364
slice12 start run  @clk     1086365
slice13 start run  @clk     1086365
slice14 start run  @clk     1086365
slice15 start run  @clk     1086365
slice8 compute config finish @clk     1086366
slice9 compute config finish @clk     1086366
slice10 compute config finish @clk     1086366
slice11 compute config finish @clk     1086366
slice8 start run  @clk     1086367
slice9 start run  @clk     1086367
slice10 start run  @clk     1086367
slice11 start run  @clk     1086367
slice4 compute config finish @clk     1086368
slice5 compute config finish @clk     1086368
slice6 compute config finish @clk     1086368
slice7 compute config finish @clk     1086368
slice4 start run  @clk     1086369
slice5 start run  @clk     1086369
slice6 start run  @clk     1086369
slice7 start run  @clk     1086369
slice0 compute config finish @clk     1086370
slice2 compute config finish @clk     1086370
slice3 compute config finish @clk     1086370
slice0 start run @clk     1086371
slice2 start run  @clk     1086371
slice3 start run  @clk     1086371
slice0 access done @clk     1086380
slice0 start write @clk     1086505
slice0 write_burst finish @clk     1086506
slice0 task finish @clk     1086508
slice12 start prefetch  @clk     1086847
slice13 start prefetch  @clk     1086847
slice14 start prefetch  @clk     1086847
slice15 start prefetch  @clk     1086847
slice8 start prefetch  @clk     1086849
slice9 start prefetch  @clk     1086849
slice10 start prefetch  @clk     1086849
slice11 start prefetch  @clk     1086849
slice4 start prefetch  @clk     1086851
slice5 start prefetch  @clk     1086851
slice6 start prefetch  @clk     1086851
slice7 start prefetch  @clk     1086851
slice0 start prefetch @clk     1086853
slice2 start prefetch  @clk     1086853
slice3 start prefetch  @clk     1086853
slice0 prefetch finish @clk     1086860
slice12 access done  @clk     1090964
slice13 access done  @clk     1090964
slice14 access done  @clk     1090964
slice15 access done  @clk     1090964
slice12 start write  @clk     1090965
slice13 start write  @clk     1090965
slice14 start write  @clk     1090965
slice15 start write  @clk     1090965
slice8 access done  @clk     1090966
slice9 access done  @clk     1090966
slice10 access done  @clk     1090966
slice11 access done  @clk     1090966
slice12 write_burst finish  @clk     1090966
slice13 write_burst finish  @clk     1090966
slice14 write_burst finish  @clk     1090966
slice15 write_burst finish  @clk     1090966
slice8 start write  @clk     1090967
slice9 start write  @clk     1090967
slice10 start write  @clk     1090967
slice11 start write  @clk     1090967
slice4 access done  @clk     1090968
slice5 access done  @clk     1090968
slice6 access done  @clk     1090968
slice7 access done  @clk     1090968
slice8 write_burst finish  @clk     1090968
slice9 write_burst finish  @clk     1090968
slice10 write_burst finish  @clk     1090968
slice11 write_burst finish  @clk     1090968
slice12 task finish  @clk     1090968
slice13 task finish  @clk     1090968
slice14 task finish  @clk     1090968
slice15 task finish  @clk     1090968
slice4 start write  @clk     1090969
slice5 start write  @clk     1090969
slice6 start write  @clk     1090969
slice7 start write  @clk     1090969
slice2 access done  @clk     1090970
slice3 access done  @clk     1090970
slice4 write_burst finish  @clk     1090970
slice5 write_burst finish  @clk     1090970
slice6 write_burst finish  @clk     1090970
slice7 write_burst finish  @clk     1090970
slice8 task finish  @clk     1090970
slice9 task finish  @clk     1090970
slice10 task finish  @clk     1090970
slice11 task finish  @clk     1090970
slice2 start write  @clk     1090971
slice3 start write  @clk     1090971
slice2 write_burst finish  @clk     1090972
slice3 write_burst finish  @clk     1090972
slice4 task finish  @clk     1090972
slice5 task finish  @clk     1090972
slice6 task finish  @clk     1090972
slice7 task finish  @clk     1090972
slice2 task finish  @clk     1090974
slice3 task finish  @clk     1090974
slice12 prefetch finish  @clk     1101004
slice13 prefetch finish  @clk     1101020
slice14 prefetch finish  @clk     1101036
slice15 prefetch finish  @clk     1101052
slice4 prefetch finish  @clk     1101100
slice5 prefetch finish  @clk     1101116
slice6 prefetch finish  @clk     1101132
slice7 prefetch finish  @clk     1101148
slice8 prefetch finish  @clk     1101164
slice9 prefetch finish  @clk     1101180
slice10 prefetch finish  @clk     1101196
slice11 prefetch finish  @clk     1101212
slice2 prefetch finish  @clk     1101246
slice3 prefetch finish  @clk     1101262
slice12 compute config finish @clk     1101718
slice13 compute config finish @clk     1101718
slice14 compute config finish @clk     1101718
slice15 compute config finish @clk     1101718
slice12 start run  @clk     1101719
slice13 start run  @clk     1101719
slice14 start run  @clk     1101719
slice15 start run  @clk     1101719
slice8 compute config finish @clk     1101720
slice9 compute config finish @clk     1101720
slice10 compute config finish @clk     1101720
slice11 compute config finish @clk     1101720
slice8 start run  @clk     1101721
slice9 start run  @clk     1101721
slice10 start run  @clk     1101721
slice11 start run  @clk     1101721
slice4 compute config finish @clk     1101722
slice5 compute config finish @clk     1101722
slice6 compute config finish @clk     1101722
slice7 compute config finish @clk     1101722
slice4 start run  @clk     1101723
slice5 start run  @clk     1101723
slice6 start run  @clk     1101723
slice7 start run  @clk     1101723
slice0 compute config finish @clk     1101724
slice2 compute config finish @clk     1101724
slice3 compute config finish @clk     1101724
slice0 start run @clk     1101725
slice2 start run  @clk     1101725
slice3 start run  @clk     1101725
slice0 access done @clk     1101734
slice0 start write @clk     1101859
slice0 write_burst finish @clk     1101860
slice0 task finish @clk     1101862
slice12 access done  @clk     1106318
slice13 access done  @clk     1106318
slice14 access done  @clk     1106318
slice15 access done  @clk     1106318
slice12 start write  @clk     1106319
slice13 start write  @clk     1106319
slice14 start write  @clk     1106319
slice15 start write  @clk     1106319
slice8 access done  @clk     1106320
slice9 access done  @clk     1106320
slice10 access done  @clk     1106320
slice11 access done  @clk     1106320
slice12 write_burst finish  @clk     1106320
slice13 write_burst finish  @clk     1106320
slice14 write_burst finish  @clk     1106320
slice15 write_burst finish  @clk     1106320
slice8 start write  @clk     1106321
slice9 start write  @clk     1106321
slice10 start write  @clk     1106321
slice11 start write  @clk     1106321
slice4 access done  @clk     1106322
slice5 access done  @clk     1106322
slice6 access done  @clk     1106322
slice7 access done  @clk     1106322
slice8 write_burst finish  @clk     1106322
slice9 write_burst finish  @clk     1106322
slice10 write_burst finish  @clk     1106322
slice11 write_burst finish  @clk     1106322
slice12 task finish  @clk     1106322
slice13 task finish  @clk     1106322
slice14 task finish  @clk     1106322
slice15 task finish  @clk     1106322
slice4 start write  @clk     1106323
slice5 start write  @clk     1106323
slice6 start write  @clk     1106323
slice7 start write  @clk     1106323
slice2 access done  @clk     1106324
slice3 access done  @clk     1106324
slice4 write_burst finish  @clk     1106324
slice5 write_burst finish  @clk     1106324
slice6 write_burst finish  @clk     1106324
slice7 write_burst finish  @clk     1106324
slice8 task finish  @clk     1106324
slice9 task finish  @clk     1106324
slice10 task finish  @clk     1106324
slice11 task finish  @clk     1106324
slice2 start write  @clk     1106325
slice3 start write  @clk     1106325
slice2 write_burst finish  @clk     1106326
slice3 write_burst finish  @clk     1106326
slice4 task finish  @clk     1106326
slice5 task finish  @clk     1106326
slice6 task finish  @clk     1106326
slice7 task finish  @clk     1106326
slice2 task finish  @clk     1106328
slice3 task finish  @clk     1106328
slice12 start prefetch  @clk     1106641
slice13 start prefetch  @clk     1106641
slice14 start prefetch  @clk     1106641
slice15 start prefetch  @clk     1106641
slice8 start prefetch  @clk     1106643
slice9 start prefetch  @clk     1106643
slice10 start prefetch  @clk     1106643
slice11 start prefetch  @clk     1106643
slice4 start prefetch  @clk     1106645
slice5 start prefetch  @clk     1106645
slice6 start prefetch  @clk     1106645
slice7 start prefetch  @clk     1106645
slice0 start prefetch @clk     1106647
slice2 start prefetch  @clk     1106647
slice3 start prefetch  @clk     1106647
slice0 prefetch finish @clk     1106654
slice12 prefetch finish  @clk     1120774
slice13 prefetch finish  @clk     1120790
slice14 prefetch finish  @clk     1120806
slice15 prefetch finish  @clk     1120822
slice4 prefetch finish  @clk     1120870
slice5 prefetch finish  @clk     1120886
slice6 prefetch finish  @clk     1120902
slice7 prefetch finish  @clk     1120918
slice8 prefetch finish  @clk     1120934
slice9 prefetch finish  @clk     1120950
slice10 prefetch finish  @clk     1120966
slice11 prefetch finish  @clk     1120982
slice2 prefetch finish  @clk     1121014
slice3 prefetch finish  @clk     1121030
slice12 compute config finish @clk     1121518
slice13 compute config finish @clk     1121518
slice14 compute config finish @clk     1121518
slice15 compute config finish @clk     1121518
slice12 start run  @clk     1121519
slice13 start run  @clk     1121519
slice14 start run  @clk     1121519
slice15 start run  @clk     1121519
slice8 compute config finish @clk     1121520
slice9 compute config finish @clk     1121520
slice10 compute config finish @clk     1121520
slice11 compute config finish @clk     1121520
slice8 start run  @clk     1121521
slice9 start run  @clk     1121521
slice10 start run  @clk     1121521
slice11 start run  @clk     1121521
slice4 compute config finish @clk     1121522
slice5 compute config finish @clk     1121522
slice6 compute config finish @clk     1121522
slice7 compute config finish @clk     1121522
slice4 start run  @clk     1121523
slice5 start run  @clk     1121523
slice6 start run  @clk     1121523
slice7 start run  @clk     1121523
slice0 compute config finish @clk     1121524
slice2 compute config finish @clk     1121524
slice3 compute config finish @clk     1121524
slice0 start run @clk     1121525
slice2 start run  @clk     1121525
slice3 start run  @clk     1121525
slice0 access done @clk     1121534
slice0 start write @clk     1121659
slice0 write_burst finish @clk     1121660
slice0 task finish @clk     1121662
slice12 access done  @clk     1126118
slice13 access done  @clk     1126118
slice14 access done  @clk     1126118
slice15 access done  @clk     1126118
slice12 start write  @clk     1126119
slice13 start write  @clk     1126119
slice14 start write  @clk     1126119
slice15 start write  @clk     1126119
slice8 access done  @clk     1126120
slice9 access done  @clk     1126120
slice10 access done  @clk     1126120
slice11 access done  @clk     1126120
slice12 write_burst finish  @clk     1126120
slice13 write_burst finish  @clk     1126120
slice14 write_burst finish  @clk     1126120
slice15 write_burst finish  @clk     1126120
slice8 start write  @clk     1126121
slice9 start write  @clk     1126121
slice10 start write  @clk     1126121
slice11 start write  @clk     1126121
slice4 access done  @clk     1126122
slice5 access done  @clk     1126122
slice6 access done  @clk     1126122
slice7 access done  @clk     1126122
slice8 write_burst finish  @clk     1126122
slice9 write_burst finish  @clk     1126122
slice10 write_burst finish  @clk     1126122
slice11 write_burst finish  @clk     1126122
slice12 task finish  @clk     1126122
slice13 task finish  @clk     1126122
slice14 task finish  @clk     1126122
slice15 task finish  @clk     1126122
slice4 start write  @clk     1126123
slice5 start write  @clk     1126123
slice6 start write  @clk     1126123
slice7 start write  @clk     1126123
slice2 access done  @clk     1126124
slice3 access done  @clk     1126124
slice4 write_burst finish  @clk     1126124
slice5 write_burst finish  @clk     1126124
slice6 write_burst finish  @clk     1126124
slice7 write_burst finish  @clk     1126124
slice8 task finish  @clk     1126124
slice9 task finish  @clk     1126124
slice10 task finish  @clk     1126124
slice11 task finish  @clk     1126124
slice2 start write  @clk     1126125
slice3 start write  @clk     1126125
slice2 write_burst finish  @clk     1126126
slice3 write_burst finish  @clk     1126126
slice4 task finish  @clk     1126126
slice5 task finish  @clk     1126126
slice6 task finish  @clk     1126126
slice7 task finish  @clk     1126126
slice2 task finish  @clk     1126128
slice3 task finish  @clk     1126128
slice12 start prefetch  @clk     1126441
slice13 start prefetch  @clk     1126441
slice14 start prefetch  @clk     1126441
slice15 start prefetch  @clk     1126441
slice8 start prefetch  @clk     1126443
slice9 start prefetch  @clk     1126443
slice10 start prefetch  @clk     1126443
slice11 start prefetch  @clk     1126443
slice4 start prefetch  @clk     1126445
slice5 start prefetch  @clk     1126445
slice6 start prefetch  @clk     1126445
slice7 start prefetch  @clk     1126445
slice0 start prefetch @clk     1126447
slice2 start prefetch  @clk     1126447
slice3 start prefetch  @clk     1126447
slice0 prefetch finish @clk     1126454
