slice12 start prefetch  @clk     1024231
slice13 start prefetch  @clk     1024231
slice14 start prefetch  @clk     1024231
slice15 start prefetch  @clk     1024231
slice8 start prefetch  @clk     1024233
slice9 start prefetch  @clk     1024233
slice10 start prefetch  @clk     1024233
slice11 start prefetch  @clk     1024233
slice4 start prefetch  @clk     1024235
slice5 start prefetch  @clk     1024235
slice6 start prefetch  @clk     1024235
slice7 start prefetch  @clk     1024235
slice0 start prefetch @clk     1024237
slice1 start prefetch  @clk     1024237
slice2 start prefetch  @clk     1024237
slice3 start prefetch  @clk     1024237
slice12 prefetch finish  @clk     1039958
slice13 prefetch finish  @clk     1039976
slice14 prefetch finish  @clk     1039992
slice15 prefetch finish  @clk     1040010
slice4 prefetch finish  @clk     1040112
slice5 prefetch finish  @clk     1040130
slice6 prefetch finish  @clk     1040146
slice7 prefetch finish  @clk     1040164
slice8 prefetch finish  @clk     1040190
slice9 prefetch finish  @clk     1040208
slice10 prefetch finish  @clk     1040224
slice11 prefetch finish  @clk     1040242
slice0 prefetch finish @clk     1040268
slice1 prefetch finish  @clk     1040286
slice2 prefetch finish  @clk     1040302
slice3 prefetch finish  @clk     1040320
slice12 compute config finish @clk     1040702
slice13 compute config finish @clk     1040702
slice14 compute config finish @clk     1040702
slice15 compute config finish @clk     1040702
slice12 start run  @clk     1040703
slice13 start run  @clk     1040703
slice14 start run  @clk     1040703
slice15 start run  @clk     1040703
slice8 compute config finish @clk     1040704
slice9 compute config finish @clk     1040704
slice10 compute config finish @clk     1040704
slice11 compute config finish @clk     1040704
slice8 start run  @clk     1040705
slice9 start run  @clk     1040705
slice10 start run  @clk     1040705
slice11 start run  @clk     1040705
slice4 compute config finish @clk     1040706
slice5 compute config finish @clk     1040706
slice6 compute config finish @clk     1040706
slice7 compute config finish @clk     1040706
slice4 start run  @clk     1040707
slice5 start run  @clk     1040707
slice6 start run  @clk     1040707
slice7 start run  @clk     1040707
slice0 compute config finish @clk     1040740
slice1 compute config finish @clk     1040740
slice2 compute config finish @clk     1040740
slice3 compute config finish @clk     1040740
slice0 start run @clk     1040741
slice1 start run  @clk     1040741
slice2 start run  @clk     1040741
slice3 start run  @clk     1040741
slice12 start prefetch  @clk     1041215
slice13 start prefetch  @clk     1041215
slice14 start prefetch  @clk     1041215
slice15 start prefetch  @clk     1041215
slice8 start prefetch  @clk     1041217
slice9 start prefetch  @clk     1041217
slice10 start prefetch  @clk     1041217
slice11 start prefetch  @clk     1041217
slice4 start prefetch  @clk     1041219
slice5 start prefetch  @clk     1041219
slice6 start prefetch  @clk     1041219
slice7 start prefetch  @clk     1041219
slice0 start prefetch @clk     1041221
slice1 start prefetch  @clk     1041221
slice2 start prefetch  @clk     1041221
slice3 start prefetch  @clk     1041221
slice12 access done  @clk     1050837
slice13 access done  @clk     1050837
slice14 access done  @clk     1050837
slice15 access done  @clk     1050837
slice12 start write  @clk     1050838
slice13 start write  @clk     1050838
slice14 start write  @clk     1050838
slice15 start write  @clk     1050838
slice8 access done  @clk     1050839
slice9 access done  @clk     1050839
slice10 access done  @clk     1050839
slice11 access done  @clk     1050839
slice12 write_burst finish  @clk     1050839
slice13 write_burst finish  @clk     1050839
slice14 write_burst finish  @clk     1050839
slice15 write_burst finish  @clk     1050839
slice8 start write  @clk     1050840
slice9 start write  @clk     1050840
slice10 start write  @clk     1050840
slice11 start write  @clk     1050840
slice4 access done  @clk     1050841
slice5 access done  @clk     1050841
slice6 access done  @clk     1050841
slice7 access done  @clk     1050841
slice8 write_burst finish  @clk     1050841
slice9 write_burst finish  @clk     1050841
slice10 write_burst finish  @clk     1050841
slice11 write_burst finish  @clk     1050841
slice12 task finish  @clk     1050841
slice13 task finish  @clk     1050841
slice14 task finish  @clk     1050841
slice15 task finish  @clk     1050841
slice4 start write  @clk     1050842
slice5 start write  @clk     1050842
slice6 start write  @clk     1050842
slice7 start write  @clk     1050842
slice4 write_burst finish  @clk     1050843
slice5 write_burst finish  @clk     1050843
slice6 write_burst finish  @clk     1050843
slice7 write_burst finish  @clk     1050843
slice8 task finish  @clk     1050843
slice9 task finish  @clk     1050843
slice10 task finish  @clk     1050843
slice11 task finish  @clk     1050843
slice4 task finish  @clk     1050845
slice5 task finish  @clk     1050845
slice6 task finish  @clk     1050845
slice7 task finish  @clk     1050845
slice0 access done @clk     1050875
slice1 access done  @clk     1050875
slice2 access done  @clk     1050875
slice3 access done  @clk     1050875
slice0 start write @clk     1050876
slice1 start write  @clk     1050876
slice2 start write  @clk     1050876
slice3 start write  @clk     1050876
slice0 write_burst finish @clk     1050877
slice1 write_burst finish  @clk     1050877
slice2 write_burst finish  @clk     1050877
slice3 write_burst finish  @clk     1050877
slice0 task finish @clk     1050879
slice1 task finish  @clk     1050879
slice2 task finish  @clk     1050879
slice3 task finish  @clk     1050879
slice12 prefetch finish  @clk     1056604
slice13 prefetch finish  @clk     1056622
slice14 prefetch finish  @clk     1056638
slice15 prefetch finish  @clk     1056656
slice4 prefetch finish  @clk     1056758
slice5 prefetch finish  @clk     1056776
slice6 prefetch finish  @clk     1056792
slice7 prefetch finish  @clk     1056810
slice8 prefetch finish  @clk     1056836
slice9 prefetch finish  @clk     1056854
slice10 prefetch finish  @clk     1056870
slice11 prefetch finish  @clk     1056888
slice0 prefetch finish @clk     1056914
slice1 prefetch finish  @clk     1056932
slice2 prefetch finish  @clk     1056948
slice3 prefetch finish  @clk     1056966
slice12 compute config finish @clk     1057604
slice13 compute config finish @clk     1057604
slice14 compute config finish @clk     1057604
slice15 compute config finish @clk     1057604
slice12 start run  @clk     1057605
slice13 start run  @clk     1057605
slice14 start run  @clk     1057605
slice15 start run  @clk     1057605
slice8 compute config finish @clk     1057606
slice9 compute config finish @clk     1057606
slice10 compute config finish @clk     1057606
slice11 compute config finish @clk     1057606
slice8 start run  @clk     1057607
slice9 start run  @clk     1057607
slice10 start run  @clk     1057607
slice11 start run  @clk     1057607
slice4 compute config finish @clk     1057608
slice5 compute config finish @clk     1057608
slice6 compute config finish @clk     1057608
slice7 compute config finish @clk     1057608
slice4 start run  @clk     1057609
slice5 start run  @clk     1057609
slice6 start run  @clk     1057609
slice7 start run  @clk     1057609
slice0 compute config finish @clk     1057610
slice1 compute config finish @clk     1057610
slice2 compute config finish @clk     1057610
slice3 compute config finish @clk     1057610
slice0 start run @clk     1057611
slice1 start run  @clk     1057611
slice2 start run  @clk     1057611
slice3 start run  @clk     1057611
slice12 start prefetch  @clk     1058085
slice13 start prefetch  @clk     1058085
slice14 start prefetch  @clk     1058085
slice15 start prefetch  @clk     1058085
slice8 start prefetch  @clk     1058087
slice9 start prefetch  @clk     1058087
slice10 start prefetch  @clk     1058087
slice11 start prefetch  @clk     1058087
slice4 start prefetch  @clk     1058089
slice5 start prefetch  @clk     1058089
slice6 start prefetch  @clk     1058089
slice7 start prefetch  @clk     1058089
slice0 start prefetch @clk     1058091
slice1 start prefetch  @clk     1058091
slice2 start prefetch  @clk     1058091
slice3 start prefetch  @clk     1058091
slice12 access done  @clk     1067739
slice13 access done  @clk     1067739
slice14 access done  @clk     1067739
slice15 access done  @clk     1067739
slice12 start write  @clk     1067740
slice13 start write  @clk     1067740
slice14 start write  @clk     1067740
slice15 start write  @clk     1067740
slice8 access done  @clk     1067741
slice9 access done  @clk     1067741
slice10 access done  @clk     1067741
slice11 access done  @clk     1067741
slice12 write_burst finish  @clk     1067741
slice13 write_burst finish  @clk     1067741
slice14 write_burst finish  @clk     1067741
slice15 write_burst finish  @clk     1067741
slice8 start write  @clk     1067742
slice9 start write  @clk     1067742
slice10 start write  @clk     1067742
slice11 start write  @clk     1067742
slice4 access done  @clk     1067743
slice5 access done  @clk     1067743
slice6 access done  @clk     1067743
slice7 access done  @clk     1067743
slice8 write_burst finish  @clk     1067743
slice9 write_burst finish  @clk     1067743
slice10 write_burst finish  @clk     1067743
slice11 write_burst finish  @clk     1067743
slice12 task finish  @clk     1067743
slice13 task finish  @clk     1067743
slice14 task finish  @clk     1067743
slice15 task finish  @clk     1067743
slice4 start write  @clk     1067744
slice5 start write  @clk     1067744
slice6 start write  @clk     1067744
slice7 start write  @clk     1067744
slice0 access done @clk     1067745
slice1 access done  @clk     1067745
slice2 access done  @clk     1067745
slice3 access done  @clk     1067745
slice4 write_burst finish  @clk     1067745
slice5 write_burst finish  @clk     1067745
slice6 write_burst finish  @clk     1067745
slice7 write_burst finish  @clk     1067745
slice8 task finish  @clk     1067745
slice9 task finish  @clk     1067745
slice10 task finish  @clk     1067745
slice11 task finish  @clk     1067745
slice0 start write @clk     1067746
slice1 start write  @clk     1067746
slice2 start write  @clk     1067746
slice3 start write  @clk     1067746
slice0 write_burst finish @clk     1067747
slice1 write_burst finish  @clk     1067747
slice2 write_burst finish  @clk     1067747
slice3 write_burst finish  @clk     1067747
slice4 task finish  @clk     1067747
slice5 task finish  @clk     1067747
slice6 task finish  @clk     1067747
slice7 task finish  @clk     1067747
slice0 task finish @clk     1067749
slice1 task finish  @clk     1067749
slice2 task finish  @clk     1067749
slice3 task finish  @clk     1067749
slice12 prefetch finish  @clk     1073734
slice13 prefetch finish  @clk     1073752
slice14 prefetch finish  @clk     1073768
slice15 prefetch finish  @clk     1073786
slice4 prefetch finish  @clk     1073888
slice5 prefetch finish  @clk     1073906
slice6 prefetch finish  @clk     1073922
slice7 prefetch finish  @clk     1073940
slice8 prefetch finish  @clk     1073966
slice9 prefetch finish  @clk     1073984
slice10 prefetch finish  @clk     1074000
slice11 prefetch finish  @clk     1074018
slice0 prefetch finish @clk     1074044
slice1 prefetch finish  @clk     1074062
slice2 prefetch finish  @clk     1074078
slice3 prefetch finish  @clk     1074096
slice12 compute config finish @clk     1074424
slice13 compute config finish @clk     1074424
slice14 compute config finish @clk     1074424
slice15 compute config finish @clk     1074424
slice12 start run  @clk     1074425
slice13 start run  @clk     1074425
slice14 start run  @clk     1074425
slice15 start run  @clk     1074425
slice8 compute config finish @clk     1074426
slice9 compute config finish @clk     1074426
slice10 compute config finish @clk     1074426
slice11 compute config finish @clk     1074426
slice8 start run  @clk     1074427
slice9 start run  @clk     1074427
slice10 start run  @clk     1074427
slice11 start run  @clk     1074427
slice4 compute config finish @clk     1074428
slice5 compute config finish @clk     1074428
slice6 compute config finish @clk     1074428
slice7 compute config finish @clk     1074428
slice4 start run  @clk     1074429
slice5 start run  @clk     1074429
slice6 start run  @clk     1074429
slice7 start run  @clk     1074429
slice0 compute config finish @clk     1074430
slice1 compute config finish @clk     1074430
slice2 compute config finish @clk     1074430
slice3 compute config finish @clk     1074430
slice0 start run @clk     1074431
slice1 start run  @clk     1074431
slice2 start run  @clk     1074431
slice3 start run  @clk     1074431
slice12 start prefetch  @clk     1074905
slice13 start prefetch  @clk     1074905
slice14 start prefetch  @clk     1074905
slice15 start prefetch  @clk     1074905
slice8 start prefetch  @clk     1074907
slice9 start prefetch  @clk     1074907
slice10 start prefetch  @clk     1074907
slice11 start prefetch  @clk     1074907
slice4 start prefetch  @clk     1074909
slice5 start prefetch  @clk     1074909
slice6 start prefetch  @clk     1074909
slice7 start prefetch  @clk     1074909
slice0 start prefetch @clk     1074911
slice1 start prefetch  @clk     1074911
slice2 start prefetch  @clk     1074911
slice3 start prefetch  @clk     1074911
slice12 access done  @clk     1084559
slice13 access done  @clk     1084559
slice14 access done  @clk     1084559
slice15 access done  @clk     1084559
slice12 start write  @clk     1084560
slice13 start write  @clk     1084560
slice14 start write  @clk     1084560
slice15 start write  @clk     1084560
slice8 access done  @clk     1084561
slice9 access done  @clk     1084561
slice10 access done  @clk     1084561
slice11 access done  @clk     1084561
slice12 write_burst finish  @clk     1084561
slice13 write_burst finish  @clk     1084561
slice14 write_burst finish  @clk     1084561
slice15 write_burst finish  @clk     1084561
slice8 start write  @clk     1084562
slice9 start write  @clk     1084562
slice10 start write  @clk     1084562
slice11 start write  @clk     1084562
slice4 access done  @clk     1084563
slice5 access done  @clk     1084563
slice6 access done  @clk     1084563
slice7 access done  @clk     1084563
slice8 write_burst finish  @clk     1084563
slice9 write_burst finish  @clk     1084563
slice10 write_burst finish  @clk     1084563
slice11 write_burst finish  @clk     1084563
slice12 task finish  @clk     1084563
slice13 task finish  @clk     1084563
slice14 task finish  @clk     1084563
slice15 task finish  @clk     1084563
slice4 start write  @clk     1084564
slice5 start write  @clk     1084564
slice6 start write  @clk     1084564
slice7 start write  @clk     1084564
slice0 access done @clk     1084565
slice1 access done  @clk     1084565
slice2 access done  @clk     1084565
slice3 access done  @clk     1084565
slice4 write_burst finish  @clk     1084565
slice5 write_burst finish  @clk     1084565
slice6 write_burst finish  @clk     1084565
slice7 write_burst finish  @clk     1084565
slice8 task finish  @clk     1084565
slice9 task finish  @clk     1084565
slice10 task finish  @clk     1084565
slice11 task finish  @clk     1084565
slice0 start write @clk     1084566
slice1 start write  @clk     1084566
slice2 start write  @clk     1084566
slice3 start write  @clk     1084566
slice0 write_burst finish @clk     1084567
slice1 write_burst finish  @clk     1084567
slice2 write_burst finish  @clk     1084567
slice3 write_burst finish  @clk     1084567
slice4 task finish  @clk     1084567
slice5 task finish  @clk     1084567
slice6 task finish  @clk     1084567
slice7 task finish  @clk     1084567
slice0 task finish @clk     1084569
slice1 task finish  @clk     1084569
slice2 task finish  @clk     1084569
slice3 task finish  @clk     1084569
slice12 prefetch finish  @clk     1090246
slice13 prefetch finish  @clk     1090262
slice14 prefetch finish  @clk     1090280
slice15 prefetch finish  @clk     1090296
slice4 prefetch finish  @clk     1090400
slice5 prefetch finish  @clk     1090416
slice6 prefetch finish  @clk     1090434
slice7 prefetch finish  @clk     1090450
slice8 prefetch finish  @clk     1090478
slice9 prefetch finish  @clk     1090494
slice10 prefetch finish  @clk     1090512
slice11 prefetch finish  @clk     1090528
slice0 prefetch finish @clk     1090556
slice1 prefetch finish  @clk     1090572
slice2 prefetch finish  @clk     1090590
slice3 prefetch finish  @clk     1090606
slice12 compute config finish @clk     1091284
slice13 compute config finish @clk     1091284
slice14 compute config finish @clk     1091284
slice15 compute config finish @clk     1091284
slice12 start run  @clk     1091285
slice13 start run  @clk     1091285
slice14 start run  @clk     1091285
slice15 start run  @clk     1091285
slice8 compute config finish @clk     1091286
slice9 compute config finish @clk     1091286
slice10 compute config finish @clk     1091286
slice11 compute config finish @clk     1091286
slice8 start run  @clk     1091287
slice9 start run  @clk     1091287
slice10 start run  @clk     1091287
slice11 start run  @clk     1091287
slice4 compute config finish @clk     1091288
slice5 compute config finish @clk     1091288
slice6 compute config finish @clk     1091288
slice7 compute config finish @clk     1091288
slice4 start run  @clk     1091289
slice5 start run  @clk     1091289
slice6 start run  @clk     1091289
slice7 start run  @clk     1091289
slice0 compute config finish @clk     1091290
slice1 compute config finish @clk     1091290
slice2 compute config finish @clk     1091290
slice3 compute config finish @clk     1091290
slice0 start run @clk     1091291
slice1 start run  @clk     1091291
slice2 start run  @clk     1091291
slice3 start run  @clk     1091291
slice12 start prefetch  @clk     1092035
slice13 start prefetch  @clk     1092035
slice14 start prefetch  @clk     1092035
slice15 start prefetch  @clk     1092035
slice8 start prefetch  @clk     1092037
slice9 start prefetch  @clk     1092037
slice10 start prefetch  @clk     1092037
slice11 start prefetch  @clk     1092037
slice4 start prefetch  @clk     1092039
slice5 start prefetch  @clk     1092039
slice6 start prefetch  @clk     1092039
slice7 start prefetch  @clk     1092039
slice0 start prefetch @clk     1092041
slice1 start prefetch  @clk     1092041
slice2 start prefetch  @clk     1092041
slice3 start prefetch  @clk     1092041
slice12 access done  @clk     1101419
slice13 access done  @clk     1101419
slice14 access done  @clk     1101419
slice15 access done  @clk     1101419
slice12 start write  @clk     1101420
slice13 start write  @clk     1101420
slice14 start write  @clk     1101420
slice15 start write  @clk     1101420
slice8 access done  @clk     1101421
slice9 access done  @clk     1101421
slice10 access done  @clk     1101421
slice11 access done  @clk     1101421
slice12 write_burst finish  @clk     1101421
slice13 write_burst finish  @clk     1101421
slice14 write_burst finish  @clk     1101421
slice15 write_burst finish  @clk     1101421
slice8 start write  @clk     1101422
slice9 start write  @clk     1101422
slice10 start write  @clk     1101422
slice11 start write  @clk     1101422
slice4 access done  @clk     1101423
slice5 access done  @clk     1101423
slice6 access done  @clk     1101423
slice7 access done  @clk     1101423
slice8 write_burst finish  @clk     1101423
slice9 write_burst finish  @clk     1101423
slice10 write_burst finish  @clk     1101423
slice11 write_burst finish  @clk     1101423
slice12 task finish  @clk     1101423
slice13 task finish  @clk     1101423
slice14 task finish  @clk     1101423
slice15 task finish  @clk     1101423
slice4 start write  @clk     1101424
slice5 start write  @clk     1101424
slice6 start write  @clk     1101424
slice7 start write  @clk     1101424
slice0 access done @clk     1101425
slice1 access done  @clk     1101425
slice2 access done  @clk     1101425
slice3 access done  @clk     1101425
slice4 write_burst finish  @clk     1101425
slice5 write_burst finish  @clk     1101425
slice6 write_burst finish  @clk     1101425
slice7 write_burst finish  @clk     1101425
slice8 task finish  @clk     1101425
slice9 task finish  @clk     1101425
slice10 task finish  @clk     1101425
slice11 task finish  @clk     1101425
slice0 start write @clk     1101426
slice1 start write  @clk     1101426
slice2 start write  @clk     1101426
slice3 start write  @clk     1101426
slice0 write_burst finish @clk     1101427
slice1 write_burst finish  @clk     1101427
slice2 write_burst finish  @clk     1101427
slice3 write_burst finish  @clk     1101427
slice4 task finish  @clk     1101427
slice5 task finish  @clk     1101427
slice6 task finish  @clk     1101427
slice7 task finish  @clk     1101427
slice0 task finish @clk     1101429
slice1 task finish  @clk     1101429
slice2 task finish  @clk     1101429
slice3 task finish  @clk     1101429
slice12 prefetch finish  @clk     1107632
slice13 prefetch finish  @clk     1107638
slice14 prefetch finish  @clk     1107686
slice15 prefetch finish  @clk     1107708
slice4 prefetch finish  @clk     1107808
slice5 prefetch finish  @clk     1107840
slice6 prefetch finish  @clk     1107862
slice7 prefetch finish  @clk     1107884
slice8 prefetch finish  @clk     1107890
slice9 prefetch finish  @clk     1107918
slice10 prefetch finish  @clk     1107940
slice11 prefetch finish  @clk     1107962
slice0 prefetch finish @clk     1107996
slice1 prefetch finish  @clk     1108018
slice2 prefetch finish  @clk     1108040
slice3 prefetch finish  @clk     1108060
slice12 compute config finish @clk     1108292
slice13 compute config finish @clk     1108292
slice14 compute config finish @clk     1108292
slice15 compute config finish @clk     1108292
slice12 start run  @clk     1108293
slice13 start run  @clk     1108293
slice14 start run  @clk     1108293
slice15 start run  @clk     1108293
slice8 compute config finish @clk     1108294
slice9 compute config finish @clk     1108294
slice10 compute config finish @clk     1108294
slice11 compute config finish @clk     1108294
slice8 start run  @clk     1108295
slice9 start run  @clk     1108295
slice10 start run  @clk     1108295
slice11 start run  @clk     1108295
slice4 compute config finish @clk     1108296
slice5 compute config finish @clk     1108296
slice6 compute config finish @clk     1108296
slice7 compute config finish @clk     1108296
slice4 start run  @clk     1108297
slice5 start run  @clk     1108297
slice6 start run  @clk     1108297
slice7 start run  @clk     1108297
slice0 compute config finish @clk     1108298
slice1 compute config finish @clk     1108298
slice2 compute config finish @clk     1108298
slice3 compute config finish @clk     1108298
slice0 start run @clk     1108299
slice1 start run  @clk     1108299
slice2 start run  @clk     1108299
slice3 start run  @clk     1108299
slice12 start prefetch  @clk     1108773
slice13 start prefetch  @clk     1108773
slice14 start prefetch  @clk     1108773
slice15 start prefetch  @clk     1108773
slice8 start prefetch  @clk     1108775
slice9 start prefetch  @clk     1108775
slice10 start prefetch  @clk     1108775
slice11 start prefetch  @clk     1108775
slice4 start prefetch  @clk     1108777
slice5 start prefetch  @clk     1108777
slice6 start prefetch  @clk     1108777
slice7 start prefetch  @clk     1108777
slice0 start prefetch @clk     1108779
slice1 start prefetch  @clk     1108779
slice2 start prefetch  @clk     1108779
slice3 start prefetch  @clk     1108779
slice12 access done  @clk     1118427
slice13 access done  @clk     1118427
slice14 access done  @clk     1118427
slice15 access done  @clk     1118427
slice12 start write  @clk     1118428
slice13 start write  @clk     1118428
slice14 start write  @clk     1118428
slice15 start write  @clk     1118428
slice8 access done  @clk     1118429
slice9 access done  @clk     1118429
slice10 access done  @clk     1118429
slice11 access done  @clk     1118429
slice12 write_burst finish  @clk     1118429
slice13 write_burst finish  @clk     1118429
slice14 write_burst finish  @clk     1118429
slice15 write_burst finish  @clk     1118429
slice8 start write  @clk     1118430
slice9 start write  @clk     1118430
slice10 start write  @clk     1118430
slice11 start write  @clk     1118430
slice4 access done  @clk     1118431
slice5 access done  @clk     1118431
slice6 access done  @clk     1118431
slice7 access done  @clk     1118431
slice8 write_burst finish  @clk     1118431
slice9 write_burst finish  @clk     1118431
slice10 write_burst finish  @clk     1118431
slice11 write_burst finish  @clk     1118431
slice12 task finish  @clk     1118431
slice13 task finish  @clk     1118431
slice14 task finish  @clk     1118431
slice15 task finish  @clk     1118431
slice4 start write  @clk     1118432
slice5 start write  @clk     1118432
slice6 start write  @clk     1118432
slice7 start write  @clk     1118432
slice0 access done @clk     1118433
slice1 access done  @clk     1118433
slice2 access done  @clk     1118433
slice3 access done  @clk     1118433
slice4 write_burst finish  @clk     1118433
slice5 write_burst finish  @clk     1118433
slice6 write_burst finish  @clk     1118433
slice7 write_burst finish  @clk     1118433
slice8 task finish  @clk     1118433
slice9 task finish  @clk     1118433
slice10 task finish  @clk     1118433
slice11 task finish  @clk     1118433
slice0 start write @clk     1118434
slice1 start write  @clk     1118434
slice2 start write  @clk     1118434
slice3 start write  @clk     1118434
slice0 write_burst finish @clk     1118435
slice1 write_burst finish  @clk     1118435
slice2 write_burst finish  @clk     1118435
slice3 write_burst finish  @clk     1118435
slice4 task finish  @clk     1118435
slice5 task finish  @clk     1118435
slice6 task finish  @clk     1118435
slice7 task finish  @clk     1118435
slice0 task finish @clk     1118437
slice1 task finish  @clk     1118437
slice2 task finish  @clk     1118437
slice3 task finish  @clk     1118437
slice12 prefetch finish  @clk     1124160
slice13 prefetch finish  @clk     1124176
slice14 prefetch finish  @clk     1124194
slice15 prefetch finish  @clk     1124210
slice4 prefetch finish  @clk     1124314
slice5 prefetch finish  @clk     1124330
slice6 prefetch finish  @clk     1124348
slice7 prefetch finish  @clk     1124364
slice8 prefetch finish  @clk     1124392
slice9 prefetch finish  @clk     1124408
slice10 prefetch finish  @clk     1124426
slice11 prefetch finish  @clk     1124442
slice0 prefetch finish @clk     1124470
slice1 prefetch finish  @clk     1124486
slice2 prefetch finish  @clk     1124504
slice3 prefetch finish  @clk     1124520
slice12 compute config finish @clk     1125160
slice13 compute config finish @clk     1125160
slice14 compute config finish @clk     1125160
slice15 compute config finish @clk     1125160
slice12 start run  @clk     1125161
slice13 start run  @clk     1125161
slice14 start run  @clk     1125161
slice15 start run  @clk     1125161
slice8 compute config finish @clk     1125162
slice9 compute config finish @clk     1125162
slice10 compute config finish @clk     1125162
slice11 compute config finish @clk     1125162
slice8 start run  @clk     1125163
slice9 start run  @clk     1125163
slice10 start run  @clk     1125163
slice11 start run  @clk     1125163
slice4 compute config finish @clk     1125164
slice5 compute config finish @clk     1125164
slice6 compute config finish @clk     1125164
slice7 compute config finish @clk     1125164
slice4 start run  @clk     1125165
slice5 start run  @clk     1125165
slice6 start run  @clk     1125165
slice7 start run  @clk     1125165
slice0 compute config finish @clk     1125166
slice1 compute config finish @clk     1125166
slice2 compute config finish @clk     1125166
slice3 compute config finish @clk     1125166
slice0 start run @clk     1125167
slice1 start run  @clk     1125167
slice2 start run  @clk     1125167
slice3 start run  @clk     1125167
slice12 start prefetch  @clk     1125641
slice13 start prefetch  @clk     1125641
slice14 start prefetch  @clk     1125641
slice15 start prefetch  @clk     1125641
slice8 start prefetch  @clk     1125643
slice9 start prefetch  @clk     1125643
slice10 start prefetch  @clk     1125643
slice11 start prefetch  @clk     1125643
slice4 start prefetch  @clk     1125645
slice5 start prefetch  @clk     1125645
slice6 start prefetch  @clk     1125645
slice7 start prefetch  @clk     1125645
slice0 start prefetch @clk     1125647
slice1 start prefetch  @clk     1125647
slice2 start prefetch  @clk     1125647
slice3 start prefetch  @clk     1125647
slice12 access done  @clk     1135295
slice13 access done  @clk     1135295
slice14 access done  @clk     1135295
slice15 access done  @clk     1135295
slice12 start write  @clk     1135296
slice13 start write  @clk     1135296
slice14 start write  @clk     1135296
slice15 start write  @clk     1135296
slice8 access done  @clk     1135297
slice9 access done  @clk     1135297
slice10 access done  @clk     1135297
slice11 access done  @clk     1135297
slice12 write_burst finish  @clk     1135297
slice13 write_burst finish  @clk     1135297
slice14 write_burst finish  @clk     1135297
slice15 write_burst finish  @clk     1135297
slice8 start write  @clk     1135298
slice9 start write  @clk     1135298
slice10 start write  @clk     1135298
slice11 start write  @clk     1135298
slice4 access done  @clk     1135299
slice5 access done  @clk     1135299
slice6 access done  @clk     1135299
slice7 access done  @clk     1135299
slice8 write_burst finish  @clk     1135299
slice9 write_burst finish  @clk     1135299
slice10 write_burst finish  @clk     1135299
slice11 write_burst finish  @clk     1135299
slice12 task finish  @clk     1135299
slice13 task finish  @clk     1135299
slice14 task finish  @clk     1135299
slice15 task finish  @clk     1135299
slice4 start write  @clk     1135300
slice5 start write  @clk     1135300
slice6 start write  @clk     1135300
slice7 start write  @clk     1135300
slice0 access done @clk     1135301
slice1 access done  @clk     1135301
slice2 access done  @clk     1135301
slice3 access done  @clk     1135301
slice4 write_burst finish  @clk     1135301
slice5 write_burst finish  @clk     1135301
slice6 write_burst finish  @clk     1135301
slice7 write_burst finish  @clk     1135301
slice8 task finish  @clk     1135301
slice9 task finish  @clk     1135301
slice10 task finish  @clk     1135301
slice11 task finish  @clk     1135301
slice0 start write @clk     1135302
slice1 start write  @clk     1135302
slice2 start write  @clk     1135302
slice3 start write  @clk     1135302
slice0 write_burst finish @clk     1135303
slice1 write_burst finish  @clk     1135303
slice2 write_burst finish  @clk     1135303
slice3 write_burst finish  @clk     1135303
slice4 task finish  @clk     1135303
slice5 task finish  @clk     1135303
slice6 task finish  @clk     1135303
slice7 task finish  @clk     1135303
slice0 task finish @clk     1135305
slice1 task finish  @clk     1135305
slice2 task finish  @clk     1135305
slice3 task finish  @clk     1135305
slice12 prefetch finish  @clk     1141348
slice13 prefetch finish  @clk     1141364
slice14 prefetch finish  @clk     1141380
slice15 prefetch finish  @clk     1141396
slice4 prefetch finish  @clk     1141502
slice5 prefetch finish  @clk     1141518
slice6 prefetch finish  @clk     1141534
slice7 prefetch finish  @clk     1141550
slice8 prefetch finish  @clk     1141580
slice9 prefetch finish  @clk     1141596
slice10 prefetch finish  @clk     1141612
slice11 prefetch finish  @clk     1141628
slice0 prefetch finish @clk     1141658
slice1 prefetch finish  @clk     1141674
slice2 prefetch finish  @clk     1141690
slice3 prefetch finish  @clk     1141706
slice12 compute config finish @clk     1141994
slice13 compute config finish @clk     1141994
slice14 compute config finish @clk     1141994
slice15 compute config finish @clk     1141994
slice12 start run  @clk     1141995
slice13 start run  @clk     1141995
slice14 start run  @clk     1141995
slice15 start run  @clk     1141995
slice8 compute config finish @clk     1141996
slice9 compute config finish @clk     1141996
slice10 compute config finish @clk     1141996
slice11 compute config finish @clk     1141996
slice8 start run  @clk     1141997
slice9 start run  @clk     1141997
slice10 start run  @clk     1141997
slice11 start run  @clk     1141997
slice4 compute config finish @clk     1141998
slice5 compute config finish @clk     1141998
slice6 compute config finish @clk     1141998
slice7 compute config finish @clk     1141998
slice4 start run  @clk     1141999
slice5 start run  @clk     1141999
slice6 start run  @clk     1141999
slice7 start run  @clk     1141999
slice0 compute config finish @clk     1142032
slice1 compute config finish @clk     1142032
slice2 compute config finish @clk     1142032
slice3 compute config finish @clk     1142032
slice0 start run @clk     1142033
slice1 start run  @clk     1142033
slice2 start run  @clk     1142033
slice3 start run  @clk     1142033
slice12 start prefetch  @clk     1142507
slice13 start prefetch  @clk     1142507
slice14 start prefetch  @clk     1142507
slice15 start prefetch  @clk     1142507
slice8 start prefetch  @clk     1142509
slice9 start prefetch  @clk     1142509
slice10 start prefetch  @clk     1142509
slice11 start prefetch  @clk     1142509
slice4 start prefetch  @clk     1142511
slice5 start prefetch  @clk     1142511
slice6 start prefetch  @clk     1142511
slice7 start prefetch  @clk     1142511
slice0 start prefetch @clk     1142513
slice1 start prefetch  @clk     1142513
slice2 start prefetch  @clk     1142513
slice3 start prefetch  @clk     1142513
slice12 access done  @clk     1152129
slice13 access done  @clk     1152129
slice14 access done  @clk     1152129
slice15 access done  @clk     1152129
slice12 start write  @clk     1152130
slice13 start write  @clk     1152130
slice14 start write  @clk     1152130
slice15 start write  @clk     1152130
slice8 access done  @clk     1152131
slice9 access done  @clk     1152131
slice10 access done  @clk     1152131
slice11 access done  @clk     1152131
slice12 write_burst finish  @clk     1152131
slice13 write_burst finish  @clk     1152131
slice14 write_burst finish  @clk     1152131
slice15 write_burst finish  @clk     1152131
slice8 start write  @clk     1152132
slice9 start write  @clk     1152132
slice10 start write  @clk     1152132
slice11 start write  @clk     1152132
slice4 access done  @clk     1152133
slice5 access done  @clk     1152133
slice6 access done  @clk     1152133
slice7 access done  @clk     1152133
slice8 write_burst finish  @clk     1152133
slice9 write_burst finish  @clk     1152133
slice10 write_burst finish  @clk     1152133
slice11 write_burst finish  @clk     1152133
slice12 task finish  @clk     1152133
slice13 task finish  @clk     1152133
slice14 task finish  @clk     1152133
slice15 task finish  @clk     1152133
slice4 start write  @clk     1152134
slice5 start write  @clk     1152134
slice6 start write  @clk     1152134
slice7 start write  @clk     1152134
slice4 write_burst finish  @clk     1152135
slice5 write_burst finish  @clk     1152135
slice6 write_burst finish  @clk     1152135
slice7 write_burst finish  @clk     1152135
slice8 task finish  @clk     1152135
slice9 task finish  @clk     1152135
slice10 task finish  @clk     1152135
slice11 task finish  @clk     1152135
slice4 task finish  @clk     1152137
slice5 task finish  @clk     1152137
slice6 task finish  @clk     1152137
slice7 task finish  @clk     1152137
slice0 access done @clk     1152167
slice1 access done  @clk     1152167
slice2 access done  @clk     1152167
slice3 access done  @clk     1152167
slice0 start write @clk     1152168
slice1 start write  @clk     1152168
slice2 start write  @clk     1152168
slice3 start write  @clk     1152168
slice0 write_burst finish @clk     1152169
slice1 write_burst finish  @clk     1152169
slice2 write_burst finish  @clk     1152169
slice3 write_burst finish  @clk     1152169
slice0 task finish @clk     1152171
slice1 task finish  @clk     1152171
slice2 task finish  @clk     1152171
slice3 task finish  @clk     1152171
slice12 prefetch finish  @clk     1157854
slice13 prefetch finish  @clk     1157870
slice14 prefetch finish  @clk     1157888
slice15 prefetch finish  @clk     1157904
slice4 prefetch finish  @clk     1158008
slice5 prefetch finish  @clk     1158024
slice6 prefetch finish  @clk     1158042
slice7 prefetch finish  @clk     1158058
slice8 prefetch finish  @clk     1158086
slice9 prefetch finish  @clk     1158102
slice10 prefetch finish  @clk     1158120
slice11 prefetch finish  @clk     1158136
slice0 prefetch finish @clk     1158164
slice1 prefetch finish  @clk     1158180
slice2 prefetch finish  @clk     1158198
slice3 prefetch finish  @clk     1158214
slice12 compute config finish @clk     1158878
slice13 compute config finish @clk     1158878
slice14 compute config finish @clk     1158878
slice15 compute config finish @clk     1158878
slice12 start run  @clk     1158879
slice13 start run  @clk     1158879
slice14 start run  @clk     1158879
slice15 start run  @clk     1158879
slice8 compute config finish @clk     1158880
slice9 compute config finish @clk     1158880
slice10 compute config finish @clk     1158880
slice11 compute config finish @clk     1158880
slice8 start run  @clk     1158881
slice9 start run  @clk     1158881
slice10 start run  @clk     1158881
slice11 start run  @clk     1158881
slice4 compute config finish @clk     1158882
slice5 compute config finish @clk     1158882
slice6 compute config finish @clk     1158882
slice7 compute config finish @clk     1158882
slice4 start run  @clk     1158883
slice5 start run  @clk     1158883
slice6 start run  @clk     1158883
slice7 start run  @clk     1158883
slice0 compute config finish @clk     1158884
slice1 compute config finish @clk     1158884
slice2 compute config finish @clk     1158884
slice3 compute config finish @clk     1158884
slice0 start run @clk     1158885
slice1 start run  @clk     1158885
slice2 start run  @clk     1158885
slice3 start run  @clk     1158885
slice12 start prefetch  @clk     1159353
slice13 start prefetch  @clk     1159353
slice14 start prefetch  @clk     1159353
slice15 start prefetch  @clk     1159353
slice8 start prefetch  @clk     1159355
slice9 start prefetch  @clk     1159355
slice10 start prefetch  @clk     1159355
slice11 start prefetch  @clk     1159355
slice4 start prefetch  @clk     1159357
slice5 start prefetch  @clk     1159357
slice6 start prefetch  @clk     1159357
slice7 start prefetch  @clk     1159357
slice0 start prefetch @clk     1159359
slice1 start prefetch  @clk     1159359
slice2 start prefetch  @clk     1159359
slice3 start prefetch  @clk     1159359
slice12 access done  @clk     1169013
slice13 access done  @clk     1169013
slice14 access done  @clk     1169013
slice15 access done  @clk     1169013
slice12 start write  @clk     1169014
slice13 start write  @clk     1169014
slice14 start write  @clk     1169014
slice15 start write  @clk     1169014
slice8 access done  @clk     1169015
slice9 access done  @clk     1169015
slice10 access done  @clk     1169015
slice11 access done  @clk     1169015
slice12 write_burst finish  @clk     1169015
slice13 write_burst finish  @clk     1169015
slice14 write_burst finish  @clk     1169015
slice15 write_burst finish  @clk     1169015
slice8 start write  @clk     1169016
slice9 start write  @clk     1169016
slice10 start write  @clk     1169016
slice11 start write  @clk     1169016
slice4 access done  @clk     1169017
slice5 access done  @clk     1169017
slice6 access done  @clk     1169017
slice7 access done  @clk     1169017
slice8 write_burst finish  @clk     1169017
slice9 write_burst finish  @clk     1169017
slice10 write_burst finish  @clk     1169017
slice11 write_burst finish  @clk     1169017
slice12 task finish  @clk     1169017
slice13 task finish  @clk     1169017
slice14 task finish  @clk     1169017
slice15 task finish  @clk     1169017
slice4 start write  @clk     1169018
slice5 start write  @clk     1169018
slice6 start write  @clk     1169018
slice7 start write  @clk     1169018
slice0 access done @clk     1169019
slice1 access done  @clk     1169019
slice2 access done  @clk     1169019
slice3 access done  @clk     1169019
slice4 write_burst finish  @clk     1169019
slice5 write_burst finish  @clk     1169019
slice6 write_burst finish  @clk     1169019
slice7 write_burst finish  @clk     1169019
slice8 task finish  @clk     1169019
slice9 task finish  @clk     1169019
slice10 task finish  @clk     1169019
slice11 task finish  @clk     1169019
slice0 start write @clk     1169020
slice1 start write  @clk     1169020
slice2 start write  @clk     1169020
slice3 start write  @clk     1169020
slice0 write_burst finish @clk     1169021
slice1 write_burst finish  @clk     1169021
slice2 write_burst finish  @clk     1169021
slice3 write_burst finish  @clk     1169021
slice4 task finish  @clk     1169021
slice5 task finish  @clk     1169021
slice6 task finish  @clk     1169021
slice7 task finish  @clk     1169021
slice0 task finish @clk     1169023
slice1 task finish  @clk     1169023
slice2 task finish  @clk     1169023
slice3 task finish  @clk     1169023
slice12 prefetch finish  @clk     1175004
slice13 prefetch finish  @clk     1175020
slice14 prefetch finish  @clk     1175036
slice15 prefetch finish  @clk     1175052
slice4 prefetch finish  @clk     1175158
slice5 prefetch finish  @clk     1175174
slice6 prefetch finish  @clk     1175190
slice7 prefetch finish  @clk     1175206
slice8 prefetch finish  @clk     1175236
slice9 prefetch finish  @clk     1175252
slice10 prefetch finish  @clk     1175268
slice11 prefetch finish  @clk     1175284
slice0 prefetch finish @clk     1175314
slice1 prefetch finish  @clk     1175330
slice2 prefetch finish  @clk     1175346
slice3 prefetch finish  @clk     1175362
slice12 compute config finish @clk     1175716
slice13 compute config finish @clk     1175716
slice14 compute config finish @clk     1175716
slice15 compute config finish @clk     1175716
slice12 start run  @clk     1175717
slice13 start run  @clk     1175717
slice14 start run  @clk     1175717
slice15 start run  @clk     1175717
slice8 compute config finish @clk     1175718
slice9 compute config finish @clk     1175718
slice10 compute config finish @clk     1175718
slice11 compute config finish @clk     1175718
slice8 start run  @clk     1175719
slice9 start run  @clk     1175719
slice10 start run  @clk     1175719
slice11 start run  @clk     1175719
slice4 compute config finish @clk     1175720
slice5 compute config finish @clk     1175720
slice6 compute config finish @clk     1175720
slice7 compute config finish @clk     1175720
slice4 start run  @clk     1175721
slice5 start run  @clk     1175721
slice6 start run  @clk     1175721
slice7 start run  @clk     1175721
slice0 compute config finish @clk     1175722
slice1 compute config finish @clk     1175722
slice2 compute config finish @clk     1175722
slice3 compute config finish @clk     1175722
slice0 start run @clk     1175723
slice1 start run  @clk     1175723
slice2 start run  @clk     1175723
slice3 start run  @clk     1175723
slice12 start prefetch  @clk     1176197
slice13 start prefetch  @clk     1176197
slice14 start prefetch  @clk     1176197
slice15 start prefetch  @clk     1176197
slice8 start prefetch  @clk     1176199
slice9 start prefetch  @clk     1176199
slice10 start prefetch  @clk     1176199
slice11 start prefetch  @clk     1176199
slice4 start prefetch  @clk     1176201
slice5 start prefetch  @clk     1176201
slice6 start prefetch  @clk     1176201
slice7 start prefetch  @clk     1176201
slice0 start prefetch @clk     1176203
slice1 start prefetch  @clk     1176203
slice2 start prefetch  @clk     1176203
slice3 start prefetch  @clk     1176203
slice12 access done  @clk     1185851
slice13 access done  @clk     1185851
slice14 access done  @clk     1185851
slice15 access done  @clk     1185851
slice12 start write  @clk     1185852
slice13 start write  @clk     1185852
slice14 start write  @clk     1185852
slice15 start write  @clk     1185852
slice8 access done  @clk     1185853
slice9 access done  @clk     1185853
slice10 access done  @clk     1185853
slice11 access done  @clk     1185853
slice12 write_burst finish  @clk     1185853
slice13 write_burst finish  @clk     1185853
slice14 write_burst finish  @clk     1185853
slice15 write_burst finish  @clk     1185853
slice8 start write  @clk     1185854
slice9 start write  @clk     1185854
slice10 start write  @clk     1185854
slice11 start write  @clk     1185854
slice4 access done  @clk     1185855
slice5 access done  @clk     1185855
slice6 access done  @clk     1185855
slice7 access done  @clk     1185855
slice8 write_burst finish  @clk     1185855
slice9 write_burst finish  @clk     1185855
slice10 write_burst finish  @clk     1185855
slice11 write_burst finish  @clk     1185855
slice12 task finish  @clk     1185855
slice13 task finish  @clk     1185855
slice14 task finish  @clk     1185855
slice15 task finish  @clk     1185855
slice4 start write  @clk     1185856
slice5 start write  @clk     1185856
slice6 start write  @clk     1185856
slice7 start write  @clk     1185856
slice0 access done @clk     1185857
slice1 access done  @clk     1185857
slice2 access done  @clk     1185857
slice3 access done  @clk     1185857
slice4 write_burst finish  @clk     1185857
slice5 write_burst finish  @clk     1185857
slice6 write_burst finish  @clk     1185857
slice7 write_burst finish  @clk     1185857
slice8 task finish  @clk     1185857
slice9 task finish  @clk     1185857
slice10 task finish  @clk     1185857
slice11 task finish  @clk     1185857
slice0 start write @clk     1185858
slice1 start write  @clk     1185858
slice2 start write  @clk     1185858
slice3 start write  @clk     1185858
slice0 write_burst finish @clk     1185859
slice1 write_burst finish  @clk     1185859
slice2 write_burst finish  @clk     1185859
slice3 write_burst finish  @clk     1185859
slice4 task finish  @clk     1185859
slice5 task finish  @clk     1185859
slice6 task finish  @clk     1185859
slice7 task finish  @clk     1185859
slice0 task finish @clk     1185861
slice1 task finish  @clk     1185861
slice2 task finish  @clk     1185861
slice3 task finish  @clk     1185861
slice12 prefetch finish  @clk     1191716
slice13 prefetch finish  @clk     1191732
slice14 prefetch finish  @clk     1191750
slice15 prefetch finish  @clk     1191766
slice4 prefetch finish  @clk     1191870
slice5 prefetch finish  @clk     1191886
slice6 prefetch finish  @clk     1191904
slice7 prefetch finish  @clk     1191920
slice8 prefetch finish  @clk     1191948
slice9 prefetch finish  @clk     1191964
slice10 prefetch finish  @clk     1191982
slice11 prefetch finish  @clk     1191998
slice0 prefetch finish @clk     1192026
slice1 prefetch finish  @clk     1192042
slice2 prefetch finish  @clk     1192060
slice3 prefetch finish  @clk     1192076
slice12 compute config finish @clk     1192928
slice13 compute config finish @clk     1192928
slice14 compute config finish @clk     1192928
slice15 compute config finish @clk     1192928
slice12 start run  @clk     1192929
slice13 start run  @clk     1192929
slice14 start run  @clk     1192929
slice15 start run  @clk     1192929
slice8 compute config finish @clk     1192930
slice9 compute config finish @clk     1192930
slice10 compute config finish @clk     1192930
slice11 compute config finish @clk     1192930
slice8 start run  @clk     1192931
slice9 start run  @clk     1192931
slice10 start run  @clk     1192931
slice11 start run  @clk     1192931
slice4 compute config finish @clk     1192932
slice5 compute config finish @clk     1192932
slice6 compute config finish @clk     1192932
slice7 compute config finish @clk     1192932
slice4 start run  @clk     1192933
slice5 start run  @clk     1192933
slice6 start run  @clk     1192933
slice7 start run  @clk     1192933
slice0 compute config finish @clk     1192934
slice1 compute config finish @clk     1192934
slice2 compute config finish @clk     1192934
slice3 compute config finish @clk     1192934
slice0 start run @clk     1192935
slice1 start run  @clk     1192935
slice2 start run  @clk     1192935
slice3 start run  @clk     1192935
slice12 start prefetch  @clk     1193409
slice13 start prefetch  @clk     1193409
slice14 start prefetch  @clk     1193409
slice15 start prefetch  @clk     1193409
slice8 start prefetch  @clk     1193411
slice9 start prefetch  @clk     1193411
slice10 start prefetch  @clk     1193411
slice11 start prefetch  @clk     1193411
slice4 start prefetch  @clk     1193413
slice5 start prefetch  @clk     1193413
slice6 start prefetch  @clk     1193413
slice7 start prefetch  @clk     1193413
slice0 start prefetch @clk     1193415
slice1 start prefetch  @clk     1193415
slice2 start prefetch  @clk     1193415
slice3 start prefetch  @clk     1193415
slice12 access done  @clk     1203063
slice13 access done  @clk     1203063
slice14 access done  @clk     1203063
slice15 access done  @clk     1203063
slice12 start write  @clk     1203064
slice13 start write  @clk     1203064
slice14 start write  @clk     1203064
slice15 start write  @clk     1203064
slice8 access done  @clk     1203065
slice9 access done  @clk     1203065
slice10 access done  @clk     1203065
slice11 access done  @clk     1203065
slice12 write_burst finish  @clk     1203065
slice13 write_burst finish  @clk     1203065
slice14 write_burst finish  @clk     1203065
slice15 write_burst finish  @clk     1203065
slice8 start write  @clk     1203066
slice9 start write  @clk     1203066
slice10 start write  @clk     1203066
slice11 start write  @clk     1203066
slice4 access done  @clk     1203067
slice5 access done  @clk     1203067
slice6 access done  @clk     1203067
slice7 access done  @clk     1203067
slice8 write_burst finish  @clk     1203067
slice9 write_burst finish  @clk     1203067
slice10 write_burst finish  @clk     1203067
slice11 write_burst finish  @clk     1203067
slice12 task finish  @clk     1203067
slice13 task finish  @clk     1203067
slice14 task finish  @clk     1203067
slice15 task finish  @clk     1203067
slice4 start write  @clk     1203068
slice5 start write  @clk     1203068
slice6 start write  @clk     1203068
slice7 start write  @clk     1203068
slice0 access done @clk     1203069
slice1 access done  @clk     1203069
slice2 access done  @clk     1203069
slice3 access done  @clk     1203069
slice4 write_burst finish  @clk     1203069
slice5 write_burst finish  @clk     1203069
slice6 write_burst finish  @clk     1203069
slice7 write_burst finish  @clk     1203069
slice8 task finish  @clk     1203069
slice9 task finish  @clk     1203069
slice10 task finish  @clk     1203069
slice11 task finish  @clk     1203069
slice0 start write @clk     1203070
slice1 start write  @clk     1203070
slice2 start write  @clk     1203070
slice3 start write  @clk     1203070
slice0 write_burst finish @clk     1203071
slice1 write_burst finish  @clk     1203071
slice2 write_burst finish  @clk     1203071
slice3 write_burst finish  @clk     1203071
slice4 task finish  @clk     1203071
slice5 task finish  @clk     1203071
slice6 task finish  @clk     1203071
slice7 task finish  @clk     1203071
slice0 task finish @clk     1203073
slice1 task finish  @clk     1203073
slice2 task finish  @clk     1203073
slice3 task finish  @clk     1203073
slice12 prefetch finish  @clk     1209078
slice13 prefetch finish  @clk     1209096
slice14 prefetch finish  @clk     1209124
slice15 prefetch finish  @clk     1209146
slice4 prefetch finish  @clk     1209232
slice5 prefetch finish  @clk     1209250
slice6 prefetch finish  @clk     1209278
slice7 prefetch finish  @clk     1209300
slice8 prefetch finish  @clk     1209310
slice9 prefetch finish  @clk     1209328
slice10 prefetch finish  @clk     1209356
slice11 prefetch finish  @clk     1209378
slice0 prefetch finish @clk     1209388
slice1 prefetch finish  @clk     1209406
slice2 prefetch finish  @clk     1209434
slice3 prefetch finish  @clk     1209456
slice12 compute config finish @clk     1209704
slice13 compute config finish @clk     1209704
slice14 compute config finish @clk     1209704
slice15 compute config finish @clk     1209704
slice12 start run  @clk     1209705
slice13 start run  @clk     1209705
slice14 start run  @clk     1209705
slice15 start run  @clk     1209705
slice8 compute config finish @clk     1209706
slice9 compute config finish @clk     1209706
slice10 compute config finish @clk     1209706
slice11 compute config finish @clk     1209706
slice8 start run  @clk     1209707
slice9 start run  @clk     1209707
slice10 start run  @clk     1209707
slice11 start run  @clk     1209707
slice4 compute config finish @clk     1209708
slice5 compute config finish @clk     1209708
slice6 compute config finish @clk     1209708
slice7 compute config finish @clk     1209708
slice4 start run  @clk     1209709
slice5 start run  @clk     1209709
slice6 start run  @clk     1209709
slice7 start run  @clk     1209709
slice0 compute config finish @clk     1209710
slice1 compute config finish @clk     1209710
slice2 compute config finish @clk     1209710
slice3 compute config finish @clk     1209710
slice0 start run @clk     1209711
slice1 start run  @clk     1209711
slice2 start run  @clk     1209711
slice3 start run  @clk     1209711
slice12 start prefetch  @clk     1210185
slice13 start prefetch  @clk     1210185
slice14 start prefetch  @clk     1210185
slice15 start prefetch  @clk     1210185
slice8 start prefetch  @clk     1210187
slice9 start prefetch  @clk     1210187
slice10 start prefetch  @clk     1210187
slice11 start prefetch  @clk     1210187
slice4 start prefetch  @clk     1210189
slice5 start prefetch  @clk     1210189
slice6 start prefetch  @clk     1210189
slice7 start prefetch  @clk     1210189
slice0 start prefetch @clk     1210191
slice1 start prefetch  @clk     1210191
slice2 start prefetch  @clk     1210191
slice3 start prefetch  @clk     1210191
slice12 access done  @clk     1219839
slice13 access done  @clk     1219839
slice14 access done  @clk     1219839
slice15 access done  @clk     1219839
slice12 start write  @clk     1219840
slice13 start write  @clk     1219840
slice14 start write  @clk     1219840
slice15 start write  @clk     1219840
slice8 access done  @clk     1219841
slice9 access done  @clk     1219841
slice10 access done  @clk     1219841
slice11 access done  @clk     1219841
slice12 write_burst finish  @clk     1219841
slice13 write_burst finish  @clk     1219841
slice14 write_burst finish  @clk     1219841
slice15 write_burst finish  @clk     1219841
slice8 start write  @clk     1219842
slice9 start write  @clk     1219842
slice10 start write  @clk     1219842
slice11 start write  @clk     1219842
slice4 access done  @clk     1219843
slice5 access done  @clk     1219843
slice6 access done  @clk     1219843
slice7 access done  @clk     1219843
slice8 write_burst finish  @clk     1219843
slice9 write_burst finish  @clk     1219843
slice10 write_burst finish  @clk     1219843
slice11 write_burst finish  @clk     1219843
slice12 task finish  @clk     1219843
slice13 task finish  @clk     1219843
slice14 task finish  @clk     1219843
slice15 task finish  @clk     1219843
slice4 start write  @clk     1219844
slice5 start write  @clk     1219844
slice6 start write  @clk     1219844
slice7 start write  @clk     1219844
slice0 access done @clk     1219845
slice1 access done  @clk     1219845
slice2 access done  @clk     1219845
slice3 access done  @clk     1219845
slice4 write_burst finish  @clk     1219845
slice5 write_burst finish  @clk     1219845
slice6 write_burst finish  @clk     1219845
slice7 write_burst finish  @clk     1219845
slice8 task finish  @clk     1219845
slice9 task finish  @clk     1219845
slice10 task finish  @clk     1219845
slice11 task finish  @clk     1219845
slice0 start write @clk     1219846
slice1 start write  @clk     1219846
slice2 start write  @clk     1219846
slice3 start write  @clk     1219846
slice0 write_burst finish @clk     1219847
slice1 write_burst finish  @clk     1219847
slice2 write_burst finish  @clk     1219847
slice3 write_burst finish  @clk     1219847
slice4 task finish  @clk     1219847
slice5 task finish  @clk     1219847
slice6 task finish  @clk     1219847
slice7 task finish  @clk     1219847
slice0 task finish @clk     1219849
slice1 task finish  @clk     1219849
slice2 task finish  @clk     1219849
slice3 task finish  @clk     1219849
slice12 prefetch finish  @clk     1225662
slice13 prefetch finish  @clk     1225680
slice14 prefetch finish  @clk     1225708
slice15 prefetch finish  @clk     1225730
slice4 prefetch finish  @clk     1225816
slice5 prefetch finish  @clk     1225834
slice6 prefetch finish  @clk     1225862
slice7 prefetch finish  @clk     1225884
slice8 prefetch finish  @clk     1225894
slice9 prefetch finish  @clk     1225912
slice10 prefetch finish  @clk     1225940
slice11 prefetch finish  @clk     1225962
slice0 prefetch finish @clk     1225972
slice1 prefetch finish  @clk     1225990
slice2 prefetch finish  @clk     1226018
slice3 prefetch finish  @clk     1226040
slice12 compute config finish @clk     1226566
slice13 compute config finish @clk     1226566
slice14 compute config finish @clk     1226566
slice15 compute config finish @clk     1226566
slice12 start run  @clk     1226567
slice13 start run  @clk     1226567
slice14 start run  @clk     1226567
slice15 start run  @clk     1226567
slice8 compute config finish @clk     1226568
slice9 compute config finish @clk     1226568
slice10 compute config finish @clk     1226568
slice11 compute config finish @clk     1226568
slice8 start run  @clk     1226569
slice9 start run  @clk     1226569
slice10 start run  @clk     1226569
slice11 start run  @clk     1226569
slice4 compute config finish @clk     1226570
slice5 compute config finish @clk     1226570
slice6 compute config finish @clk     1226570
slice7 compute config finish @clk     1226570
slice4 start run  @clk     1226571
slice5 start run  @clk     1226571
slice6 start run  @clk     1226571
slice7 start run  @clk     1226571
slice0 compute config finish @clk     1226572
slice1 compute config finish @clk     1226572
slice2 compute config finish @clk     1226572
slice3 compute config finish @clk     1226572
slice0 start run @clk     1226573
slice1 start run  @clk     1226573
slice2 start run  @clk     1226573
slice3 start run  @clk     1226573
slice12 start prefetch  @clk     1227047
slice13 start prefetch  @clk     1227047
slice14 start prefetch  @clk     1227047
slice15 start prefetch  @clk     1227047
slice8 start prefetch  @clk     1227049
slice9 start prefetch  @clk     1227049
slice10 start prefetch  @clk     1227049
slice11 start prefetch  @clk     1227049
slice4 start prefetch  @clk     1227051
slice5 start prefetch  @clk     1227051
slice6 start prefetch  @clk     1227051
slice7 start prefetch  @clk     1227051
slice0 start prefetch @clk     1227053
slice1 start prefetch  @clk     1227053
slice2 start prefetch  @clk     1227053
slice3 start prefetch  @clk     1227053
slice12 access done  @clk     1236701
slice13 access done  @clk     1236701
slice14 access done  @clk     1236701
slice15 access done  @clk     1236701
slice12 start write  @clk     1236702
slice13 start write  @clk     1236702
slice14 start write  @clk     1236702
slice15 start write  @clk     1236702
slice8 access done  @clk     1236703
slice9 access done  @clk     1236703
slice10 access done  @clk     1236703
slice11 access done  @clk     1236703
slice12 write_burst finish  @clk     1236703
slice13 write_burst finish  @clk     1236703
slice14 write_burst finish  @clk     1236703
slice15 write_burst finish  @clk     1236703
slice8 start write  @clk     1236704
slice9 start write  @clk     1236704
slice10 start write  @clk     1236704
slice11 start write  @clk     1236704
slice4 access done  @clk     1236705
slice5 access done  @clk     1236705
slice6 access done  @clk     1236705
slice7 access done  @clk     1236705
slice8 write_burst finish  @clk     1236705
slice9 write_burst finish  @clk     1236705
slice10 write_burst finish  @clk     1236705
slice11 write_burst finish  @clk     1236705
slice12 task finish  @clk     1236705
slice13 task finish  @clk     1236705
slice14 task finish  @clk     1236705
slice15 task finish  @clk     1236705
slice4 start write  @clk     1236706
slice5 start write  @clk     1236706
slice6 start write  @clk     1236706
slice7 start write  @clk     1236706
slice0 access done @clk     1236707
slice1 access done  @clk     1236707
slice2 access done  @clk     1236707
slice3 access done  @clk     1236707
slice4 write_burst finish  @clk     1236707
slice5 write_burst finish  @clk     1236707
slice6 write_burst finish  @clk     1236707
slice7 write_burst finish  @clk     1236707
slice8 task finish  @clk     1236707
slice9 task finish  @clk     1236707
slice10 task finish  @clk     1236707
slice11 task finish  @clk     1236707
slice0 start write @clk     1236708
slice1 start write  @clk     1236708
slice2 start write  @clk     1236708
slice3 start write  @clk     1236708
slice0 write_burst finish @clk     1236709
slice1 write_burst finish  @clk     1236709
slice2 write_burst finish  @clk     1236709
slice3 write_burst finish  @clk     1236709
slice4 task finish  @clk     1236709
slice5 task finish  @clk     1236709
slice6 task finish  @clk     1236709
slice7 task finish  @clk     1236709
slice0 task finish @clk     1236711
slice1 task finish  @clk     1236711
slice2 task finish  @clk     1236711
slice3 task finish  @clk     1236711
slice12 prefetch finish  @clk     1242816
slice13 prefetch finish  @clk     1242848
slice14 prefetch finish  @clk     1242864
slice15 prefetch finish  @clk     1242882
slice4 prefetch finish  @clk     1242970
slice5 prefetch finish  @clk     1243002
slice6 prefetch finish  @clk     1243018
slice7 prefetch finish  @clk     1243036
slice8 prefetch finish  @clk     1243048
slice9 prefetch finish  @clk     1243080
slice10 prefetch finish  @clk     1243096
slice11 prefetch finish  @clk     1243114
slice0 prefetch finish @clk     1243126
slice1 prefetch finish  @clk     1243158
slice2 prefetch finish  @clk     1243174
slice3 prefetch finish  @clk     1243192
slice12 compute config finish @clk     1243444
slice13 compute config finish @clk     1243444
slice14 compute config finish @clk     1243444
slice15 compute config finish @clk     1243444
slice12 start run  @clk     1243445
slice13 start run  @clk     1243445
slice14 start run  @clk     1243445
slice15 start run  @clk     1243445
slice8 compute config finish @clk     1243446
slice9 compute config finish @clk     1243446
slice10 compute config finish @clk     1243446
slice11 compute config finish @clk     1243446
slice8 start run  @clk     1243447
slice9 start run  @clk     1243447
slice10 start run  @clk     1243447
slice11 start run  @clk     1243447
slice4 compute config finish @clk     1243448
slice5 compute config finish @clk     1243448
slice6 compute config finish @clk     1243448
slice7 compute config finish @clk     1243448
slice4 start run  @clk     1243449
slice5 start run  @clk     1243449
slice6 start run  @clk     1243449
slice7 start run  @clk     1243449
slice0 compute config finish @clk     1243450
slice1 compute config finish @clk     1243450
slice2 compute config finish @clk     1243450
slice3 compute config finish @clk     1243450
slice0 start run @clk     1243451
slice1 start run  @clk     1243451
slice2 start run  @clk     1243451
slice3 start run  @clk     1243451
slice12 start prefetch  @clk     1243925
slice13 start prefetch  @clk     1243925
slice14 start prefetch  @clk     1243925
slice15 start prefetch  @clk     1243925
slice8 start prefetch  @clk     1243927
slice9 start prefetch  @clk     1243927
slice10 start prefetch  @clk     1243927
slice11 start prefetch  @clk     1243927
slice4 start prefetch  @clk     1243929
slice5 start prefetch  @clk     1243929
slice6 start prefetch  @clk     1243929
slice7 start prefetch  @clk     1243929
slice0 start prefetch @clk     1243931
slice1 start prefetch  @clk     1243931
slice2 start prefetch  @clk     1243931
slice3 start prefetch  @clk     1243931
slice12 access done  @clk     1253579
slice13 access done  @clk     1253579
slice14 access done  @clk     1253579
slice15 access done  @clk     1253579
slice12 start write  @clk     1253580
slice13 start write  @clk     1253580
slice14 start write  @clk     1253580
slice15 start write  @clk     1253580
slice8 access done  @clk     1253581
slice9 access done  @clk     1253581
slice10 access done  @clk     1253581
slice11 access done  @clk     1253581
slice12 write_burst finish  @clk     1253581
slice13 write_burst finish  @clk     1253581
slice14 write_burst finish  @clk     1253581
slice15 write_burst finish  @clk     1253581
slice8 start write  @clk     1253582
slice9 start write  @clk     1253582
slice10 start write  @clk     1253582
slice11 start write  @clk     1253582
slice4 access done  @clk     1253583
slice5 access done  @clk     1253583
slice6 access done  @clk     1253583
slice7 access done  @clk     1253583
slice8 write_burst finish  @clk     1253583
slice9 write_burst finish  @clk     1253583
slice10 write_burst finish  @clk     1253583
slice11 write_burst finish  @clk     1253583
slice12 task finish  @clk     1253583
slice13 task finish  @clk     1253583
slice14 task finish  @clk     1253583
slice15 task finish  @clk     1253583
slice4 start write  @clk     1253584
slice5 start write  @clk     1253584
slice6 start write  @clk     1253584
slice7 start write  @clk     1253584
slice0 access done @clk     1253585
slice1 access done  @clk     1253585
slice2 access done  @clk     1253585
slice3 access done  @clk     1253585
slice4 write_burst finish  @clk     1253585
slice5 write_burst finish  @clk     1253585
slice6 write_burst finish  @clk     1253585
slice7 write_burst finish  @clk     1253585
slice8 task finish  @clk     1253585
slice9 task finish  @clk     1253585
slice10 task finish  @clk     1253585
slice11 task finish  @clk     1253585
slice0 start write @clk     1253586
slice1 start write  @clk     1253586
slice2 start write  @clk     1253586
slice3 start write  @clk     1253586
slice0 write_burst finish @clk     1253587
slice1 write_burst finish  @clk     1253587
slice2 write_burst finish  @clk     1253587
slice3 write_burst finish  @clk     1253587
slice4 task finish  @clk     1253587
slice5 task finish  @clk     1253587
slice6 task finish  @clk     1253587
slice7 task finish  @clk     1253587
slice0 task finish @clk     1253589
slice1 task finish  @clk     1253589
slice2 task finish  @clk     1253589
slice3 task finish  @clk     1253589
slice12 prefetch finish  @clk     1259258
slice13 prefetch finish  @clk     1259276
slice14 prefetch finish  @clk     1259294
slice15 prefetch finish  @clk     1259310
slice4 prefetch finish  @clk     1259412
slice5 prefetch finish  @clk     1259430
slice6 prefetch finish  @clk     1259448
slice7 prefetch finish  @clk     1259464
slice8 prefetch finish  @clk     1259490
slice9 prefetch finish  @clk     1259508
slice10 prefetch finish  @clk     1259526
slice11 prefetch finish  @clk     1259542
slice0 prefetch finish @clk     1259568
slice1 prefetch finish  @clk     1259586
slice2 prefetch finish  @clk     1259604
slice3 prefetch finish  @clk     1259620
slice12 compute config finish @clk     1260282
slice13 compute config finish @clk     1260282
slice14 compute config finish @clk     1260282
slice15 compute config finish @clk     1260282
slice12 start run  @clk     1260283
slice13 start run  @clk     1260283
slice14 start run  @clk     1260283
slice15 start run  @clk     1260283
slice8 compute config finish @clk     1260284
slice9 compute config finish @clk     1260284
slice10 compute config finish @clk     1260284
slice11 compute config finish @clk     1260284
slice8 start run  @clk     1260285
slice9 start run  @clk     1260285
slice10 start run  @clk     1260285
slice11 start run  @clk     1260285
slice4 compute config finish @clk     1260286
slice5 compute config finish @clk     1260286
slice6 compute config finish @clk     1260286
slice7 compute config finish @clk     1260286
slice4 start run  @clk     1260287
slice5 start run  @clk     1260287
slice6 start run  @clk     1260287
slice7 start run  @clk     1260287
slice0 compute config finish @clk     1260288
slice1 compute config finish @clk     1260288
slice2 compute config finish @clk     1260288
slice3 compute config finish @clk     1260288
slice0 start run @clk     1260289
slice1 start run  @clk     1260289
slice2 start run  @clk     1260289
slice3 start run  @clk     1260289
slice12 start prefetch  @clk     1260763
slice13 start prefetch  @clk     1260763
slice14 start prefetch  @clk     1260763
slice15 start prefetch  @clk     1260763
slice8 start prefetch  @clk     1260765
slice9 start prefetch  @clk     1260765
slice10 start prefetch  @clk     1260765
slice11 start prefetch  @clk     1260765
slice4 start prefetch  @clk     1260767
slice5 start prefetch  @clk     1260767
slice6 start prefetch  @clk     1260767
slice7 start prefetch  @clk     1260767
slice0 start prefetch @clk     1260769
slice1 start prefetch  @clk     1260769
slice2 start prefetch  @clk     1260769
slice3 start prefetch  @clk     1260769
slice12 access done  @clk     1270417
slice13 access done  @clk     1270417
slice14 access done  @clk     1270417
slice15 access done  @clk     1270417
slice12 start write  @clk     1270418
slice13 start write  @clk     1270418
slice14 start write  @clk     1270418
slice15 start write  @clk     1270418
slice8 access done  @clk     1270419
slice9 access done  @clk     1270419
slice10 access done  @clk     1270419
slice11 access done  @clk     1270419
slice12 write_burst finish  @clk     1270419
slice13 write_burst finish  @clk     1270419
slice14 write_burst finish  @clk     1270419
slice15 write_burst finish  @clk     1270419
slice8 start write  @clk     1270420
slice9 start write  @clk     1270420
slice10 start write  @clk     1270420
slice11 start write  @clk     1270420
slice4 access done  @clk     1270421
slice5 access done  @clk     1270421
slice6 access done  @clk     1270421
slice7 access done  @clk     1270421
slice8 write_burst finish  @clk     1270421
slice9 write_burst finish  @clk     1270421
slice10 write_burst finish  @clk     1270421
slice11 write_burst finish  @clk     1270421
slice12 task finish  @clk     1270421
slice13 task finish  @clk     1270421
slice14 task finish  @clk     1270421
slice15 task finish  @clk     1270421
slice4 start write  @clk     1270422
slice5 start write  @clk     1270422
slice6 start write  @clk     1270422
slice7 start write  @clk     1270422
slice0 access done @clk     1270423
slice1 access done  @clk     1270423
slice2 access done  @clk     1270423
slice3 access done  @clk     1270423
slice4 write_burst finish  @clk     1270423
slice5 write_burst finish  @clk     1270423
slice6 write_burst finish  @clk     1270423
slice7 write_burst finish  @clk     1270423
slice8 task finish  @clk     1270423
slice9 task finish  @clk     1270423
slice10 task finish  @clk     1270423
slice11 task finish  @clk     1270423
slice0 start write @clk     1270424
slice1 start write  @clk     1270424
slice2 start write  @clk     1270424
slice3 start write  @clk     1270424
slice0 write_burst finish @clk     1270425
slice1 write_burst finish  @clk     1270425
slice2 write_burst finish  @clk     1270425
slice3 write_burst finish  @clk     1270425
slice4 task finish  @clk     1270425
slice5 task finish  @clk     1270425
slice6 task finish  @clk     1270425
slice7 task finish  @clk     1270425
slice0 task finish @clk     1270427
slice1 task finish  @clk     1270427
slice2 task finish  @clk     1270427
slice3 task finish  @clk     1270427
slice12 prefetch finish  @clk     1276406
slice13 prefetch finish  @clk     1276422
slice14 prefetch finish  @clk     1276438
slice15 prefetch finish  @clk     1276454
slice4 prefetch finish  @clk     1276560
slice5 prefetch finish  @clk     1276576
slice6 prefetch finish  @clk     1276592
slice7 prefetch finish  @clk     1276608
slice8 prefetch finish  @clk     1276638
slice9 prefetch finish  @clk     1276654
slice10 prefetch finish  @clk     1276670
slice11 prefetch finish  @clk     1276686
slice0 prefetch finish @clk     1276716
slice1 prefetch finish  @clk     1276732
slice2 prefetch finish  @clk     1276748
slice3 prefetch finish  @clk     1276764
slice12 compute config finish @clk     1276998
slice13 compute config finish @clk     1276998
slice14 compute config finish @clk     1276998
slice15 compute config finish @clk     1276998
slice12 start run  @clk     1276999
slice13 start run  @clk     1276999
slice14 start run  @clk     1276999
slice15 start run  @clk     1276999
slice8 compute config finish @clk     1277000
slice9 compute config finish @clk     1277000
slice10 compute config finish @clk     1277000
slice11 compute config finish @clk     1277000
slice8 start run  @clk     1277001
slice9 start run  @clk     1277001
slice10 start run  @clk     1277001
slice11 start run  @clk     1277001
slice4 compute config finish @clk     1277002
slice5 compute config finish @clk     1277002
slice6 compute config finish @clk     1277002
slice7 compute config finish @clk     1277002
slice4 start run  @clk     1277003
slice5 start run  @clk     1277003
slice6 start run  @clk     1277003
slice7 start run  @clk     1277003
slice0 compute config finish @clk     1277004
slice1 compute config finish @clk     1277004
slice2 compute config finish @clk     1277004
slice3 compute config finish @clk     1277004
slice0 start run @clk     1277005
slice1 start run  @clk     1277005
slice2 start run  @clk     1277005
slice3 start run  @clk     1277005
slice12 start prefetch  @clk     1277479
slice13 start prefetch  @clk     1277479
slice14 start prefetch  @clk     1277479
slice15 start prefetch  @clk     1277479
slice8 start prefetch  @clk     1277481
slice9 start prefetch  @clk     1277481
slice10 start prefetch  @clk     1277481
slice11 start prefetch  @clk     1277481
slice4 start prefetch  @clk     1277483
slice5 start prefetch  @clk     1277483
slice6 start prefetch  @clk     1277483
slice7 start prefetch  @clk     1277483
slice0 start prefetch @clk     1277485
slice1 start prefetch  @clk     1277485
slice2 start prefetch  @clk     1277485
slice3 start prefetch  @clk     1277485
slice12 access done  @clk     1287133
slice13 access done  @clk     1287133
slice14 access done  @clk     1287133
slice15 access done  @clk     1287133
slice12 start write  @clk     1287134
slice13 start write  @clk     1287134
slice14 start write  @clk     1287134
slice15 start write  @clk     1287134
slice8 access done  @clk     1287135
slice9 access done  @clk     1287135
slice10 access done  @clk     1287135
slice11 access done  @clk     1287135
slice8 start write  @clk     1287136
slice9 start write  @clk     1287136
slice10 start write  @clk     1287136
slice11 start write  @clk     1287136
slice4 access done  @clk     1287137
slice5 access done  @clk     1287137
slice6 access done  @clk     1287137
slice7 access done  @clk     1287137
slice4 start write  @clk     1287138
slice5 start write  @clk     1287138
slice6 start write  @clk     1287138
slice7 start write  @clk     1287138
slice0 access done @clk     1287139
slice1 access done  @clk     1287139
slice2 access done  @clk     1287139
slice3 access done  @clk     1287139
slice0 start write @clk     1287140
slice1 start write  @clk     1287140
slice2 start write  @clk     1287140
slice3 start write  @clk     1287140
slice12 prefetch finish  @clk     1292804
slice13 prefetch finish  @clk     1292822
slice14 prefetch finish  @clk     1292838
slice15 prefetch finish  @clk     1292854
slice4 prefetch finish  @clk     1292958
slice5 prefetch finish  @clk     1293108
slice6 prefetch finish  @clk     1293112
slice7 prefetch finish  @clk     1293116
slice8 prefetch finish  @clk     1293120
slice9 prefetch finish  @clk     1293914
slice10 prefetch finish  @clk     1293916
slice11 prefetch finish  @clk     1293918
slice0 prefetch finish @clk     1293920
slice1 prefetch finish  @clk     1294170
slice2 prefetch finish  @clk     1294174
slice3 prefetch finish  @clk     1294178
slice12 compute config finish @clk     1295658
slice13 compute config finish @clk     1295658
slice14 compute config finish @clk     1295658
slice15 compute config finish @clk     1295658
slice8 compute config finish @clk     1295660
slice9 compute config finish @clk     1295660
slice10 compute config finish @clk     1295660
slice11 compute config finish @clk     1295660
slice4 compute config finish @clk     1295662
slice5 compute config finish @clk     1295662
slice6 compute config finish @clk     1295662
slice7 compute config finish @clk     1295662
slice0 compute config finish @clk     1295664
slice1 compute config finish @clk     1295664
slice2 compute config finish @clk     1295664
slice3 compute config finish @clk     1295664
slice12 write_burst finish  @clk     1306305
slice12 task finish  @clk     1306307
slice13 write_burst finish  @clk     1306308
slice13 task finish  @clk     1306310
slice12 start run  @clk     1306322
slice13 start run  @clk     1306323
slice14 write_burst finish  @clk     1306507
slice14 task finish  @clk     1306509
slice15 write_burst finish  @clk     1306510
slice15 task finish  @clk     1306512
slice14 start run  @clk     1306516
slice15 start run  @clk     1306517
slice4 write_burst finish  @clk     1306939
slice4 task finish  @clk     1306941
slice4 start run  @clk     1306954
slice5 write_burst finish  @clk     1307129
slice5 task finish  @clk     1307131
slice6 write_burst finish  @clk     1307132
slice6 task finish  @clk     1307134
slice7 write_burst finish  @clk     1307135
slice7 task finish  @clk     1307137
slice8 write_burst finish  @clk     1307138
slice8 task finish  @clk     1307140
slice5 start run  @clk     1307147
slice6 start run  @clk     1307148
slice7 start run  @clk     1307149
slice8 start run  @clk     1307150
slice9 write_burst finish  @clk     1307499
slice9 task finish  @clk     1307501
slice10 write_burst finish  @clk     1307502
slice9 start run  @clk     1307503
slice10 task finish  @clk     1307504
slice11 write_burst finish  @clk     1307505
slice11 task finish  @clk     1307507
slice0 write_burst finish @clk     1307508
slice0 task finish @clk     1307510
slice10 start run  @clk     1307520
slice11 start run  @clk     1307521
slice0 start run @clk     1307526
slice1 write_burst finish  @clk     1307565
slice1 task finish  @clk     1307567
slice2 write_burst finish  @clk     1307568
slice2 task finish  @clk     1307570
slice3 write_burst finish  @clk     1307571
slice3 task finish  @clk     1307573
slice1 start run  @clk     1307575
slice2 start run  @clk     1307576
slice3 start run  @clk     1307577
slice12 access done  @clk     1316456
slice13 access done  @clk     1316457
slice12 start write  @clk     1316457
slice13 start write  @clk     1316458
slice14 access done  @clk     1316650
slice15 access done  @clk     1316651
slice14 start write  @clk     1316651
slice15 start write  @clk     1316652
slice4 access done  @clk     1317088
slice4 start write  @clk     1317089
slice5 access done  @clk     1317281
slice6 access done  @clk     1317282
slice5 start write  @clk     1317282
slice7 access done  @clk     1317283
slice6 start write  @clk     1317283
slice8 access done  @clk     1317284
slice7 start write  @clk     1317284
slice8 start write  @clk     1317285
slice9 access done  @clk     1317637
slice9 start write  @clk     1317638
slice10 access done  @clk     1317654
slice11 access done  @clk     1317655
slice10 start write  @clk     1317655
slice11 start write  @clk     1317656
slice0 access done @clk     1317660
slice0 start write @clk     1317661
slice1 access done  @clk     1317709
slice2 access done  @clk     1317710
slice1 start write  @clk     1317710
slice3 access done  @clk     1317711
slice2 start write  @clk     1317711
slice3 start write  @clk     1317712
slice12 write_burst finish  @clk     1329973
slice12 task finish  @clk     1329975
slice13 write_burst finish  @clk     1330211
slice13 task finish  @clk     1330213
slice14 write_burst finish  @clk     1331541
slice14 task finish  @clk     1331543
slice15 write_burst finish  @clk     1331544
slice15 task finish  @clk     1331546
slice4 write_burst finish  @clk     1333023
slice4 task finish  @clk     1333025
slice5 write_burst finish  @clk     1333026
slice5 task finish  @clk     1333028
slice6 write_burst finish  @clk     1333029
slice6 task finish  @clk     1333031
slice7 write_burst finish  @clk     1333035
slice7 task finish  @clk     1333037
slice8 write_burst finish  @clk     1333055
slice8 task finish  @clk     1333057
slice0 write_burst finish @clk     1333403
slice0 task finish @clk     1333405
slice9 write_burst finish  @clk     1333467
slice9 task finish  @clk     1333469
slice10 write_burst finish  @clk     1333470
slice10 task finish  @clk     1333472
slice11 write_burst finish  @clk     1333473
slice11 task finish  @clk     1333475
slice1 write_burst finish  @clk     1333479
slice1 task finish  @clk     1333481
slice2 write_burst finish  @clk     1333499
slice2 task finish  @clk     1333501
slice3 write_burst finish  @clk     1333517
slice3 task finish  @clk     1333519
