ag0 read request stall cycles           0 write request stall cycles         876
ag0 read request stall cycles due to wait for rd fifo avaliable           0
ag1 read request stall cycles           0 write request stall cycles           0
ag1 read request stall cycles due to wait for rd fifo avaliable         863
ag2 read request stall cycles           0 write request stall cycles           0
ag2 read request stall cycles due to wait for rd fifo avaliable         863
ag3 read request stall cycles          17 write request stall cycles           0
ag3 read request stall cycles due to wait for rd fifo avaliable        2065
ag4 read request stall cycles           0 write request stall cycles           0
ag4 read request stall cycles due to wait for rd fifo avaliable           0
ag5 read request stall cycles           0 write request stall cycles           0
ag5 read request stall cycles due to wait for rd fifo avaliable           0
ag6 read request stall cycles           0 write request stall cycles           0
ag6 read request stall cycles due to wait for rd fifo avaliable           0
ag7 read request stall cycles           0 write request stall cycles           0
ag7 read request stall cycles due to wait for rd fifo avaliable           0
ag0 read request stall cycles           0 write request stall cycles        1755
ag0 read request stall cycles due to wait for rd fifo avaliable           0
ag1 read request stall cycles           0 write request stall cycles           0
ag1 read request stall cycles due to wait for rd fifo avaliable        1726
ag2 read request stall cycles           0 write request stall cycles           0
ag2 read request stall cycles due to wait for rd fifo avaliable        1726
ag3 read request stall cycles          32 write request stall cycles           0
ag3 read request stall cycles due to wait for rd fifo avaliable        4132
ag4 read request stall cycles           0 write request stall cycles           0
ag4 read request stall cycles due to wait for rd fifo avaliable           0
ag5 read request stall cycles           0 write request stall cycles           0
ag5 read request stall cycles due to wait for rd fifo avaliable           0
ag6 read request stall cycles           0 write request stall cycles           0
ag6 read request stall cycles due to wait for rd fifo avaliable           0
ag7 read request stall cycles           0 write request stall cycles           0
ag7 read request stall cycles due to wait for rd fifo avaliable           0
ag0 read request stall cycles           0 write request stall cycles        2634
ag0 read request stall cycles due to wait for rd fifo avaliable           0
ag1 read request stall cycles           0 write request stall cycles           0
ag1 read request stall cycles due to wait for rd fifo avaliable        2589
ag2 read request stall cycles           0 write request stall cycles           0
ag2 read request stall cycles due to wait for rd fifo avaliable        2589
ag3 read request stall cycles          47 write request stall cycles           0
ag3 read request stall cycles due to wait for rd fifo avaliable        6199
ag4 read request stall cycles           0 write request stall cycles           0
ag4 read request stall cycles due to wait for rd fifo avaliable           0
ag5 read request stall cycles           0 write request stall cycles           0
ag5 read request stall cycles due to wait for rd fifo avaliable           0
ag6 read request stall cycles           0 write request stall cycles           0
ag6 read request stall cycles due to wait for rd fifo avaliable           0
ag7 read request stall cycles           0 write request stall cycles           0
ag7 read request stall cycles due to wait for rd fifo avaliable           0
ag0 read request stall cycles           0 write request stall cycles        3513
ag0 read request stall cycles due to wait for rd fifo avaliable           0
ag1 read request stall cycles           0 write request stall cycles           0
ag1 read request stall cycles due to wait for rd fifo avaliable        3452
ag2 read request stall cycles           0 write request stall cycles           0
ag2 read request stall cycles due to wait for rd fifo avaliable        3452
ag3 read request stall cycles          62 write request stall cycles           0
ag3 read request stall cycles due to wait for rd fifo avaliable        8266
ag4 read request stall cycles           0 write request stall cycles           0
ag4 read request stall cycles due to wait for rd fifo avaliable           0
ag5 read request stall cycles           0 write request stall cycles           0
ag5 read request stall cycles due to wait for rd fifo avaliable           0
ag6 read request stall cycles           0 write request stall cycles           0
ag6 read request stall cycles due to wait for rd fifo avaliable           0
ag7 read request stall cycles           0 write request stall cycles           0
ag7 read request stall cycles due to wait for rd fifo avaliable           0
ag0 read request stall cycles           0 write request stall cycles        4392
ag0 read request stall cycles due to wait for rd fifo avaliable           0
ag1 read request stall cycles           0 write request stall cycles           0
ag1 read request stall cycles due to wait for rd fifo avaliable        4315
ag2 read request stall cycles           0 write request stall cycles           0
ag2 read request stall cycles due to wait for rd fifo avaliable        4315
ag3 read request stall cycles          77 write request stall cycles           0
ag3 read request stall cycles due to wait for rd fifo avaliable       10333
ag4 read request stall cycles           0 write request stall cycles           0
ag4 read request stall cycles due to wait for rd fifo avaliable           0
ag5 read request stall cycles           0 write request stall cycles           0
ag5 read request stall cycles due to wait for rd fifo avaliable           0
ag6 read request stall cycles           0 write request stall cycles           0
ag6 read request stall cycles due to wait for rd fifo avaliable           0
ag7 read request stall cycles           0 write request stall cycles           0
ag7 read request stall cycles due to wait for rd fifo avaliable           0
ag0 read request stall cycles           0 write request stall cycles        5271
ag0 read request stall cycles due to wait for rd fifo avaliable           0
ag1 read request stall cycles           0 write request stall cycles           0
ag1 read request stall cycles due to wait for rd fifo avaliable        5178
ag2 read request stall cycles           0 write request stall cycles           0
ag2 read request stall cycles due to wait for rd fifo avaliable        5178
ag3 read request stall cycles          92 write request stall cycles           0
ag3 read request stall cycles due to wait for rd fifo avaliable       12400
ag4 read request stall cycles           0 write request stall cycles           0
ag4 read request stall cycles due to wait for rd fifo avaliable           0
ag5 read request stall cycles           0 write request stall cycles           0
ag5 read request stall cycles due to wait for rd fifo avaliable           0
ag6 read request stall cycles           0 write request stall cycles           0
ag6 read request stall cycles due to wait for rd fifo avaliable           0
ag7 read request stall cycles           0 write request stall cycles           0
ag7 read request stall cycles due to wait for rd fifo avaliable           0
ag0 read request stall cycles           0 write request stall cycles        6150
ag0 read request stall cycles due to wait for rd fifo avaliable           0
ag1 read request stall cycles           0 write request stall cycles           0
ag1 read request stall cycles due to wait for rd fifo avaliable        6041
ag2 read request stall cycles           0 write request stall cycles           0
ag2 read request stall cycles due to wait for rd fifo avaliable        6041
ag3 read request stall cycles         107 write request stall cycles           0
ag3 read request stall cycles due to wait for rd fifo avaliable       14467
ag4 read request stall cycles           0 write request stall cycles           0
ag4 read request stall cycles due to wait for rd fifo avaliable           0
ag5 read request stall cycles           0 write request stall cycles           0
ag5 read request stall cycles due to wait for rd fifo avaliable           0
ag6 read request stall cycles           0 write request stall cycles           0
ag6 read request stall cycles due to wait for rd fifo avaliable           0
ag7 read request stall cycles           0 write request stall cycles           0
ag7 read request stall cycles due to wait for rd fifo avaliable           0
ag0 read request stall cycles           0 write request stall cycles        7029
ag0 read request stall cycles due to wait for rd fifo avaliable           0
ag1 read request stall cycles           0 write request stall cycles           0
ag1 read request stall cycles due to wait for rd fifo avaliable        6904
ag2 read request stall cycles           0 write request stall cycles           0
ag2 read request stall cycles due to wait for rd fifo avaliable        6904
ag3 read request stall cycles         122 write request stall cycles           0
ag3 read request stall cycles due to wait for rd fifo avaliable       16534
ag4 read request stall cycles           0 write request stall cycles           0
ag4 read request stall cycles due to wait for rd fifo avaliable           0
ag5 read request stall cycles           0 write request stall cycles           0
ag5 read request stall cycles due to wait for rd fifo avaliable           0
ag6 read request stall cycles           0 write request stall cycles           0
ag6 read request stall cycles due to wait for rd fifo avaliable           0
ag7 read request stall cycles           0 write request stall cycles           0
ag7 read request stall cycles due to wait for rd fifo avaliable           0
ag0 read request stall cycles           0 write request stall cycles        7908
ag0 read request stall cycles due to wait for rd fifo avaliable           0
ag1 read request stall cycles           0 write request stall cycles           0
ag1 read request stall cycles due to wait for rd fifo avaliable        7767
ag2 read request stall cycles           0 write request stall cycles           0
ag2 read request stall cycles due to wait for rd fifo avaliable        7767
ag3 read request stall cycles         137 write request stall cycles           0
ag3 read request stall cycles due to wait for rd fifo avaliable       18601
ag4 read request stall cycles           0 write request stall cycles           0
ag4 read request stall cycles due to wait for rd fifo avaliable           0
ag5 read request stall cycles           0 write request stall cycles           0
ag5 read request stall cycles due to wait for rd fifo avaliable           0
ag6 read request stall cycles           0 write request stall cycles           0
ag6 read request stall cycles due to wait for rd fifo avaliable           0
ag7 read request stall cycles           0 write request stall cycles           0
ag7 read request stall cycles due to wait for rd fifo avaliable           0
ag0 read request stall cycles           0 write request stall cycles        8787
ag0 read request stall cycles due to wait for rd fifo avaliable           0
ag1 read request stall cycles           0 write request stall cycles           0
ag1 read request stall cycles due to wait for rd fifo avaliable        8630
ag2 read request stall cycles           0 write request stall cycles           0
ag2 read request stall cycles due to wait for rd fifo avaliable        8630
ag3 read request stall cycles         152 write request stall cycles           0
ag3 read request stall cycles due to wait for rd fifo avaliable       20668
ag4 read request stall cycles           0 write request stall cycles           0
ag4 read request stall cycles due to wait for rd fifo avaliable           0
ag5 read request stall cycles           0 write request stall cycles           0
ag5 read request stall cycles due to wait for rd fifo avaliable           0
ag6 read request stall cycles           0 write request stall cycles           0
ag6 read request stall cycles due to wait for rd fifo avaliable           0
ag7 read request stall cycles           0 write request stall cycles           0
ag7 read request stall cycles due to wait for rd fifo avaliable           0
ag0 read request stall cycles           0 write request stall cycles        9666
ag0 read request stall cycles due to wait for rd fifo avaliable           0
ag1 read request stall cycles           0 write request stall cycles           0
ag1 read request stall cycles due to wait for rd fifo avaliable        9493
ag2 read request stall cycles           0 write request stall cycles           0
ag2 read request stall cycles due to wait for rd fifo avaliable        9493
ag3 read request stall cycles         167 write request stall cycles           0
ag3 read request stall cycles due to wait for rd fifo avaliable       22735
ag4 read request stall cycles           0 write request stall cycles           0
ag4 read request stall cycles due to wait for rd fifo avaliable           0
ag5 read request stall cycles           0 write request stall cycles           0
ag5 read request stall cycles due to wait for rd fifo avaliable           0
ag6 read request stall cycles           0 write request stall cycles           0
ag6 read request stall cycles due to wait for rd fifo avaliable           0
ag7 read request stall cycles           0 write request stall cycles           0
ag7 read request stall cycles due to wait for rd fifo avaliable           0
ag0 read request stall cycles           0 write request stall cycles       10545
ag0 read request stall cycles due to wait for rd fifo avaliable           0
ag1 read request stall cycles           0 write request stall cycles           0
ag1 read request stall cycles due to wait for rd fifo avaliable       10356
ag2 read request stall cycles           0 write request stall cycles           0
ag2 read request stall cycles due to wait for rd fifo avaliable       10356
ag3 read request stall cycles         182 write request stall cycles           0
ag3 read request stall cycles due to wait for rd fifo avaliable       24802
ag4 read request stall cycles           0 write request stall cycles           0
ag4 read request stall cycles due to wait for rd fifo avaliable           0
ag5 read request stall cycles           0 write request stall cycles           0
ag5 read request stall cycles due to wait for rd fifo avaliable           0
ag6 read request stall cycles           0 write request stall cycles           0
ag6 read request stall cycles due to wait for rd fifo avaliable           0
ag7 read request stall cycles           0 write request stall cycles           0
ag7 read request stall cycles due to wait for rd fifo avaliable           0
ag0 read request stall cycles           0 write request stall cycles       11424
ag0 read request stall cycles due to wait for rd fifo avaliable           0
ag1 read request stall cycles           0 write request stall cycles           0
ag1 read request stall cycles due to wait for rd fifo avaliable       11219
ag2 read request stall cycles           0 write request stall cycles           0
ag2 read request stall cycles due to wait for rd fifo avaliable       11219
ag3 read request stall cycles         197 write request stall cycles           0
ag3 read request stall cycles due to wait for rd fifo avaliable       26869
ag4 read request stall cycles           0 write request stall cycles           0
ag4 read request stall cycles due to wait for rd fifo avaliable           0
ag5 read request stall cycles           0 write request stall cycles           0
ag5 read request stall cycles due to wait for rd fifo avaliable           0
ag6 read request stall cycles           0 write request stall cycles           0
ag6 read request stall cycles due to wait for rd fifo avaliable           0
ag7 read request stall cycles           0 write request stall cycles           0
ag7 read request stall cycles due to wait for rd fifo avaliable           0
ag0 read request stall cycles           0 write request stall cycles       12303
ag0 read request stall cycles due to wait for rd fifo avaliable           0
ag1 read request stall cycles           0 write request stall cycles           0
ag1 read request stall cycles due to wait for rd fifo avaliable       12082
ag2 read request stall cycles           0 write request stall cycles           0
ag2 read request stall cycles due to wait for rd fifo avaliable       12082
ag3 read request stall cycles         212 write request stall cycles           0
ag3 read request stall cycles due to wait for rd fifo avaliable       28936
ag4 read request stall cycles           0 write request stall cycles           0
ag4 read request stall cycles due to wait for rd fifo avaliable           0
ag5 read request stall cycles           0 write request stall cycles           0
ag5 read request stall cycles due to wait for rd fifo avaliable           0
ag6 read request stall cycles           0 write request stall cycles           0
ag6 read request stall cycles due to wait for rd fifo avaliable           0
ag7 read request stall cycles           0 write request stall cycles           0
ag7 read request stall cycles due to wait for rd fifo avaliable           0
