slice12 start prefetch  @clk     1024197
slice13 start prefetch  @clk     1024197
slice14 start prefetch  @clk     1024197
slice15 start prefetch  @clk     1024197
slice8 start prefetch  @clk     1024199
slice9 start prefetch  @clk     1024199
slice10 start prefetch  @clk     1024199
slice11 start prefetch  @clk     1024199
slice4 start prefetch  @clk     1024201
slice5 start prefetch  @clk     1024201
slice6 start prefetch  @clk     1024201
slice7 start prefetch  @clk     1024201
slice0 start prefetch @clk     1024203
slice1 start prefetch  @clk     1024203
slice2 start prefetch  @clk     1024203
slice3 start prefetch  @clk     1024203
slice12 compute config finish @clk     1025562
slice13 compute config finish @clk     1025562
slice14 compute config finish @clk     1025562
slice15 compute config finish @clk     1025562
slice8 compute config finish @clk     1025566
slice9 compute config finish @clk     1025566
slice10 compute config finish @clk     1025566
slice11 compute config finish @clk     1025566
slice4 compute config finish @clk     1025568
slice5 compute config finish @clk     1025568
slice6 compute config finish @clk     1025568
slice7 compute config finish @clk     1025568
slice0 compute config finish @clk     1025570
slice1 compute config finish @clk     1025570
slice2 compute config finish @clk     1025570
slice3 compute config finish @clk     1025570
slice12 prefetch finish  @clk     1080488
slice12 start run  @clk     1080489
slice13 prefetch finish  @clk     1080532
slice13 start run  @clk     1080533
slice12 start prefetch  @clk     1080559
slice14 prefetch finish  @clk     1080576
slice14 start run  @clk     1080577
slice13 start prefetch  @clk     1080603
slice15 prefetch finish  @clk     1080620
slice15 start run  @clk     1080621
slice14 start prefetch  @clk     1080647
slice15 start prefetch  @clk     1080691
slice4 prefetch finish  @clk     1080840
slice4 start run  @clk     1080841
slice5 prefetch finish  @clk     1080884
slice5 start run  @clk     1080885
slice4 start prefetch  @clk     1080911
slice6 prefetch finish  @clk     1080928
slice6 start run  @clk     1080929
slice5 start prefetch  @clk     1080955
slice7 prefetch finish  @clk     1080972
slice7 start run  @clk     1080973
slice6 start prefetch  @clk     1080999
slice8 prefetch finish  @clk     1081016
slice8 start run  @clk     1081017
slice7 start prefetch  @clk     1081043
slice9 prefetch finish  @clk     1081060
slice9 start run  @clk     1081061
slice8 start prefetch  @clk     1081087
slice10 prefetch finish  @clk     1081104
slice10 start run  @clk     1081105
slice9 start prefetch  @clk     1081131
slice11 prefetch finish  @clk     1081148
slice11 start run  @clk     1081149
slice10 start prefetch  @clk     1081175
slice0 prefetch finish @clk     1081192
slice0 start run @clk     1081193
slice11 start prefetch  @clk     1081219
slice1 prefetch finish  @clk     1081236
slice1 start run  @clk     1081237
slice0 start prefetch @clk     1081263
slice2 prefetch finish  @clk     1081280
slice2 start run  @clk     1081281
slice1 start prefetch  @clk     1081307
slice3 prefetch finish  @clk     1081324
slice3 start run  @clk     1081325
slice2 start prefetch  @clk     1081351
slice3 start prefetch  @clk     1081395
slice12 access done  @clk     1083052
slice12 start write  @clk     1083053
slice12 write_burst finish  @clk     1083054
slice12 task finish  @clk     1083056
slice13 access done  @clk     1083096
slice13 start write  @clk     1083097
slice13 write_burst finish  @clk     1083098
slice13 task finish  @clk     1083100
slice14 access done  @clk     1083140
slice14 start write  @clk     1083141
slice14 write_burst finish  @clk     1083142
slice14 task finish  @clk     1083144
slice15 access done  @clk     1083184
slice15 start write  @clk     1083185
slice15 write_burst finish  @clk     1083186
slice15 task finish  @clk     1083188
slice4 access done  @clk     1083404
slice4 start write  @clk     1083405
slice4 write_burst finish  @clk     1083406
slice4 task finish  @clk     1083408
slice5 access done  @clk     1083448
slice5 start write  @clk     1083449
slice5 write_burst finish  @clk     1083450
slice5 task finish  @clk     1083452
slice6 access done  @clk     1083492
slice6 start write  @clk     1083493
slice6 write_burst finish  @clk     1083494
slice6 task finish  @clk     1083496
slice7 access done  @clk     1083536
slice7 start write  @clk     1083537
slice7 write_burst finish  @clk     1083538
slice7 task finish  @clk     1083540
slice8 access done  @clk     1083580
slice8 start write  @clk     1083581
slice8 write_burst finish  @clk     1083582
slice8 task finish  @clk     1083584
slice9 access done  @clk     1083624
slice9 start write  @clk     1083625
slice9 write_burst finish  @clk     1083626
slice9 task finish  @clk     1083628
slice10 access done  @clk     1083668
slice10 start write  @clk     1083669
slice10 write_burst finish  @clk     1083670
slice10 task finish  @clk     1083672
slice11 access done  @clk     1083712
slice11 start write  @clk     1083713
slice11 write_burst finish  @clk     1083714
slice11 task finish  @clk     1083716
slice0 access done @clk     1083756
slice0 start write @clk     1083757
slice0 write_burst finish @clk     1083758
slice0 task finish @clk     1083760
slice1 access done  @clk     1083800
slice1 start write  @clk     1083801
slice1 write_burst finish  @clk     1083802
slice1 task finish  @clk     1083804
slice2 access done  @clk     1083844
slice2 start write  @clk     1083845
slice2 write_burst finish  @clk     1083846
slice2 task finish  @clk     1083848
slice3 access done  @clk     1083888
slice3 start write  @clk     1083889
slice3 write_burst finish  @clk     1083890
slice3 task finish  @clk     1083892
slice12 compute config finish @clk     1083948
slice13 compute config finish @clk     1083992
slice14 compute config finish @clk     1084036
slice15 compute config finish @clk     1084080
slice4 compute config finish @clk     1084300
slice5 compute config finish @clk     1084344
slice6 compute config finish @clk     1084388
slice7 compute config finish @clk     1084432
slice8 compute config finish @clk     1084476
slice9 compute config finish @clk     1084520
slice10 compute config finish @clk     1084564
slice11 compute config finish @clk     1084608
slice0 compute config finish @clk     1084652
slice1 compute config finish @clk     1084696
slice2 compute config finish @clk     1084740
slice3 compute config finish @clk     1084784
slice12 prefetch finish  @clk     1209927
slice12 start run  @clk     1209928
slice13 prefetch finish  @clk     1209931
slice13 start run  @clk     1209932
slice14 prefetch finish  @clk     1209935
slice14 start run  @clk     1209936
slice15 prefetch finish  @clk     1209939
slice15 start run  @clk     1209940
slice12 start prefetch  @clk     1209998
slice13 start prefetch  @clk     1210002
slice14 start prefetch  @clk     1210006
slice15 start prefetch  @clk     1210010
slice4 prefetch finish  @clk     1210639
slice4 start run  @clk     1210640
slice4 start prefetch  @clk     1210710
slice5 prefetch finish  @clk     1210739
slice5 start run  @clk     1210740
slice5 start prefetch  @clk     1210810
slice6 prefetch finish  @clk     1210879
slice6 start run  @clk     1210880
slice6 start prefetch  @clk     1210950
slice7 prefetch finish  @clk     1210975
slice7 start run  @clk     1210976
slice7 start prefetch  @clk     1211046
slice8 prefetch finish  @clk     1211101
slice8 start run  @clk     1211102
slice8 start prefetch  @clk     1211172
slice9 prefetch finish  @clk     1211197
slice9 start run  @clk     1211198
slice9 start prefetch  @clk     1211268
slice10 prefetch finish  @clk     1211301
slice10 start run  @clk     1211302
slice10 start prefetch  @clk     1211372
slice11 prefetch finish  @clk     1211399
slice11 start run  @clk     1211400
slice0 prefetch finish @clk     1211443
slice0 start run @clk     1211444
slice11 start prefetch  @clk     1211470
slice0 start prefetch @clk     1211514
slice1 prefetch finish  @clk     1211521
slice1 start run  @clk     1211522
slice1 start prefetch  @clk     1211592
slice2 prefetch finish  @clk     1211615
slice2 start run  @clk     1211616
slice3 prefetch finish  @clk     1211619
slice3 start run  @clk     1211620
slice2 start prefetch  @clk     1211686
slice3 start prefetch  @clk     1211690
slice12 access done  @clk     1212494
slice12 start write  @clk     1212495
slice12 write_burst finish  @clk     1212496
slice13 access done  @clk     1212498
slice12 task finish  @clk     1212498
slice13 start write  @clk     1212499
slice13 write_burst finish  @clk     1212500
slice14 access done  @clk     1212502
slice13 task finish  @clk     1212502
slice14 start write  @clk     1212503
slice14 write_burst finish  @clk     1212504
slice15 access done  @clk     1212506
slice14 task finish  @clk     1212506
slice15 start write  @clk     1212507
slice15 write_burst finish  @clk     1212508
slice15 task finish  @clk     1212510
slice4 access done  @clk     1213206
slice4 start write  @clk     1213207
slice4 write_burst finish  @clk     1213208
slice4 task finish  @clk     1213210
slice5 access done  @clk     1213306
slice5 start write  @clk     1213307
slice5 write_burst finish  @clk     1213308
slice5 task finish  @clk     1213310
slice12 compute config finish @clk     1213390
slice13 compute config finish @clk     1213394
slice14 compute config finish @clk     1213398
slice15 compute config finish @clk     1213402
slice6 access done  @clk     1213446
slice6 start write  @clk     1213447
slice6 write_burst finish  @clk     1213448
slice6 task finish  @clk     1213450
slice7 access done  @clk     1213542
slice7 start write  @clk     1213543
slice7 write_burst finish  @clk     1213544
slice7 task finish  @clk     1213546
slice8 access done  @clk     1213668
slice8 start write  @clk     1213669
slice8 write_burst finish  @clk     1213670
slice8 task finish  @clk     1213672
slice9 access done  @clk     1213764
slice9 start write  @clk     1213765
slice9 write_burst finish  @clk     1213766
slice9 task finish  @clk     1213768
slice10 access done  @clk     1213868
slice10 start write  @clk     1213869
slice10 write_burst finish  @clk     1213870
slice10 task finish  @clk     1213872
slice11 access done  @clk     1213966
slice11 start write  @clk     1213967
slice11 write_burst finish  @clk     1213968
slice11 task finish  @clk     1213970
slice0 access done @clk     1214010
slice0 start write @clk     1214011
slice0 write_burst finish @clk     1214012
slice0 task finish @clk     1214014
slice1 access done  @clk     1214088
slice1 start write  @clk     1214089
slice1 write_burst finish  @clk     1214090
slice1 task finish  @clk     1214092
slice4 compute config finish @clk     1214102
slice2 access done  @clk     1214182
slice2 start write  @clk     1214183
slice2 write_burst finish  @clk     1214184
slice3 access done  @clk     1214186
slice2 task finish  @clk     1214186
slice3 start write  @clk     1214187
slice3 write_burst finish  @clk     1214188
slice3 task finish  @clk     1214190
slice5 compute config finish @clk     1214202
slice6 compute config finish @clk     1214342
slice7 compute config finish @clk     1214438
slice8 compute config finish @clk     1214564
slice9 compute config finish @clk     1214660
slice10 compute config finish @clk     1214764
slice11 compute config finish @clk     1214862
slice0 compute config finish @clk     1214906
slice1 compute config finish @clk     1214984
slice2 compute config finish @clk     1215078
slice3 compute config finish @clk     1215082
slice12 prefetch finish  @clk     1298118
slice12 start run  @clk     1298119
slice13 prefetch finish  @clk     1298120
slice13 start run  @clk     1298121
slice14 prefetch finish  @clk     1298122
slice14 start run  @clk     1298123
slice15 prefetch finish  @clk     1298162
slice15 start run  @clk     1298163
slice12 start prefetch  @clk     1298189
slice13 start prefetch  @clk     1298191
slice14 start prefetch  @clk     1298193
slice15 start prefetch  @clk     1298233
slice4 prefetch finish  @clk     1300098
slice4 start run  @clk     1300099
slice4 start prefetch  @clk     1300169
slice5 prefetch finish  @clk     1300408
slice5 start run  @clk     1300409
slice5 start prefetch  @clk     1300479
slice6 prefetch finish  @clk     1300672
slice6 start run  @clk     1300673
slice12 access done  @clk     1300685
slice12 start write  @clk     1300686
slice13 access done  @clk     1300687
slice12 write_burst finish  @clk     1300687
slice13 start write  @clk     1300688
slice14 access done  @clk     1300689
slice13 write_burst finish  @clk     1300689
slice12 task finish  @clk     1300689
slice14 start write  @clk     1300690
slice14 write_burst finish  @clk     1300691
slice13 task finish  @clk     1300691
slice14 task finish  @clk     1300693
slice15 access done  @clk     1300729
slice15 start write  @clk     1300730
slice15 write_burst finish  @clk     1300731
slice15 task finish  @clk     1300733
slice6 start prefetch  @clk     1300743
slice7 prefetch finish  @clk     1301008
slice7 start run  @clk     1301009
slice7 start prefetch  @clk     1301079
slice8 prefetch finish  @clk     1301276
slice8 start run  @clk     1301277
slice8 start prefetch  @clk     1301347
slice12 compute config finish @clk     1301581
slice13 compute config finish @clk     1301583
slice14 compute config finish @clk     1301585
slice15 compute config finish @clk     1301625
slice9 prefetch finish  @clk     1301838
slice9 start run  @clk     1301839
slice9 start prefetch  @clk     1301909
slice10 prefetch finish  @clk     1302058
slice10 start run  @clk     1302059
slice10 start prefetch  @clk     1302129
slice11 prefetch finish  @clk     1302376
slice11 start run  @clk     1302377
slice0 prefetch finish @clk     1302424
slice0 start run @clk     1302425
slice11 start prefetch  @clk     1302447
slice0 start prefetch @clk     1302495
slice4 access done  @clk     1302665
slice4 start write  @clk     1302666
slice4 write_burst finish  @clk     1302667
slice4 task finish  @clk     1302669
slice1 prefetch finish  @clk     1302676
slice1 start run  @clk     1302677
slice1 start prefetch  @clk     1302747
slice5 access done  @clk     1302975
slice5 start write  @clk     1302976
slice5 write_burst finish  @clk     1302977
slice5 task finish  @clk     1302979
slice2 prefetch finish  @clk     1303124
slice2 start run  @clk     1303125
slice3 prefetch finish  @clk     1303166
slice3 start run  @clk     1303167
slice2 start prefetch  @clk     1303195
slice3 start prefetch  @clk     1303237
slice6 access done  @clk     1303239
slice6 start write  @clk     1303240
slice6 write_burst finish  @clk     1303241
slice6 task finish  @clk     1303243
slice4 compute config finish @clk     1303561
slice7 access done  @clk     1303575
slice7 start write  @clk     1303576
slice7 write_burst finish  @clk     1303577
slice7 task finish  @clk     1303579
slice8 access done  @clk     1303843
slice8 start write  @clk     1303844
slice8 write_burst finish  @clk     1303845
slice8 task finish  @clk     1303847
slice5 compute config finish @clk     1303871
slice6 compute config finish @clk     1304135
slice9 access done  @clk     1304405
slice9 start write  @clk     1304406
slice9 write_burst finish  @clk     1304407
slice9 task finish  @clk     1304409
slice7 compute config finish @clk     1304471
slice10 access done  @clk     1304625
slice10 start write  @clk     1304626
slice10 write_burst finish  @clk     1304627
slice10 task finish  @clk     1304629
slice8 compute config finish @clk     1304739
slice11 access done  @clk     1304943
slice11 start write  @clk     1304944
slice11 write_burst finish  @clk     1304945
slice11 task finish  @clk     1304947
slice0 access done @clk     1304991
slice0 start write @clk     1304992
slice0 write_burst finish @clk     1304993
slice0 task finish @clk     1304995
slice1 access done  @clk     1305243
slice1 start write  @clk     1305244
slice1 write_burst finish  @clk     1305245
slice1 task finish  @clk     1305247
slice9 compute config finish @clk     1305301
slice10 compute config finish @clk     1305521
slice2 access done  @clk     1305691
slice2 start write  @clk     1305692
slice2 write_burst finish  @clk     1305693
slice2 task finish  @clk     1305695
slice3 access done  @clk     1305733
slice3 start write  @clk     1305734
slice3 write_burst finish  @clk     1305735
slice3 task finish  @clk     1305737
slice11 compute config finish @clk     1305839
slice0 compute config finish @clk     1305887
slice1 compute config finish @clk     1306139
slice2 compute config finish @clk     1306587
slice3 compute config finish @clk     1306629
slice12 prefetch finish  @clk     1388600
slice12 start run  @clk     1388601
slice13 prefetch finish  @clk     1388602
slice13 start run  @clk     1388603
slice14 prefetch finish  @clk     1388604
slice14 start run  @clk     1388605
slice15 prefetch finish  @clk     1388644
slice15 start run  @clk     1388645
slice12 start prefetch  @clk     1388671
slice13 start prefetch  @clk     1388673
slice14 start prefetch  @clk     1388675
slice15 start prefetch  @clk     1388715
slice4 prefetch finish  @clk     1390460
slice4 start run  @clk     1390461
slice4 start prefetch  @clk     1390531
slice5 prefetch finish  @clk     1390798
slice5 start run  @clk     1390799
slice5 start prefetch  @clk     1390869
slice6 prefetch finish  @clk     1391066
slice6 start run  @clk     1391067
slice6 start prefetch  @clk     1391137
slice12 access done  @clk     1391167
slice12 start write  @clk     1391168
slice13 access done  @clk     1391169
slice12 write_burst finish  @clk     1391169
slice13 start write  @clk     1391170
slice14 access done  @clk     1391171
slice13 write_burst finish  @clk     1391171
slice12 task finish  @clk     1391171
slice14 start write  @clk     1391172
slice14 write_burst finish  @clk     1391173
slice13 task finish  @clk     1391173
slice14 task finish  @clk     1391175
slice15 access done  @clk     1391211
slice15 start write  @clk     1391212
slice15 write_burst finish  @clk     1391213
slice15 task finish  @clk     1391215
slice7 prefetch finish  @clk     1391328
slice7 start run  @clk     1391329
slice7 start prefetch  @clk     1391399
slice8 prefetch finish  @clk     1391592
slice8 start run  @clk     1391593
slice8 start prefetch  @clk     1391663
slice12 compute config finish @clk     1392063
slice13 compute config finish @clk     1392065
slice14 compute config finish @clk     1392067
slice15 compute config finish @clk     1392107
slice9 prefetch finish  @clk     1392122
slice9 start run  @clk     1392123
slice9 start prefetch  @clk     1392193
slice10 prefetch finish  @clk     1392340
slice10 start run  @clk     1392341
slice10 start prefetch  @clk     1392411
slice11 prefetch finish  @clk     1392658
slice11 start run  @clk     1392659
slice0 prefetch finish @clk     1392698
slice0 start run @clk     1392699
slice11 start prefetch  @clk     1392729
slice0 start prefetch @clk     1392769
slice1 prefetch finish  @clk     1392972
slice1 start run  @clk     1392973
slice4 access done  @clk     1393027
slice4 start write  @clk     1393028
slice4 write_burst finish  @clk     1393029
slice4 task finish  @clk     1393031
slice1 start prefetch  @clk     1393043
slice5 access done  @clk     1393365
slice5 start write  @clk     1393366
slice5 write_burst finish  @clk     1393367
slice5 task finish  @clk     1393369
slice2 prefetch finish  @clk     1393376
slice2 start run  @clk     1393377
slice2 start prefetch  @clk     1393447
slice3 prefetch finish  @clk     1393510
slice3 start run  @clk     1393511
slice3 start prefetch  @clk     1393581
slice6 access done  @clk     1393633
slice6 start write  @clk     1393634
slice6 write_burst finish  @clk     1393635
slice6 task finish  @clk     1393637
slice7 access done  @clk     1393895
slice7 start write  @clk     1393896
slice7 write_burst finish  @clk     1393897
slice7 task finish  @clk     1393899
slice4 compute config finish @clk     1393923
slice8 access done  @clk     1394159
slice8 start write  @clk     1394160
slice8 write_burst finish  @clk     1394161
slice8 task finish  @clk     1394163
slice5 compute config finish @clk     1394261
slice6 compute config finish @clk     1394529
slice9 access done  @clk     1394689
slice9 start write  @clk     1394690
slice9 write_burst finish  @clk     1394691
slice9 task finish  @clk     1394693
slice7 compute config finish @clk     1394791
slice10 access done  @clk     1394907
slice10 start write  @clk     1394908
slice10 write_burst finish  @clk     1394909
slice10 task finish  @clk     1394911
slice8 compute config finish @clk     1395055
slice11 access done  @clk     1395225
slice11 start write  @clk     1395226
slice11 write_burst finish  @clk     1395227
slice11 task finish  @clk     1395229
slice0 access done @clk     1395265
slice0 start write @clk     1395266
slice0 write_burst finish @clk     1395267
slice0 task finish @clk     1395269
slice1 access done  @clk     1395539
slice1 start write  @clk     1395540
slice1 write_burst finish  @clk     1395541
slice1 task finish  @clk     1395543
slice9 compute config finish @clk     1395585
slice10 compute config finish @clk     1395803
slice2 access done  @clk     1395943
slice2 start write  @clk     1395944
slice2 write_burst finish  @clk     1395945
slice2 task finish  @clk     1395947
slice3 access done  @clk     1396077
slice3 start write  @clk     1396078
slice3 write_burst finish  @clk     1396079
slice3 task finish  @clk     1396081
slice11 compute config finish @clk     1396121
slice0 compute config finish @clk     1396161
slice1 compute config finish @clk     1396435
slice2 compute config finish @clk     1396839
slice3 compute config finish @clk     1396973
slice12 prefetch finish  @clk     1483260
slice12 start run  @clk     1483261
slice13 prefetch finish  @clk     1483262
slice13 start run  @clk     1483263
slice14 prefetch finish  @clk     1483274
slice14 start run  @clk     1483275
slice15 prefetch finish  @clk     1483318
slice15 start run  @clk     1483319
slice12 start prefetch  @clk     1483331
slice13 start prefetch  @clk     1483333
slice14 start prefetch  @clk     1483345
slice15 start prefetch  @clk     1483389
slice4 prefetch finish  @clk     1484998
slice4 start run  @clk     1484999
slice4 start prefetch  @clk     1485069
slice5 prefetch finish  @clk     1485296
slice5 start run  @clk     1485297
slice5 start prefetch  @clk     1485367
slice6 prefetch finish  @clk     1485592
slice6 start run  @clk     1485593
slice6 start prefetch  @clk     1485663
slice12 access done  @clk     1485827
slice12 start write  @clk     1485828
slice13 access done  @clk     1485829
slice12 write_burst finish  @clk     1485829
slice13 start write  @clk     1485830
slice13 write_burst finish  @clk     1485831
slice12 task finish  @clk     1485831
slice13 task finish  @clk     1485833
slice14 access done  @clk     1485841
slice14 start write  @clk     1485842
slice14 write_burst finish  @clk     1485843
slice14 task finish  @clk     1485845
slice7 prefetch finish  @clk     1485858
slice7 start run  @clk     1485859
slice15 access done  @clk     1485885
slice15 start write  @clk     1485886
slice15 write_burst finish  @clk     1485887
slice15 task finish  @clk     1485889
slice7 start prefetch  @clk     1485929
slice8 prefetch finish  @clk     1486122
slice8 start run  @clk     1486123
slice8 start prefetch  @clk     1486193
slice12 compute config finish @clk     1486723
slice13 compute config finish @clk     1486725
slice14 compute config finish @clk     1486737
slice15 compute config finish @clk     1486781
slice9 prefetch finish  @clk     1486874
slice9 start run  @clk     1486875
slice9 start prefetch  @clk     1486945
slice10 prefetch finish  @clk     1487090
slice10 start run  @clk     1487091
slice10 start prefetch  @clk     1487161
slice11 prefetch finish  @clk     1487402
slice11 start run  @clk     1487403
slice0 prefetch finish @clk     1487448
slice0 start run @clk     1487449
slice11 start prefetch  @clk     1487473
slice0 start prefetch @clk     1487519
slice4 access done  @clk     1487565
slice4 start write  @clk     1487566
slice4 write_burst finish  @clk     1487567
slice4 task finish  @clk     1487569
slice1 prefetch finish  @clk     1487700
slice1 start run  @clk     1487701
slice1 start prefetch  @clk     1487771
slice5 access done  @clk     1487863
slice5 start write  @clk     1487864
slice5 write_burst finish  @clk     1487865
slice5 task finish  @clk     1487867
slice6 access done  @clk     1488159
slice6 start write  @clk     1488160
slice6 write_burst finish  @clk     1488161
slice6 task finish  @clk     1488163
slice2 prefetch finish  @clk     1488384
slice2 start run  @clk     1488385
slice7 access done  @clk     1488425
slice7 start write  @clk     1488426
slice7 write_burst finish  @clk     1488427
slice7 task finish  @clk     1488429
slice2 start prefetch  @clk     1488455
slice4 compute config finish @clk     1488461
slice3 prefetch finish  @clk     1488606
slice3 start run  @clk     1488607
slice3 start prefetch  @clk     1488677
slice8 access done  @clk     1488689
slice8 start write  @clk     1488690
slice8 write_burst finish  @clk     1488691
slice8 task finish  @clk     1488693
slice5 compute config finish @clk     1488759
slice6 compute config finish @clk     1489055
slice7 compute config finish @clk     1489321
slice9 access done  @clk     1489441
slice9 start write  @clk     1489442
slice9 write_burst finish  @clk     1489443
slice9 task finish  @clk     1489445
slice8 compute config finish @clk     1489585
slice10 access done  @clk     1489657
slice10 start write  @clk     1489658
slice10 write_burst finish  @clk     1489659
slice10 task finish  @clk     1489661
slice11 access done  @clk     1489969
slice11 start write  @clk     1489970
slice11 write_burst finish  @clk     1489971
slice11 task finish  @clk     1489973
slice0 access done @clk     1490015
slice0 start write @clk     1490016
slice0 write_burst finish @clk     1490017
slice0 task finish @clk     1490019
slice1 access done  @clk     1490267
slice1 start write  @clk     1490268
slice1 write_burst finish  @clk     1490269
slice1 task finish  @clk     1490271
slice9 compute config finish @clk     1490337
slice10 compute config finish @clk     1490553
slice11 compute config finish @clk     1490865
slice0 compute config finish @clk     1490911
slice2 access done  @clk     1490951
slice2 start write  @clk     1490952
slice2 write_burst finish  @clk     1490953
slice2 task finish  @clk     1490955
slice1 compute config finish @clk     1491163
slice3 access done  @clk     1491173
slice3 start write  @clk     1491174
slice3 write_burst finish  @clk     1491175
slice3 task finish  @clk     1491177
slice2 compute config finish @clk     1491847
slice3 compute config finish @clk     1492069
slice12 prefetch finish  @clk     1576012
slice12 start run  @clk     1576013
slice13 prefetch finish  @clk     1576038
slice13 start run  @clk     1576039
slice12 start prefetch  @clk     1576083
slice14 prefetch finish  @clk     1576094
slice14 start run  @clk     1576095
slice13 start prefetch  @clk     1576109
slice15 prefetch finish  @clk     1576138
slice15 start run  @clk     1576139
slice14 start prefetch  @clk     1576165
slice15 start prefetch  @clk     1576209
slice4 prefetch finish  @clk     1577800
slice4 start run  @clk     1577801
slice4 start prefetch  @clk     1577871
slice5 prefetch finish  @clk     1578014
slice5 start run  @clk     1578015
slice5 start prefetch  @clk     1578085
slice6 prefetch finish  @clk     1578270
slice6 start run  @clk     1578271
slice6 start prefetch  @clk     1578341
slice7 prefetch finish  @clk     1578564
slice7 start run  @clk     1578565
slice12 access done  @clk     1578579
slice12 start write  @clk     1578580
slice12 write_burst finish  @clk     1578581
slice12 task finish  @clk     1578583
slice13 access done  @clk     1578605
slice13 start write  @clk     1578606
slice13 write_burst finish  @clk     1578607
slice13 task finish  @clk     1578609
slice7 start prefetch  @clk     1578635
slice14 access done  @clk     1578661
slice14 start write  @clk     1578662
slice14 write_burst finish  @clk     1578663
slice14 task finish  @clk     1578665
slice15 access done  @clk     1578705
slice15 start write  @clk     1578706
slice15 write_burst finish  @clk     1578707
slice15 task finish  @clk     1578709
slice8 prefetch finish  @clk     1578832
slice8 start run  @clk     1578833
slice8 start prefetch  @clk     1578903
slice12 compute config finish @clk     1579475
slice13 compute config finish @clk     1579501
slice14 compute config finish @clk     1579557
slice15 compute config finish @clk     1579601
slice9 prefetch finish  @clk     1579796
slice9 start run  @clk     1579797
slice9 start prefetch  @clk     1579867
slice10 prefetch finish  @clk     1580006
slice10 start run  @clk     1580007
slice10 start prefetch  @clk     1580077
slice11 prefetch finish  @clk     1580350
slice11 start run  @clk     1580351
slice4 access done  @clk     1580367
slice4 start write  @clk     1580368
slice4 write_burst finish  @clk     1580369
slice4 task finish  @clk     1580371
slice11 start prefetch  @clk     1580421
slice0 prefetch finish @clk     1580422
slice0 start run @clk     1580423
slice0 start prefetch @clk     1580493
slice5 access done  @clk     1580581
slice5 start write  @clk     1580582
slice5 write_burst finish  @clk     1580583
slice5 task finish  @clk     1580585
slice1 prefetch finish  @clk     1580708
slice1 start run  @clk     1580709
slice1 start prefetch  @clk     1580779
slice6 access done  @clk     1580837
slice6 start write  @clk     1580838
slice6 write_burst finish  @clk     1580839
slice6 task finish  @clk     1580841
slice7 access done  @clk     1581131
slice7 start write  @clk     1581132
slice7 write_burst finish  @clk     1581133
slice7 task finish  @clk     1581135
slice4 compute config finish @clk     1581263
slice2 prefetch finish  @clk     1581368
slice2 start run  @clk     1581369
slice8 access done  @clk     1581399
slice8 start write  @clk     1581400
slice8 write_burst finish  @clk     1581401
slice8 task finish  @clk     1581403
slice2 start prefetch  @clk     1581439
slice5 compute config finish @clk     1581477
slice3 prefetch finish  @clk     1581718
slice3 start run  @clk     1581719
slice6 compute config finish @clk     1581733
slice3 start prefetch  @clk     1581789
slice7 compute config finish @clk     1582027
slice8 compute config finish @clk     1582295
slice9 access done  @clk     1582363
slice9 start write  @clk     1582364
slice9 write_burst finish  @clk     1582365
slice9 task finish  @clk     1582367
slice10 access done  @clk     1582573
slice10 start write  @clk     1582574
slice10 write_burst finish  @clk     1582575
slice10 task finish  @clk     1582577
slice11 access done  @clk     1582917
slice11 start write  @clk     1582918
slice11 write_burst finish  @clk     1582919
slice11 task finish  @clk     1582921
slice0 access done @clk     1582989
slice0 start write @clk     1582990
slice0 write_burst finish @clk     1582991
slice0 task finish @clk     1582993
slice9 compute config finish @clk     1583259
slice1 access done  @clk     1583275
slice1 start write  @clk     1583276
slice1 write_burst finish  @clk     1583277
slice1 task finish  @clk     1583279
slice10 compute config finish @clk     1583469
slice11 compute config finish @clk     1583813
slice0 compute config finish @clk     1583885
slice2 access done  @clk     1583935
slice2 start write  @clk     1583936
slice2 write_burst finish  @clk     1583937
slice2 task finish  @clk     1583939
slice1 compute config finish @clk     1584171
slice3 access done  @clk     1584285
slice3 start write  @clk     1584286
slice3 write_burst finish  @clk     1584287
slice3 task finish  @clk     1584289
slice2 compute config finish @clk     1584831
slice3 compute config finish @clk     1585181
slice12 prefetch finish  @clk     1671234
slice12 start run  @clk     1671235
slice13 prefetch finish  @clk     1671242
slice13 start run  @clk     1671243
slice14 prefetch finish  @clk     1671286
slice14 start run  @clk     1671287
slice12 start prefetch  @clk     1671305
slice13 start prefetch  @clk     1671313
slice15 prefetch finish  @clk     1671330
slice15 start run  @clk     1671331
slice14 start prefetch  @clk     1671357
slice15 start prefetch  @clk     1671401
slice4 prefetch finish  @clk     1672970
slice4 start run  @clk     1672971
slice4 start prefetch  @clk     1673041
slice5 prefetch finish  @clk     1673186
slice5 start run  @clk     1673187
slice5 start prefetch  @clk     1673257
slice6 prefetch finish  @clk     1673404
slice6 start run  @clk     1673405
slice6 start prefetch  @clk     1673475
slice7 prefetch finish  @clk     1673652
slice7 start run  @clk     1673653
slice7 start prefetch  @clk     1673723
slice12 access done  @clk     1673801
slice12 start write  @clk     1673802
slice12 write_burst finish  @clk     1673803
slice12 task finish  @clk     1673805
slice13 access done  @clk     1673809
slice13 start write  @clk     1673810
slice13 write_burst finish  @clk     1673811
slice13 task finish  @clk     1673813
slice14 access done  @clk     1673853
slice14 start write  @clk     1673854
slice14 write_burst finish  @clk     1673855
slice14 task finish  @clk     1673857
slice15 access done  @clk     1673897
slice15 start write  @clk     1673898
slice15 write_burst finish  @clk     1673899
slice15 task finish  @clk     1673901
slice8 prefetch finish  @clk     1673920
slice8 start run  @clk     1673921
slice8 start prefetch  @clk     1673991
slice12 compute config finish @clk     1674697
slice13 compute config finish @clk     1674705
slice14 compute config finish @clk     1674749
slice15 compute config finish @clk     1674793
slice9 prefetch finish  @clk     1675216
slice9 start run  @clk     1675217
slice9 start prefetch  @clk     1675287
slice4 access done  @clk     1675537
slice4 start write  @clk     1675538
slice4 write_burst finish  @clk     1675539
slice4 task finish  @clk     1675541
slice10 prefetch finish  @clk     1675622
slice10 start run  @clk     1675623
slice10 start prefetch  @clk     1675693
slice5 access done  @clk     1675753
slice5 start write  @clk     1675754
slice5 write_burst finish  @clk     1675755
slice5 task finish  @clk     1675757
slice11 prefetch finish  @clk     1675956
slice11 start run  @clk     1675957
slice6 access done  @clk     1675971
slice6 start write  @clk     1675972
slice6 write_burst finish  @clk     1675973
slice6 task finish  @clk     1675975
slice11 start prefetch  @clk     1676027
slice0 prefetch finish @clk     1676028
slice0 start run @clk     1676029
slice0 start prefetch @clk     1676099
slice1 prefetch finish  @clk     1676194
slice1 start run  @clk     1676195
slice7 access done  @clk     1676219
slice7 start write  @clk     1676220
slice7 write_burst finish  @clk     1676221
slice7 task finish  @clk     1676223
slice1 start prefetch  @clk     1676265
slice4 compute config finish @clk     1676433
slice8 access done  @clk     1676487
slice8 start write  @clk     1676488
slice8 write_burst finish  @clk     1676489
slice8 task finish  @clk     1676491
slice2 prefetch finish  @clk     1676620
slice2 start run  @clk     1676621
slice5 compute config finish @clk     1676649
slice2 start prefetch  @clk     1676691
slice6 compute config finish @clk     1676867
slice3 prefetch finish  @clk     1676978
slice3 start run  @clk     1676979
slice3 start prefetch  @clk     1677049
slice7 compute config finish @clk     1677115
slice8 compute config finish @clk     1677383
slice9 access done  @clk     1677783
slice9 start write  @clk     1677784
slice9 write_burst finish  @clk     1677785
slice9 task finish  @clk     1677787
slice10 access done  @clk     1678189
slice10 start write  @clk     1678190
slice10 write_burst finish  @clk     1678191
slice10 task finish  @clk     1678193
slice11 access done  @clk     1678523
slice11 start write  @clk     1678524
slice11 write_burst finish  @clk     1678525
slice11 task finish  @clk     1678527
slice0 access done @clk     1678595
slice0 start write @clk     1678596
slice0 write_burst finish @clk     1678597
slice0 task finish @clk     1678599
slice9 compute config finish @clk     1678679
slice1 access done  @clk     1678761
slice1 start write  @clk     1678762
slice1 write_burst finish  @clk     1678763
slice1 task finish  @clk     1678765
slice10 compute config finish @clk     1679085
slice2 access done  @clk     1679187
slice2 start write  @clk     1679188
slice2 write_burst finish  @clk     1679189
slice2 task finish  @clk     1679191
slice11 compute config finish @clk     1679419
slice0 compute config finish @clk     1679491
slice3 access done  @clk     1679545
slice3 start write  @clk     1679546
slice3 write_burst finish  @clk     1679547
slice3 task finish  @clk     1679549
slice1 compute config finish @clk     1679657
slice2 compute config finish @clk     1680083
slice3 compute config finish @clk     1680441
slice12 prefetch finish  @clk     1765570
slice12 start run  @clk     1765571
slice13 prefetch finish  @clk     1765588
slice13 start run  @clk     1765589
slice14 prefetch finish  @clk     1765632
slice14 start run  @clk     1765633
slice12 start prefetch  @clk     1765641
slice13 start prefetch  @clk     1765659
slice15 prefetch finish  @clk     1765676
slice15 start run  @clk     1765677
slice14 start prefetch  @clk     1765703
slice15 start prefetch  @clk     1765747
slice4 prefetch finish  @clk     1767276
slice4 start run  @clk     1767277
slice4 start prefetch  @clk     1767347
slice5 prefetch finish  @clk     1767816
slice5 start run  @clk     1767817
slice5 start prefetch  @clk     1767887
slice6 prefetch finish  @clk     1768066
slice6 start run  @clk     1768067
slice6 start prefetch  @clk     1768137
slice12 access done  @clk     1768137
slice12 start write  @clk     1768138
slice12 write_burst finish  @clk     1768139
slice12 task finish  @clk     1768141
slice13 access done  @clk     1768155
slice13 start write  @clk     1768156
slice13 write_burst finish  @clk     1768157
slice13 task finish  @clk     1768159
slice14 access done  @clk     1768199
slice14 start write  @clk     1768200
slice14 write_burst finish  @clk     1768201
slice14 task finish  @clk     1768203
slice15 access done  @clk     1768243
slice15 start write  @clk     1768244
slice15 write_burst finish  @clk     1768245
slice15 task finish  @clk     1768247
slice7 prefetch finish  @clk     1768284
slice7 start run  @clk     1768285
slice7 start prefetch  @clk     1768355
slice8 prefetch finish  @clk     1768468
slice8 start run  @clk     1768469
slice8 start prefetch  @clk     1768539
slice12 compute config finish @clk     1769033
slice13 compute config finish @clk     1769051
slice14 compute config finish @clk     1769095
slice15 compute config finish @clk     1769139
slice9 prefetch finish  @clk     1769434
slice9 start run  @clk     1769435
slice9 start prefetch  @clk     1769505
slice4 access done  @clk     1769843
slice4 start write  @clk     1769844
slice4 write_burst finish  @clk     1769845
slice4 task finish  @clk     1769847
slice10 prefetch finish  @clk     1770092
slice10 start run  @clk     1770093
slice10 start prefetch  @clk     1770163
slice5 access done  @clk     1770383
slice5 start write  @clk     1770384
slice5 write_burst finish  @clk     1770385
slice5 task finish  @clk     1770387
slice11 prefetch finish  @clk     1770468
slice11 start run  @clk     1770469
slice11 start prefetch  @clk     1770539
slice0 prefetch finish @clk     1770556
slice0 start run @clk     1770557
slice0 start prefetch @clk     1770627
slice6 access done  @clk     1770633
slice6 start write  @clk     1770634
slice6 write_burst finish  @clk     1770635
slice6 task finish  @clk     1770637
slice1 prefetch finish  @clk     1770724
slice1 start run  @clk     1770725
slice4 compute config finish @clk     1770739
slice1 start prefetch  @clk     1770795
slice7 access done  @clk     1770851
slice7 start write  @clk     1770852
slice7 write_burst finish  @clk     1770853
slice7 task finish  @clk     1770855
slice8 access done  @clk     1771035
slice8 start write  @clk     1771036
slice8 write_burst finish  @clk     1771037
slice8 task finish  @clk     1771039
slice2 prefetch finish  @clk     1771144
slice2 start run  @clk     1771145
slice2 start prefetch  @clk     1771215
slice5 compute config finish @clk     1771279
slice6 compute config finish @clk     1771529
slice3 prefetch finish  @clk     1771566
slice3 start run  @clk     1771567
slice3 start prefetch  @clk     1771637
slice7 compute config finish @clk     1771747
slice8 compute config finish @clk     1771931
slice9 access done  @clk     1772001
slice9 start write  @clk     1772002
slice9 write_burst finish  @clk     1772003
slice9 task finish  @clk     1772005
slice10 access done  @clk     1772659
slice10 start write  @clk     1772660
slice10 write_burst finish  @clk     1772661
slice10 task finish  @clk     1772663
slice9 compute config finish @clk     1772897
slice11 access done  @clk     1773035
slice11 start write  @clk     1773036
slice11 write_burst finish  @clk     1773037
slice11 task finish  @clk     1773039
slice0 access done @clk     1773123
slice0 start write @clk     1773124
slice0 write_burst finish @clk     1773125
slice0 task finish @clk     1773127
slice1 access done  @clk     1773291
slice1 start write  @clk     1773292
slice1 write_burst finish  @clk     1773293
slice1 task finish  @clk     1773295
slice10 compute config finish @clk     1773555
slice2 access done  @clk     1773711
slice2 start write  @clk     1773712
slice2 write_burst finish  @clk     1773713
slice2 task finish  @clk     1773715
slice11 compute config finish @clk     1773931
slice0 compute config finish @clk     1774019
slice3 access done  @clk     1774133
slice3 start write  @clk     1774134
slice3 write_burst finish  @clk     1774135
slice3 task finish  @clk     1774137
slice1 compute config finish @clk     1774187
slice2 compute config finish @clk     1774607
slice3 compute config finish @clk     1775029
slice12 prefetch finish  @clk     1866988
slice12 start run  @clk     1866989
slice13 prefetch finish  @clk     1866990
slice13 start run  @clk     1866991
slice14 prefetch finish  @clk     1867020
slice14 start run  @clk     1867021
slice12 start prefetch  @clk     1867059
slice13 start prefetch  @clk     1867061
slice15 prefetch finish  @clk     1867064
slice15 start run  @clk     1867065
slice14 start prefetch  @clk     1867091
slice15 start prefetch  @clk     1867135
slice4 prefetch finish  @clk     1868902
slice4 start run  @clk     1868903
slice4 start prefetch  @clk     1868973
slice5 prefetch finish  @clk     1869120
slice5 start run  @clk     1869121
slice5 start prefetch  @clk     1869191
slice6 prefetch finish  @clk     1869370
slice6 start run  @clk     1869371
slice6 start prefetch  @clk     1869441
slice12 access done  @clk     1869555
slice12 start write  @clk     1869556
slice13 access done  @clk     1869557
slice12 write_burst finish  @clk     1869557
slice13 start write  @clk     1869558
slice13 write_burst finish  @clk     1869559
slice12 task finish  @clk     1869559
slice13 task finish  @clk     1869561
slice7 prefetch finish  @clk     1869582
slice7 start run  @clk     1869583
slice14 access done  @clk     1869587
slice14 start write  @clk     1869588
slice14 write_burst finish  @clk     1869589
slice14 task finish  @clk     1869591
slice15 access done  @clk     1869631
slice15 start write  @clk     1869632
slice15 write_burst finish  @clk     1869633
slice15 task finish  @clk     1869635
slice7 start prefetch  @clk     1869653
slice8 prefetch finish  @clk     1869794
slice8 start run  @clk     1869795
slice8 start prefetch  @clk     1869865
slice12 compute config finish @clk     1870451
slice13 compute config finish @clk     1870453
slice14 compute config finish @clk     1870483
slice15 compute config finish @clk     1870527
slice9 prefetch finish  @clk     1870690
slice9 start run  @clk     1870691
slice9 start prefetch  @clk     1870761
slice10 prefetch finish  @clk     1871320
slice10 start run  @clk     1871321
slice10 start prefetch  @clk     1871391
slice4 access done  @clk     1871469
slice4 start write  @clk     1871470
slice4 write_burst finish  @clk     1871471
slice4 task finish  @clk     1871473
slice5 access done  @clk     1871687
slice5 start write  @clk     1871688
slice5 write_burst finish  @clk     1871689
slice5 task finish  @clk     1871691
slice11 prefetch finish  @clk     1871694
slice11 start run  @clk     1871695
slice11 start prefetch  @clk     1871765
slice0 prefetch finish @clk     1871910
slice0 start run @clk     1871911
slice6 access done  @clk     1871937
slice6 start write  @clk     1871938
slice6 write_burst finish  @clk     1871939
slice6 task finish  @clk     1871941
slice0 start prefetch @clk     1871981
slice1 prefetch finish  @clk     1872046
slice1 start run  @clk     1872047
slice1 start prefetch  @clk     1872117
slice7 access done  @clk     1872149
slice7 start write  @clk     1872150
slice7 write_burst finish  @clk     1872151
slice7 task finish  @clk     1872153
slice8 access done  @clk     1872361
slice8 start write  @clk     1872362
slice8 write_burst finish  @clk     1872363
slice4 compute config finish @clk     1872365
slice8 task finish  @clk     1872365
slice2 prefetch finish  @clk     1872380
slice2 start run  @clk     1872381
slice2 start prefetch  @clk     1872451
slice5 compute config finish @clk     1872583
slice3 prefetch finish  @clk     1872786
slice3 start run  @clk     1872787
slice6 compute config finish @clk     1872833
slice3 start prefetch  @clk     1872857
slice7 compute config finish @clk     1873045
slice8 compute config finish @clk     1873257
slice9 access done  @clk     1873257
slice9 start write  @clk     1873258
slice9 write_burst finish  @clk     1873259
slice9 task finish  @clk     1873261
slice10 access done  @clk     1873887
slice10 start write  @clk     1873888
slice10 write_burst finish  @clk     1873889
slice10 task finish  @clk     1873891
slice9 compute config finish @clk     1874153
slice11 access done  @clk     1874261
slice11 start write  @clk     1874262
slice11 write_burst finish  @clk     1874263
slice11 task finish  @clk     1874265
slice0 access done @clk     1874477
slice0 start write @clk     1874478
slice0 write_burst finish @clk     1874479
slice0 task finish @clk     1874481
slice1 access done  @clk     1874613
slice1 start write  @clk     1874614
slice1 write_burst finish  @clk     1874615
slice1 task finish  @clk     1874617
slice10 compute config finish @clk     1874783
slice2 access done  @clk     1874947
slice2 start write  @clk     1874948
slice2 write_burst finish  @clk     1874949
slice2 task finish  @clk     1874951
slice11 compute config finish @clk     1875157
slice3 access done  @clk     1875353
slice3 start write  @clk     1875354
slice3 write_burst finish  @clk     1875355
slice3 task finish  @clk     1875357
slice0 compute config finish @clk     1875373
slice1 compute config finish @clk     1875509
slice2 compute config finish @clk     1875843
slice3 compute config finish @clk     1876249
slice12 prefetch finish  @clk     1961478
slice12 start run  @clk     1961479
slice13 prefetch finish  @clk     1961500
slice13 start run  @clk     1961501
slice14 prefetch finish  @clk     1961544
slice14 start run  @clk     1961545
slice12 start prefetch  @clk     1961549
slice13 start prefetch  @clk     1961571
slice15 prefetch finish  @clk     1961588
slice15 start run  @clk     1961589
slice14 start prefetch  @clk     1961615
slice15 start prefetch  @clk     1961659
slice4 prefetch finish  @clk     1963314
slice4 start run  @clk     1963315
slice4 start prefetch  @clk     1963385
slice5 prefetch finish  @clk     1963562
slice5 start run  @clk     1963563
slice5 start prefetch  @clk     1963633
slice6 prefetch finish  @clk     1963812
slice6 start run  @clk     1963813
slice6 start prefetch  @clk     1963883
slice7 prefetch finish  @clk     1964024
slice7 start run  @clk     1964025
slice12 access done  @clk     1964045
slice12 start write  @clk     1964046
slice12 write_burst finish  @clk     1964047
slice12 task finish  @clk     1964049
slice13 access done  @clk     1964067
slice13 start write  @clk     1964068
slice13 write_burst finish  @clk     1964069
slice13 task finish  @clk     1964071
slice7 start prefetch  @clk     1964095
slice14 access done  @clk     1964111
slice14 start write  @clk     1964112
slice14 write_burst finish  @clk     1964113
slice14 task finish  @clk     1964115
slice15 access done  @clk     1964155
slice15 start write  @clk     1964156
slice15 write_burst finish  @clk     1964157
slice15 task finish  @clk     1964159
slice8 prefetch finish  @clk     1964208
slice8 start run  @clk     1964209
slice8 start prefetch  @clk     1964279
slice12 compute config finish @clk     1964941
slice13 compute config finish @clk     1964963
slice14 compute config finish @clk     1965007
slice9 prefetch finish  @clk     1965022
slice9 start run  @clk     1965023
slice15 compute config finish @clk     1965051
slice9 start prefetch  @clk     1965093
slice10 prefetch finish  @clk     1965872
slice10 start run  @clk     1965873
slice4 access done  @clk     1965881
slice4 start write  @clk     1965882
slice4 write_burst finish  @clk     1965883
slice4 task finish  @clk     1965885
slice10 start prefetch  @clk     1965943
slice11 prefetch finish  @clk     1966038
slice11 start run  @clk     1966039
slice11 start prefetch  @clk     1966109
slice5 access done  @clk     1966129
slice5 start write  @clk     1966130
slice5 write_burst finish  @clk     1966131
slice5 task finish  @clk     1966133
slice6 access done  @clk     1966379
slice6 start write  @clk     1966380
slice6 write_burst finish  @clk     1966381
slice6 task finish  @clk     1966383
slice0 prefetch finish @clk     1966386
slice0 start run @clk     1966387
slice0 start prefetch @clk     1966457
slice1 prefetch finish  @clk     1966518
slice1 start run  @clk     1966519
slice1 start prefetch  @clk     1966589
slice7 access done  @clk     1966591
slice7 start write  @clk     1966592
slice7 write_burst finish  @clk     1966593
slice7 task finish  @clk     1966595
slice8 access done  @clk     1966775
slice8 start write  @clk     1966776
slice4 compute config finish @clk     1966777
slice8 write_burst finish  @clk     1966777
slice8 task finish  @clk     1966779
slice2 prefetch finish  @clk     1966852
slice2 start run  @clk     1966853
slice2 start prefetch  @clk     1966923
slice5 compute config finish @clk     1967025
slice6 compute config finish @clk     1967275
slice3 prefetch finish  @clk     1967324
slice3 start run  @clk     1967325
slice3 start prefetch  @clk     1967395
slice7 compute config finish @clk     1967487
slice9 access done  @clk     1967589
slice9 start write  @clk     1967590
slice9 write_burst finish  @clk     1967591
slice9 task finish  @clk     1967593
slice8 compute config finish @clk     1967671
slice10 access done  @clk     1968439
slice10 start write  @clk     1968440
slice10 write_burst finish  @clk     1968441
slice10 task finish  @clk     1968443
slice9 compute config finish @clk     1968485
slice11 access done  @clk     1968605
slice11 start write  @clk     1968606
slice11 write_burst finish  @clk     1968607
slice11 task finish  @clk     1968609
slice0 access done @clk     1968953
slice0 start write @clk     1968954
slice0 write_burst finish @clk     1968955
slice0 task finish @clk     1968957
slice1 access done  @clk     1969085
slice1 start write  @clk     1969086
slice1 write_burst finish  @clk     1969087
slice1 task finish  @clk     1969089
slice10 compute config finish @clk     1969335
slice2 access done  @clk     1969419
slice2 start write  @clk     1969420
slice2 write_burst finish  @clk     1969421
slice2 task finish  @clk     1969423
slice11 compute config finish @clk     1969501
slice0 compute config finish @clk     1969849
slice3 access done  @clk     1969891
slice3 start write  @clk     1969892
slice3 write_burst finish  @clk     1969893
slice3 task finish  @clk     1969895
slice1 compute config finish @clk     1969981
slice2 compute config finish @clk     1970315
slice3 compute config finish @clk     1970787
slice12 prefetch finish  @clk     2055946
slice12 start run  @clk     2055947
slice13 prefetch finish  @clk     2055948
slice13 start run  @clk     2055949
slice14 prefetch finish  @clk     2055968
slice14 start run  @clk     2055969
slice15 prefetch finish  @clk     2056012
slice15 start run  @clk     2056013
slice12 start prefetch  @clk     2056017
slice13 start prefetch  @clk     2056019
slice14 start prefetch  @clk     2056039
slice15 start prefetch  @clk     2056083
slice4 prefetch finish  @clk     2057496
slice4 start run  @clk     2057497
slice4 start prefetch  @clk     2057567
slice5 prefetch finish  @clk     2057710
slice5 start run  @clk     2057711
slice5 start prefetch  @clk     2057781
slice6 prefetch finish  @clk     2057990
slice6 start run  @clk     2057991
slice6 start prefetch  @clk     2058061
slice7 prefetch finish  @clk     2058218
slice7 start run  @clk     2058219
slice7 start prefetch  @clk     2058289
slice8 prefetch finish  @clk     2058396
slice8 start run  @clk     2058397
slice8 start prefetch  @clk     2058467
slice12 access done  @clk     2058513
slice12 start write  @clk     2058514
slice13 access done  @clk     2058515
slice12 write_burst finish  @clk     2058515
slice13 start write  @clk     2058516
slice13 write_burst finish  @clk     2058517
slice12 task finish  @clk     2058517
slice13 task finish  @clk     2058519
slice14 access done  @clk     2058535
slice14 start write  @clk     2058536
slice14 write_burst finish  @clk     2058537
slice14 task finish  @clk     2058539
slice15 access done  @clk     2058579
slice15 start write  @clk     2058580
slice15 write_burst finish  @clk     2058581
slice15 task finish  @clk     2058583
slice9 prefetch finish  @clk     2059160
slice9 start run  @clk     2059161
slice9 start prefetch  @clk     2059231
slice12 compute config finish @clk     2059409
slice13 compute config finish @clk     2059411
slice14 compute config finish @clk     2059431
slice15 compute config finish @clk     2059475
slice4 access done  @clk     2060063
slice4 start write  @clk     2060064
slice4 write_burst finish  @clk     2060065
slice4 task finish  @clk     2060067
slice10 prefetch finish  @clk     2060238
slice10 start run  @clk     2060239
slice5 access done  @clk     2060277
slice5 start write  @clk     2060278
slice5 write_burst finish  @clk     2060279
slice5 task finish  @clk     2060281
slice10 start prefetch  @clk     2060309
slice11 prefetch finish  @clk     2060406
slice11 start run  @clk     2060407
slice11 start prefetch  @clk     2060477
slice6 access done  @clk     2060557
slice6 start write  @clk     2060558
slice6 write_burst finish  @clk     2060559
slice6 task finish  @clk     2060561
slice0 prefetch finish @clk     2060764
slice0 start run @clk     2060765
slice7 access done  @clk     2060785
slice7 start write  @clk     2060786
slice7 write_burst finish  @clk     2060787
slice7 task finish  @clk     2060789
slice0 start prefetch @clk     2060835
slice1 prefetch finish  @clk     2060896
slice1 start run  @clk     2060897
slice4 compute config finish @clk     2060959
slice8 access done  @clk     2060963
slice8 start write  @clk     2060964
slice8 write_burst finish  @clk     2060965
slice1 start prefetch  @clk     2060967
slice8 task finish  @clk     2060967
slice5 compute config finish @clk     2061173
slice2 prefetch finish  @clk     2061232
slice2 start run  @clk     2061233
slice2 start prefetch  @clk     2061303
slice6 compute config finish @clk     2061453
slice7 compute config finish @clk     2061681
slice3 prefetch finish  @clk     2061726
slice3 start run  @clk     2061727
slice9 access done  @clk     2061727
slice9 start write  @clk     2061728
slice9 write_burst finish  @clk     2061729
slice9 task finish  @clk     2061731
slice3 start prefetch  @clk     2061797
slice8 compute config finish @clk     2061859
slice9 compute config finish @clk     2062623
slice10 access done  @clk     2062805
slice10 start write  @clk     2062806
slice10 write_burst finish  @clk     2062807
slice10 task finish  @clk     2062809
slice11 access done  @clk     2062973
slice11 start write  @clk     2062974
slice11 write_burst finish  @clk     2062975
slice11 task finish  @clk     2062977
slice0 access done @clk     2063331
slice0 start write @clk     2063332
slice0 write_burst finish @clk     2063333
slice0 task finish @clk     2063335
slice1 access done  @clk     2063463
slice1 start write  @clk     2063464
slice1 write_burst finish  @clk     2063465
slice1 task finish  @clk     2063467
slice10 compute config finish @clk     2063701
slice2 access done  @clk     2063799
slice2 start write  @clk     2063800
slice2 write_burst finish  @clk     2063801
slice2 task finish  @clk     2063803
slice11 compute config finish @clk     2063869
slice0 compute config finish @clk     2064227
slice3 access done  @clk     2064293
slice3 start write  @clk     2064294
slice3 write_burst finish  @clk     2064295
slice3 task finish  @clk     2064297
slice1 compute config finish @clk     2064359
slice2 compute config finish @clk     2064695
slice3 compute config finish @clk     2065189
slice12 prefetch finish  @clk     2149490
slice12 start run  @clk     2149491
slice13 prefetch finish  @clk     2149516
slice13 start run  @clk     2149517
slice14 prefetch finish  @clk     2149560
slice12 start prefetch  @clk     2149561
slice14 start run  @clk     2149561
slice13 start prefetch  @clk     2149587
slice15 prefetch finish  @clk     2149604
slice15 start run  @clk     2149605
slice14 start prefetch  @clk     2149631
slice15 start prefetch  @clk     2149675
slice4 prefetch finish  @clk     2151044
slice4 start run  @clk     2151045
slice4 start prefetch  @clk     2151115
slice5 prefetch finish  @clk     2151264
slice5 start run  @clk     2151265
slice5 start prefetch  @clk     2151335
slice6 prefetch finish  @clk     2151752
slice6 start run  @clk     2151753
slice6 start prefetch  @clk     2151823
slice7 prefetch finish  @clk     2151960
slice7 start run  @clk     2151961
slice7 start prefetch  @clk     2152031
slice12 access done  @clk     2152057
slice12 start write  @clk     2152058
slice12 write_burst finish  @clk     2152059
slice12 task finish  @clk     2152061
slice13 access done  @clk     2152083
slice13 start write  @clk     2152084
slice13 write_burst finish  @clk     2152085
slice13 task finish  @clk     2152087
slice14 access done  @clk     2152127
slice14 start write  @clk     2152128
slice14 write_burst finish  @clk     2152129
slice14 task finish  @clk     2152131
slice8 prefetch finish  @clk     2152146
slice8 start run  @clk     2152147
slice15 access done  @clk     2152171
slice15 start write  @clk     2152172
slice15 write_burst finish  @clk     2152173
slice15 task finish  @clk     2152175
slice8 start prefetch  @clk     2152217
slice9 prefetch finish  @clk     2152692
slice9 start run  @clk     2152693
slice9 start prefetch  @clk     2152763
slice12 compute config finish @clk     2152953
slice13 compute config finish @clk     2152979
slice14 compute config finish @clk     2153023
slice15 compute config finish @clk     2153067
slice4 access done  @clk     2153611
slice4 start write  @clk     2153612
slice4 write_burst finish  @clk     2153613
slice4 task finish  @clk     2153615
slice5 access done  @clk     2153831
slice5 start write  @clk     2153832
slice5 write_burst finish  @clk     2153833
slice5 task finish  @clk     2153835
slice10 prefetch finish  @clk     2153952
slice10 start run  @clk     2153953
slice11 prefetch finish  @clk     2153954
slice11 start run  @clk     2153955
slice10 start prefetch  @clk     2154023
slice11 start prefetch  @clk     2154025
slice6 access done  @clk     2154319
slice6 start write  @clk     2154320
slice6 write_burst finish  @clk     2154321
slice6 task finish  @clk     2154323
slice0 prefetch finish @clk     2154384
slice0 start run @clk     2154385
slice0 start prefetch @clk     2154455
slice4 compute config finish @clk     2154507
slice1 prefetch finish  @clk     2154520
slice1 start run  @clk     2154521
slice7 access done  @clk     2154527
slice7 start write  @clk     2154528
slice7 write_burst finish  @clk     2154529
slice7 task finish  @clk     2154531
slice1 start prefetch  @clk     2154591
slice8 access done  @clk     2154713
slice8 start write  @clk     2154714
slice8 write_burst finish  @clk     2154715
slice8 task finish  @clk     2154717
slice5 compute config finish @clk     2154727
slice2 prefetch finish  @clk     2154888
slice2 start run  @clk     2154889
slice2 start prefetch  @clk     2154959
slice6 compute config finish @clk     2155215
slice9 access done  @clk     2155259
slice9 start write  @clk     2155260
slice9 write_burst finish  @clk     2155261
slice9 task finish  @clk     2155263
slice3 prefetch finish  @clk     2155416
slice3 start run  @clk     2155417
slice7 compute config finish @clk     2155423
slice3 start prefetch  @clk     2155487
slice8 compute config finish @clk     2155609
slice9 compute config finish @clk     2156155
slice10 access done  @clk     2156519
slice10 start write  @clk     2156520
slice11 access done  @clk     2156521
slice10 write_burst finish  @clk     2156521
slice11 start write  @clk     2156522
slice11 write_burst finish  @clk     2156523
slice10 task finish  @clk     2156523
slice11 task finish  @clk     2156525
slice0 access done @clk     2156951
slice0 start write @clk     2156952
slice0 write_burst finish @clk     2156953
slice0 task finish @clk     2156955
slice1 access done  @clk     2157087
slice1 start write  @clk     2157088
slice1 write_burst finish  @clk     2157089
slice1 task finish  @clk     2157091
slice10 compute config finish @clk     2157415
slice11 compute config finish @clk     2157417
slice2 access done  @clk     2157455
slice2 start write  @clk     2157456
slice2 write_burst finish  @clk     2157457
slice2 task finish  @clk     2157459
slice0 compute config finish @clk     2157847
slice1 compute config finish @clk     2157983
slice3 access done  @clk     2157983
slice3 start write  @clk     2157984
slice3 write_burst finish  @clk     2157985
slice3 task finish  @clk     2157987
slice2 compute config finish @clk     2158351
slice3 compute config finish @clk     2158879
slice12 prefetch finish  @clk     2250890
slice12 start run  @clk     2250891
slice13 prefetch finish  @clk     2250916
slice13 start run  @clk     2250917
slice14 prefetch finish  @clk     2250960
slice12 start prefetch  @clk     2250961
slice14 start run  @clk     2250961
slice13 start prefetch  @clk     2250987
slice15 prefetch finish  @clk     2251004
slice15 start run  @clk     2251005
slice14 start prefetch  @clk     2251031
slice15 start prefetch  @clk     2251075
slice4 prefetch finish  @clk     2252404
slice4 start run  @clk     2252405
slice4 start prefetch  @clk     2252475
slice5 prefetch finish  @clk     2252622
slice5 start run  @clk     2252623
slice5 start prefetch  @clk     2252693
slice6 prefetch finish  @clk     2253070
slice6 start run  @clk     2253071
slice6 start prefetch  @clk     2253141
slice7 prefetch finish  @clk     2253342
slice7 start run  @clk     2253343
slice7 start prefetch  @clk     2253413
slice12 access done  @clk     2253457
slice12 start write  @clk     2253458
slice12 write_burst finish  @clk     2253459
slice12 task finish  @clk     2253461
slice13 access done  @clk     2253483
slice13 start write  @clk     2253484
slice13 write_burst finish  @clk     2253485
slice13 task finish  @clk     2253487
slice14 access done  @clk     2253527
slice14 start write  @clk     2253528
slice14 write_burst finish  @clk     2253529
slice14 task finish  @clk     2253531
slice15 access done  @clk     2253571
slice15 start write  @clk     2253572
slice15 write_burst finish  @clk     2253573
slice15 task finish  @clk     2253575
slice8 prefetch finish  @clk     2253702
slice8 start run  @clk     2253703
slice8 start prefetch  @clk     2253773
slice9 prefetch finish  @clk     2254030
slice9 start run  @clk     2254031
slice9 start prefetch  @clk     2254101
slice12 compute config finish @clk     2254353
slice13 compute config finish @clk     2254379
slice14 compute config finish @clk     2254423
slice15 compute config finish @clk     2254467
slice4 access done  @clk     2254971
slice4 start write  @clk     2254972
slice4 write_burst finish  @clk     2254973
slice4 task finish  @clk     2254975
slice5 access done  @clk     2255189
slice5 start write  @clk     2255190
slice5 write_burst finish  @clk     2255191
slice5 task finish  @clk     2255193
slice10 prefetch finish  @clk     2255502
slice10 start run  @clk     2255503
slice11 prefetch finish  @clk     2255548
slice11 start run  @clk     2255549
slice10 start prefetch  @clk     2255573
slice11 start prefetch  @clk     2255619
slice6 access done  @clk     2255637
slice6 start write  @clk     2255638
slice6 write_burst finish  @clk     2255639
slice6 task finish  @clk     2255641
slice0 prefetch finish @clk     2255812
slice0 start run @clk     2255813
slice4 compute config finish @clk     2255867
slice0 start prefetch @clk     2255883
slice7 access done  @clk     2255909
slice7 start write  @clk     2255910
slice7 write_burst finish  @clk     2255911
slice7 task finish  @clk     2255913
slice5 compute config finish @clk     2256085
slice1 prefetch finish  @clk     2256104
slice1 start run  @clk     2256105
slice1 start prefetch  @clk     2256175
slice8 access done  @clk     2256269
slice8 start write  @clk     2256270
slice8 write_burst finish  @clk     2256271
slice8 task finish  @clk     2256273
slice2 prefetch finish  @clk     2256442
slice2 start run  @clk     2256443
slice2 start prefetch  @clk     2256513
slice6 compute config finish @clk     2256533
slice9 access done  @clk     2256597
slice9 start write  @clk     2256598
slice9 write_burst finish  @clk     2256599
slice9 task finish  @clk     2256601
slice7 compute config finish @clk     2256805
slice8 compute config finish @clk     2257165
slice3 prefetch finish  @clk     2257254
slice3 start run  @clk     2257255
slice3 start prefetch  @clk     2257325
slice9 compute config finish @clk     2257493
slice10 access done  @clk     2258069
slice10 start write  @clk     2258070
slice10 write_burst finish  @clk     2258071
slice10 task finish  @clk     2258073
slice11 access done  @clk     2258115
slice11 start write  @clk     2258116
slice11 write_burst finish  @clk     2258117
slice11 task finish  @clk     2258119
slice0 access done @clk     2258379
slice0 start write @clk     2258380
slice0 write_burst finish @clk     2258381
slice0 task finish @clk     2258383
slice1 access done  @clk     2258671
slice1 start write  @clk     2258672
slice1 write_burst finish  @clk     2258673
slice1 task finish  @clk     2258675
slice10 compute config finish @clk     2258965
slice2 access done  @clk     2259009
slice2 start write  @clk     2259010
slice11 compute config finish @clk     2259011
slice2 write_burst finish  @clk     2259011
slice2 task finish  @clk     2259013
slice0 compute config finish @clk     2259275
slice1 compute config finish @clk     2259567
slice3 access done  @clk     2259821
slice3 start write  @clk     2259822
slice3 write_burst finish  @clk     2259823
slice3 task finish  @clk     2259825
slice2 compute config finish @clk     2259905
slice3 compute config finish @clk     2260717
slice12 prefetch finish  @clk     2351472
slice12 start run  @clk     2351473
slice13 prefetch finish  @clk     2351474
slice13 start run  @clk     2351475
slice14 prefetch finish  @clk     2351496
slice14 start run  @clk     2351497
slice15 prefetch finish  @clk     2351540
slice15 start run  @clk     2351541
slice12 start prefetch  @clk     2351543
slice13 start prefetch  @clk     2351545
slice14 start prefetch  @clk     2351567
slice15 start prefetch  @clk     2351611
slice4 prefetch finish  @clk     2352986
slice4 start run  @clk     2352987
slice4 start prefetch  @clk     2353057
slice5 prefetch finish  @clk     2353204
slice5 start run  @clk     2353205
slice5 start prefetch  @clk     2353275
slice6 prefetch finish  @clk     2353654
slice6 start run  @clk     2353655
slice6 start prefetch  @clk     2353725
slice12 access done  @clk     2354039
slice12 start write  @clk     2354040
slice13 access done  @clk     2354041
slice12 write_burst finish  @clk     2354041
slice13 start write  @clk     2354042
slice13 write_burst finish  @clk     2354043
slice12 task finish  @clk     2354043
slice13 task finish  @clk     2354045
slice14 access done  @clk     2354063
slice14 start write  @clk     2354064
slice14 write_burst finish  @clk     2354065
slice14 task finish  @clk     2354067
slice7 prefetch finish  @clk     2354104
slice7 start run  @clk     2354105
slice15 access done  @clk     2354107
slice15 start write  @clk     2354108
slice15 write_burst finish  @clk     2354109
slice15 task finish  @clk     2354111
slice7 start prefetch  @clk     2354175
slice8 prefetch finish  @clk     2354318
slice8 start run  @clk     2354319
slice8 start prefetch  @clk     2354389
slice9 prefetch finish  @clk     2354632
slice9 start run  @clk     2354633
slice9 start prefetch  @clk     2354703
slice4 access done  @clk     2355553
slice4 start write  @clk     2355554
slice4 write_burst finish  @clk     2355555
slice4 task finish  @clk     2355557
slice5 access done  @clk     2355771
slice5 start write  @clk     2355772
slice5 write_burst finish  @clk     2355773
slice5 task finish  @clk     2355775
slice10 prefetch finish  @clk     2356056
slice10 start run  @clk     2356057
slice10 start prefetch  @clk     2356127
slice6 access done  @clk     2356221
slice6 start write  @clk     2356222
slice6 write_burst finish  @clk     2356223
slice6 task finish  @clk     2356225
slice11 prefetch finish  @clk     2356234
slice11 start run  @clk     2356235
slice11 start prefetch  @clk     2356305
slice0 prefetch finish @clk     2356366
slice0 start run @clk     2356367
slice0 start prefetch @clk     2356437
slice7 access done  @clk     2356671
slice7 start write  @clk     2356672
slice7 write_burst finish  @clk     2356673
slice7 task finish  @clk     2356675
slice1 prefetch finish  @clk     2356792
slice1 start run  @clk     2356793
slice1 start prefetch  @clk     2356863
slice8 access done  @clk     2356885
slice8 start write  @clk     2356886
slice8 write_burst finish  @clk     2356887
slice8 task finish  @clk     2356889
slice2 prefetch finish  @clk     2357132
slice2 start run  @clk     2357133
slice9 access done  @clk     2357199
slice9 start write  @clk     2357200
slice9 write_burst finish  @clk     2357201
slice2 start prefetch  @clk     2357203
slice9 task finish  @clk     2357203
slice3 prefetch finish  @clk     2357642
slice3 start run  @clk     2357643
slice3 start prefetch  @clk     2357713
slice10 access done  @clk     2358623
slice10 start write  @clk     2358624
slice10 write_burst finish  @clk     2358625
slice10 task finish  @clk     2358627
slice11 access done  @clk     2358801
slice11 start write  @clk     2358802
slice11 write_burst finish  @clk     2358803
slice11 task finish  @clk     2358805
slice0 access done @clk     2358933
slice0 start write @clk     2358934
slice0 write_burst finish @clk     2358935
slice0 task finish @clk     2358937
slice1 access done  @clk     2359359
slice1 start write  @clk     2359360
slice1 write_burst finish  @clk     2359361
slice1 task finish  @clk     2359363
slice2 access done  @clk     2359699
slice2 start write  @clk     2359700
slice2 write_burst finish  @clk     2359701
slice2 task finish  @clk     2359703
slice3 access done  @clk     2360209
slice3 start write  @clk     2360210
slice3 write_burst finish  @clk     2360211
slice3 task finish  @clk     2360213
slice12 prefetch finish  @clk     2450950
slice13 prefetch finish  @clk     2450952
slice14 prefetch finish  @clk     2450996
slice15 prefetch finish  @clk     2451044
slice4 prefetch finish  @clk     2452706
slice5 prefetch finish  @clk     2452884
slice6 prefetch finish  @clk     2453262
slice7 prefetch finish  @clk     2453572
slice8 prefetch finish  @clk     2453748
slice9 prefetch finish  @clk     2453942
slice10 prefetch finish  @clk     2454750
slice11 prefetch finish  @clk     2454928
slice0 prefetch finish @clk     2454962
slice1 prefetch finish  @clk     2455146
slice2 prefetch finish  @clk     2455236
slice3 prefetch finish  @clk     2455312
