slice12 start prefetch  @clk     1024231
slice13 start prefetch  @clk     1024231
slice14 start prefetch  @clk     1024231
slice15 start prefetch  @clk     1024231
slice8 start prefetch  @clk     1024233
slice9 start prefetch  @clk     1024233
slice10 start prefetch  @clk     1024233
slice11 start prefetch  @clk     1024233
slice4 start prefetch  @clk     1024235
slice5 start prefetch  @clk     1024235
slice6 start prefetch  @clk     1024235
slice7 start prefetch  @clk     1024235
slice0 start prefetch @clk     1024237
slice1 start prefetch  @clk     1024237
slice2 start prefetch  @clk     1024237
slice3 start prefetch  @clk     1024237
slice12 prefetch finish  @clk     1049248
slice13 prefetch finish  @clk     1049264
slice14 prefetch finish  @clk     1049280
slice15 prefetch finish  @clk     1049296
slice4 prefetch finish  @clk     1049402
slice5 prefetch finish  @clk     1049418
slice6 prefetch finish  @clk     1049434
slice7 prefetch finish  @clk     1049450
slice8 prefetch finish  @clk     1049480
slice9 prefetch finish  @clk     1049496
slice10 prefetch finish  @clk     1049512
slice11 prefetch finish  @clk     1049528
slice0 prefetch finish @clk     1049558
slice1 prefetch finish  @clk     1049574
slice2 prefetch finish  @clk     1049590
slice3 prefetch finish  @clk     1049606
slice12 compute config finish @clk     1050362
slice13 compute config finish @clk     1050362
slice14 compute config finish @clk     1050362
slice15 compute config finish @clk     1050362
slice12 start run  @clk     1050363
slice13 start run  @clk     1050363
slice14 start run  @clk     1050363
slice15 start run  @clk     1050363
slice8 compute config finish @clk     1050364
slice9 compute config finish @clk     1050364
slice10 compute config finish @clk     1050364
slice11 compute config finish @clk     1050364
slice8 start run  @clk     1050365
slice9 start run  @clk     1050365
slice10 start run  @clk     1050365
slice11 start run  @clk     1050365
slice4 compute config finish @clk     1050366
slice5 compute config finish @clk     1050366
slice6 compute config finish @clk     1050366
slice7 compute config finish @clk     1050366
slice4 start run  @clk     1050367
slice5 start run  @clk     1050367
slice6 start run  @clk     1050367
slice7 start run  @clk     1050367
slice0 compute config finish @clk     1050368
slice1 compute config finish @clk     1050368
slice2 compute config finish @clk     1050368
slice3 compute config finish @clk     1050368
slice0 start run @clk     1050369
slice1 start run  @clk     1050369
slice2 start run  @clk     1050369
slice3 start run  @clk     1050369
slice12 start prefetch  @clk     1050843
slice13 start prefetch  @clk     1050843
slice14 start prefetch  @clk     1050843
slice15 start prefetch  @clk     1050843
slice8 start prefetch  @clk     1050845
slice9 start prefetch  @clk     1050845
slice10 start prefetch  @clk     1050845
slice11 start prefetch  @clk     1050845
slice4 start prefetch  @clk     1050847
slice5 start prefetch  @clk     1050847
slice6 start prefetch  @clk     1050847
slice7 start prefetch  @clk     1050847
slice0 start prefetch @clk     1050849
slice1 start prefetch  @clk     1050849
slice2 start prefetch  @clk     1050849
slice3 start prefetch  @clk     1050849
slice12 access done  @clk     1059544
slice13 access done  @clk     1059544
slice14 access done  @clk     1059544
slice15 access done  @clk     1059544
slice12 start write  @clk     1059545
slice13 start write  @clk     1059545
slice14 start write  @clk     1059545
slice15 start write  @clk     1059545
slice8 access done  @clk     1059546
slice9 access done  @clk     1059546
slice10 access done  @clk     1059546
slice11 access done  @clk     1059546
slice12 write_burst finish  @clk     1059546
slice13 write_burst finish  @clk     1059546
slice14 write_burst finish  @clk     1059546
slice15 write_burst finish  @clk     1059546
slice8 start write  @clk     1059547
slice9 start write  @clk     1059547
slice10 start write  @clk     1059547
slice11 start write  @clk     1059547
slice4 access done  @clk     1059548
slice5 access done  @clk     1059548
slice6 access done  @clk     1059548
slice7 access done  @clk     1059548
slice8 write_burst finish  @clk     1059548
slice9 write_burst finish  @clk     1059548
slice10 write_burst finish  @clk     1059548
slice11 write_burst finish  @clk     1059548
slice12 task finish  @clk     1059548
slice13 task finish  @clk     1059548
slice14 task finish  @clk     1059548
slice15 task finish  @clk     1059548
slice4 start write  @clk     1059549
slice5 start write  @clk     1059549
slice6 start write  @clk     1059549
slice7 start write  @clk     1059549
slice0 access done @clk     1059550
slice1 access done  @clk     1059550
slice2 access done  @clk     1059550
slice3 access done  @clk     1059550
slice4 write_burst finish  @clk     1059550
slice5 write_burst finish  @clk     1059550
slice6 write_burst finish  @clk     1059550
slice7 write_burst finish  @clk     1059550
slice8 task finish  @clk     1059550
slice9 task finish  @clk     1059550
slice10 task finish  @clk     1059550
slice11 task finish  @clk     1059550
slice0 start write @clk     1059551
slice1 start write  @clk     1059551
slice2 start write  @clk     1059551
slice3 start write  @clk     1059551
slice0 write_burst finish @clk     1059552
slice1 write_burst finish  @clk     1059552
slice2 write_burst finish  @clk     1059552
slice3 write_burst finish  @clk     1059552
slice4 task finish  @clk     1059552
slice5 task finish  @clk     1059552
slice6 task finish  @clk     1059552
slice7 task finish  @clk     1059552
slice0 task finish @clk     1059554
slice1 task finish  @clk     1059554
slice2 task finish  @clk     1059554
slice3 task finish  @clk     1059554
slice12 prefetch finish  @clk     1075928
slice13 prefetch finish  @clk     1075944
slice14 prefetch finish  @clk     1075960
slice15 prefetch finish  @clk     1075976
slice4 prefetch finish  @clk     1076392
slice5 prefetch finish  @clk     1076398
slice6 prefetch finish  @clk     1076404
slice7 prefetch finish  @clk     1076462
slice8 prefetch finish  @clk     1076470
slice9 prefetch finish  @clk     1076476
slice10 prefetch finish  @clk     1076482
slice11 prefetch finish  @clk     1076540
slice0 prefetch finish @clk     1076548
slice1 prefetch finish  @clk     1076554
slice2 prefetch finish  @clk     1076560
slice3 prefetch finish  @clk     1076618
slice12 compute config finish @clk     1077244
slice13 compute config finish @clk     1077244
slice14 compute config finish @clk     1077244
slice15 compute config finish @clk     1077244
slice12 start run  @clk     1077245
slice13 start run  @clk     1077245
slice14 start run  @clk     1077245
slice15 start run  @clk     1077245
slice8 compute config finish @clk     1077246
slice9 compute config finish @clk     1077246
slice10 compute config finish @clk     1077246
slice11 compute config finish @clk     1077246
slice8 start run  @clk     1077247
slice9 start run  @clk     1077247
slice10 start run  @clk     1077247
slice11 start run  @clk     1077247
slice4 compute config finish @clk     1077248
slice5 compute config finish @clk     1077248
slice6 compute config finish @clk     1077248
slice7 compute config finish @clk     1077248
slice4 start run  @clk     1077249
slice5 start run  @clk     1077249
slice6 start run  @clk     1077249
slice7 start run  @clk     1077249
slice0 compute config finish @clk     1077250
slice1 compute config finish @clk     1077250
slice2 compute config finish @clk     1077250
slice3 compute config finish @clk     1077250
slice0 start run @clk     1077251
slice1 start run  @clk     1077251
slice2 start run  @clk     1077251
slice3 start run  @clk     1077251
slice12 start prefetch  @clk     1077725
slice13 start prefetch  @clk     1077725
slice14 start prefetch  @clk     1077725
slice15 start prefetch  @clk     1077725
slice8 start prefetch  @clk     1077727
slice9 start prefetch  @clk     1077727
slice10 start prefetch  @clk     1077727
slice11 start prefetch  @clk     1077727
slice4 start prefetch  @clk     1077729
slice5 start prefetch  @clk     1077729
slice6 start prefetch  @clk     1077729
slice7 start prefetch  @clk     1077729
slice0 start prefetch @clk     1077731
slice1 start prefetch  @clk     1077731
slice2 start prefetch  @clk     1077731
slice3 start prefetch  @clk     1077731
slice12 access done  @clk     1086426
slice13 access done  @clk     1086426
slice14 access done  @clk     1086426
slice15 access done  @clk     1086426
slice12 start write  @clk     1086427
slice13 start write  @clk     1086427
slice14 start write  @clk     1086427
slice15 start write  @clk     1086427
slice8 access done  @clk     1086428
slice9 access done  @clk     1086428
slice10 access done  @clk     1086428
slice11 access done  @clk     1086428
slice12 write_burst finish  @clk     1086428
slice13 write_burst finish  @clk     1086428
slice14 write_burst finish  @clk     1086428
slice15 write_burst finish  @clk     1086428
slice8 start write  @clk     1086429
slice9 start write  @clk     1086429
slice10 start write  @clk     1086429
slice11 start write  @clk     1086429
slice4 access done  @clk     1086430
slice5 access done  @clk     1086430
slice6 access done  @clk     1086430
slice7 access done  @clk     1086430
slice8 write_burst finish  @clk     1086430
slice9 write_burst finish  @clk     1086430
slice10 write_burst finish  @clk     1086430
slice11 write_burst finish  @clk     1086430
slice12 task finish  @clk     1086430
slice13 task finish  @clk     1086430
slice14 task finish  @clk     1086430
slice15 task finish  @clk     1086430
slice4 start write  @clk     1086431
slice5 start write  @clk     1086431
slice6 start write  @clk     1086431
slice7 start write  @clk     1086431
slice0 access done @clk     1086432
slice1 access done  @clk     1086432
slice2 access done  @clk     1086432
slice3 access done  @clk     1086432
slice4 write_burst finish  @clk     1086432
slice5 write_burst finish  @clk     1086432
slice6 write_burst finish  @clk     1086432
slice7 write_burst finish  @clk     1086432
slice8 task finish  @clk     1086432
slice9 task finish  @clk     1086432
slice10 task finish  @clk     1086432
slice11 task finish  @clk     1086432
slice0 start write @clk     1086433
slice1 start write  @clk     1086433
slice2 start write  @clk     1086433
slice3 start write  @clk     1086433
slice0 write_burst finish @clk     1086434
slice1 write_burst finish  @clk     1086434
slice2 write_burst finish  @clk     1086434
slice3 write_burst finish  @clk     1086434
slice4 task finish  @clk     1086434
slice5 task finish  @clk     1086434
slice6 task finish  @clk     1086434
slice7 task finish  @clk     1086434
slice0 task finish @clk     1086436
slice1 task finish  @clk     1086436
slice2 task finish  @clk     1086436
slice3 task finish  @clk     1086436
slice12 prefetch finish  @clk     1102836
slice13 prefetch finish  @clk     1102852
slice14 prefetch finish  @clk     1102868
slice15 prefetch finish  @clk     1102884
slice4 prefetch finish  @clk     1102990
slice5 prefetch finish  @clk     1103006
slice6 prefetch finish  @clk     1103022
slice7 prefetch finish  @clk     1103038
slice8 prefetch finish  @clk     1103068
slice9 prefetch finish  @clk     1103084
slice10 prefetch finish  @clk     1103100
slice11 prefetch finish  @clk     1103116
slice0 prefetch finish @clk     1103146
slice1 prefetch finish  @clk     1103162
slice2 prefetch finish  @clk     1103178
slice3 prefetch finish  @clk     1103194
slice12 compute config finish @clk     1103842
slice13 compute config finish @clk     1103842
slice14 compute config finish @clk     1103842
slice15 compute config finish @clk     1103842
slice12 start run  @clk     1103843
slice13 start run  @clk     1103843
slice14 start run  @clk     1103843
slice15 start run  @clk     1103843
slice8 compute config finish @clk     1103844
slice9 compute config finish @clk     1103844
slice10 compute config finish @clk     1103844
slice11 compute config finish @clk     1103844
slice8 start run  @clk     1103845
slice9 start run  @clk     1103845
slice10 start run  @clk     1103845
slice11 start run  @clk     1103845
slice4 compute config finish @clk     1103846
slice5 compute config finish @clk     1103846
slice6 compute config finish @clk     1103846
slice7 compute config finish @clk     1103846
slice4 start run  @clk     1103847
slice5 start run  @clk     1103847
slice6 start run  @clk     1103847
slice7 start run  @clk     1103847
slice0 compute config finish @clk     1103848
slice1 compute config finish @clk     1103848
slice2 compute config finish @clk     1103848
slice3 compute config finish @clk     1103848
slice0 start run @clk     1103849
slice1 start run  @clk     1103849
slice2 start run  @clk     1103849
slice3 start run  @clk     1103849
slice12 start prefetch  @clk     1104323
slice13 start prefetch  @clk     1104323
slice14 start prefetch  @clk     1104323
slice15 start prefetch  @clk     1104323
slice8 start prefetch  @clk     1104325
slice9 start prefetch  @clk     1104325
slice10 start prefetch  @clk     1104325
slice11 start prefetch  @clk     1104325
slice4 start prefetch  @clk     1104327
slice5 start prefetch  @clk     1104327
slice6 start prefetch  @clk     1104327
slice7 start prefetch  @clk     1104327
slice0 start prefetch @clk     1104329
slice1 start prefetch  @clk     1104329
slice2 start prefetch  @clk     1104329
slice3 start prefetch  @clk     1104329
slice12 access done  @clk     1113024
slice13 access done  @clk     1113024
slice14 access done  @clk     1113024
slice15 access done  @clk     1113024
slice12 start write  @clk     1113025
slice13 start write  @clk     1113025
slice14 start write  @clk     1113025
slice15 start write  @clk     1113025
slice8 access done  @clk     1113026
slice9 access done  @clk     1113026
slice10 access done  @clk     1113026
slice11 access done  @clk     1113026
slice12 write_burst finish  @clk     1113026
slice13 write_burst finish  @clk     1113026
slice14 write_burst finish  @clk     1113026
slice15 write_burst finish  @clk     1113026
slice8 start write  @clk     1113027
slice9 start write  @clk     1113027
slice10 start write  @clk     1113027
slice11 start write  @clk     1113027
slice4 access done  @clk     1113028
slice5 access done  @clk     1113028
slice6 access done  @clk     1113028
slice7 access done  @clk     1113028
slice8 write_burst finish  @clk     1113028
slice9 write_burst finish  @clk     1113028
slice10 write_burst finish  @clk     1113028
slice11 write_burst finish  @clk     1113028
slice12 task finish  @clk     1113028
slice13 task finish  @clk     1113028
slice14 task finish  @clk     1113028
slice15 task finish  @clk     1113028
slice4 start write  @clk     1113029
slice5 start write  @clk     1113029
slice6 start write  @clk     1113029
slice7 start write  @clk     1113029
slice0 access done @clk     1113030
slice1 access done  @clk     1113030
slice2 access done  @clk     1113030
slice3 access done  @clk     1113030
slice4 write_burst finish  @clk     1113030
slice5 write_burst finish  @clk     1113030
slice6 write_burst finish  @clk     1113030
slice7 write_burst finish  @clk     1113030
slice8 task finish  @clk     1113030
slice9 task finish  @clk     1113030
slice10 task finish  @clk     1113030
slice11 task finish  @clk     1113030
slice0 start write @clk     1113031
slice1 start write  @clk     1113031
slice2 start write  @clk     1113031
slice3 start write  @clk     1113031
slice0 write_burst finish @clk     1113032
slice1 write_burst finish  @clk     1113032
slice2 write_burst finish  @clk     1113032
slice3 write_burst finish  @clk     1113032
slice4 task finish  @clk     1113032
slice5 task finish  @clk     1113032
slice6 task finish  @clk     1113032
slice7 task finish  @clk     1113032
slice0 task finish @clk     1113034
slice1 task finish  @clk     1113034
slice2 task finish  @clk     1113034
slice3 task finish  @clk     1113034
slice12 prefetch finish  @clk     1129488
slice13 prefetch finish  @clk     1129504
slice14 prefetch finish  @clk     1129520
slice15 prefetch finish  @clk     1129536
slice4 prefetch finish  @clk     1129642
slice5 prefetch finish  @clk     1129658
slice6 prefetch finish  @clk     1129674
slice7 prefetch finish  @clk     1129690
slice8 prefetch finish  @clk     1129720
slice9 prefetch finish  @clk     1129736
slice10 prefetch finish  @clk     1129752
slice11 prefetch finish  @clk     1129768
slice0 prefetch finish @clk     1129798
slice1 prefetch finish  @clk     1129814
slice2 prefetch finish  @clk     1129830
slice3 prefetch finish  @clk     1129846
slice12 compute config finish @clk     1130764
slice13 compute config finish @clk     1130764
slice14 compute config finish @clk     1130764
slice15 compute config finish @clk     1130764
slice12 start run  @clk     1130765
slice13 start run  @clk     1130765
slice14 start run  @clk     1130765
slice15 start run  @clk     1130765
slice8 compute config finish @clk     1130766
slice9 compute config finish @clk     1130766
slice10 compute config finish @clk     1130766
slice11 compute config finish @clk     1130766
slice8 start run  @clk     1130767
slice9 start run  @clk     1130767
slice10 start run  @clk     1130767
slice11 start run  @clk     1130767
slice4 compute config finish @clk     1130768
slice5 compute config finish @clk     1130768
slice6 compute config finish @clk     1130768
slice7 compute config finish @clk     1130768
slice4 start run  @clk     1130769
slice5 start run  @clk     1130769
slice6 start run  @clk     1130769
slice7 start run  @clk     1130769
slice0 compute config finish @clk     1130770
slice1 compute config finish @clk     1130770
slice2 compute config finish @clk     1130770
slice3 compute config finish @clk     1130770
slice0 start run @clk     1130771
slice1 start run  @clk     1130771
slice2 start run  @clk     1130771
slice3 start run  @clk     1130771
slice12 start prefetch  @clk     1131245
slice13 start prefetch  @clk     1131245
slice14 start prefetch  @clk     1131245
slice15 start prefetch  @clk     1131245
slice8 start prefetch  @clk     1131247
slice9 start prefetch  @clk     1131247
slice10 start prefetch  @clk     1131247
slice11 start prefetch  @clk     1131247
slice4 start prefetch  @clk     1131249
slice5 start prefetch  @clk     1131249
slice6 start prefetch  @clk     1131249
slice7 start prefetch  @clk     1131249
slice0 start prefetch @clk     1131251
slice1 start prefetch  @clk     1131251
slice2 start prefetch  @clk     1131251
slice3 start prefetch  @clk     1131251
slice12 access done  @clk     1139946
slice13 access done  @clk     1139946
slice14 access done  @clk     1139946
slice15 access done  @clk     1139946
slice12 start write  @clk     1139947
slice13 start write  @clk     1139947
slice14 start write  @clk     1139947
slice15 start write  @clk     1139947
slice8 access done  @clk     1139948
slice9 access done  @clk     1139948
slice10 access done  @clk     1139948
slice11 access done  @clk     1139948
slice12 write_burst finish  @clk     1139948
slice13 write_burst finish  @clk     1139948
slice14 write_burst finish  @clk     1139948
slice15 write_burst finish  @clk     1139948
slice8 start write  @clk     1139949
slice9 start write  @clk     1139949
slice10 start write  @clk     1139949
slice11 start write  @clk     1139949
slice4 access done  @clk     1139950
slice5 access done  @clk     1139950
slice6 access done  @clk     1139950
slice7 access done  @clk     1139950
slice8 write_burst finish  @clk     1139950
slice9 write_burst finish  @clk     1139950
slice10 write_burst finish  @clk     1139950
slice11 write_burst finish  @clk     1139950
slice12 task finish  @clk     1139950
slice13 task finish  @clk     1139950
slice14 task finish  @clk     1139950
slice15 task finish  @clk     1139950
slice4 start write  @clk     1139951
slice5 start write  @clk     1139951
slice6 start write  @clk     1139951
slice7 start write  @clk     1139951
slice0 access done @clk     1139952
slice1 access done  @clk     1139952
slice2 access done  @clk     1139952
slice3 access done  @clk     1139952
slice4 write_burst finish  @clk     1139952
slice5 write_burst finish  @clk     1139952
slice6 write_burst finish  @clk     1139952
slice7 write_burst finish  @clk     1139952
slice8 task finish  @clk     1139952
slice9 task finish  @clk     1139952
slice10 task finish  @clk     1139952
slice11 task finish  @clk     1139952
slice0 start write @clk     1139953
slice1 start write  @clk     1139953
slice2 start write  @clk     1139953
slice3 start write  @clk     1139953
slice0 write_burst finish @clk     1139954
slice1 write_burst finish  @clk     1139954
slice2 write_burst finish  @clk     1139954
slice3 write_burst finish  @clk     1139954
slice4 task finish  @clk     1139954
slice5 task finish  @clk     1139954
slice6 task finish  @clk     1139954
slice7 task finish  @clk     1139954
slice0 task finish @clk     1139956
slice1 task finish  @clk     1139956
slice2 task finish  @clk     1139956
slice3 task finish  @clk     1139956
slice12 prefetch finish  @clk     1156276
slice13 prefetch finish  @clk     1156292
slice14 prefetch finish  @clk     1156308
slice15 prefetch finish  @clk     1156324
slice4 prefetch finish  @clk     1156430
slice5 prefetch finish  @clk     1156446
slice6 prefetch finish  @clk     1156462
slice7 prefetch finish  @clk     1156478
slice8 prefetch finish  @clk     1156508
slice9 prefetch finish  @clk     1156524
slice10 prefetch finish  @clk     1156540
slice11 prefetch finish  @clk     1156556
slice0 prefetch finish @clk     1156586
slice1 prefetch finish  @clk     1156602
slice2 prefetch finish  @clk     1156618
slice3 prefetch finish  @clk     1156634
slice12 compute config finish @clk     1157282
slice13 compute config finish @clk     1157282
slice14 compute config finish @clk     1157282
slice15 compute config finish @clk     1157282
slice12 start run  @clk     1157283
slice13 start run  @clk     1157283
slice14 start run  @clk     1157283
slice15 start run  @clk     1157283
slice8 compute config finish @clk     1157284
slice9 compute config finish @clk     1157284
slice10 compute config finish @clk     1157284
slice11 compute config finish @clk     1157284
slice8 start run  @clk     1157285
slice9 start run  @clk     1157285
slice10 start run  @clk     1157285
slice11 start run  @clk     1157285
slice4 compute config finish @clk     1157286
slice5 compute config finish @clk     1157286
slice6 compute config finish @clk     1157286
slice7 compute config finish @clk     1157286
slice4 start run  @clk     1157287
slice5 start run  @clk     1157287
slice6 start run  @clk     1157287
slice7 start run  @clk     1157287
slice0 compute config finish @clk     1157288
slice1 compute config finish @clk     1157288
slice2 compute config finish @clk     1157288
slice3 compute config finish @clk     1157288
slice0 start run @clk     1157289
slice1 start run  @clk     1157289
slice2 start run  @clk     1157289
slice3 start run  @clk     1157289
slice12 start prefetch  @clk     1157763
slice13 start prefetch  @clk     1157763
slice14 start prefetch  @clk     1157763
slice15 start prefetch  @clk     1157763
slice8 start prefetch  @clk     1157765
slice9 start prefetch  @clk     1157765
slice10 start prefetch  @clk     1157765
slice11 start prefetch  @clk     1157765
slice4 start prefetch  @clk     1157767
slice5 start prefetch  @clk     1157767
slice6 start prefetch  @clk     1157767
slice7 start prefetch  @clk     1157767
slice0 start prefetch @clk     1157769
slice1 start prefetch  @clk     1157769
slice2 start prefetch  @clk     1157769
slice3 start prefetch  @clk     1157769
slice12 access done  @clk     1166464
slice13 access done  @clk     1166464
slice14 access done  @clk     1166464
slice15 access done  @clk     1166464
slice12 start write  @clk     1166465
slice13 start write  @clk     1166465
slice14 start write  @clk     1166465
slice15 start write  @clk     1166465
slice8 access done  @clk     1166466
slice9 access done  @clk     1166466
slice10 access done  @clk     1166466
slice11 access done  @clk     1166466
slice12 write_burst finish  @clk     1166466
slice13 write_burst finish  @clk     1166466
slice14 write_burst finish  @clk     1166466
slice15 write_burst finish  @clk     1166466
slice8 start write  @clk     1166467
slice9 start write  @clk     1166467
slice10 start write  @clk     1166467
slice11 start write  @clk     1166467
slice4 access done  @clk     1166468
slice5 access done  @clk     1166468
slice6 access done  @clk     1166468
slice7 access done  @clk     1166468
slice8 write_burst finish  @clk     1166468
slice9 write_burst finish  @clk     1166468
slice10 write_burst finish  @clk     1166468
slice11 write_burst finish  @clk     1166468
slice12 task finish  @clk     1166468
slice13 task finish  @clk     1166468
slice14 task finish  @clk     1166468
slice15 task finish  @clk     1166468
slice4 start write  @clk     1166469
slice5 start write  @clk     1166469
slice6 start write  @clk     1166469
slice7 start write  @clk     1166469
slice0 access done @clk     1166470
slice1 access done  @clk     1166470
slice2 access done  @clk     1166470
slice3 access done  @clk     1166470
slice4 write_burst finish  @clk     1166470
slice5 write_burst finish  @clk     1166470
slice6 write_burst finish  @clk     1166470
slice7 write_burst finish  @clk     1166470
slice8 task finish  @clk     1166470
slice9 task finish  @clk     1166470
slice10 task finish  @clk     1166470
slice11 task finish  @clk     1166470
slice0 start write @clk     1166471
slice1 start write  @clk     1166471
slice2 start write  @clk     1166471
slice3 start write  @clk     1166471
slice0 write_burst finish @clk     1166472
slice1 write_burst finish  @clk     1166472
slice2 write_burst finish  @clk     1166472
slice3 write_burst finish  @clk     1166472
slice4 task finish  @clk     1166472
slice5 task finish  @clk     1166472
slice6 task finish  @clk     1166472
slice7 task finish  @clk     1166472
slice0 task finish @clk     1166474
slice1 task finish  @clk     1166474
slice2 task finish  @clk     1166474
slice3 task finish  @clk     1166474
slice12 prefetch finish  @clk     1182798
slice13 prefetch finish  @clk     1182814
slice14 prefetch finish  @clk     1182830
slice15 prefetch finish  @clk     1182846
slice4 prefetch finish  @clk     1182952
slice5 prefetch finish  @clk     1182968
slice6 prefetch finish  @clk     1182984
slice7 prefetch finish  @clk     1183000
slice8 prefetch finish  @clk     1183030
slice9 prefetch finish  @clk     1183046
slice10 prefetch finish  @clk     1183062
slice11 prefetch finish  @clk     1183078
slice0 prefetch finish @clk     1183108
slice1 prefetch finish  @clk     1183124
slice2 prefetch finish  @clk     1183140
slice3 prefetch finish  @clk     1183156
slice12 compute config finish @clk     1183820
slice13 compute config finish @clk     1183820
slice14 compute config finish @clk     1183820
slice15 compute config finish @clk     1183820
slice12 start run  @clk     1183821
slice13 start run  @clk     1183821
slice14 start run  @clk     1183821
slice15 start run  @clk     1183821
slice8 compute config finish @clk     1183822
slice9 compute config finish @clk     1183822
slice10 compute config finish @clk     1183822
slice11 compute config finish @clk     1183822
slice8 start run  @clk     1183823
slice9 start run  @clk     1183823
slice10 start run  @clk     1183823
slice11 start run  @clk     1183823
slice4 compute config finish @clk     1183824
slice5 compute config finish @clk     1183824
slice6 compute config finish @clk     1183824
slice7 compute config finish @clk     1183824
slice4 start run  @clk     1183825
slice5 start run  @clk     1183825
slice6 start run  @clk     1183825
slice7 start run  @clk     1183825
slice0 compute config finish @clk     1183826
slice1 compute config finish @clk     1183826
slice2 compute config finish @clk     1183826
slice3 compute config finish @clk     1183826
slice0 start run @clk     1183827
slice1 start run  @clk     1183827
slice2 start run  @clk     1183827
slice3 start run  @clk     1183827
slice12 start prefetch  @clk     1184301
slice13 start prefetch  @clk     1184301
slice14 start prefetch  @clk     1184301
slice15 start prefetch  @clk     1184301
slice8 start prefetch  @clk     1184303
slice9 start prefetch  @clk     1184303
slice10 start prefetch  @clk     1184303
slice11 start prefetch  @clk     1184303
slice4 start prefetch  @clk     1184305
slice5 start prefetch  @clk     1184305
slice6 start prefetch  @clk     1184305
slice7 start prefetch  @clk     1184305
slice0 start prefetch @clk     1184307
slice1 start prefetch  @clk     1184307
slice2 start prefetch  @clk     1184307
slice3 start prefetch  @clk     1184307
slice12 access done  @clk     1193002
slice13 access done  @clk     1193002
slice14 access done  @clk     1193002
slice15 access done  @clk     1193002
slice12 start write  @clk     1193003
slice13 start write  @clk     1193003
slice14 start write  @clk     1193003
slice15 start write  @clk     1193003
slice8 access done  @clk     1193004
slice9 access done  @clk     1193004
slice10 access done  @clk     1193004
slice11 access done  @clk     1193004
slice12 write_burst finish  @clk     1193004
slice13 write_burst finish  @clk     1193004
slice14 write_burst finish  @clk     1193004
slice15 write_burst finish  @clk     1193004
slice8 start write  @clk     1193005
slice9 start write  @clk     1193005
slice10 start write  @clk     1193005
slice11 start write  @clk     1193005
slice4 access done  @clk     1193006
slice5 access done  @clk     1193006
slice6 access done  @clk     1193006
slice7 access done  @clk     1193006
slice8 write_burst finish  @clk     1193006
slice9 write_burst finish  @clk     1193006
slice10 write_burst finish  @clk     1193006
slice11 write_burst finish  @clk     1193006
slice12 task finish  @clk     1193006
slice13 task finish  @clk     1193006
slice14 task finish  @clk     1193006
slice15 task finish  @clk     1193006
slice4 start write  @clk     1193007
slice5 start write  @clk     1193007
slice6 start write  @clk     1193007
slice7 start write  @clk     1193007
slice0 access done @clk     1193008
slice1 access done  @clk     1193008
slice2 access done  @clk     1193008
slice3 access done  @clk     1193008
slice4 write_burst finish  @clk     1193008
slice5 write_burst finish  @clk     1193008
slice6 write_burst finish  @clk     1193008
slice7 write_burst finish  @clk     1193008
slice8 task finish  @clk     1193008
slice9 task finish  @clk     1193008
slice10 task finish  @clk     1193008
slice11 task finish  @clk     1193008
slice0 start write @clk     1193009
slice1 start write  @clk     1193009
slice2 start write  @clk     1193009
slice3 start write  @clk     1193009
slice0 write_burst finish @clk     1193010
slice1 write_burst finish  @clk     1193010
slice2 write_burst finish  @clk     1193010
slice3 write_burst finish  @clk     1193010
slice4 task finish  @clk     1193010
slice5 task finish  @clk     1193010
slice6 task finish  @clk     1193010
slice7 task finish  @clk     1193010
slice0 task finish @clk     1193012
slice1 task finish  @clk     1193012
slice2 task finish  @clk     1193012
slice3 task finish  @clk     1193012
slice12 prefetch finish  @clk     1209752
slice13 prefetch finish  @clk     1209774
slice14 prefetch finish  @clk     1209796
slice15 prefetch finish  @clk     1209818
slice4 prefetch finish  @clk     1209906
slice5 prefetch finish  @clk     1209928
slice6 prefetch finish  @clk     1209950
slice7 prefetch finish  @clk     1209972
slice8 prefetch finish  @clk     1209984
slice9 prefetch finish  @clk     1210006
slice10 prefetch finish  @clk     1210028
slice11 prefetch finish  @clk     1210050
slice0 prefetch finish @clk     1210062
slice1 prefetch finish  @clk     1210084
slice2 prefetch finish  @clk     1210106
slice3 prefetch finish  @clk     1210128
slice12 compute config finish @clk     1210702
slice13 compute config finish @clk     1210702
slice14 compute config finish @clk     1210702
slice15 compute config finish @clk     1210702
slice12 start run  @clk     1210703
slice13 start run  @clk     1210703
slice14 start run  @clk     1210703
slice15 start run  @clk     1210703
slice8 compute config finish @clk     1210704
slice9 compute config finish @clk     1210704
slice10 compute config finish @clk     1210704
slice11 compute config finish @clk     1210704
slice8 start run  @clk     1210705
slice9 start run  @clk     1210705
slice10 start run  @clk     1210705
slice11 start run  @clk     1210705
slice4 compute config finish @clk     1210706
slice5 compute config finish @clk     1210706
slice6 compute config finish @clk     1210706
slice7 compute config finish @clk     1210706
slice4 start run  @clk     1210707
slice5 start run  @clk     1210707
slice6 start run  @clk     1210707
slice7 start run  @clk     1210707
slice0 compute config finish @clk     1210740
slice1 compute config finish @clk     1210740
slice2 compute config finish @clk     1210740
slice3 compute config finish @clk     1210740
slice0 start run @clk     1210741
slice1 start run  @clk     1210741
slice2 start run  @clk     1210741
slice3 start run  @clk     1210741
slice12 start prefetch  @clk     1211215
slice13 start prefetch  @clk     1211215
slice14 start prefetch  @clk     1211215
slice15 start prefetch  @clk     1211215
slice8 start prefetch  @clk     1211217
slice9 start prefetch  @clk     1211217
slice10 start prefetch  @clk     1211217
slice11 start prefetch  @clk     1211217
slice4 start prefetch  @clk     1211219
slice5 start prefetch  @clk     1211219
slice6 start prefetch  @clk     1211219
slice7 start prefetch  @clk     1211219
slice0 start prefetch @clk     1211221
slice1 start prefetch  @clk     1211221
slice2 start prefetch  @clk     1211221
slice3 start prefetch  @clk     1211221
slice12 access done  @clk     1219884
slice13 access done  @clk     1219884
slice14 access done  @clk     1219884
slice15 access done  @clk     1219884
slice12 start write  @clk     1219885
slice13 start write  @clk     1219885
slice14 start write  @clk     1219885
slice15 start write  @clk     1219885
slice8 access done  @clk     1219886
slice9 access done  @clk     1219886
slice10 access done  @clk     1219886
slice11 access done  @clk     1219886
slice12 write_burst finish  @clk     1219886
slice13 write_burst finish  @clk     1219886
slice14 write_burst finish  @clk     1219886
slice15 write_burst finish  @clk     1219886
slice8 start write  @clk     1219887
slice9 start write  @clk     1219887
slice10 start write  @clk     1219887
slice11 start write  @clk     1219887
slice4 access done  @clk     1219888
slice5 access done  @clk     1219888
slice6 access done  @clk     1219888
slice7 access done  @clk     1219888
slice8 write_burst finish  @clk     1219888
slice9 write_burst finish  @clk     1219888
slice10 write_burst finish  @clk     1219888
slice11 write_burst finish  @clk     1219888
slice12 task finish  @clk     1219888
slice13 task finish  @clk     1219888
slice14 task finish  @clk     1219888
slice15 task finish  @clk     1219888
slice4 start write  @clk     1219889
slice5 start write  @clk     1219889
slice6 start write  @clk     1219889
slice7 start write  @clk     1219889
slice4 write_burst finish  @clk     1219890
slice5 write_burst finish  @clk     1219890
slice6 write_burst finish  @clk     1219890
slice7 write_burst finish  @clk     1219890
slice8 task finish  @clk     1219890
slice9 task finish  @clk     1219890
slice10 task finish  @clk     1219890
slice11 task finish  @clk     1219890
slice4 task finish  @clk     1219892
slice5 task finish  @clk     1219892
slice6 task finish  @clk     1219892
slice7 task finish  @clk     1219892
slice0 access done @clk     1219922
slice1 access done  @clk     1219922
slice2 access done  @clk     1219922
slice3 access done  @clk     1219922
slice0 start write @clk     1219923
slice1 start write  @clk     1219923
slice2 start write  @clk     1219923
slice3 start write  @clk     1219923
slice0 write_burst finish @clk     1219924
slice1 write_burst finish  @clk     1219924
slice2 write_burst finish  @clk     1219924
slice3 write_burst finish  @clk     1219924
slice0 task finish @clk     1219926
slice1 task finish  @clk     1219926
slice2 task finish  @clk     1219926
slice3 task finish  @clk     1219926
slice12 prefetch finish  @clk     1236330
slice13 prefetch finish  @clk     1236346
slice14 prefetch finish  @clk     1236362
slice15 prefetch finish  @clk     1236378
slice4 prefetch finish  @clk     1236484
slice5 prefetch finish  @clk     1236500
slice6 prefetch finish  @clk     1236516
slice7 prefetch finish  @clk     1236532
slice8 prefetch finish  @clk     1236562
slice9 prefetch finish  @clk     1236578
slice10 prefetch finish  @clk     1236594
slice11 prefetch finish  @clk     1236610
slice0 prefetch finish @clk     1236640
slice1 prefetch finish  @clk     1236656
slice2 prefetch finish  @clk     1236672
slice3 prefetch finish  @clk     1236688
slice12 compute config finish @clk     1237336
slice13 compute config finish @clk     1237336
slice14 compute config finish @clk     1237336
slice15 compute config finish @clk     1237336
slice12 start run  @clk     1237337
slice13 start run  @clk     1237337
slice14 start run  @clk     1237337
slice15 start run  @clk     1237337
slice8 compute config finish @clk     1237338
slice9 compute config finish @clk     1237338
slice10 compute config finish @clk     1237338
slice11 compute config finish @clk     1237338
slice8 start run  @clk     1237339
slice9 start run  @clk     1237339
slice10 start run  @clk     1237339
slice11 start run  @clk     1237339
slice4 compute config finish @clk     1237340
slice5 compute config finish @clk     1237340
slice6 compute config finish @clk     1237340
slice7 compute config finish @clk     1237340
slice4 start run  @clk     1237341
slice5 start run  @clk     1237341
slice6 start run  @clk     1237341
slice7 start run  @clk     1237341
slice0 compute config finish @clk     1237342
slice1 compute config finish @clk     1237342
slice2 compute config finish @clk     1237342
slice3 compute config finish @clk     1237342
slice0 start run @clk     1237343
slice1 start run  @clk     1237343
slice2 start run  @clk     1237343
slice3 start run  @clk     1237343
slice12 start prefetch  @clk     1237811
slice13 start prefetch  @clk     1237811
slice14 start prefetch  @clk     1237811
slice15 start prefetch  @clk     1237811
slice8 start prefetch  @clk     1237813
slice9 start prefetch  @clk     1237813
slice10 start prefetch  @clk     1237813
slice11 start prefetch  @clk     1237813
slice4 start prefetch  @clk     1237815
slice5 start prefetch  @clk     1237815
slice6 start prefetch  @clk     1237815
slice7 start prefetch  @clk     1237815
slice0 start prefetch @clk     1237817
slice1 start prefetch  @clk     1237817
slice2 start prefetch  @clk     1237817
slice3 start prefetch  @clk     1237817
slice12 access done  @clk     1246518
slice13 access done  @clk     1246518
slice14 access done  @clk     1246518
slice15 access done  @clk     1246518
slice12 start write  @clk     1246519
slice13 start write  @clk     1246519
slice14 start write  @clk     1246519
slice15 start write  @clk     1246519
slice8 access done  @clk     1246520
slice9 access done  @clk     1246520
slice10 access done  @clk     1246520
slice11 access done  @clk     1246520
slice12 write_burst finish  @clk     1246520
slice13 write_burst finish  @clk     1246520
slice14 write_burst finish  @clk     1246520
slice15 write_burst finish  @clk     1246520
slice8 start write  @clk     1246521
slice9 start write  @clk     1246521
slice10 start write  @clk     1246521
slice11 start write  @clk     1246521
slice4 access done  @clk     1246522
slice5 access done  @clk     1246522
slice6 access done  @clk     1246522
slice7 access done  @clk     1246522
slice8 write_burst finish  @clk     1246522
slice9 write_burst finish  @clk     1246522
slice10 write_burst finish  @clk     1246522
slice11 write_burst finish  @clk     1246522
slice12 task finish  @clk     1246522
slice13 task finish  @clk     1246522
slice14 task finish  @clk     1246522
slice15 task finish  @clk     1246522
slice4 start write  @clk     1246523
slice5 start write  @clk     1246523
slice6 start write  @clk     1246523
slice7 start write  @clk     1246523
slice0 access done @clk     1246524
slice1 access done  @clk     1246524
slice2 access done  @clk     1246524
slice3 access done  @clk     1246524
slice4 write_burst finish  @clk     1246524
slice5 write_burst finish  @clk     1246524
slice6 write_burst finish  @clk     1246524
slice7 write_burst finish  @clk     1246524
slice8 task finish  @clk     1246524
slice9 task finish  @clk     1246524
slice10 task finish  @clk     1246524
slice11 task finish  @clk     1246524
slice0 start write @clk     1246525
slice1 start write  @clk     1246525
slice2 start write  @clk     1246525
slice3 start write  @clk     1246525
slice0 write_burst finish @clk     1246526
slice1 write_burst finish  @clk     1246526
slice2 write_burst finish  @clk     1246526
slice3 write_burst finish  @clk     1246526
slice4 task finish  @clk     1246526
slice5 task finish  @clk     1246526
slice6 task finish  @clk     1246526
slice7 task finish  @clk     1246526
slice0 task finish @clk     1246528
slice1 task finish  @clk     1246528
slice2 task finish  @clk     1246528
slice3 task finish  @clk     1246528
slice12 prefetch finish  @clk     1263232
slice13 prefetch finish  @clk     1263238
slice14 prefetch finish  @clk     1263244
slice15 prefetch finish  @clk     1263302
slice4 prefetch finish  @clk     1263386
slice5 prefetch finish  @clk     1263392
slice6 prefetch finish  @clk     1263398
slice7 prefetch finish  @clk     1263456
slice8 prefetch finish  @clk     1263464
slice9 prefetch finish  @clk     1263470
slice10 prefetch finish  @clk     1263476
slice11 prefetch finish  @clk     1263534
slice0 prefetch finish @clk     1263542
slice1 prefetch finish  @clk     1263548
slice2 prefetch finish  @clk     1263554
slice3 prefetch finish  @clk     1263612
slice12 compute config finish @clk     1264134
slice13 compute config finish @clk     1264134
slice14 compute config finish @clk     1264134
slice15 compute config finish @clk     1264134
slice12 start run  @clk     1264135
slice13 start run  @clk     1264135
slice14 start run  @clk     1264135
slice15 start run  @clk     1264135
slice8 compute config finish @clk     1264136
slice9 compute config finish @clk     1264136
slice10 compute config finish @clk     1264136
slice11 compute config finish @clk     1264136
slice8 start run  @clk     1264137
slice9 start run  @clk     1264137
slice10 start run  @clk     1264137
slice11 start run  @clk     1264137
slice4 compute config finish @clk     1264138
slice5 compute config finish @clk     1264138
slice6 compute config finish @clk     1264138
slice7 compute config finish @clk     1264138
slice4 start run  @clk     1264139
slice5 start run  @clk     1264139
slice6 start run  @clk     1264139
slice7 start run  @clk     1264139
slice0 compute config finish @clk     1264140
slice1 compute config finish @clk     1264140
slice2 compute config finish @clk     1264140
slice3 compute config finish @clk     1264140
slice0 start run @clk     1264141
slice1 start run  @clk     1264141
slice2 start run  @clk     1264141
slice3 start run  @clk     1264141
slice12 start prefetch  @clk     1264615
slice13 start prefetch  @clk     1264615
slice14 start prefetch  @clk     1264615
slice15 start prefetch  @clk     1264615
slice8 start prefetch  @clk     1264617
slice9 start prefetch  @clk     1264617
slice10 start prefetch  @clk     1264617
slice11 start prefetch  @clk     1264617
slice4 start prefetch  @clk     1264619
slice5 start prefetch  @clk     1264619
slice6 start prefetch  @clk     1264619
slice7 start prefetch  @clk     1264619
slice0 start prefetch @clk     1264621
slice1 start prefetch  @clk     1264621
slice2 start prefetch  @clk     1264621
slice3 start prefetch  @clk     1264621
slice12 access done  @clk     1273316
slice13 access done  @clk     1273316
slice14 access done  @clk     1273316
slice15 access done  @clk     1273316
slice12 start write  @clk     1273317
slice13 start write  @clk     1273317
slice14 start write  @clk     1273317
slice15 start write  @clk     1273317
slice8 access done  @clk     1273318
slice9 access done  @clk     1273318
slice10 access done  @clk     1273318
slice11 access done  @clk     1273318
slice12 write_burst finish  @clk     1273318
slice13 write_burst finish  @clk     1273318
slice14 write_burst finish  @clk     1273318
slice15 write_burst finish  @clk     1273318
slice8 start write  @clk     1273319
slice9 start write  @clk     1273319
slice10 start write  @clk     1273319
slice11 start write  @clk     1273319
slice4 access done  @clk     1273320
slice5 access done  @clk     1273320
slice6 access done  @clk     1273320
slice7 access done  @clk     1273320
slice8 write_burst finish  @clk     1273320
slice9 write_burst finish  @clk     1273320
slice10 write_burst finish  @clk     1273320
slice11 write_burst finish  @clk     1273320
slice12 task finish  @clk     1273320
slice13 task finish  @clk     1273320
slice14 task finish  @clk     1273320
slice15 task finish  @clk     1273320
slice4 start write  @clk     1273321
slice5 start write  @clk     1273321
slice6 start write  @clk     1273321
slice7 start write  @clk     1273321
slice0 access done @clk     1273322
slice1 access done  @clk     1273322
slice2 access done  @clk     1273322
slice3 access done  @clk     1273322
slice4 write_burst finish  @clk     1273322
slice5 write_burst finish  @clk     1273322
slice6 write_burst finish  @clk     1273322
slice7 write_burst finish  @clk     1273322
slice8 task finish  @clk     1273322
slice9 task finish  @clk     1273322
slice10 task finish  @clk     1273322
slice11 task finish  @clk     1273322
slice0 start write @clk     1273323
slice1 start write  @clk     1273323
slice2 start write  @clk     1273323
slice3 start write  @clk     1273323
slice0 write_burst finish @clk     1273324
slice1 write_burst finish  @clk     1273324
slice2 write_burst finish  @clk     1273324
slice3 write_burst finish  @clk     1273324
slice4 task finish  @clk     1273324
slice5 task finish  @clk     1273324
slice6 task finish  @clk     1273324
slice7 task finish  @clk     1273324
slice0 task finish @clk     1273326
slice1 task finish  @clk     1273326
slice2 task finish  @clk     1273326
slice3 task finish  @clk     1273326
slice12 prefetch finish  @clk     1289736
slice13 prefetch finish  @clk     1289752
slice14 prefetch finish  @clk     1289768
slice15 prefetch finish  @clk     1289784
slice4 prefetch finish  @clk     1289890
slice5 prefetch finish  @clk     1289906
slice6 prefetch finish  @clk     1289922
slice7 prefetch finish  @clk     1289938
slice8 prefetch finish  @clk     1289968
slice9 prefetch finish  @clk     1289984
slice10 prefetch finish  @clk     1290000
slice11 prefetch finish  @clk     1290016
slice0 prefetch finish @clk     1290046
slice1 prefetch finish  @clk     1290062
slice2 prefetch finish  @clk     1290078
slice3 prefetch finish  @clk     1290094
slice12 compute config finish @clk     1290660
slice13 compute config finish @clk     1290660
slice14 compute config finish @clk     1290660
slice15 compute config finish @clk     1290660
slice12 start run  @clk     1290661
slice13 start run  @clk     1290661
slice14 start run  @clk     1290661
slice15 start run  @clk     1290661
slice8 compute config finish @clk     1290662
slice9 compute config finish @clk     1290662
slice10 compute config finish @clk     1290662
slice11 compute config finish @clk     1290662
slice8 start run  @clk     1290663
slice9 start run  @clk     1290663
slice10 start run  @clk     1290663
slice11 start run  @clk     1290663
slice4 compute config finish @clk     1290664
slice5 compute config finish @clk     1290664
slice6 compute config finish @clk     1290664
slice7 compute config finish @clk     1290664
slice4 start run  @clk     1290665
slice5 start run  @clk     1290665
slice6 start run  @clk     1290665
slice7 start run  @clk     1290665
slice0 compute config finish @clk     1290666
slice1 compute config finish @clk     1290666
slice2 compute config finish @clk     1290666
slice3 compute config finish @clk     1290666
slice0 start run @clk     1290667
slice1 start run  @clk     1290667
slice2 start run  @clk     1290667
slice3 start run  @clk     1290667
slice12 start prefetch  @clk     1291141
slice13 start prefetch  @clk     1291141
slice14 start prefetch  @clk     1291141
slice15 start prefetch  @clk     1291141
slice8 start prefetch  @clk     1291143
slice9 start prefetch  @clk     1291143
slice10 start prefetch  @clk     1291143
slice11 start prefetch  @clk     1291143
slice4 start prefetch  @clk     1291145
slice5 start prefetch  @clk     1291145
slice6 start prefetch  @clk     1291145
slice7 start prefetch  @clk     1291145
slice0 start prefetch @clk     1291147
slice1 start prefetch  @clk     1291147
slice2 start prefetch  @clk     1291147
slice3 start prefetch  @clk     1291147
slice12 access done  @clk     1299842
slice13 access done  @clk     1299842
slice14 access done  @clk     1299842
slice15 access done  @clk     1299842
slice12 start write  @clk     1299843
slice13 start write  @clk     1299843
slice14 start write  @clk     1299843
slice15 start write  @clk     1299843
slice8 access done  @clk     1299844
slice9 access done  @clk     1299844
slice10 access done  @clk     1299844
slice11 access done  @clk     1299844
slice12 write_burst finish  @clk     1299844
slice13 write_burst finish  @clk     1299844
slice14 write_burst finish  @clk     1299844
slice15 write_burst finish  @clk     1299844
slice8 start write  @clk     1299845
slice9 start write  @clk     1299845
slice10 start write  @clk     1299845
slice11 start write  @clk     1299845
slice4 access done  @clk     1299846
slice5 access done  @clk     1299846
slice6 access done  @clk     1299846
slice7 access done  @clk     1299846
slice8 write_burst finish  @clk     1299846
slice9 write_burst finish  @clk     1299846
slice10 write_burst finish  @clk     1299846
slice11 write_burst finish  @clk     1299846
slice12 task finish  @clk     1299846
slice13 task finish  @clk     1299846
slice14 task finish  @clk     1299846
slice15 task finish  @clk     1299846
slice4 start write  @clk     1299847
slice5 start write  @clk     1299847
slice6 start write  @clk     1299847
slice7 start write  @clk     1299847
slice0 access done @clk     1299848
slice1 access done  @clk     1299848
slice2 access done  @clk     1299848
slice3 access done  @clk     1299848
slice4 write_burst finish  @clk     1299848
slice5 write_burst finish  @clk     1299848
slice6 write_burst finish  @clk     1299848
slice7 write_burst finish  @clk     1299848
slice8 task finish  @clk     1299848
slice9 task finish  @clk     1299848
slice10 task finish  @clk     1299848
slice11 task finish  @clk     1299848
slice0 start write @clk     1299849
slice1 start write  @clk     1299849
slice2 start write  @clk     1299849
slice3 start write  @clk     1299849
slice0 write_burst finish @clk     1299850
slice1 write_burst finish  @clk     1299850
slice2 write_burst finish  @clk     1299850
slice3 write_burst finish  @clk     1299850
slice4 task finish  @clk     1299850
slice5 task finish  @clk     1299850
slice6 task finish  @clk     1299850
slice7 task finish  @clk     1299850
slice0 task finish @clk     1299852
slice1 task finish  @clk     1299852
slice2 task finish  @clk     1299852
slice3 task finish  @clk     1299852
slice12 prefetch finish  @clk     1316328
slice13 prefetch finish  @clk     1316344
slice14 prefetch finish  @clk     1316360
slice15 prefetch finish  @clk     1316376
slice4 prefetch finish  @clk     1316482
slice5 prefetch finish  @clk     1316498
slice6 prefetch finish  @clk     1316514
slice7 prefetch finish  @clk     1316530
slice8 prefetch finish  @clk     1316560
slice9 prefetch finish  @clk     1316576
slice10 prefetch finish  @clk     1316592
slice11 prefetch finish  @clk     1316608
slice0 prefetch finish @clk     1316638
slice1 prefetch finish  @clk     1316654
slice2 prefetch finish  @clk     1316670
slice3 prefetch finish  @clk     1316686
slice12 compute config finish @clk     1317602
slice13 compute config finish @clk     1317602
slice14 compute config finish @clk     1317602
slice15 compute config finish @clk     1317602
slice12 start run  @clk     1317603
slice13 start run  @clk     1317603
slice14 start run  @clk     1317603
slice15 start run  @clk     1317603
slice8 compute config finish @clk     1317604
slice9 compute config finish @clk     1317604
slice10 compute config finish @clk     1317604
slice11 compute config finish @clk     1317604
slice8 start run  @clk     1317605
slice9 start run  @clk     1317605
slice10 start run  @clk     1317605
slice11 start run  @clk     1317605
slice4 compute config finish @clk     1317606
slice5 compute config finish @clk     1317606
slice6 compute config finish @clk     1317606
slice7 compute config finish @clk     1317606
slice4 start run  @clk     1317607
slice5 start run  @clk     1317607
slice6 start run  @clk     1317607
slice7 start run  @clk     1317607
slice0 compute config finish @clk     1317608
slice1 compute config finish @clk     1317608
slice2 compute config finish @clk     1317608
slice3 compute config finish @clk     1317608
slice0 start run @clk     1317609
slice1 start run  @clk     1317609
slice2 start run  @clk     1317609
slice3 start run  @clk     1317609
slice12 start prefetch  @clk     1318083
slice13 start prefetch  @clk     1318083
slice14 start prefetch  @clk     1318083
slice15 start prefetch  @clk     1318083
slice8 start prefetch  @clk     1318085
slice9 start prefetch  @clk     1318085
slice10 start prefetch  @clk     1318085
slice11 start prefetch  @clk     1318085
slice4 start prefetch  @clk     1318087
slice5 start prefetch  @clk     1318087
slice6 start prefetch  @clk     1318087
slice7 start prefetch  @clk     1318087
slice0 start prefetch @clk     1318089
slice1 start prefetch  @clk     1318089
slice2 start prefetch  @clk     1318089
slice3 start prefetch  @clk     1318089
slice12 access done  @clk     1326784
slice13 access done  @clk     1326784
slice14 access done  @clk     1326784
slice15 access done  @clk     1326784
slice12 start write  @clk     1326785
slice13 start write  @clk     1326785
slice14 start write  @clk     1326785
slice15 start write  @clk     1326785
slice8 access done  @clk     1326786
slice9 access done  @clk     1326786
slice10 access done  @clk     1326786
slice11 access done  @clk     1326786
slice12 write_burst finish  @clk     1326786
slice13 write_burst finish  @clk     1326786
slice14 write_burst finish  @clk     1326786
slice15 write_burst finish  @clk     1326786
slice8 start write  @clk     1326787
slice9 start write  @clk     1326787
slice10 start write  @clk     1326787
slice11 start write  @clk     1326787
slice4 access done  @clk     1326788
slice5 access done  @clk     1326788
slice6 access done  @clk     1326788
slice7 access done  @clk     1326788
slice8 write_burst finish  @clk     1326788
slice9 write_burst finish  @clk     1326788
slice10 write_burst finish  @clk     1326788
slice11 write_burst finish  @clk     1326788
slice12 task finish  @clk     1326788
slice13 task finish  @clk     1326788
slice14 task finish  @clk     1326788
slice15 task finish  @clk     1326788
slice4 start write  @clk     1326789
slice5 start write  @clk     1326789
slice6 start write  @clk     1326789
slice7 start write  @clk     1326789
slice0 access done @clk     1326790
slice1 access done  @clk     1326790
slice2 access done  @clk     1326790
slice3 access done  @clk     1326790
slice4 write_burst finish  @clk     1326790
slice5 write_burst finish  @clk     1326790
slice6 write_burst finish  @clk     1326790
slice7 write_burst finish  @clk     1326790
slice8 task finish  @clk     1326790
slice9 task finish  @clk     1326790
slice10 task finish  @clk     1326790
slice11 task finish  @clk     1326790
slice0 start write @clk     1326791
slice1 start write  @clk     1326791
slice2 start write  @clk     1326791
slice3 start write  @clk     1326791
slice0 write_burst finish @clk     1326792
slice1 write_burst finish  @clk     1326792
slice2 write_burst finish  @clk     1326792
slice3 write_burst finish  @clk     1326792
slice4 task finish  @clk     1326792
slice5 task finish  @clk     1326792
slice6 task finish  @clk     1326792
slice7 task finish  @clk     1326792
slice0 task finish @clk     1326794
slice1 task finish  @clk     1326794
slice2 task finish  @clk     1326794
slice3 task finish  @clk     1326794
slice12 prefetch finish  @clk     1343214
slice13 prefetch finish  @clk     1343230
slice14 prefetch finish  @clk     1343246
slice15 prefetch finish  @clk     1343262
slice4 prefetch finish  @clk     1343368
slice5 prefetch finish  @clk     1343384
slice6 prefetch finish  @clk     1343400
slice7 prefetch finish  @clk     1343416
slice8 prefetch finish  @clk     1343446
slice9 prefetch finish  @clk     1343462
slice10 prefetch finish  @clk     1343478
slice11 prefetch finish  @clk     1343494
slice0 prefetch finish @clk     1343524
slice1 prefetch finish  @clk     1343540
slice2 prefetch finish  @clk     1343556
slice3 prefetch finish  @clk     1343572
slice12 compute config finish @clk     1344220
slice13 compute config finish @clk     1344220
slice14 compute config finish @clk     1344220
slice15 compute config finish @clk     1344220
slice12 start run  @clk     1344221
slice13 start run  @clk     1344221
slice14 start run  @clk     1344221
slice15 start run  @clk     1344221
slice8 compute config finish @clk     1344222
slice9 compute config finish @clk     1344222
slice10 compute config finish @clk     1344222
slice11 compute config finish @clk     1344222
slice8 start run  @clk     1344223
slice9 start run  @clk     1344223
slice10 start run  @clk     1344223
slice11 start run  @clk     1344223
slice4 compute config finish @clk     1344224
slice5 compute config finish @clk     1344224
slice6 compute config finish @clk     1344224
slice7 compute config finish @clk     1344224
slice4 start run  @clk     1344225
slice5 start run  @clk     1344225
slice6 start run  @clk     1344225
slice7 start run  @clk     1344225
slice0 compute config finish @clk     1344226
slice1 compute config finish @clk     1344226
slice2 compute config finish @clk     1344226
slice3 compute config finish @clk     1344226
slice0 start run @clk     1344227
slice1 start run  @clk     1344227
slice2 start run  @clk     1344227
slice3 start run  @clk     1344227
slice12 start prefetch  @clk     1344701
slice13 start prefetch  @clk     1344701
slice14 start prefetch  @clk     1344701
slice15 start prefetch  @clk     1344701
slice8 start prefetch  @clk     1344703
slice9 start prefetch  @clk     1344703
slice10 start prefetch  @clk     1344703
slice11 start prefetch  @clk     1344703
slice4 start prefetch  @clk     1344705
slice5 start prefetch  @clk     1344705
slice6 start prefetch  @clk     1344705
slice7 start prefetch  @clk     1344705
slice0 start prefetch @clk     1344707
slice1 start prefetch  @clk     1344707
slice2 start prefetch  @clk     1344707
slice3 start prefetch  @clk     1344707
slice12 access done  @clk     1353402
slice13 access done  @clk     1353402
slice14 access done  @clk     1353402
slice15 access done  @clk     1353402
slice12 start write  @clk     1353403
slice13 start write  @clk     1353403
slice14 start write  @clk     1353403
slice15 start write  @clk     1353403
slice8 access done  @clk     1353404
slice9 access done  @clk     1353404
slice10 access done  @clk     1353404
slice11 access done  @clk     1353404
slice12 write_burst finish  @clk     1353404
slice13 write_burst finish  @clk     1353404
slice14 write_burst finish  @clk     1353404
slice15 write_burst finish  @clk     1353404
slice8 start write  @clk     1353405
slice9 start write  @clk     1353405
slice10 start write  @clk     1353405
slice11 start write  @clk     1353405
slice4 access done  @clk     1353406
slice5 access done  @clk     1353406
slice6 access done  @clk     1353406
slice7 access done  @clk     1353406
slice8 write_burst finish  @clk     1353406
slice9 write_burst finish  @clk     1353406
slice10 write_burst finish  @clk     1353406
slice11 write_burst finish  @clk     1353406
slice12 task finish  @clk     1353406
slice13 task finish  @clk     1353406
slice14 task finish  @clk     1353406
slice15 task finish  @clk     1353406
slice4 start write  @clk     1353407
slice5 start write  @clk     1353407
slice6 start write  @clk     1353407
slice7 start write  @clk     1353407
slice0 access done @clk     1353408
slice1 access done  @clk     1353408
slice2 access done  @clk     1353408
slice3 access done  @clk     1353408
slice4 write_burst finish  @clk     1353408
slice5 write_burst finish  @clk     1353408
slice6 write_burst finish  @clk     1353408
slice7 write_burst finish  @clk     1353408
slice8 task finish  @clk     1353408
slice9 task finish  @clk     1353408
slice10 task finish  @clk     1353408
slice11 task finish  @clk     1353408
slice0 start write @clk     1353409
slice1 start write  @clk     1353409
slice2 start write  @clk     1353409
slice3 start write  @clk     1353409
slice0 write_burst finish @clk     1353410
slice1 write_burst finish  @clk     1353410
slice2 write_burst finish  @clk     1353410
slice3 write_burst finish  @clk     1353410
slice4 task finish  @clk     1353410
slice5 task finish  @clk     1353410
slice6 task finish  @clk     1353410
slice7 task finish  @clk     1353410
slice0 task finish @clk     1353412
slice1 task finish  @clk     1353412
slice2 task finish  @clk     1353412
slice3 task finish  @clk     1353412
slice12 prefetch finish  @clk     1369796
slice13 prefetch finish  @clk     1369806
slice14 prefetch finish  @clk     1369822
slice15 prefetch finish  @clk     1369838
slice4 prefetch finish  @clk     1369950
slice5 prefetch finish  @clk     1369960
slice6 prefetch finish  @clk     1369976
slice7 prefetch finish  @clk     1369992
slice8 prefetch finish  @clk     1370028
slice9 prefetch finish  @clk     1370038
slice10 prefetch finish  @clk     1370054
slice11 prefetch finish  @clk     1370070
slice0 prefetch finish @clk     1370106
slice1 prefetch finish  @clk     1370116
slice2 prefetch finish  @clk     1370132
slice3 prefetch finish  @clk     1370148
slice12 compute config finish @clk     1370802
slice13 compute config finish @clk     1370802
slice14 compute config finish @clk     1370802
slice15 compute config finish @clk     1370802
slice12 start run  @clk     1370803
slice13 start run  @clk     1370803
slice14 start run  @clk     1370803
slice15 start run  @clk     1370803
slice8 compute config finish @clk     1370804
slice9 compute config finish @clk     1370804
slice10 compute config finish @clk     1370804
slice11 compute config finish @clk     1370804
slice8 start run  @clk     1370805
slice9 start run  @clk     1370805
slice10 start run  @clk     1370805
slice11 start run  @clk     1370805
slice4 compute config finish @clk     1370806
slice5 compute config finish @clk     1370806
slice6 compute config finish @clk     1370806
slice7 compute config finish @clk     1370806
slice4 start run  @clk     1370807
slice5 start run  @clk     1370807
slice6 start run  @clk     1370807
slice7 start run  @clk     1370807
slice0 compute config finish @clk     1370808
slice1 compute config finish @clk     1370808
slice2 compute config finish @clk     1370808
slice3 compute config finish @clk     1370808
slice0 start run @clk     1370809
slice1 start run  @clk     1370809
slice2 start run  @clk     1370809
slice3 start run  @clk     1370809
slice12 start prefetch  @clk     1371603
slice13 start prefetch  @clk     1371603
slice14 start prefetch  @clk     1371603
slice15 start prefetch  @clk     1371603
slice8 start prefetch  @clk     1371605
slice9 start prefetch  @clk     1371605
slice10 start prefetch  @clk     1371605
slice11 start prefetch  @clk     1371605
slice4 start prefetch  @clk     1371607
slice5 start prefetch  @clk     1371607
slice6 start prefetch  @clk     1371607
slice7 start prefetch  @clk     1371607
slice0 start prefetch @clk     1371609
slice1 start prefetch  @clk     1371609
slice2 start prefetch  @clk     1371609
slice3 start prefetch  @clk     1371609
slice12 access done  @clk     1379984
slice13 access done  @clk     1379984
slice14 access done  @clk     1379984
slice15 access done  @clk     1379984
slice12 start write  @clk     1379985
slice13 start write  @clk     1379985
slice14 start write  @clk     1379985
slice15 start write  @clk     1379985
slice8 access done  @clk     1379986
slice9 access done  @clk     1379986
slice10 access done  @clk     1379986
slice11 access done  @clk     1379986
slice12 write_burst finish  @clk     1379986
slice13 write_burst finish  @clk     1379986
slice14 write_burst finish  @clk     1379986
slice15 write_burst finish  @clk     1379986
slice8 start write  @clk     1379987
slice9 start write  @clk     1379987
slice10 start write  @clk     1379987
slice11 start write  @clk     1379987
slice4 access done  @clk     1379988
slice5 access done  @clk     1379988
slice6 access done  @clk     1379988
slice7 access done  @clk     1379988
slice8 write_burst finish  @clk     1379988
slice9 write_burst finish  @clk     1379988
slice10 write_burst finish  @clk     1379988
slice11 write_burst finish  @clk     1379988
slice12 task finish  @clk     1379988
slice13 task finish  @clk     1379988
slice14 task finish  @clk     1379988
slice15 task finish  @clk     1379988
slice4 start write  @clk     1379989
slice5 start write  @clk     1379989
slice6 start write  @clk     1379989
slice7 start write  @clk     1379989
slice0 access done @clk     1379990
slice1 access done  @clk     1379990
slice2 access done  @clk     1379990
slice3 access done  @clk     1379990
slice4 write_burst finish  @clk     1379990
slice5 write_burst finish  @clk     1379990
slice6 write_burst finish  @clk     1379990
slice7 write_burst finish  @clk     1379990
slice8 task finish  @clk     1379990
slice9 task finish  @clk     1379990
slice10 task finish  @clk     1379990
slice11 task finish  @clk     1379990
slice0 start write @clk     1379991
slice1 start write  @clk     1379991
slice2 start write  @clk     1379991
slice3 start write  @clk     1379991
slice0 write_burst finish @clk     1379992
slice1 write_burst finish  @clk     1379992
slice2 write_burst finish  @clk     1379992
slice3 write_burst finish  @clk     1379992
slice4 task finish  @clk     1379992
slice5 task finish  @clk     1379992
slice6 task finish  @clk     1379992
slice7 task finish  @clk     1379992
slice0 task finish @clk     1379994
slice1 task finish  @clk     1379994
slice2 task finish  @clk     1379994
slice3 task finish  @clk     1379994
slice12 prefetch finish  @clk     1396568
slice13 prefetch finish  @clk     1396578
slice14 prefetch finish  @clk     1396594
slice15 prefetch finish  @clk     1396610
slice4 prefetch finish  @clk     1396722
slice5 prefetch finish  @clk     1396732
slice6 prefetch finish  @clk     1396748
slice7 prefetch finish  @clk     1396764
slice8 prefetch finish  @clk     1396800
slice9 prefetch finish  @clk     1396810
slice10 prefetch finish  @clk     1396826
slice11 prefetch finish  @clk     1396842
slice0 prefetch finish @clk     1396878
slice1 prefetch finish  @clk     1396888
slice2 prefetch finish  @clk     1396904
slice3 prefetch finish  @clk     1396920
slice12 compute config finish @clk     1397574
slice13 compute config finish @clk     1397574
slice14 compute config finish @clk     1397574
slice15 compute config finish @clk     1397574
slice12 start run  @clk     1397575
slice13 start run  @clk     1397575
slice14 start run  @clk     1397575
slice15 start run  @clk     1397575
slice8 compute config finish @clk     1397576
slice9 compute config finish @clk     1397576
slice10 compute config finish @clk     1397576
slice11 compute config finish @clk     1397576
slice8 start run  @clk     1397577
slice9 start run  @clk     1397577
slice10 start run  @clk     1397577
slice11 start run  @clk     1397577
slice4 compute config finish @clk     1397578
slice5 compute config finish @clk     1397578
slice6 compute config finish @clk     1397578
slice7 compute config finish @clk     1397578
slice4 start run  @clk     1397579
slice5 start run  @clk     1397579
slice6 start run  @clk     1397579
slice7 start run  @clk     1397579
slice0 compute config finish @clk     1397580
slice1 compute config finish @clk     1397580
slice2 compute config finish @clk     1397580
slice3 compute config finish @clk     1397580
slice0 start run @clk     1397581
slice1 start run  @clk     1397581
slice2 start run  @clk     1397581
slice3 start run  @clk     1397581
slice12 start prefetch  @clk     1398055
slice13 start prefetch  @clk     1398055
slice14 start prefetch  @clk     1398055
slice15 start prefetch  @clk     1398055
slice8 start prefetch  @clk     1398057
slice9 start prefetch  @clk     1398057
slice10 start prefetch  @clk     1398057
slice11 start prefetch  @clk     1398057
slice4 start prefetch  @clk     1398059
slice5 start prefetch  @clk     1398059
slice6 start prefetch  @clk     1398059
slice7 start prefetch  @clk     1398059
slice0 start prefetch @clk     1398061
slice1 start prefetch  @clk     1398061
slice2 start prefetch  @clk     1398061
slice3 start prefetch  @clk     1398061
slice12 access done  @clk     1406756
slice13 access done  @clk     1406756
slice14 access done  @clk     1406756
slice15 access done  @clk     1406756
slice12 start write  @clk     1406757
slice13 start write  @clk     1406757
slice14 start write  @clk     1406757
slice15 start write  @clk     1406757
slice8 access done  @clk     1406758
slice9 access done  @clk     1406758
slice10 access done  @clk     1406758
slice11 access done  @clk     1406758
slice12 write_burst finish  @clk     1406758
slice13 write_burst finish  @clk     1406758
slice14 write_burst finish  @clk     1406758
slice15 write_burst finish  @clk     1406758
slice8 start write  @clk     1406759
slice9 start write  @clk     1406759
slice10 start write  @clk     1406759
slice11 start write  @clk     1406759
slice4 access done  @clk     1406760
slice5 access done  @clk     1406760
slice6 access done  @clk     1406760
slice7 access done  @clk     1406760
slice8 write_burst finish  @clk     1406760
slice9 write_burst finish  @clk     1406760
slice10 write_burst finish  @clk     1406760
slice11 write_burst finish  @clk     1406760
slice12 task finish  @clk     1406760
slice13 task finish  @clk     1406760
slice14 task finish  @clk     1406760
slice15 task finish  @clk     1406760
slice4 start write  @clk     1406761
slice5 start write  @clk     1406761
slice6 start write  @clk     1406761
slice7 start write  @clk     1406761
slice0 access done @clk     1406762
slice1 access done  @clk     1406762
slice2 access done  @clk     1406762
slice3 access done  @clk     1406762
slice4 write_burst finish  @clk     1406762
slice5 write_burst finish  @clk     1406762
slice6 write_burst finish  @clk     1406762
slice7 write_burst finish  @clk     1406762
slice8 task finish  @clk     1406762
slice9 task finish  @clk     1406762
slice10 task finish  @clk     1406762
slice11 task finish  @clk     1406762
slice0 start write @clk     1406763
slice1 start write  @clk     1406763
slice2 start write  @clk     1406763
slice3 start write  @clk     1406763
slice0 write_burst finish @clk     1406764
slice1 write_burst finish  @clk     1406764
slice2 write_burst finish  @clk     1406764
slice3 write_burst finish  @clk     1406764
slice4 task finish  @clk     1406764
slice5 task finish  @clk     1406764
slice6 task finish  @clk     1406764
slice7 task finish  @clk     1406764
slice0 task finish @clk     1406766
slice1 task finish  @clk     1406766
slice2 task finish  @clk     1406766
slice3 task finish  @clk     1406766
slice12 prefetch finish  @clk     1423132
slice13 prefetch finish  @clk     1423148
slice14 prefetch finish  @clk     1423164
slice15 prefetch finish  @clk     1423180
slice4 prefetch finish  @clk     1423286
slice5 prefetch finish  @clk     1423302
slice6 prefetch finish  @clk     1423318
slice7 prefetch finish  @clk     1423334
slice8 prefetch finish  @clk     1423364
slice9 prefetch finish  @clk     1423380
slice10 prefetch finish  @clk     1423396
slice11 prefetch finish  @clk     1423412
slice0 prefetch finish @clk     1423442
slice1 prefetch finish  @clk     1423458
slice2 prefetch finish  @clk     1423474
slice3 prefetch finish  @clk     1423490
slice12 compute config finish @clk     1424138
slice13 compute config finish @clk     1424138
slice14 compute config finish @clk     1424138
slice15 compute config finish @clk     1424138
slice12 start run  @clk     1424139
slice13 start run  @clk     1424139
slice14 start run  @clk     1424139
slice15 start run  @clk     1424139
slice8 compute config finish @clk     1424140
slice9 compute config finish @clk     1424140
slice10 compute config finish @clk     1424140
slice11 compute config finish @clk     1424140
slice8 start run  @clk     1424141
slice9 start run  @clk     1424141
slice10 start run  @clk     1424141
slice11 start run  @clk     1424141
slice4 compute config finish @clk     1424142
slice5 compute config finish @clk     1424142
slice6 compute config finish @clk     1424142
slice7 compute config finish @clk     1424142
slice4 start run  @clk     1424143
slice5 start run  @clk     1424143
slice6 start run  @clk     1424143
slice7 start run  @clk     1424143
slice0 compute config finish @clk     1424144
slice1 compute config finish @clk     1424144
slice2 compute config finish @clk     1424144
slice3 compute config finish @clk     1424144
slice0 start run @clk     1424145
slice1 start run  @clk     1424145
slice2 start run  @clk     1424145
slice3 start run  @clk     1424145
slice12 start prefetch  @clk     1424619
slice13 start prefetch  @clk     1424619
slice14 start prefetch  @clk     1424619
slice15 start prefetch  @clk     1424619
slice8 start prefetch  @clk     1424621
slice9 start prefetch  @clk     1424621
slice10 start prefetch  @clk     1424621
slice11 start prefetch  @clk     1424621
slice4 start prefetch  @clk     1424623
slice5 start prefetch  @clk     1424623
slice6 start prefetch  @clk     1424623
slice7 start prefetch  @clk     1424623
slice0 start prefetch @clk     1424625
slice1 start prefetch  @clk     1424625
slice2 start prefetch  @clk     1424625
slice3 start prefetch  @clk     1424625
slice12 access done  @clk     1433320
slice13 access done  @clk     1433320
slice14 access done  @clk     1433320
slice15 access done  @clk     1433320
slice12 start write  @clk     1433321
slice13 start write  @clk     1433321
slice14 start write  @clk     1433321
slice15 start write  @clk     1433321
slice8 access done  @clk     1433322
slice9 access done  @clk     1433322
slice10 access done  @clk     1433322
slice11 access done  @clk     1433322
slice8 start write  @clk     1433323
slice9 start write  @clk     1433323
slice10 start write  @clk     1433323
slice11 start write  @clk     1433323
slice4 access done  @clk     1433324
slice5 access done  @clk     1433324
slice6 access done  @clk     1433324
slice7 access done  @clk     1433324
slice4 start write  @clk     1433325
slice5 start write  @clk     1433325
slice6 start write  @clk     1433325
slice7 start write  @clk     1433325
slice0 access done @clk     1433326
slice1 access done  @clk     1433326
slice2 access done  @clk     1433326
slice3 access done  @clk     1433326
slice0 start write @clk     1433327
slice1 start write  @clk     1433327
slice2 start write  @clk     1433327
slice3 start write  @clk     1433327
slice12 prefetch finish  @clk     1450128
slice13 prefetch finish  @clk     1450150
slice14 prefetch finish  @clk     1450172
slice15 prefetch finish  @clk     1450192
slice4 prefetch finish  @clk     1450282
slice5 prefetch finish  @clk     1450382
slice6 prefetch finish  @clk     1450386
slice7 prefetch finish  @clk     1450390
slice8 prefetch finish  @clk     1450604
slice9 prefetch finish  @clk     1450606
slice10 prefetch finish  @clk     1450608
slice11 prefetch finish  @clk     1450610
slice0 prefetch finish @clk     1450892
slice1 prefetch finish  @clk     1450896
slice2 prefetch finish  @clk     1450900
slice3 prefetch finish  @clk     1450904
slice12 compute config finish @clk     1452434
slice13 compute config finish @clk     1452434
slice14 compute config finish @clk     1452434
slice15 compute config finish @clk     1452434
slice8 compute config finish @clk     1452436
slice9 compute config finish @clk     1452436
slice10 compute config finish @clk     1452436
slice11 compute config finish @clk     1452436
slice4 compute config finish @clk     1452438
slice5 compute config finish @clk     1452438
slice6 compute config finish @clk     1452438
slice7 compute config finish @clk     1452438
slice0 compute config finish @clk     1452440
slice1 compute config finish @clk     1452440
slice2 compute config finish @clk     1452440
slice3 compute config finish @clk     1452440
slice12 write_burst finish  @clk     1456786
slice12 task finish  @clk     1456788
slice12 start run  @clk     1456802
slice13 write_burst finish  @clk     1457228
slice13 task finish  @clk     1457230
slice14 write_burst finish  @clk     1457231
slice14 task finish  @clk     1457233
slice15 write_burst finish  @clk     1457234
slice13 start run  @clk     1457235
slice14 start run  @clk     1457236
slice15 task finish  @clk     1457236
slice15 start run  @clk     1457237
slice4 write_burst finish  @clk     1457484
slice4 task finish  @clk     1457486
slice4 start run  @clk     1457498
slice5 write_burst finish  @clk     1457610
slice5 task finish  @clk     1457612
slice6 write_burst finish  @clk     1457613
slice6 task finish  @clk     1457615
slice7 write_burst finish  @clk     1457616
slice7 task finish  @clk     1457618
slice5 start run  @clk     1457627
slice6 start run  @clk     1457628
slice7 start run  @clk     1457629
slice8 write_burst finish  @clk     1457769
slice8 task finish  @clk     1457771
slice9 write_burst finish  @clk     1457773
slice8 start run  @clk     1457774
slice9 task finish  @clk     1457775
slice10 write_burst finish  @clk     1457777
slice10 task finish  @clk     1457779
slice11 write_burst finish  @clk     1457781
slice11 task finish  @clk     1457783
slice9 start run  @clk     1457791
slice10 start run  @clk     1457792
slice11 start run  @clk     1457793
slice0 write_burst finish @clk     1457816
slice0 task finish @clk     1457818
slice0 start run @clk     1457830
slice1 write_burst finish  @clk     1457839
slice1 task finish  @clk     1457841
slice2 write_burst finish  @clk     1457843
slice2 task finish  @clk     1457845
slice1 start run  @clk     1457847
slice3 write_burst finish  @clk     1457847
slice2 start run  @clk     1457848
slice3 task finish  @clk     1457849
slice3 start run  @clk     1457865
slice12 access done  @clk     1465983
slice12 start write  @clk     1465984
slice13 access done  @clk     1466416
slice14 access done  @clk     1466417
slice13 start write  @clk     1466417
slice15 access done  @clk     1466418
slice14 start write  @clk     1466418
slice15 start write  @clk     1466419
slice4 access done  @clk     1466679
slice4 start write  @clk     1466680
slice5 access done  @clk     1466808
slice6 access done  @clk     1466809
slice5 start write  @clk     1466809
slice7 access done  @clk     1466810
slice6 start write  @clk     1466810
slice7 start write  @clk     1466811
slice12 write_burst finish  @clk     1466948
slice12 task finish  @clk     1466950
slice8 access done  @clk     1466955
slice8 start write  @clk     1466956
slice9 access done  @clk     1466972
slice10 access done  @clk     1466973
slice9 start write  @clk     1466973
slice11 access done  @clk     1466974
slice10 start write  @clk     1466974
slice11 start write  @clk     1466975
slice0 access done @clk     1467011
slice0 start write @clk     1467012
slice1 access done  @clk     1467028
slice2 access done  @clk     1467029
slice1 start write  @clk     1467029
slice2 start write  @clk     1467030
slice3 access done  @clk     1467046
slice3 start write  @clk     1467047
slice13 write_burst finish  @clk     1471869
slice13 task finish  @clk     1471871
slice14 write_burst finish  @clk     1471872
slice14 task finish  @clk     1471874
slice15 write_burst finish  @clk     1471875
slice15 task finish  @clk     1471877
slice4 write_burst finish  @clk     1472960
slice4 task finish  @clk     1472962
slice5 write_burst finish  @clk     1473131
slice5 task finish  @clk     1473133
slice6 write_burst finish  @clk     1473153
slice6 task finish  @clk     1473155
slice7 write_burst finish  @clk     1473157
slice7 task finish  @clk     1473159
slice8 write_burst finish  @clk     1473231
slice9 write_burst finish  @clk     1473232
slice8 task finish  @clk     1473233
slice9 task finish  @clk     1473234
slice10 write_burst finish  @clk     1473255
slice10 task finish  @clk     1473257
slice11 write_burst finish  @clk     1473259
slice11 task finish  @clk     1473261
slice0 write_burst finish @clk     1473263
slice0 task finish @clk     1473265
slice1 write_burst finish  @clk     1473267
slice1 task finish  @clk     1473269
slice2 write_burst finish  @clk     1473289
slice2 task finish  @clk     1473291
slice3 write_burst finish  @clk     1473293
slice3 task finish  @clk     1473295
