slice12 start prefetch  @clk     1024197
slice13 start prefetch  @clk     1024197
slice14 start prefetch  @clk     1024197
slice15 start prefetch  @clk     1024197
slice8 start prefetch  @clk     1024199
slice9 start prefetch  @clk     1024199
slice10 start prefetch  @clk     1024199
slice11 start prefetch  @clk     1024199
slice4 start prefetch  @clk     1024201
slice5 start prefetch  @clk     1024201
slice6 start prefetch  @clk     1024201
slice7 start prefetch  @clk     1024201
slice0 start prefetch @clk     1024203
slice1 start prefetch  @clk     1024203
slice2 start prefetch  @clk     1024203
slice3 start prefetch  @clk     1024203
slice12 compute config finish @clk     1025968
slice13 compute config finish @clk     1025968
slice14 compute config finish @clk     1025968
slice15 compute config finish @clk     1025968
slice8 compute config finish @clk     1025970
slice9 compute config finish @clk     1025970
slice10 compute config finish @clk     1025970
slice11 compute config finish @clk     1025970
slice4 compute config finish @clk     1025972
slice5 compute config finish @clk     1025972
slice6 compute config finish @clk     1025972
slice7 compute config finish @clk     1025972
slice0 compute config finish @clk     1025974
slice1 compute config finish @clk     1025974
slice2 compute config finish @clk     1025974
slice3 compute config finish @clk     1025974
slice12 prefetch finish  @clk     1226999
slice12 start run  @clk     1227000
slice13 prefetch finish  @clk     1227015
slice13 start run  @clk     1227016
slice14 prefetch finish  @clk     1227031
slice14 start run  @clk     1227032
slice15 prefetch finish  @clk     1227047
slice15 start run  @clk     1227048
slice12 start prefetch  @clk     1227070
slice13 start prefetch  @clk     1227086
slice14 start prefetch  @clk     1227102
slice15 start prefetch  @clk     1227118
slice4 prefetch finish  @clk     1227127
slice4 start run  @clk     1227128
slice5 prefetch finish  @clk     1227143
slice5 start run  @clk     1227144
slice6 prefetch finish  @clk     1227159
slice6 start run  @clk     1227160
slice7 prefetch finish  @clk     1227175
slice7 start run  @clk     1227176
slice8 prefetch finish  @clk     1227191
slice8 start run  @clk     1227192
slice4 start prefetch  @clk     1227198
slice9 prefetch finish  @clk     1227207
slice9 start run  @clk     1227208
slice5 start prefetch  @clk     1227214
slice10 prefetch finish  @clk     1227223
slice10 start run  @clk     1227224
slice6 start prefetch  @clk     1227230
slice11 prefetch finish  @clk     1227239
slice11 start run  @clk     1227240
slice7 start prefetch  @clk     1227246
slice0 prefetch finish @clk     1227255
slice0 start run @clk     1227256
slice8 start prefetch  @clk     1227262
slice1 prefetch finish  @clk     1227271
slice1 start run  @clk     1227272
slice9 start prefetch  @clk     1227278
slice2 prefetch finish  @clk     1227287
slice2 start run  @clk     1227288
slice10 start prefetch  @clk     1227294
slice3 prefetch finish  @clk     1227303
slice3 start run  @clk     1227304
slice11 start prefetch  @clk     1227310
slice0 start prefetch @clk     1227326
slice1 start prefetch  @clk     1227342
slice2 start prefetch  @clk     1227358
slice3 start prefetch  @clk     1227374
slice12 access done  @clk     1232911
slice12 start write  @clk     1232912
slice12 write_burst finish  @clk     1232913
slice12 task finish  @clk     1232915
slice13 access done  @clk     1232927
slice13 start write  @clk     1232928
slice13 write_burst finish  @clk     1232929
slice13 task finish  @clk     1232931
slice14 access done  @clk     1232943
slice14 start write  @clk     1232944
slice14 write_burst finish  @clk     1232945
slice14 task finish  @clk     1232947
slice15 access done  @clk     1232959
slice15 start write  @clk     1232960
slice15 write_burst finish  @clk     1232961
slice15 task finish  @clk     1232963
slice4 access done  @clk     1233039
slice4 start write  @clk     1233040
slice4 write_burst finish  @clk     1233041
slice4 task finish  @clk     1233043
slice5 access done  @clk     1233055
slice5 start write  @clk     1233056
slice5 write_burst finish  @clk     1233057
slice5 task finish  @clk     1233059
slice6 access done  @clk     1233071
slice6 start write  @clk     1233072
slice6 write_burst finish  @clk     1233073
slice6 task finish  @clk     1233075
slice7 access done  @clk     1233087
slice7 start write  @clk     1233088
slice7 write_burst finish  @clk     1233089
slice7 task finish  @clk     1233091
slice8 access done  @clk     1233103
slice8 start write  @clk     1233104
slice8 write_burst finish  @clk     1233105
slice8 task finish  @clk     1233107
slice9 access done  @clk     1233119
slice9 start write  @clk     1233120
slice9 write_burst finish  @clk     1233121
slice9 task finish  @clk     1233123
slice10 access done  @clk     1233135
slice10 start write  @clk     1233136
slice10 write_burst finish  @clk     1233137
slice10 task finish  @clk     1233139
slice11 access done  @clk     1233151
slice11 start write  @clk     1233152
slice11 write_burst finish  @clk     1233153
slice11 task finish  @clk     1233155
slice0 access done @clk     1233167
slice0 start write @clk     1233168
slice0 write_burst finish @clk     1233169
slice0 task finish @clk     1233171
slice1 access done  @clk     1233183
slice1 start write  @clk     1233184
slice1 write_burst finish  @clk     1233185
slice1 task finish  @clk     1233187
slice2 access done  @clk     1233199
slice2 start write  @clk     1233200
slice2 write_burst finish  @clk     1233201
slice2 task finish  @clk     1233203
slice3 access done  @clk     1233215
slice3 start write  @clk     1233216
slice3 write_burst finish  @clk     1233217
slice3 task finish  @clk     1233219
slice12 compute config finish @clk     1233807
slice13 compute config finish @clk     1233823
slice14 compute config finish @clk     1233839
slice15 compute config finish @clk     1233855
slice4 compute config finish @clk     1233935
slice5 compute config finish @clk     1233951
slice6 compute config finish @clk     1233967
slice7 compute config finish @clk     1233983
slice8 compute config finish @clk     1233999
slice9 compute config finish @clk     1234015
slice10 compute config finish @clk     1234031
slice11 compute config finish @clk     1234047
slice0 compute config finish @clk     1234063
slice1 compute config finish @clk     1234079
slice2 compute config finish @clk     1234095
slice3 compute config finish @clk     1234111
slice12 prefetch finish  @clk     1383609
slice12 start run  @clk     1383610
slice12 start prefetch  @clk     1383680
slice13 prefetch finish  @clk     1384391
slice13 start run  @clk     1384392
slice14 prefetch finish  @clk     1384407
slice14 start run  @clk     1384408
slice15 prefetch finish  @clk     1384423
slice15 start run  @clk     1384424
slice13 start prefetch  @clk     1384462
slice14 start prefetch  @clk     1384478
slice15 start prefetch  @clk     1384494
slice4 prefetch finish  @clk     1385565
slice4 start run  @clk     1385566
slice4 start prefetch  @clk     1385636
slice5 prefetch finish  @clk     1385825
slice5 start run  @clk     1385826
slice5 start prefetch  @clk     1385896
slice6 prefetch finish  @clk     1386045
slice6 start run  @clk     1386046
slice6 start prefetch  @clk     1386116
slice7 prefetch finish  @clk     1386219
slice7 start run  @clk     1386220
slice7 start prefetch  @clk     1386290
slice8 prefetch finish  @clk     1386461
slice8 start run  @clk     1386462
slice8 start prefetch  @clk     1386532
slice9 prefetch finish  @clk     1386621
slice9 start run  @clk     1386622
slice9 start prefetch  @clk     1386692
slice10 prefetch finish  @clk     1387133
slice10 start run  @clk     1387134
slice10 start prefetch  @clk     1387204
slice11 prefetch finish  @clk     1387251
slice11 start run  @clk     1387252
slice0 prefetch finish @clk     1387301
slice0 start run @clk     1387302
slice1 prefetch finish  @clk     1387317
slice1 start run  @clk     1387318
slice11 start prefetch  @clk     1387322
slice0 start prefetch @clk     1387372
slice1 start prefetch  @clk     1387388
slice2 prefetch finish  @clk     1387431
slice2 start run  @clk     1387432
slice3 prefetch finish  @clk     1387447
slice3 start run  @clk     1387448
slice2 start prefetch  @clk     1387502
slice3 start prefetch  @clk     1387518
slice12 access done  @clk     1389524
slice12 start write  @clk     1389525
slice12 write_burst finish  @clk     1389526
slice12 task finish  @clk     1389528
slice13 access done  @clk     1390306
slice13 start write  @clk     1390307
slice13 write_burst finish  @clk     1390308
slice13 task finish  @clk     1390310
slice14 access done  @clk     1390322
slice14 start write  @clk     1390323
slice14 write_burst finish  @clk     1390324
slice14 task finish  @clk     1390326
slice15 access done  @clk     1390338
slice15 start write  @clk     1390339
slice15 write_burst finish  @clk     1390340
slice15 task finish  @clk     1390342
slice12 compute config finish @clk     1390420
slice13 compute config finish @clk     1391202
slice14 compute config finish @clk     1391218
slice15 compute config finish @clk     1391234
slice4 access done  @clk     1391480
slice4 start write  @clk     1391481
slice4 write_burst finish  @clk     1391482
slice4 task finish  @clk     1391484
slice5 access done  @clk     1391740
slice5 start write  @clk     1391741
slice5 write_burst finish  @clk     1391742
slice5 task finish  @clk     1391744
slice6 access done  @clk     1391960
slice6 start write  @clk     1391961
slice6 write_burst finish  @clk     1391962
slice6 task finish  @clk     1391964
slice7 access done  @clk     1392134
slice7 start write  @clk     1392135
slice7 write_burst finish  @clk     1392136
slice7 task finish  @clk     1392138
slice4 compute config finish @clk     1392376
slice8 access done  @clk     1392376
slice8 start write  @clk     1392377
slice8 write_burst finish  @clk     1392378
slice8 task finish  @clk     1392380
slice9 access done  @clk     1392536
slice9 start write  @clk     1392537
slice9 write_burst finish  @clk     1392538
slice9 task finish  @clk     1392540
slice5 compute config finish @clk     1392636
slice6 compute config finish @clk     1392856
slice7 compute config finish @clk     1393030
slice10 access done  @clk     1393048
slice10 start write  @clk     1393049
slice10 write_burst finish  @clk     1393050
slice10 task finish  @clk     1393052
slice11 access done  @clk     1393166
slice11 start write  @clk     1393167
slice11 write_burst finish  @clk     1393168
slice11 task finish  @clk     1393170
slice0 access done @clk     1393216
slice0 start write @clk     1393217
slice0 write_burst finish @clk     1393218
slice0 task finish @clk     1393220
slice1 access done  @clk     1393232
slice1 start write  @clk     1393233
slice1 write_burst finish  @clk     1393234
slice1 task finish  @clk     1393236
slice8 compute config finish @clk     1393272
slice2 access done  @clk     1393346
slice2 start write  @clk     1393347
slice2 write_burst finish  @clk     1393348
slice2 task finish  @clk     1393350
slice3 access done  @clk     1393362
slice3 start write  @clk     1393363
slice3 write_burst finish  @clk     1393364
slice3 task finish  @clk     1393366
slice9 compute config finish @clk     1393432
slice10 compute config finish @clk     1393944
slice11 compute config finish @clk     1394062
slice0 compute config finish @clk     1394112
slice1 compute config finish @clk     1394128
slice2 compute config finish @clk     1394242
slice3 compute config finish @clk     1394258
slice12 prefetch finish  @clk     1529710
slice12 start run  @clk     1529711
slice12 start prefetch  @clk     1529781
slice13 prefetch finish  @clk     1531156
slice13 start run  @clk     1531157
slice14 prefetch finish  @clk     1531200
slice14 start run  @clk     1531201
slice13 start prefetch  @clk     1531227
slice15 prefetch finish  @clk     1531244
slice15 start run  @clk     1531245
slice14 start prefetch  @clk     1531271
slice15 start prefetch  @clk     1531315
slice4 prefetch finish  @clk     1533958
slice4 start run  @clk     1533959
slice4 start prefetch  @clk     1534029
slice5 prefetch finish  @clk     1534834
slice5 start run  @clk     1534835
slice5 start prefetch  @clk     1534905
slice6 prefetch finish  @clk     1535334
slice6 start run  @clk     1535335
slice6 start prefetch  @clk     1535405
slice12 access done  @clk     1535625
slice12 start write  @clk     1535626
slice12 write_burst finish  @clk     1535627
slice12 task finish  @clk     1535629
slice7 prefetch finish  @clk     1535798
slice7 start run  @clk     1535799
slice7 start prefetch  @clk     1535869
slice8 prefetch finish  @clk     1536210
slice8 start run  @clk     1536211
slice8 start prefetch  @clk     1536281
slice12 compute config finish @clk     1536521
slice9 prefetch finish  @clk     1536578
slice9 start run  @clk     1536579
slice9 start prefetch  @clk     1536649
slice13 access done  @clk     1537071
slice13 start write  @clk     1537072
slice13 write_burst finish  @clk     1537073
slice13 task finish  @clk     1537075
slice14 access done  @clk     1537115
slice14 start write  @clk     1537116
slice14 write_burst finish  @clk     1537117
slice14 task finish  @clk     1537119
slice15 access done  @clk     1537159
slice15 start write  @clk     1537160
slice15 write_burst finish  @clk     1537161
slice15 task finish  @clk     1537163
slice10 prefetch finish  @clk     1537182
slice10 start run  @clk     1537183
slice10 start prefetch  @clk     1537253
slice11 prefetch finish  @clk     1537464
slice11 start run  @clk     1537465
slice11 start prefetch  @clk     1537535
slice0 prefetch finish @clk     1537696
slice0 start run @clk     1537697
slice1 prefetch finish  @clk     1537728
slice1 start run  @clk     1537729
slice0 start prefetch @clk     1537767
slice1 start prefetch  @clk     1537799
slice2 prefetch finish  @clk     1537870
slice2 start run  @clk     1537871
slice3 prefetch finish  @clk     1537908
slice3 start run  @clk     1537909
slice2 start prefetch  @clk     1537941
slice13 compute config finish @clk     1537967
slice3 start prefetch  @clk     1537979
slice14 compute config finish @clk     1538011
slice15 compute config finish @clk     1538055
slice4 access done  @clk     1539873
slice4 start write  @clk     1539874
slice4 write_burst finish  @clk     1539875
slice4 task finish  @clk     1539877
slice5 access done  @clk     1540749
slice5 start write  @clk     1540750
slice5 write_burst finish  @clk     1540751
slice5 task finish  @clk     1540753
slice4 compute config finish @clk     1540769
slice6 access done  @clk     1541249
slice6 start write  @clk     1541250
slice6 write_burst finish  @clk     1541251
slice6 task finish  @clk     1541253
slice5 compute config finish @clk     1541645
slice7 access done  @clk     1541713
slice7 start write  @clk     1541714
slice7 write_burst finish  @clk     1541715
slice7 task finish  @clk     1541717
slice8 access done  @clk     1542125
slice8 start write  @clk     1542126
slice8 write_burst finish  @clk     1542127
slice8 task finish  @clk     1542129
slice6 compute config finish @clk     1542145
slice9 access done  @clk     1542493
slice9 start write  @clk     1542494
slice9 write_burst finish  @clk     1542495
slice9 task finish  @clk     1542497
slice7 compute config finish @clk     1542609
slice8 compute config finish @clk     1543021
slice10 access done  @clk     1543097
slice10 start write  @clk     1543098
slice10 write_burst finish  @clk     1543099
slice10 task finish  @clk     1543101
slice11 access done  @clk     1543379
slice11 start write  @clk     1543380
slice11 write_burst finish  @clk     1543381
slice11 task finish  @clk     1543383
slice9 compute config finish @clk     1543389
slice0 access done @clk     1543611
slice0 start write @clk     1543612
slice0 write_burst finish @clk     1543613
slice0 task finish @clk     1543615
slice1 access done  @clk     1543643
slice1 start write  @clk     1543644
slice1 write_burst finish  @clk     1543645
slice1 task finish  @clk     1543647
slice2 access done  @clk     1543785
slice2 start write  @clk     1543786
slice2 write_burst finish  @clk     1543787
slice2 task finish  @clk     1543789
slice3 access done  @clk     1543823
slice3 start write  @clk     1543824
slice3 write_burst finish  @clk     1543825
slice3 task finish  @clk     1543827
slice10 compute config finish @clk     1543993
slice11 compute config finish @clk     1544275
slice0 compute config finish @clk     1544507
slice1 compute config finish @clk     1544539
slice2 compute config finish @clk     1544681
slice3 compute config finish @clk     1544719
slice12 prefetch finish  @clk     1678742
slice12 start run  @clk     1678743
slice12 start prefetch  @clk     1678813
slice13 prefetch finish  @clk     1680188
slice13 start run  @clk     1680189
slice14 prefetch finish  @clk     1680232
slice14 start run  @clk     1680233
slice13 start prefetch  @clk     1680259
slice15 prefetch finish  @clk     1680276
slice15 start run  @clk     1680277
slice14 start prefetch  @clk     1680303
slice15 start prefetch  @clk     1680347
slice4 prefetch finish  @clk     1683090
slice4 start run  @clk     1683091
slice4 start prefetch  @clk     1683161
slice5 prefetch finish  @clk     1683636
slice5 start run  @clk     1683637
slice5 start prefetch  @clk     1683707
slice6 prefetch finish  @clk     1684152
slice6 start run  @clk     1684153
slice6 start prefetch  @clk     1684223
slice7 prefetch finish  @clk     1684612
slice7 start run  @clk     1684613
slice12 access done  @clk     1684657
slice12 start write  @clk     1684658
slice12 write_burst finish  @clk     1684659
slice12 task finish  @clk     1684661
slice7 start prefetch  @clk     1684683
slice8 prefetch finish  @clk     1685018
slice8 start run  @clk     1685019
slice8 start prefetch  @clk     1685089
slice9 prefetch finish  @clk     1685382
slice9 start run  @clk     1685383
slice9 start prefetch  @clk     1685453
slice12 compute config finish @clk     1685553
slice10 prefetch finish  @clk     1685992
slice10 start run  @clk     1685993
slice10 start prefetch  @clk     1686063
slice13 access done  @clk     1686103
slice13 start write  @clk     1686104
slice13 write_burst finish  @clk     1686105
slice13 task finish  @clk     1686107
slice14 access done  @clk     1686147
slice14 start write  @clk     1686148
slice14 write_burst finish  @clk     1686149
slice14 task finish  @clk     1686151
slice15 access done  @clk     1686191
slice15 start write  @clk     1686192
slice15 write_burst finish  @clk     1686193
slice15 task finish  @clk     1686195
slice11 prefetch finish  @clk     1686270
slice11 start run  @clk     1686271
slice11 start prefetch  @clk     1686341
slice0 prefetch finish @clk     1686496
slice0 start run @clk     1686497
slice0 start prefetch @clk     1686567
slice1 prefetch finish  @clk     1686694
slice1 start run  @clk     1686695
slice1 start prefetch  @clk     1686765
slice2 prefetch finish  @clk     1686978
slice2 start run  @clk     1686979
slice13 compute config finish @clk     1686999
slice3 prefetch finish  @clk     1687024
slice3 start run  @clk     1687025
slice14 compute config finish @clk     1687043
slice2 start prefetch  @clk     1687049
slice15 compute config finish @clk     1687087
slice3 start prefetch  @clk     1687095
slice4 access done  @clk     1689005
slice4 start write  @clk     1689006
slice4 write_burst finish  @clk     1689007
slice4 task finish  @clk     1689009
slice5 access done  @clk     1689551
slice5 start write  @clk     1689552
slice5 write_burst finish  @clk     1689553
slice5 task finish  @clk     1689555
slice4 compute config finish @clk     1689901
slice6 access done  @clk     1690067
slice6 start write  @clk     1690068
slice6 write_burst finish  @clk     1690069
slice6 task finish  @clk     1690071
slice5 compute config finish @clk     1690447
slice7 access done  @clk     1690527
slice7 start write  @clk     1690528
slice7 write_burst finish  @clk     1690529
slice7 task finish  @clk     1690531
slice8 access done  @clk     1690933
slice8 start write  @clk     1690934
slice8 write_burst finish  @clk     1690935
slice8 task finish  @clk     1690937
slice6 compute config finish @clk     1690963
slice9 access done  @clk     1691297
slice9 start write  @clk     1691298
slice9 write_burst finish  @clk     1691299
slice9 task finish  @clk     1691301
slice7 compute config finish @clk     1691423
slice8 compute config finish @clk     1691829
slice10 access done  @clk     1691907
slice10 start write  @clk     1691908
slice10 write_burst finish  @clk     1691909
slice10 task finish  @clk     1691911
slice11 access done  @clk     1692185
slice11 start write  @clk     1692186
slice11 write_burst finish  @clk     1692187
slice11 task finish  @clk     1692189
slice9 compute config finish @clk     1692193
slice0 access done @clk     1692411
slice0 start write @clk     1692412
slice0 write_burst finish @clk     1692413
slice0 task finish @clk     1692415
slice1 access done  @clk     1692609
slice1 start write  @clk     1692610
slice1 write_burst finish  @clk     1692611
slice1 task finish  @clk     1692613
slice10 compute config finish @clk     1692803
slice2 access done  @clk     1692893
slice2 start write  @clk     1692894
slice2 write_burst finish  @clk     1692895
slice2 task finish  @clk     1692897
slice3 access done  @clk     1692939
slice3 start write  @clk     1692940
slice3 write_burst finish  @clk     1692941
slice3 task finish  @clk     1692943
slice11 compute config finish @clk     1693081
slice0 compute config finish @clk     1693307
slice1 compute config finish @clk     1693505
slice2 compute config finish @clk     1693789
slice3 compute config finish @clk     1693835
slice12 prefetch finish  @clk     1823550
slice12 start run  @clk     1823551
slice12 start prefetch  @clk     1823621
slice13 prefetch finish  @clk     1825084
slice13 start run  @clk     1825085
slice14 prefetch finish  @clk     1825126
slice14 start run  @clk     1825127
slice13 start prefetch  @clk     1825155
slice15 prefetch finish  @clk     1825170
slice15 start run  @clk     1825171
slice14 start prefetch  @clk     1825197
slice15 start prefetch  @clk     1825241
slice4 prefetch finish  @clk     1827676
slice4 start run  @clk     1827677
slice4 start prefetch  @clk     1827747
slice5 prefetch finish  @clk     1828214
slice5 start run  @clk     1828215
slice5 start prefetch  @clk     1828285
slice6 prefetch finish  @clk     1828706
slice6 start run  @clk     1828707
slice6 start prefetch  @clk     1828777
slice7 prefetch finish  @clk     1829164
slice7 start run  @clk     1829165
slice7 start prefetch  @clk     1829235
slice12 access done  @clk     1829465
slice12 start write  @clk     1829466
slice12 write_burst finish  @clk     1829467
slice12 task finish  @clk     1829469
slice8 prefetch finish  @clk     1829570
slice8 start run  @clk     1829571
slice8 start prefetch  @clk     1829641
slice9 prefetch finish  @clk     1830226
slice9 start run  @clk     1830227
slice9 start prefetch  @clk     1830297
slice12 compute config finish @clk     1830361
slice10 prefetch finish  @clk     1830822
slice10 start run  @clk     1830823
slice10 start prefetch  @clk     1830893
slice13 access done  @clk     1830999
slice13 start write  @clk     1831000
slice13 write_burst finish  @clk     1831001
slice13 task finish  @clk     1831003
slice14 access done  @clk     1831041
slice14 start write  @clk     1831042
slice14 write_burst finish  @clk     1831043
slice14 task finish  @clk     1831045
slice15 access done  @clk     1831085
slice15 start write  @clk     1831086
slice15 write_burst finish  @clk     1831087
slice15 task finish  @clk     1831089
slice11 prefetch finish  @clk     1831104
slice11 start run  @clk     1831105
slice11 start prefetch  @clk     1831175
slice0 prefetch finish @clk     1831330
slice0 start run @clk     1831331
slice0 start prefetch @clk     1831401
slice1 prefetch finish  @clk     1831516
slice1 start run  @clk     1831517
slice1 start prefetch  @clk     1831587
slice13 compute config finish @clk     1831895
slice14 compute config finish @clk     1831937
slice2 prefetch finish  @clk     1831944
slice2 start run  @clk     1831945
slice15 compute config finish @clk     1831981
slice2 start prefetch  @clk     1832015
slice3 prefetch finish  @clk     1832066
slice3 start run  @clk     1832067
slice3 start prefetch  @clk     1832137
slice4 access done  @clk     1833591
slice4 start write  @clk     1833592
slice4 write_burst finish  @clk     1833593
slice4 task finish  @clk     1833595
slice5 access done  @clk     1834129
slice5 start write  @clk     1834130
slice5 write_burst finish  @clk     1834131
slice5 task finish  @clk     1834133
slice4 compute config finish @clk     1834487
slice6 access done  @clk     1834621
slice6 start write  @clk     1834622
slice6 write_burst finish  @clk     1834623
slice6 task finish  @clk     1834625
slice5 compute config finish @clk     1835025
slice7 access done  @clk     1835079
slice7 start write  @clk     1835080
slice7 write_burst finish  @clk     1835081
slice7 task finish  @clk     1835083
slice8 access done  @clk     1835485
slice8 start write  @clk     1835486
slice8 write_burst finish  @clk     1835487
slice8 task finish  @clk     1835489
slice6 compute config finish @clk     1835517
slice7 compute config finish @clk     1835975
slice9 access done  @clk     1836141
slice9 start write  @clk     1836142
slice9 write_burst finish  @clk     1836143
slice9 task finish  @clk     1836145
slice8 compute config finish @clk     1836381
slice10 access done  @clk     1836737
slice10 start write  @clk     1836738
slice10 write_burst finish  @clk     1836739
slice10 task finish  @clk     1836741
slice11 access done  @clk     1837019
slice11 start write  @clk     1837020
slice11 write_burst finish  @clk     1837021
slice11 task finish  @clk     1837023
slice9 compute config finish @clk     1837037
slice0 access done @clk     1837245
slice0 start write @clk     1837246
slice0 write_burst finish @clk     1837247
slice0 task finish @clk     1837249
slice1 access done  @clk     1837431
slice1 start write  @clk     1837432
slice1 write_burst finish  @clk     1837433
slice1 task finish  @clk     1837435
slice10 compute config finish @clk     1837633
slice2 access done  @clk     1837859
slice2 start write  @clk     1837860
slice2 write_burst finish  @clk     1837861
slice2 task finish  @clk     1837863
slice11 compute config finish @clk     1837915
slice3 access done  @clk     1837981
slice3 start write  @clk     1837982
slice3 write_burst finish  @clk     1837983
slice3 task finish  @clk     1837985
slice0 compute config finish @clk     1838141
slice1 compute config finish @clk     1838327
slice2 compute config finish @clk     1838755
slice3 compute config finish @clk     1838877
slice12 prefetch finish  @clk     1968454
slice12 start run  @clk     1968455
slice12 start prefetch  @clk     1968525
slice13 prefetch finish  @clk     1970300
slice13 start run  @clk     1970301
slice14 prefetch finish  @clk     1970344
slice14 start run  @clk     1970345
slice13 start prefetch  @clk     1970371
slice15 prefetch finish  @clk     1970388
slice15 start run  @clk     1970389
slice14 start prefetch  @clk     1970415
slice15 start prefetch  @clk     1970459
slice4 prefetch finish  @clk     1972802
slice4 start run  @clk     1972803
slice4 start prefetch  @clk     1972873
slice5 prefetch finish  @clk     1973296
slice5 start run  @clk     1973297
slice5 start prefetch  @clk     1973367
slice6 prefetch finish  @clk     1973792
slice6 start run  @clk     1973793
slice6 start prefetch  @clk     1973863
slice7 prefetch finish  @clk     1974246
slice7 start run  @clk     1974247
slice7 start prefetch  @clk     1974317
slice12 access done  @clk     1974369
slice12 start write  @clk     1974370
slice12 write_burst finish  @clk     1974371
slice12 task finish  @clk     1974373
slice8 prefetch finish  @clk     1974658
slice8 start run  @clk     1974659
slice8 start prefetch  @clk     1974729
slice9 prefetch finish  @clk     1975020
slice9 start run  @clk     1975021
slice9 start prefetch  @clk     1975091
slice12 compute config finish @clk     1975265
slice10 prefetch finish  @clk     1975610
slice10 start run  @clk     1975611
slice10 start prefetch  @clk     1975681
slice11 prefetch finish  @clk     1975886
slice11 start run  @clk     1975887
slice11 start prefetch  @clk     1975957
slice0 prefetch finish @clk     1976118
slice0 start run @clk     1976119
slice0 start prefetch @clk     1976189
slice13 access done  @clk     1976215
slice13 start write  @clk     1976216
slice13 write_burst finish  @clk     1976217
slice13 task finish  @clk     1976219
slice14 access done  @clk     1976259
slice14 start write  @clk     1976260
slice14 write_burst finish  @clk     1976261
slice14 task finish  @clk     1976263
slice15 access done  @clk     1976303
slice1 prefetch finish  @clk     1976304
slice15 start write  @clk     1976304
slice1 start run  @clk     1976305
slice15 write_burst finish  @clk     1976305
slice15 task finish  @clk     1976307
slice1 start prefetch  @clk     1976375
slice2 prefetch finish  @clk     1976880
slice2 start run  @clk     1976881
slice2 start prefetch  @clk     1976951
slice3 prefetch finish  @clk     1977092
slice3 start run  @clk     1977093
slice13 compute config finish @clk     1977111
slice14 compute config finish @clk     1977155
slice3 start prefetch  @clk     1977163
slice15 compute config finish @clk     1977199
slice4 access done  @clk     1978717
slice4 start write  @clk     1978718
slice4 write_burst finish  @clk     1978719
slice4 task finish  @clk     1978721
slice5 access done  @clk     1979211
slice5 start write  @clk     1979212
slice5 write_burst finish  @clk     1979213
slice5 task finish  @clk     1979215
slice4 compute config finish @clk     1979613
slice6 access done  @clk     1979707
slice6 start write  @clk     1979708
slice6 write_burst finish  @clk     1979709
slice6 task finish  @clk     1979711
slice5 compute config finish @clk     1980107
slice7 access done  @clk     1980161
slice7 start write  @clk     1980162
slice7 write_burst finish  @clk     1980163
slice7 task finish  @clk     1980165
slice8 access done  @clk     1980573
slice8 start write  @clk     1980574
slice8 write_burst finish  @clk     1980575
slice8 task finish  @clk     1980577
slice6 compute config finish @clk     1980603
slice9 access done  @clk     1980935
slice9 start write  @clk     1980936
slice9 write_burst finish  @clk     1980937
slice9 task finish  @clk     1980939
slice7 compute config finish @clk     1981057
slice8 compute config finish @clk     1981469
slice10 access done  @clk     1981525
slice10 start write  @clk     1981526
slice10 write_burst finish  @clk     1981527
slice10 task finish  @clk     1981529
slice11 access done  @clk     1981801
slice11 start write  @clk     1981802
slice11 write_burst finish  @clk     1981803
slice11 task finish  @clk     1981805
slice9 compute config finish @clk     1981831
slice0 access done @clk     1982033
slice0 start write @clk     1982034
slice0 write_burst finish @clk     1982035
slice0 task finish @clk     1982037
slice1 access done  @clk     1982219
slice1 start write  @clk     1982220
slice1 write_burst finish  @clk     1982221
slice1 task finish  @clk     1982223
slice10 compute config finish @clk     1982421
slice11 compute config finish @clk     1982697
slice2 access done  @clk     1982795
slice2 start write  @clk     1982796
slice2 write_burst finish  @clk     1982797
slice2 task finish  @clk     1982799
slice0 compute config finish @clk     1982929
slice3 access done  @clk     1983007
slice3 start write  @clk     1983008
slice3 write_burst finish  @clk     1983009
slice3 task finish  @clk     1983011
slice1 compute config finish @clk     1983115
slice2 compute config finish @clk     1983691
slice3 compute config finish @clk     1983903
slice12 prefetch finish  @clk     2116912
slice12 start run  @clk     2116913
slice12 start prefetch  @clk     2116983
slice13 prefetch finish  @clk     2118750
slice13 start run  @clk     2118751
slice14 prefetch finish  @clk     2118796
slice14 start run  @clk     2118797
slice13 start prefetch  @clk     2118821
slice15 prefetch finish  @clk     2118838
slice15 start run  @clk     2118839
slice14 start prefetch  @clk     2118867
slice15 start prefetch  @clk     2118909
slice4 prefetch finish  @clk     2121202
slice4 start run  @clk     2121203
slice4 start prefetch  @clk     2121273
slice5 prefetch finish  @clk     2121720
slice5 start run  @clk     2121721
slice5 start prefetch  @clk     2121791
slice6 prefetch finish  @clk     2122176
slice6 start run  @clk     2122177
slice6 start prefetch  @clk     2122247
slice7 prefetch finish  @clk     2122640
slice7 start run  @clk     2122641
slice7 start prefetch  @clk     2122711
slice12 access done  @clk     2122827
slice12 start write  @clk     2122828
slice12 write_burst finish  @clk     2122829
slice12 task finish  @clk     2122831
slice8 prefetch finish  @clk     2123040
slice8 start run  @clk     2123041
slice8 start prefetch  @clk     2123111
slice9 prefetch finish  @clk     2123420
slice9 start run  @clk     2123421
slice9 start prefetch  @clk     2123491
slice12 compute config finish @clk     2123723
slice10 prefetch finish  @clk     2124020
slice10 start run  @clk     2124021
slice10 start prefetch  @clk     2124091
slice11 prefetch finish  @clk     2124284
slice11 start run  @clk     2124285
slice11 start prefetch  @clk     2124355
slice0 prefetch finish @clk     2124534
slice0 start run @clk     2124535
slice0 start prefetch @clk     2124605
slice13 access done  @clk     2124665
slice13 start write  @clk     2124666
slice13 write_burst finish  @clk     2124667
slice13 task finish  @clk     2124669
slice14 access done  @clk     2124711
slice14 start write  @clk     2124712
slice14 write_burst finish  @clk     2124713
slice14 task finish  @clk     2124715
slice15 access done  @clk     2124753
slice15 start write  @clk     2124754
slice15 write_burst finish  @clk     2124755
slice15 task finish  @clk     2124757
slice1 prefetch finish  @clk     2125176
slice1 start run  @clk     2125177
slice1 start prefetch  @clk     2125247
slice13 compute config finish @clk     2125561
slice14 compute config finish @clk     2125607
slice15 compute config finish @clk     2125649
slice2 prefetch finish  @clk     2125782
slice2 start run  @clk     2125783
slice2 start prefetch  @clk     2125853
slice3 prefetch finish  @clk     2126018
slice3 start run  @clk     2126019
slice3 start prefetch  @clk     2126089
slice4 access done  @clk     2127117
slice4 start write  @clk     2127118
slice4 write_burst finish  @clk     2127119
slice4 task finish  @clk     2127121
slice5 access done  @clk     2127635
slice5 start write  @clk     2127636
slice5 write_burst finish  @clk     2127637
slice5 task finish  @clk     2127639
slice4 compute config finish @clk     2128013
slice6 access done  @clk     2128091
slice6 start write  @clk     2128092
slice6 write_burst finish  @clk     2128093
slice6 task finish  @clk     2128095
slice5 compute config finish @clk     2128531
slice7 access done  @clk     2128555
slice7 start write  @clk     2128556
slice7 write_burst finish  @clk     2128557
slice7 task finish  @clk     2128559
slice8 access done  @clk     2128955
slice8 start write  @clk     2128956
slice8 write_burst finish  @clk     2128957
slice8 task finish  @clk     2128959
slice6 compute config finish @clk     2128987
slice9 access done  @clk     2129335
slice9 start write  @clk     2129336
slice9 write_burst finish  @clk     2129337
slice9 task finish  @clk     2129339
slice7 compute config finish @clk     2129451
slice8 compute config finish @clk     2129851
slice10 access done  @clk     2129935
slice10 start write  @clk     2129936
slice10 write_burst finish  @clk     2129937
slice10 task finish  @clk     2129939
slice11 access done  @clk     2130199
slice11 start write  @clk     2130200
slice11 write_burst finish  @clk     2130201
slice11 task finish  @clk     2130203
slice9 compute config finish @clk     2130231
slice0 access done @clk     2130449
slice0 start write @clk     2130450
slice0 write_burst finish @clk     2130451
slice0 task finish @clk     2130453
slice10 compute config finish @clk     2130831
slice1 access done  @clk     2131091
slice1 start write  @clk     2131092
slice1 write_burst finish  @clk     2131093
slice11 compute config finish @clk     2131095
slice1 task finish  @clk     2131095
slice0 compute config finish @clk     2131345
slice2 access done  @clk     2131697
slice2 start write  @clk     2131698
slice2 write_burst finish  @clk     2131699
slice2 task finish  @clk     2131701
slice3 access done  @clk     2131933
slice3 start write  @clk     2131934
slice3 write_burst finish  @clk     2131935
slice3 task finish  @clk     2131937
slice1 compute config finish @clk     2131987
slice2 compute config finish @clk     2132593
slice3 compute config finish @clk     2132829
slice12 prefetch finish  @clk     2263966
slice12 start run  @clk     2263967
slice12 start prefetch  @clk     2264037
slice13 prefetch finish  @clk     2265800
slice13 start run  @clk     2265801
slice14 prefetch finish  @clk     2265844
slice14 start run  @clk     2265845
slice13 start prefetch  @clk     2265871
slice15 prefetch finish  @clk     2265888
slice15 start run  @clk     2265889
slice14 start prefetch  @clk     2265915
slice15 start prefetch  @clk     2265959
slice4 prefetch finish  @clk     2268250
slice4 start run  @clk     2268251
slice4 start prefetch  @clk     2268321
slice5 prefetch finish  @clk     2268716
slice5 start run  @clk     2268717
slice5 start prefetch  @clk     2268787
slice6 prefetch finish  @clk     2269180
slice6 start run  @clk     2269181
slice6 start prefetch  @clk     2269251
slice7 prefetch finish  @clk     2269596
slice7 start run  @clk     2269597
slice7 start prefetch  @clk     2269667
slice12 access done  @clk     2269881
slice12 start write  @clk     2269882
slice12 write_burst finish  @clk     2269883
slice12 task finish  @clk     2269885
slice8 prefetch finish  @clk     2270000
slice8 start run  @clk     2270001
slice8 start prefetch  @clk     2270071
slice9 prefetch finish  @clk     2270380
slice9 start run  @clk     2270381
slice9 start prefetch  @clk     2270451
slice12 compute config finish @clk     2270777
slice10 prefetch finish  @clk     2270984
slice10 start run  @clk     2270985
slice10 start prefetch  @clk     2271055
slice11 prefetch finish  @clk     2271256
slice11 start run  @clk     2271257
slice11 start prefetch  @clk     2271327
slice0 prefetch finish @clk     2271494
slice0 start run @clk     2271495
slice0 start prefetch @clk     2271565
slice13 access done  @clk     2271715
slice13 start write  @clk     2271716
slice13 write_burst finish  @clk     2271717
slice13 task finish  @clk     2271719
slice14 access done  @clk     2271759
slice14 start write  @clk     2271760
slice14 write_burst finish  @clk     2271761
slice14 task finish  @clk     2271763
slice15 access done  @clk     2271803
slice15 start write  @clk     2271804
slice15 write_burst finish  @clk     2271805
slice15 task finish  @clk     2271807
slice1 prefetch finish  @clk     2271840
slice1 start run  @clk     2271841
slice1 start prefetch  @clk     2271911
slice13 compute config finish @clk     2272611
slice14 compute config finish @clk     2272655
slice15 compute config finish @clk     2272699
slice2 prefetch finish  @clk     2272890
slice2 start run  @clk     2272891
slice2 start prefetch  @clk     2272961
slice3 prefetch finish  @clk     2273146
slice3 start run  @clk     2273147
slice3 start prefetch  @clk     2273217
slice4 access done  @clk     2274165
slice4 start write  @clk     2274166
slice4 write_burst finish  @clk     2274167
slice4 task finish  @clk     2274169
slice5 access done  @clk     2274631
slice5 start write  @clk     2274632
slice5 write_burst finish  @clk     2274633
slice5 task finish  @clk     2274635
slice4 compute config finish @clk     2275061
slice6 access done  @clk     2275095
slice6 start write  @clk     2275096
slice6 write_burst finish  @clk     2275097
slice6 task finish  @clk     2275099
slice7 access done  @clk     2275511
slice7 start write  @clk     2275512
slice7 write_burst finish  @clk     2275513
slice7 task finish  @clk     2275515
slice5 compute config finish @clk     2275527
slice8 access done  @clk     2275915
slice8 start write  @clk     2275916
slice8 write_burst finish  @clk     2275917
slice8 task finish  @clk     2275919
slice6 compute config finish @clk     2275991
slice9 access done  @clk     2276295
slice9 start write  @clk     2276296
slice9 write_burst finish  @clk     2276297
slice9 task finish  @clk     2276299
slice7 compute config finish @clk     2276407
slice8 compute config finish @clk     2276811
slice10 access done  @clk     2276899
slice10 start write  @clk     2276900
slice10 write_burst finish  @clk     2276901
slice10 task finish  @clk     2276903
slice11 access done  @clk     2277171
slice11 start write  @clk     2277172
slice11 write_burst finish  @clk     2277173
slice11 task finish  @clk     2277175
slice9 compute config finish @clk     2277191
slice0 access done @clk     2277409
slice0 start write @clk     2277410
slice0 write_burst finish @clk     2277411
slice0 task finish @clk     2277413
slice1 access done  @clk     2277755
slice1 start write  @clk     2277756
slice1 write_burst finish  @clk     2277757
slice1 task finish  @clk     2277759
slice10 compute config finish @clk     2277795
slice11 compute config finish @clk     2278067
slice0 compute config finish @clk     2278305
slice1 compute config finish @clk     2278651
slice2 access done  @clk     2278805
slice2 start write  @clk     2278806
slice2 write_burst finish  @clk     2278807
slice2 task finish  @clk     2278809
slice3 access done  @clk     2279061
slice3 start write  @clk     2279062
slice3 write_burst finish  @clk     2279063
slice3 task finish  @clk     2279065
slice2 compute config finish @clk     2279701
slice3 compute config finish @clk     2279957
slice12 prefetch finish  @clk     2407892
slice12 start run  @clk     2407893
slice12 start prefetch  @clk     2407963
slice13 prefetch finish  @clk     2409420
slice13 start run  @clk     2409421
slice14 prefetch finish  @clk     2409462
slice14 start run  @clk     2409463
slice13 start prefetch  @clk     2409491
slice15 prefetch finish  @clk     2409506
slice15 start run  @clk     2409507
slice14 start prefetch  @clk     2409533
slice15 start prefetch  @clk     2409577
slice4 prefetch finish  @clk     2411830
slice4 start run  @clk     2411831
slice4 start prefetch  @clk     2411901
slice5 prefetch finish  @clk     2412284
slice5 start run  @clk     2412285
slice5 start prefetch  @clk     2412355
slice6 prefetch finish  @clk     2412982
slice6 start run  @clk     2412983
slice6 start prefetch  @clk     2413053
slice7 prefetch finish  @clk     2413398
slice7 start run  @clk     2413399
slice7 start prefetch  @clk     2413469
slice8 prefetch finish  @clk     2413756
slice8 start run  @clk     2413757
slice12 access done  @clk     2413807
slice12 start write  @clk     2413808
slice12 write_burst finish  @clk     2413809
slice12 task finish  @clk     2413811
slice8 start prefetch  @clk     2413827
slice9 prefetch finish  @clk     2414134
slice9 start run  @clk     2414135
slice9 start prefetch  @clk     2414205
slice12 compute config finish @clk     2414703
slice10 prefetch finish  @clk     2414730
slice10 start run  @clk     2414731
slice10 start prefetch  @clk     2414801
slice11 prefetch finish  @clk     2414994
slice11 start run  @clk     2414995
slice11 start prefetch  @clk     2415065
slice0 prefetch finish @clk     2415244
slice0 start run @clk     2415245
slice0 start prefetch @clk     2415315
slice13 access done  @clk     2415335
slice13 start write  @clk     2415336
slice13 write_burst finish  @clk     2415337
slice13 task finish  @clk     2415339
slice14 access done  @clk     2415377
slice14 start write  @clk     2415378
slice14 write_burst finish  @clk     2415379
slice14 task finish  @clk     2415381
slice15 access done  @clk     2415421
slice15 start write  @clk     2415422
slice15 write_burst finish  @clk     2415423
slice15 task finish  @clk     2415425
slice1 prefetch finish  @clk     2415578
slice1 start run  @clk     2415579
slice1 start prefetch  @clk     2415649
slice13 compute config finish @clk     2416231
slice14 compute config finish @clk     2416273
slice15 compute config finish @clk     2416317
slice2 prefetch finish  @clk     2416456
slice2 start run  @clk     2416457
slice2 start prefetch  @clk     2416527
slice3 prefetch finish  @clk     2416674
slice3 start run  @clk     2416675
slice3 start prefetch  @clk     2416745
slice4 access done  @clk     2417745
slice4 start write  @clk     2417746
slice4 write_burst finish  @clk     2417747
slice4 task finish  @clk     2417749
slice5 access done  @clk     2418199
slice5 start write  @clk     2418200
slice5 write_burst finish  @clk     2418201
slice5 task finish  @clk     2418203
slice4 compute config finish @clk     2418641
slice6 access done  @clk     2418897
slice6 start write  @clk     2418898
slice6 write_burst finish  @clk     2418899
slice6 task finish  @clk     2418901
slice5 compute config finish @clk     2419095
slice7 access done  @clk     2419313
slice7 start write  @clk     2419314
slice7 write_burst finish  @clk     2419315
slice7 task finish  @clk     2419317
slice8 access done  @clk     2419671
slice8 start write  @clk     2419672
slice8 write_burst finish  @clk     2419673
slice8 task finish  @clk     2419675
slice6 compute config finish @clk     2419793
slice9 access done  @clk     2420049
slice9 start write  @clk     2420050
slice9 write_burst finish  @clk     2420051
slice9 task finish  @clk     2420053
slice7 compute config finish @clk     2420209
slice8 compute config finish @clk     2420567
slice10 access done  @clk     2420645
slice10 start write  @clk     2420646
slice10 write_burst finish  @clk     2420647
slice10 task finish  @clk     2420649
slice11 access done  @clk     2420909
slice11 start write  @clk     2420910
slice11 write_burst finish  @clk     2420911
slice11 task finish  @clk     2420913
slice9 compute config finish @clk     2420945
slice0 access done @clk     2421159
slice0 start write @clk     2421160
slice0 write_burst finish @clk     2421161
slice0 task finish @clk     2421163
slice1 access done  @clk     2421493
slice1 start write  @clk     2421494
slice1 write_burst finish  @clk     2421495
slice1 task finish  @clk     2421497
slice10 compute config finish @clk     2421541
slice11 compute config finish @clk     2421805
slice0 compute config finish @clk     2422055
slice2 access done  @clk     2422371
slice2 start write  @clk     2422372
slice2 write_burst finish  @clk     2422373
slice2 task finish  @clk     2422375
slice1 compute config finish @clk     2422389
slice3 access done  @clk     2422589
slice3 start write  @clk     2422590
slice3 write_burst finish  @clk     2422591
slice3 task finish  @clk     2422593
slice2 compute config finish @clk     2423267
slice3 compute config finish @clk     2423485
slice12 prefetch finish  @clk     2550190
slice12 start run  @clk     2550191
slice12 start prefetch  @clk     2550261
slice13 prefetch finish  @clk     2551718
slice13 start run  @clk     2551719
slice14 prefetch finish  @clk     2551762
slice14 start run  @clk     2551763
slice13 start prefetch  @clk     2551789
slice15 prefetch finish  @clk     2551806
slice15 start run  @clk     2551807
slice14 start prefetch  @clk     2551833
slice15 start prefetch  @clk     2551877
slice4 prefetch finish  @clk     2554424
slice4 start run  @clk     2554425
slice4 start prefetch  @clk     2554495
slice5 prefetch finish  @clk     2554878
slice5 start run  @clk     2554879
slice5 start prefetch  @clk     2554949
slice6 prefetch finish  @clk     2555290
slice6 start run  @clk     2555291
slice6 start prefetch  @clk     2555361
slice7 prefetch finish  @clk     2555656
slice7 start run  @clk     2555657
slice7 start prefetch  @clk     2555727
slice8 prefetch finish  @clk     2556024
slice8 start run  @clk     2556025
slice8 start prefetch  @clk     2556095
slice12 access done  @clk     2556105
slice12 start write  @clk     2556106
slice12 write_burst finish  @clk     2556107
slice12 task finish  @clk     2556109
slice9 prefetch finish  @clk     2556354
slice9 start run  @clk     2556355
slice9 start prefetch  @clk     2556425
slice10 prefetch finish  @clk     2556936
slice10 start run  @clk     2556937
slice12 compute config finish @clk     2557001
slice10 start prefetch  @clk     2557007
slice11 prefetch finish  @clk     2557226
slice11 start run  @clk     2557227
slice11 start prefetch  @clk     2557297
slice0 prefetch finish @clk     2557442
slice0 start run @clk     2557443
slice0 start prefetch @clk     2557513
slice13 access done  @clk     2557633
slice13 start write  @clk     2557634
slice13 write_burst finish  @clk     2557635
slice13 task finish  @clk     2557637
slice14 access done  @clk     2557677
slice14 start write  @clk     2557678
slice14 write_burst finish  @clk     2557679
slice14 task finish  @clk     2557681
slice15 access done  @clk     2557721
slice15 start write  @clk     2557722
slice15 write_burst finish  @clk     2557723
slice15 task finish  @clk     2557725
slice1 prefetch finish  @clk     2557786
slice1 start run  @clk     2557787
slice1 start prefetch  @clk     2557857
slice13 compute config finish @clk     2558529
slice14 compute config finish @clk     2558573
slice15 compute config finish @clk     2558617
slice2 prefetch finish  @clk     2558914
slice2 start run  @clk     2558915
slice2 start prefetch  @clk     2558985
slice3 prefetch finish  @clk     2559182
slice3 start run  @clk     2559183
slice3 start prefetch  @clk     2559253
slice4 access done  @clk     2560339
slice4 start write  @clk     2560340
slice4 write_burst finish  @clk     2560341
slice4 task finish  @clk     2560343
slice5 access done  @clk     2560793
slice5 start write  @clk     2560794
slice5 write_burst finish  @clk     2560795
slice5 task finish  @clk     2560797
slice6 access done  @clk     2561205
slice6 start write  @clk     2561206
slice6 write_burst finish  @clk     2561207
slice6 task finish  @clk     2561209
slice4 compute config finish @clk     2561235
slice7 access done  @clk     2561571
slice7 start write  @clk     2561572
slice7 write_burst finish  @clk     2561573
slice7 task finish  @clk     2561575
slice5 compute config finish @clk     2561689
slice8 access done  @clk     2561939
slice8 start write  @clk     2561940
slice8 write_burst finish  @clk     2561941
slice8 task finish  @clk     2561943
slice6 compute config finish @clk     2562101
slice9 access done  @clk     2562269
slice9 start write  @clk     2562270
slice9 write_burst finish  @clk     2562271
slice9 task finish  @clk     2562273
slice7 compute config finish @clk     2562467
slice8 compute config finish @clk     2562835
slice10 access done  @clk     2562851
slice10 start write  @clk     2562852
slice10 write_burst finish  @clk     2562853
slice10 task finish  @clk     2562855
slice11 access done  @clk     2563141
slice11 start write  @clk     2563142
slice11 write_burst finish  @clk     2563143
slice11 task finish  @clk     2563145
slice9 compute config finish @clk     2563165
slice0 access done @clk     2563357
slice0 start write @clk     2563358
slice0 write_burst finish @clk     2563359
slice0 task finish @clk     2563361
slice1 access done  @clk     2563701
slice1 start write  @clk     2563702
slice1 write_burst finish  @clk     2563703
slice1 task finish  @clk     2563705
slice10 compute config finish @clk     2563747
slice11 compute config finish @clk     2564037
slice0 compute config finish @clk     2564253
slice1 compute config finish @clk     2564597
slice2 access done  @clk     2564829
slice2 start write  @clk     2564830
slice2 write_burst finish  @clk     2564831
slice2 task finish  @clk     2564833
slice3 access done  @clk     2565097
slice3 start write  @clk     2565098
slice3 write_burst finish  @clk     2565099
slice3 task finish  @clk     2565101
slice2 compute config finish @clk     2565725
slice3 compute config finish @clk     2565993
slice12 prefetch finish  @clk     2618846
slice12 start run  @clk     2618847
slice12 start prefetch  @clk     2618917
slice13 prefetch finish  @clk     2620048
slice13 start run  @clk     2620049
slice14 prefetch finish  @clk     2620050
slice14 start run  @clk     2620051
slice15 prefetch finish  @clk     2620052
slice15 start run  @clk     2620053
slice13 start prefetch  @clk     2620119
slice14 start prefetch  @clk     2620121
slice15 start prefetch  @clk     2620123
slice4 prefetch finish  @clk     2621708
slice4 start run  @clk     2621709
slice4 start prefetch  @clk     2621779
slice5 prefetch finish  @clk     2622378
slice5 start run  @clk     2622379
slice5 start prefetch  @clk     2622449
slice6 prefetch finish  @clk     2622760
slice6 start run  @clk     2622761
slice6 start prefetch  @clk     2622831
slice7 prefetch finish  @clk     2623138
slice7 start run  @clk     2623139
slice7 start prefetch  @clk     2623209
slice8 prefetch finish  @clk     2623410
slice8 start run  @clk     2623411
slice8 start prefetch  @clk     2623481
slice9 prefetch finish  @clk     2623720
slice9 start run  @clk     2623721
slice9 start prefetch  @clk     2623791
slice12 access done  @clk     2623865
slice12 start write  @clk     2623866
slice10 prefetch finish  @clk     2624168
slice10 start run  @clk     2624169
slice10 start prefetch  @clk     2624239
slice11 prefetch finish  @clk     2624374
slice11 start run  @clk     2624375
slice11 start prefetch  @clk     2624445
slice0 prefetch finish @clk     2624586
slice0 start run @clk     2624587
slice0 start prefetch @clk     2624657
slice12 compute config finish @clk     2624761
slice1 prefetch finish  @clk     2624872
slice1 start run  @clk     2624873
slice1 start prefetch  @clk     2624943
slice13 access done  @clk     2625067
slice13 start write  @clk     2625068
slice14 access done  @clk     2625069
slice14 start write  @clk     2625070
slice15 access done  @clk     2625071
slice15 start write  @clk     2625072
slice13 compute config finish @clk     2625963
slice14 compute config finish @clk     2625965
slice15 compute config finish @clk     2625967
slice2 prefetch finish  @clk     2626032
slice2 start run  @clk     2626033
slice2 start prefetch  @clk     2626103
slice3 prefetch finish  @clk     2626292
slice3 start run  @clk     2626293
slice3 start prefetch  @clk     2626363
slice4 access done  @clk     2626727
slice4 start write  @clk     2626728
slice5 access done  @clk     2627397
slice5 start write  @clk     2627398
slice4 compute config finish @clk     2627623
slice6 access done  @clk     2627779
slice6 start write  @clk     2627780
slice7 access done  @clk     2628157
slice7 start write  @clk     2628158
slice5 compute config finish @clk     2628293
slice8 access done  @clk     2628429
slice8 start write  @clk     2628430
slice6 compute config finish @clk     2628675
slice9 access done  @clk     2628739
slice9 start write  @clk     2628740
slice7 compute config finish @clk     2629053
slice10 access done  @clk     2629187
slice10 start write  @clk     2629188
slice8 compute config finish @clk     2629325
slice11 access done  @clk     2629393
slice11 start write  @clk     2629394
slice0 access done @clk     2629605
slice0 start write @clk     2629606
slice9 compute config finish @clk     2629635
slice1 access done  @clk     2629891
slice1 start write  @clk     2629892
slice10 compute config finish @clk     2630083
slice11 compute config finish @clk     2630289
slice0 compute config finish @clk     2630501
slice1 compute config finish @clk     2630787
slice2 access done  @clk     2631051
slice2 start write  @clk     2631052
slice3 access done  @clk     2631311
slice3 start write  @clk     2631312
slice2 compute config finish @clk     2631947
slice3 compute config finish @clk     2632207
slice12 prefetch finish  @clk     2682450
slice13 prefetch finish  @clk     2683632
slice14 prefetch finish  @clk     2683634
slice15 prefetch finish  @clk     2683636
slice4 prefetch finish  @clk     2685788
slice5 prefetch finish  @clk     2686226
slice6 prefetch finish  @clk     2686638
slice7 prefetch finish  @clk     2687018
slice8 prefetch finish  @clk     2687462
slice9 prefetch finish  @clk     2687868
slice10 prefetch finish  @clk     2688494
slice11 prefetch finish  @clk     2688926
slice0 prefetch finish @clk     2689424
slice1 prefetch finish  @clk     2689450
slice2 prefetch finish  @clk     2691560
slice3 prefetch finish  @clk     2692322
slice12 write_burst finish  @clk     2697459
slice12 task finish  @clk     2697461
slice12 start run  @clk     2697474
slice13 write_burst finish  @clk     2698241
slice13 task finish  @clk     2698243
slice14 write_burst finish  @clk     2698258
slice13 start run  @clk     2698259
slice14 task finish  @clk     2698260
slice15 write_burst finish  @clk     2698275
slice14 start run  @clk     2698276
slice15 task finish  @clk     2698277
slice15 start run  @clk     2698293
slice4 write_burst finish  @clk     2699380
slice4 task finish  @clk     2699382
slice4 start run  @clk     2699386
slice5 write_burst finish  @clk     2699584
slice5 task finish  @clk     2699586
slice5 start run  @clk     2699595
slice6 write_burst finish  @clk     2699771
slice6 task finish  @clk     2699773
slice6 start run  @clk     2699788
slice7 write_burst finish  @clk     2700304
slice7 task finish  @clk     2700306
slice7 start run  @clk     2700317
slice8 write_burst finish  @clk     2700457
slice8 task finish  @clk     2700459
slice8 start run  @clk     2700462
slice9 write_burst finish  @clk     2700593
slice9 task finish  @clk     2700595
slice9 start run  @clk     2700607
slice10 write_burst finish  @clk     2700814
slice10 task finish  @clk     2700816
slice10 start run  @clk     2700832
slice11 write_burst finish  @clk     2701001
slice11 task finish  @clk     2701003
slice11 start run  @clk     2701009
slice0 write_burst finish @clk     2701154
slice0 task finish @clk     2701156
slice0 start run @clk     2701158
slice1 write_burst finish  @clk     2701171
slice1 task finish  @clk     2701173
slice1 start run  @clk     2701175
slice2 write_burst finish  @clk     2701426
slice2 task finish  @clk     2701428
slice2 start run  @clk     2701432
slice3 write_burst finish  @clk     2701485
slice3 task finish  @clk     2701487
slice3 start run  @clk     2701497
slice12 access done  @clk     2702492
slice12 start write  @clk     2702493
slice13 access done  @clk     2703277
slice13 start write  @clk     2703278
slice14 access done  @clk     2703294
slice14 start write  @clk     2703295
slice15 access done  @clk     2703311
slice15 start write  @clk     2703312
slice12 write_burst finish  @clk     2704006
slice12 task finish  @clk     2704008
slice4 access done  @clk     2704404
slice4 start write  @clk     2704405
slice5 access done  @clk     2704613
slice5 start write  @clk     2704614
slice6 access done  @clk     2704806
slice6 start write  @clk     2704807
slice7 access done  @clk     2705335
slice7 start write  @clk     2705336
slice8 access done  @clk     2705480
slice8 start write  @clk     2705481
slice9 access done  @clk     2705625
slice9 start write  @clk     2705626
slice10 access done  @clk     2705850
slice10 start write  @clk     2705851
slice11 access done  @clk     2706027
slice11 start write  @clk     2706028
slice0 access done @clk     2706176
slice0 start write @clk     2706177
slice1 access done  @clk     2706193
slice1 start write  @clk     2706194
slice2 access done  @clk     2706450
slice2 start write  @clk     2706451
slice3 access done  @clk     2706515
slice3 start write  @clk     2706516
slice13 write_burst finish  @clk     2709510
slice13 task finish  @clk     2709512
slice14 write_burst finish  @clk     2709765
slice14 task finish  @clk     2709767
slice15 write_burst finish  @clk     2710003
slice15 task finish  @clk     2710005
slice4 write_burst finish  @clk     2713556
slice4 task finish  @clk     2713558
slice5 write_burst finish  @clk     2714321
slice5 task finish  @clk     2714323
slice6 write_burst finish  @clk     2714678
slice6 task finish  @clk     2714680
slice7 write_burst finish  @clk     2715688
slice7 task finish  @clk     2715690
slice8 write_burst finish  @clk     2715840
slice8 task finish  @clk     2715842
slice9 write_burst finish  @clk     2715976
slice9 task finish  @clk     2715978
slice10 write_burst finish  @clk     2716197
slice10 task finish  @clk     2716199
slice11 write_burst finish  @clk     2716299
slice11 task finish  @clk     2716301
slice0 write_burst finish @clk     2716316
slice0 task finish @clk     2716318
slice1 write_burst finish  @clk     2716333
slice1 task finish  @clk     2716335
slice2 write_burst finish  @clk     2716418
slice2 task finish  @clk     2716420
slice3 write_burst finish  @clk     2716435
slice3 task finish  @clk     2716437
