slice12 start prefetch  @clk      218739
slice13 start prefetch  @clk      218739
slice14 start prefetch  @clk      218739
slice15 start prefetch  @clk      218739
slice8 start prefetch  @clk      218743
slice9 start prefetch  @clk      218743
slice10 start prefetch  @clk      218743
slice11 start prefetch  @clk      218743
slice4 start prefetch  @clk      218747
slice5 start prefetch  @clk      218747
slice6 start prefetch  @clk      218747
slice7 start prefetch  @clk      218747
slice0 start prefetch @clk      218753
slice1 start prefetch  @clk      218753
slice2 start prefetch  @clk      218753
slice3 start prefetch  @clk      218753
slice12 prefetch finish  @clk      299313
slice13 prefetch finish  @clk      299347
slice14 prefetch finish  @clk      299381
slice15 prefetch finish  @clk      299415
slice8 prefetch finish  @clk      299721
slice9 prefetch finish  @clk      299755
slice10 prefetch finish  @clk      299789
slice11 prefetch finish  @clk      299823
slice4 prefetch finish  @clk      299993
slice5 prefetch finish  @clk      300027
slice6 prefetch finish  @clk      300061
slice7 prefetch finish  @clk      300095
slice0 prefetch finish @clk      300129
slice1 prefetch finish  @clk      300163
slice2 prefetch finish  @clk      300197
slice3 prefetch finish  @clk      300231
slice12 compute config finish @clk      301248
slice13 compute config finish @clk      301248
slice14 compute config finish @clk      301248
slice15 compute config finish @clk      301248
slice12 start run  @clk      301249
slice13 start run  @clk      301249
slice14 start run  @clk      301249
slice15 start run  @clk      301249
slice8 compute config finish @clk      301252
slice9 compute config finish @clk      301252
slice10 compute config finish @clk      301252
slice11 compute config finish @clk      301252
slice8 start run  @clk      301253
slice9 start run  @clk      301253
slice10 start run  @clk      301253
slice11 start run  @clk      301253
slice4 compute config finish @clk      301256
slice5 compute config finish @clk      301256
slice6 compute config finish @clk      301256
slice7 compute config finish @clk      301256
slice4 start run  @clk      301257
slice5 start run  @clk      301257
slice6 start run  @clk      301257
slice7 start run  @clk      301257
slice0 compute config finish @clk      301262
slice1 compute config finish @clk      301262
slice2 compute config finish @clk      301262
slice3 compute config finish @clk      301262
slice0 start run @clk      301263
slice1 start run  @clk      301263
slice2 start run  @clk      301263
slice3 start run  @clk      301263
slice12 start prefetch  @clk      301605
slice13 start prefetch  @clk      301605
slice14 start prefetch  @clk      301605
slice15 start prefetch  @clk      301605
slice8 start prefetch  @clk      301609
slice9 start prefetch  @clk      301609
slice10 start prefetch  @clk      301609
slice11 start prefetch  @clk      301609
slice4 start prefetch  @clk      301613
slice5 start prefetch  @clk      301613
slice6 start prefetch  @clk      301613
slice7 start prefetch  @clk      301613
slice0 start prefetch @clk      301619
slice1 start prefetch  @clk      301619
slice2 start prefetch  @clk      301619
slice3 start prefetch  @clk      301619
slice12 access done  @clk      307608
slice13 access done  @clk      307608
slice14 access done  @clk      307608
slice15 access done  @clk      307608
slice12 start write  @clk      307609
slice13 start write  @clk      307609
slice14 start write  @clk      307609
slice15 start write  @clk      307609
slice12 write_burst finish  @clk      307610
slice13 write_burst finish  @clk      307610
slice14 write_burst finish  @clk      307610
slice15 write_burst finish  @clk      307610
slice8 access done  @clk      307612
slice9 access done  @clk      307612
slice10 access done  @clk      307612
slice11 access done  @clk      307612
slice12 task finish  @clk      307612
slice13 task finish  @clk      307612
slice14 task finish  @clk      307612
slice15 task finish  @clk      307612
slice8 start write  @clk      307613
slice9 start write  @clk      307613
slice10 start write  @clk      307613
slice11 start write  @clk      307613
slice8 write_burst finish  @clk      307614
slice9 write_burst finish  @clk      307614
slice10 write_burst finish  @clk      307614
slice11 write_burst finish  @clk      307614
slice4 access done  @clk      307616
slice5 access done  @clk      307616
slice6 access done  @clk      307616
slice7 access done  @clk      307616
slice8 task finish  @clk      307616
slice9 task finish  @clk      307616
slice10 task finish  @clk      307616
slice11 task finish  @clk      307616
slice4 start write  @clk      307617
slice5 start write  @clk      307617
slice6 start write  @clk      307617
slice7 start write  @clk      307617
slice4 write_burst finish  @clk      307618
slice5 write_burst finish  @clk      307618
slice6 write_burst finish  @clk      307618
slice7 write_burst finish  @clk      307618
slice4 task finish  @clk      307620
slice5 task finish  @clk      307620
slice6 task finish  @clk      307620
slice7 task finish  @clk      307620
slice0 access done @clk      307622
slice1 access done  @clk      307622
slice2 access done  @clk      307622
slice3 access done  @clk      307622
slice0 start write @clk      307623
slice1 start write  @clk      307623
slice2 start write  @clk      307623
slice3 start write  @clk      307623
slice0 write_burst finish @clk      307624
slice1 write_burst finish  @clk      307624
slice2 write_burst finish  @clk      307624
slice3 write_burst finish  @clk      307624
slice0 task finish @clk      307626
slice1 task finish  @clk      307626
slice2 task finish  @clk      307626
slice3 task finish  @clk      307626
slice12 prefetch finish  @clk      382225
slice13 prefetch finish  @clk      382259
slice14 prefetch finish  @clk      382293
slice15 prefetch finish  @clk      382327
slice8 prefetch finish  @clk      382633
slice9 prefetch finish  @clk      382667
slice10 prefetch finish  @clk      382701
slice11 prefetch finish  @clk      382735
slice4 prefetch finish  @clk      382905
slice5 prefetch finish  @clk      382939
slice6 prefetch finish  @clk      382973
slice7 prefetch finish  @clk      383007
slice0 prefetch finish @clk      383041
slice1 prefetch finish  @clk      383075
slice2 prefetch finish  @clk      383109
slice3 prefetch finish  @clk      383143
slice12 compute config finish @clk      384024
slice13 compute config finish @clk      384024
slice14 compute config finish @clk      384024
slice15 compute config finish @clk      384024
slice12 start run  @clk      384025
slice13 start run  @clk      384025
slice14 start run  @clk      384025
slice15 start run  @clk      384025
slice8 compute config finish @clk      384028
slice9 compute config finish @clk      384028
slice10 compute config finish @clk      384028
slice11 compute config finish @clk      384028
slice8 start run  @clk      384029
slice9 start run  @clk      384029
slice10 start run  @clk      384029
slice11 start run  @clk      384029
slice4 compute config finish @clk      384032
slice5 compute config finish @clk      384032
slice6 compute config finish @clk      384032
slice7 compute config finish @clk      384032
slice4 start run  @clk      384033
slice5 start run  @clk      384033
slice6 start run  @clk      384033
slice7 start run  @clk      384033
slice0 compute config finish @clk      384038
slice1 compute config finish @clk      384038
slice2 compute config finish @clk      384038
slice3 compute config finish @clk      384038
slice0 start run @clk      384039
slice1 start run  @clk      384039
slice2 start run  @clk      384039
slice3 start run  @clk      384039
slice12 start prefetch  @clk      384381
slice13 start prefetch  @clk      384381
slice14 start prefetch  @clk      384381
slice15 start prefetch  @clk      384381
slice8 start prefetch  @clk      384385
slice9 start prefetch  @clk      384385
slice10 start prefetch  @clk      384385
slice11 start prefetch  @clk      384385
slice4 start prefetch  @clk      384389
slice5 start prefetch  @clk      384389
slice6 start prefetch  @clk      384389
slice7 start prefetch  @clk      384389
slice0 start prefetch @clk      384395
slice1 start prefetch  @clk      384395
slice2 start prefetch  @clk      384395
slice3 start prefetch  @clk      384395
slice12 access done  @clk      390384
slice13 access done  @clk      390384
slice14 access done  @clk      390384
slice15 access done  @clk      390384
slice12 start write  @clk      390385
slice13 start write  @clk      390385
slice14 start write  @clk      390385
slice15 start write  @clk      390385
slice12 write_burst finish  @clk      390386
slice13 write_burst finish  @clk      390386
slice14 write_burst finish  @clk      390386
slice15 write_burst finish  @clk      390386
slice8 access done  @clk      390388
slice9 access done  @clk      390388
slice10 access done  @clk      390388
slice11 access done  @clk      390388
slice12 task finish  @clk      390388
slice13 task finish  @clk      390388
slice14 task finish  @clk      390388
slice15 task finish  @clk      390388
slice8 start write  @clk      390389
slice9 start write  @clk      390389
slice10 start write  @clk      390389
slice11 start write  @clk      390389
slice8 write_burst finish  @clk      390390
slice9 write_burst finish  @clk      390390
slice10 write_burst finish  @clk      390390
slice11 write_burst finish  @clk      390390
slice4 access done  @clk      390392
slice5 access done  @clk      390392
slice6 access done  @clk      390392
slice7 access done  @clk      390392
slice8 task finish  @clk      390392
slice9 task finish  @clk      390392
slice10 task finish  @clk      390392
slice11 task finish  @clk      390392
slice4 start write  @clk      390393
slice5 start write  @clk      390393
slice6 start write  @clk      390393
slice7 start write  @clk      390393
slice4 write_burst finish  @clk      390394
slice5 write_burst finish  @clk      390394
slice6 write_burst finish  @clk      390394
slice7 write_burst finish  @clk      390394
slice4 task finish  @clk      390396
slice5 task finish  @clk      390396
slice6 task finish  @clk      390396
slice7 task finish  @clk      390396
slice0 access done @clk      390398
slice1 access done  @clk      390398
slice2 access done  @clk      390398
slice3 access done  @clk      390398
slice0 start write @clk      390399
slice1 start write  @clk      390399
slice2 start write  @clk      390399
slice3 start write  @clk      390399
slice0 write_burst finish @clk      390400
slice1 write_burst finish  @clk      390400
slice2 write_burst finish  @clk      390400
slice3 write_burst finish  @clk      390400
slice0 task finish @clk      390402
slice1 task finish  @clk      390402
slice2 task finish  @clk      390402
slice3 task finish  @clk      390402
slice12 prefetch finish  @clk      438346
slice13 prefetch finish  @clk      438380
slice14 prefetch finish  @clk      438414
slice15 prefetch finish  @clk      438448
slice8 prefetch finish  @clk      438754
slice9 prefetch finish  @clk      438788
slice10 prefetch finish  @clk      438822
slice11 prefetch finish  @clk      438856
slice4 prefetch finish  @clk      439026
slice5 prefetch finish  @clk      439060
slice6 prefetch finish  @clk      439094
slice7 prefetch finish  @clk      439128
slice0 prefetch finish @clk      439162
slice1 prefetch finish  @clk      439196
slice2 prefetch finish  @clk      439230
slice3 prefetch finish  @clk      439264
slice12 compute config finish @clk      440144
slice13 compute config finish @clk      440144
slice14 compute config finish @clk      440144
slice15 compute config finish @clk      440144
slice12 start run  @clk      440145
slice13 start run  @clk      440145
slice14 start run  @clk      440145
slice15 start run  @clk      440145
slice8 compute config finish @clk      440148
slice9 compute config finish @clk      440148
slice10 compute config finish @clk      440148
slice11 compute config finish @clk      440148
slice8 start run  @clk      440149
slice9 start run  @clk      440149
slice10 start run  @clk      440149
slice11 start run  @clk      440149
slice4 compute config finish @clk      440152
slice5 compute config finish @clk      440152
slice6 compute config finish @clk      440152
slice7 compute config finish @clk      440152
slice4 start run  @clk      440153
slice5 start run  @clk      440153
slice6 start run  @clk      440153
slice7 start run  @clk      440153
slice0 compute config finish @clk      440158
slice1 compute config finish @clk      440158
slice2 compute config finish @clk      440158
slice3 compute config finish @clk      440158
slice0 start run @clk      440159
slice1 start run  @clk      440159
slice2 start run  @clk      440159
slice3 start run  @clk      440159
slice12 start prefetch  @clk      440501
slice13 start prefetch  @clk      440501
slice14 start prefetch  @clk      440501
slice15 start prefetch  @clk      440501
slice8 start prefetch  @clk      440505
slice9 start prefetch  @clk      440505
slice10 start prefetch  @clk      440505
slice11 start prefetch  @clk      440505
slice4 start prefetch  @clk      440509
slice5 start prefetch  @clk      440509
slice6 start prefetch  @clk      440509
slice7 start prefetch  @clk      440509
slice0 start prefetch @clk      440515
slice1 start prefetch  @clk      440515
slice2 start prefetch  @clk      440515
slice3 start prefetch  @clk      440515
slice12 access done  @clk      446504
slice13 access done  @clk      446504
slice14 access done  @clk      446504
slice15 access done  @clk      446504
slice12 start write  @clk      446505
slice13 start write  @clk      446505
slice14 start write  @clk      446505
slice15 start write  @clk      446505
slice12 write_burst finish  @clk      446506
slice13 write_burst finish  @clk      446506
slice14 write_burst finish  @clk      446506
slice15 write_burst finish  @clk      446506
slice8 access done  @clk      446508
slice9 access done  @clk      446508
slice10 access done  @clk      446508
slice11 access done  @clk      446508
slice12 task finish  @clk      446508
slice13 task finish  @clk      446508
slice14 task finish  @clk      446508
slice15 task finish  @clk      446508
slice8 start write  @clk      446509
slice9 start write  @clk      446509
slice10 start write  @clk      446509
slice11 start write  @clk      446509
slice8 write_burst finish  @clk      446510
slice9 write_burst finish  @clk      446510
slice10 write_burst finish  @clk      446510
slice11 write_burst finish  @clk      446510
slice4 access done  @clk      446512
slice5 access done  @clk      446512
slice6 access done  @clk      446512
slice7 access done  @clk      446512
slice8 task finish  @clk      446512
slice9 task finish  @clk      446512
slice10 task finish  @clk      446512
slice11 task finish  @clk      446512
slice4 start write  @clk      446513
slice5 start write  @clk      446513
slice6 start write  @clk      446513
slice7 start write  @clk      446513
slice4 write_burst finish  @clk      446514
slice5 write_burst finish  @clk      446514
slice6 write_burst finish  @clk      446514
slice7 write_burst finish  @clk      446514
slice4 task finish  @clk      446516
slice5 task finish  @clk      446516
slice6 task finish  @clk      446516
slice7 task finish  @clk      446516
slice0 access done @clk      446518
slice1 access done  @clk      446518
slice2 access done  @clk      446518
slice3 access done  @clk      446518
slice0 start write @clk      446519
slice1 start write  @clk      446519
slice2 start write  @clk      446519
slice3 start write  @clk      446519
slice0 write_burst finish @clk      446520
slice1 write_burst finish  @clk      446520
slice2 write_burst finish  @clk      446520
slice3 write_burst finish  @clk      446520
slice0 task finish @clk      446522
slice1 task finish  @clk      446522
slice2 task finish  @clk      446522
slice3 task finish  @clk      446522
slice12 prefetch finish  @clk      494466
slice13 prefetch finish  @clk      494500
slice14 prefetch finish  @clk      494534
slice15 prefetch finish  @clk      494568
slice8 prefetch finish  @clk      494874
slice9 prefetch finish  @clk      494908
slice10 prefetch finish  @clk      494942
slice11 prefetch finish  @clk      494976
slice4 prefetch finish  @clk      495146
slice5 prefetch finish  @clk      495180
slice6 prefetch finish  @clk      495214
slice7 prefetch finish  @clk      495248
slice0 prefetch finish @clk      495282
slice1 prefetch finish  @clk      495316
slice2 prefetch finish  @clk      495350
slice3 prefetch finish  @clk      495384
slice12 compute config finish @clk      496264
slice13 compute config finish @clk      496264
slice14 compute config finish @clk      496264
slice15 compute config finish @clk      496264
slice12 start run  @clk      496265
slice13 start run  @clk      496265
slice14 start run  @clk      496265
slice15 start run  @clk      496265
slice8 compute config finish @clk      496268
slice9 compute config finish @clk      496268
slice10 compute config finish @clk      496268
slice11 compute config finish @clk      496268
slice8 start run  @clk      496269
slice9 start run  @clk      496269
slice10 start run  @clk      496269
slice11 start run  @clk      496269
slice4 compute config finish @clk      496272
slice5 compute config finish @clk      496272
slice6 compute config finish @clk      496272
slice7 compute config finish @clk      496272
slice4 start run  @clk      496273
slice5 start run  @clk      496273
slice6 start run  @clk      496273
slice7 start run  @clk      496273
slice0 compute config finish @clk      496278
slice1 compute config finish @clk      496278
slice2 compute config finish @clk      496278
slice3 compute config finish @clk      496278
slice0 start run @clk      496279
slice1 start run  @clk      496279
slice2 start run  @clk      496279
slice3 start run  @clk      496279
slice12 start prefetch  @clk      496621
slice13 start prefetch  @clk      496621
slice14 start prefetch  @clk      496621
slice15 start prefetch  @clk      496621
slice8 start prefetch  @clk      496625
slice9 start prefetch  @clk      496625
slice10 start prefetch  @clk      496625
slice11 start prefetch  @clk      496625
slice4 start prefetch  @clk      496629
slice5 start prefetch  @clk      496629
slice6 start prefetch  @clk      496629
slice7 start prefetch  @clk      496629
slice0 start prefetch @clk      496635
slice1 start prefetch  @clk      496635
slice2 start prefetch  @clk      496635
slice3 start prefetch  @clk      496635
slice12 access done  @clk      502624
slice13 access done  @clk      502624
slice14 access done  @clk      502624
slice15 access done  @clk      502624
slice12 start write  @clk      502625
slice13 start write  @clk      502625
slice14 start write  @clk      502625
slice15 start write  @clk      502625
slice12 write_burst finish  @clk      502626
slice13 write_burst finish  @clk      502626
slice14 write_burst finish  @clk      502626
slice15 write_burst finish  @clk      502626
slice8 access done  @clk      502628
slice9 access done  @clk      502628
slice10 access done  @clk      502628
slice11 access done  @clk      502628
slice12 task finish  @clk      502628
slice13 task finish  @clk      502628
slice14 task finish  @clk      502628
slice15 task finish  @clk      502628
slice8 start write  @clk      502629
slice9 start write  @clk      502629
slice10 start write  @clk      502629
slice11 start write  @clk      502629
slice8 write_burst finish  @clk      502630
slice9 write_burst finish  @clk      502630
slice10 write_burst finish  @clk      502630
slice11 write_burst finish  @clk      502630
slice4 access done  @clk      502632
slice5 access done  @clk      502632
slice6 access done  @clk      502632
slice7 access done  @clk      502632
slice8 task finish  @clk      502632
slice9 task finish  @clk      502632
slice10 task finish  @clk      502632
slice11 task finish  @clk      502632
slice4 start write  @clk      502633
slice5 start write  @clk      502633
slice6 start write  @clk      502633
slice7 start write  @clk      502633
slice4 write_burst finish  @clk      502634
slice5 write_burst finish  @clk      502634
slice6 write_burst finish  @clk      502634
slice7 write_burst finish  @clk      502634
slice4 task finish  @clk      502636
slice5 task finish  @clk      502636
slice6 task finish  @clk      502636
slice7 task finish  @clk      502636
slice0 access done @clk      502638
slice1 access done  @clk      502638
slice2 access done  @clk      502638
slice3 access done  @clk      502638
slice0 start write @clk      502639
slice1 start write  @clk      502639
slice2 start write  @clk      502639
slice3 start write  @clk      502639
slice0 write_burst finish @clk      502640
slice1 write_burst finish  @clk      502640
slice2 write_burst finish  @clk      502640
slice3 write_burst finish  @clk      502640
slice0 task finish @clk      502642
slice1 task finish  @clk      502642
slice2 task finish  @clk      502642
slice3 task finish  @clk      502642
slice12 prefetch finish  @clk      550586
slice13 prefetch finish  @clk      550620
slice14 prefetch finish  @clk      550654
slice15 prefetch finish  @clk      550688
slice8 prefetch finish  @clk      550994
slice9 prefetch finish  @clk      551028
slice10 prefetch finish  @clk      551062
slice11 prefetch finish  @clk      551096
slice4 prefetch finish  @clk      551266
slice5 prefetch finish  @clk      551300
slice6 prefetch finish  @clk      551334
slice7 prefetch finish  @clk      551368
slice0 prefetch finish @clk      551402
slice1 prefetch finish  @clk      551436
slice2 prefetch finish  @clk      551470
slice3 prefetch finish  @clk      551504
slice12 compute config finish @clk      552384
slice13 compute config finish @clk      552384
slice14 compute config finish @clk      552384
slice15 compute config finish @clk      552384
slice12 start run  @clk      552385
slice13 start run  @clk      552385
slice14 start run  @clk      552385
slice15 start run  @clk      552385
slice8 compute config finish @clk      552388
slice9 compute config finish @clk      552388
slice10 compute config finish @clk      552388
slice11 compute config finish @clk      552388
slice8 start run  @clk      552389
slice9 start run  @clk      552389
slice10 start run  @clk      552389
slice11 start run  @clk      552389
slice4 compute config finish @clk      552392
slice5 compute config finish @clk      552392
slice6 compute config finish @clk      552392
slice7 compute config finish @clk      552392
slice4 start run  @clk      552393
slice5 start run  @clk      552393
slice6 start run  @clk      552393
slice7 start run  @clk      552393
slice0 compute config finish @clk      552398
slice1 compute config finish @clk      552398
slice2 compute config finish @clk      552398
slice3 compute config finish @clk      552398
slice0 start run @clk      552399
slice1 start run  @clk      552399
slice2 start run  @clk      552399
slice3 start run  @clk      552399
slice12 start prefetch  @clk      552741
slice13 start prefetch  @clk      552741
slice14 start prefetch  @clk      552741
slice15 start prefetch  @clk      552741
slice8 start prefetch  @clk      552745
slice9 start prefetch  @clk      552745
slice10 start prefetch  @clk      552745
slice11 start prefetch  @clk      552745
slice4 start prefetch  @clk      552749
slice5 start prefetch  @clk      552749
slice6 start prefetch  @clk      552749
slice7 start prefetch  @clk      552749
slice0 start prefetch @clk      552755
slice1 start prefetch  @clk      552755
slice2 start prefetch  @clk      552755
slice3 start prefetch  @clk      552755
slice12 access done  @clk      558744
slice13 access done  @clk      558744
slice14 access done  @clk      558744
slice15 access done  @clk      558744
slice12 start write  @clk      558745
slice13 start write  @clk      558745
slice14 start write  @clk      558745
slice15 start write  @clk      558745
slice12 write_burst finish  @clk      558746
slice13 write_burst finish  @clk      558746
slice14 write_burst finish  @clk      558746
slice15 write_burst finish  @clk      558746
slice8 access done  @clk      558748
slice9 access done  @clk      558748
slice10 access done  @clk      558748
slice11 access done  @clk      558748
slice12 task finish  @clk      558748
slice13 task finish  @clk      558748
slice14 task finish  @clk      558748
slice15 task finish  @clk      558748
slice8 start write  @clk      558749
slice9 start write  @clk      558749
slice10 start write  @clk      558749
slice11 start write  @clk      558749
slice8 write_burst finish  @clk      558750
slice9 write_burst finish  @clk      558750
slice10 write_burst finish  @clk      558750
slice11 write_burst finish  @clk      558750
slice4 access done  @clk      558752
slice5 access done  @clk      558752
slice6 access done  @clk      558752
slice7 access done  @clk      558752
slice8 task finish  @clk      558752
slice9 task finish  @clk      558752
slice10 task finish  @clk      558752
slice11 task finish  @clk      558752
slice4 start write  @clk      558753
slice5 start write  @clk      558753
slice6 start write  @clk      558753
slice7 start write  @clk      558753
slice4 write_burst finish  @clk      558754
slice5 write_burst finish  @clk      558754
slice6 write_burst finish  @clk      558754
slice7 write_burst finish  @clk      558754
slice4 task finish  @clk      558756
slice5 task finish  @clk      558756
slice6 task finish  @clk      558756
slice7 task finish  @clk      558756
slice0 access done @clk      558758
slice1 access done  @clk      558758
slice2 access done  @clk      558758
slice3 access done  @clk      558758
slice0 start write @clk      558759
slice1 start write  @clk      558759
slice2 start write  @clk      558759
slice3 start write  @clk      558759
slice0 write_burst finish @clk      558760
slice1 write_burst finish  @clk      558760
slice2 write_burst finish  @clk      558760
slice3 write_burst finish  @clk      558760
slice0 task finish @clk      558762
slice1 task finish  @clk      558762
slice2 task finish  @clk      558762
slice3 task finish  @clk      558762
slice12 prefetch finish  @clk      606706
slice13 prefetch finish  @clk      606740
slice14 prefetch finish  @clk      606774
slice15 prefetch finish  @clk      606808
slice8 prefetch finish  @clk      607114
slice9 prefetch finish  @clk      607148
slice10 prefetch finish  @clk      607182
slice11 prefetch finish  @clk      607216
slice4 prefetch finish  @clk      607386
slice5 prefetch finish  @clk      607420
slice6 prefetch finish  @clk      607454
slice7 prefetch finish  @clk      607488
slice0 prefetch finish @clk      607522
slice1 prefetch finish  @clk      607556
slice2 prefetch finish  @clk      607590
slice3 prefetch finish  @clk      607624
slice12 compute config finish @clk      608504
slice13 compute config finish @clk      608504
slice14 compute config finish @clk      608504
slice15 compute config finish @clk      608504
slice12 start run  @clk      608505
slice13 start run  @clk      608505
slice14 start run  @clk      608505
slice15 start run  @clk      608505
slice8 compute config finish @clk      608508
slice9 compute config finish @clk      608508
slice10 compute config finish @clk      608508
slice11 compute config finish @clk      608508
slice8 start run  @clk      608509
slice9 start run  @clk      608509
slice10 start run  @clk      608509
slice11 start run  @clk      608509
slice4 compute config finish @clk      608512
slice5 compute config finish @clk      608512
slice6 compute config finish @clk      608512
slice7 compute config finish @clk      608512
slice4 start run  @clk      608513
slice5 start run  @clk      608513
slice6 start run  @clk      608513
slice7 start run  @clk      608513
slice0 compute config finish @clk      608518
slice1 compute config finish @clk      608518
slice2 compute config finish @clk      608518
slice3 compute config finish @clk      608518
slice0 start run @clk      608519
slice1 start run  @clk      608519
slice2 start run  @clk      608519
slice3 start run  @clk      608519
slice12 start prefetch  @clk      608861
slice13 start prefetch  @clk      608861
slice14 start prefetch  @clk      608861
slice15 start prefetch  @clk      608861
slice8 start prefetch  @clk      608865
slice9 start prefetch  @clk      608865
slice10 start prefetch  @clk      608865
slice11 start prefetch  @clk      608865
slice4 start prefetch  @clk      608869
slice5 start prefetch  @clk      608869
slice6 start prefetch  @clk      608869
slice7 start prefetch  @clk      608869
slice0 start prefetch @clk      608875
slice1 start prefetch  @clk      608875
slice2 start prefetch  @clk      608875
slice3 start prefetch  @clk      608875
slice12 access done  @clk      614864
slice13 access done  @clk      614864
slice14 access done  @clk      614864
slice15 access done  @clk      614864
slice12 start write  @clk      614865
slice13 start write  @clk      614865
slice14 start write  @clk      614865
slice15 start write  @clk      614865
slice12 write_burst finish  @clk      614866
slice13 write_burst finish  @clk      614866
slice14 write_burst finish  @clk      614866
slice15 write_burst finish  @clk      614866
slice8 access done  @clk      614868
slice9 access done  @clk      614868
slice10 access done  @clk      614868
slice11 access done  @clk      614868
slice12 task finish  @clk      614868
slice13 task finish  @clk      614868
slice14 task finish  @clk      614868
slice15 task finish  @clk      614868
slice8 start write  @clk      614869
slice9 start write  @clk      614869
slice10 start write  @clk      614869
slice11 start write  @clk      614869
slice8 write_burst finish  @clk      614870
slice9 write_burst finish  @clk      614870
slice10 write_burst finish  @clk      614870
slice11 write_burst finish  @clk      614870
slice4 access done  @clk      614872
slice5 access done  @clk      614872
slice6 access done  @clk      614872
slice7 access done  @clk      614872
slice8 task finish  @clk      614872
slice9 task finish  @clk      614872
slice10 task finish  @clk      614872
slice11 task finish  @clk      614872
slice4 start write  @clk      614873
slice5 start write  @clk      614873
slice6 start write  @clk      614873
slice7 start write  @clk      614873
slice4 write_burst finish  @clk      614874
slice5 write_burst finish  @clk      614874
slice6 write_burst finish  @clk      614874
slice7 write_burst finish  @clk      614874
slice4 task finish  @clk      614876
slice5 task finish  @clk      614876
slice6 task finish  @clk      614876
slice7 task finish  @clk      614876
slice0 access done @clk      614878
slice1 access done  @clk      614878
slice2 access done  @clk      614878
slice3 access done  @clk      614878
slice0 start write @clk      614879
slice1 start write  @clk      614879
slice2 start write  @clk      614879
slice3 start write  @clk      614879
slice0 write_burst finish @clk      614880
slice1 write_burst finish  @clk      614880
slice2 write_burst finish  @clk      614880
slice3 write_burst finish  @clk      614880
slice0 task finish @clk      614882
slice1 task finish  @clk      614882
slice2 task finish  @clk      614882
slice3 task finish  @clk      614882
slice12 prefetch finish  @clk      662826
slice13 prefetch finish  @clk      662860
slice14 prefetch finish  @clk      662894
slice15 prefetch finish  @clk      662928
slice8 prefetch finish  @clk      663234
slice9 prefetch finish  @clk      663268
slice10 prefetch finish  @clk      663302
slice11 prefetch finish  @clk      663336
slice4 prefetch finish  @clk      663506
slice5 prefetch finish  @clk      663540
slice6 prefetch finish  @clk      663574
slice7 prefetch finish  @clk      663608
slice0 prefetch finish @clk      663642
slice1 prefetch finish  @clk      663676
slice2 prefetch finish  @clk      663710
slice3 prefetch finish  @clk      663744
slice12 compute config finish @clk      664624
slice13 compute config finish @clk      664624
slice14 compute config finish @clk      664624
slice15 compute config finish @clk      664624
slice12 start run  @clk      664625
slice13 start run  @clk      664625
slice14 start run  @clk      664625
slice15 start run  @clk      664625
slice8 compute config finish @clk      664628
slice9 compute config finish @clk      664628
slice10 compute config finish @clk      664628
slice11 compute config finish @clk      664628
slice8 start run  @clk      664629
slice9 start run  @clk      664629
slice10 start run  @clk      664629
slice11 start run  @clk      664629
slice4 compute config finish @clk      664632
slice5 compute config finish @clk      664632
slice6 compute config finish @clk      664632
slice7 compute config finish @clk      664632
slice4 start run  @clk      664633
slice5 start run  @clk      664633
slice6 start run  @clk      664633
slice7 start run  @clk      664633
slice0 compute config finish @clk      664638
slice1 compute config finish @clk      664638
slice2 compute config finish @clk      664638
slice3 compute config finish @clk      664638
slice0 start run @clk      664639
slice1 start run  @clk      664639
slice2 start run  @clk      664639
slice3 start run  @clk      664639
slice12 start prefetch  @clk      664981
slice13 start prefetch  @clk      664981
slice14 start prefetch  @clk      664981
slice15 start prefetch  @clk      664981
slice8 start prefetch  @clk      664985
slice9 start prefetch  @clk      664985
slice10 start prefetch  @clk      664985
slice11 start prefetch  @clk      664985
slice4 start prefetch  @clk      664989
slice5 start prefetch  @clk      664989
slice6 start prefetch  @clk      664989
slice7 start prefetch  @clk      664989
slice0 start prefetch @clk      664995
slice1 start prefetch  @clk      664995
slice2 start prefetch  @clk      664995
slice3 start prefetch  @clk      664995
slice12 access done  @clk      670984
slice13 access done  @clk      670984
slice14 access done  @clk      670984
slice15 access done  @clk      670984
slice12 start write  @clk      670985
slice13 start write  @clk      670985
slice14 start write  @clk      670985
slice15 start write  @clk      670985
slice12 write_burst finish  @clk      670986
slice13 write_burst finish  @clk      670986
slice14 write_burst finish  @clk      670986
slice15 write_burst finish  @clk      670986
slice8 access done  @clk      670988
slice9 access done  @clk      670988
slice10 access done  @clk      670988
slice11 access done  @clk      670988
slice12 task finish  @clk      670988
slice13 task finish  @clk      670988
slice14 task finish  @clk      670988
slice15 task finish  @clk      670988
slice8 start write  @clk      670989
slice9 start write  @clk      670989
slice10 start write  @clk      670989
slice11 start write  @clk      670989
slice8 write_burst finish  @clk      670990
slice9 write_burst finish  @clk      670990
slice10 write_burst finish  @clk      670990
slice11 write_burst finish  @clk      670990
slice4 access done  @clk      670992
slice5 access done  @clk      670992
slice6 access done  @clk      670992
slice7 access done  @clk      670992
slice8 task finish  @clk      670992
slice9 task finish  @clk      670992
slice10 task finish  @clk      670992
slice11 task finish  @clk      670992
slice4 start write  @clk      670993
slice5 start write  @clk      670993
slice6 start write  @clk      670993
slice7 start write  @clk      670993
slice4 write_burst finish  @clk      670994
slice5 write_burst finish  @clk      670994
slice6 write_burst finish  @clk      670994
slice7 write_burst finish  @clk      670994
slice4 task finish  @clk      670996
slice5 task finish  @clk      670996
slice6 task finish  @clk      670996
slice7 task finish  @clk      670996
slice0 access done @clk      670998
slice1 access done  @clk      670998
slice2 access done  @clk      670998
slice3 access done  @clk      670998
slice0 start write @clk      670999
slice1 start write  @clk      670999
slice2 start write  @clk      670999
slice3 start write  @clk      670999
slice0 write_burst finish @clk      671000
slice1 write_burst finish  @clk      671000
slice2 write_burst finish  @clk      671000
slice3 write_burst finish  @clk      671000
slice0 task finish @clk      671002
slice1 task finish  @clk      671002
slice2 task finish  @clk      671002
slice3 task finish  @clk      671002
slice12 prefetch finish  @clk      718946
slice13 prefetch finish  @clk      718980
slice14 prefetch finish  @clk      719014
slice15 prefetch finish  @clk      719048
slice8 prefetch finish  @clk      719354
slice9 prefetch finish  @clk      719388
slice10 prefetch finish  @clk      719422
slice11 prefetch finish  @clk      719456
slice4 prefetch finish  @clk      719626
slice5 prefetch finish  @clk      719660
slice6 prefetch finish  @clk      719694
slice7 prefetch finish  @clk      719728
slice0 prefetch finish @clk      719762
slice1 prefetch finish  @clk      719796
slice2 prefetch finish  @clk      719830
slice3 prefetch finish  @clk      719864
slice12 compute config finish @clk      720744
slice13 compute config finish @clk      720744
slice14 compute config finish @clk      720744
slice15 compute config finish @clk      720744
slice12 start run  @clk      720745
slice13 start run  @clk      720745
slice14 start run  @clk      720745
slice15 start run  @clk      720745
slice8 compute config finish @clk      720748
slice9 compute config finish @clk      720748
slice10 compute config finish @clk      720748
slice11 compute config finish @clk      720748
slice8 start run  @clk      720749
slice9 start run  @clk      720749
slice10 start run  @clk      720749
slice11 start run  @clk      720749
slice4 compute config finish @clk      720752
slice5 compute config finish @clk      720752
slice6 compute config finish @clk      720752
slice7 compute config finish @clk      720752
slice4 start run  @clk      720753
slice5 start run  @clk      720753
slice6 start run  @clk      720753
slice7 start run  @clk      720753
slice0 compute config finish @clk      720758
slice1 compute config finish @clk      720758
slice2 compute config finish @clk      720758
slice3 compute config finish @clk      720758
slice0 start run @clk      720759
slice1 start run  @clk      720759
slice2 start run  @clk      720759
slice3 start run  @clk      720759
slice12 start prefetch  @clk      721101
slice13 start prefetch  @clk      721101
slice14 start prefetch  @clk      721101
slice15 start prefetch  @clk      721101
slice8 start prefetch  @clk      721105
slice9 start prefetch  @clk      721105
slice10 start prefetch  @clk      721105
slice11 start prefetch  @clk      721105
slice4 start prefetch  @clk      721109
slice5 start prefetch  @clk      721109
slice6 start prefetch  @clk      721109
slice7 start prefetch  @clk      721109
slice0 start prefetch @clk      721115
slice1 start prefetch  @clk      721115
slice2 start prefetch  @clk      721115
slice3 start prefetch  @clk      721115
slice12 access done  @clk      727104
slice13 access done  @clk      727104
slice14 access done  @clk      727104
slice15 access done  @clk      727104
slice12 start write  @clk      727105
slice13 start write  @clk      727105
slice14 start write  @clk      727105
slice15 start write  @clk      727105
slice12 write_burst finish  @clk      727106
slice13 write_burst finish  @clk      727106
slice14 write_burst finish  @clk      727106
slice15 write_burst finish  @clk      727106
slice8 access done  @clk      727108
slice9 access done  @clk      727108
slice10 access done  @clk      727108
slice11 access done  @clk      727108
slice12 task finish  @clk      727108
slice13 task finish  @clk      727108
slice14 task finish  @clk      727108
slice15 task finish  @clk      727108
slice8 start write  @clk      727109
slice9 start write  @clk      727109
slice10 start write  @clk      727109
slice11 start write  @clk      727109
slice8 write_burst finish  @clk      727110
slice9 write_burst finish  @clk      727110
slice10 write_burst finish  @clk      727110
slice11 write_burst finish  @clk      727110
slice4 access done  @clk      727112
slice5 access done  @clk      727112
slice6 access done  @clk      727112
slice7 access done  @clk      727112
slice8 task finish  @clk      727112
slice9 task finish  @clk      727112
slice10 task finish  @clk      727112
slice11 task finish  @clk      727112
slice4 start write  @clk      727113
slice5 start write  @clk      727113
slice6 start write  @clk      727113
slice7 start write  @clk      727113
slice4 write_burst finish  @clk      727114
slice5 write_burst finish  @clk      727114
slice6 write_burst finish  @clk      727114
slice7 write_burst finish  @clk      727114
slice4 task finish  @clk      727116
slice5 task finish  @clk      727116
slice6 task finish  @clk      727116
slice7 task finish  @clk      727116
slice0 access done @clk      727118
slice1 access done  @clk      727118
slice2 access done  @clk      727118
slice3 access done  @clk      727118
slice0 start write @clk      727119
slice1 start write  @clk      727119
slice2 start write  @clk      727119
slice3 start write  @clk      727119
slice0 write_burst finish @clk      727120
slice1 write_burst finish  @clk      727120
slice2 write_burst finish  @clk      727120
slice3 write_burst finish  @clk      727120
slice0 task finish @clk      727122
slice1 task finish  @clk      727122
slice2 task finish  @clk      727122
slice3 task finish  @clk      727122
slice12 prefetch finish  @clk      775066
slice13 prefetch finish  @clk      775100
slice14 prefetch finish  @clk      775134
slice15 prefetch finish  @clk      775168
slice8 prefetch finish  @clk      775474
slice9 prefetch finish  @clk      775508
slice10 prefetch finish  @clk      775542
slice11 prefetch finish  @clk      775576
slice4 prefetch finish  @clk      775746
slice5 prefetch finish  @clk      775780
slice6 prefetch finish  @clk      775814
slice7 prefetch finish  @clk      775848
slice0 prefetch finish @clk      775882
slice1 prefetch finish  @clk      775916
slice2 prefetch finish  @clk      775950
slice3 prefetch finish  @clk      775984
slice12 compute config finish @clk      776864
slice13 compute config finish @clk      776864
slice14 compute config finish @clk      776864
slice15 compute config finish @clk      776864
slice12 start run  @clk      776865
slice13 start run  @clk      776865
slice14 start run  @clk      776865
slice15 start run  @clk      776865
slice8 compute config finish @clk      776868
slice9 compute config finish @clk      776868
slice10 compute config finish @clk      776868
slice11 compute config finish @clk      776868
slice8 start run  @clk      776869
slice9 start run  @clk      776869
slice10 start run  @clk      776869
slice11 start run  @clk      776869
slice4 compute config finish @clk      776872
slice5 compute config finish @clk      776872
slice6 compute config finish @clk      776872
slice7 compute config finish @clk      776872
slice4 start run  @clk      776873
slice5 start run  @clk      776873
slice6 start run  @clk      776873
slice7 start run  @clk      776873
slice0 compute config finish @clk      776878
slice1 compute config finish @clk      776878
slice2 compute config finish @clk      776878
slice3 compute config finish @clk      776878
slice0 start run @clk      776879
slice1 start run  @clk      776879
slice2 start run  @clk      776879
slice3 start run  @clk      776879
slice12 start prefetch  @clk      777221
slice13 start prefetch  @clk      777221
slice14 start prefetch  @clk      777221
slice15 start prefetch  @clk      777221
slice8 start prefetch  @clk      777225
slice9 start prefetch  @clk      777225
slice10 start prefetch  @clk      777225
slice11 start prefetch  @clk      777225
slice4 start prefetch  @clk      777229
slice5 start prefetch  @clk      777229
slice6 start prefetch  @clk      777229
slice7 start prefetch  @clk      777229
slice0 start prefetch @clk      777235
slice1 start prefetch  @clk      777235
slice2 start prefetch  @clk      777235
slice3 start prefetch  @clk      777235
slice12 access done  @clk      783224
slice13 access done  @clk      783224
slice14 access done  @clk      783224
slice15 access done  @clk      783224
slice12 start write  @clk      783225
slice13 start write  @clk      783225
slice14 start write  @clk      783225
slice15 start write  @clk      783225
slice12 write_burst finish  @clk      783226
slice13 write_burst finish  @clk      783226
slice14 write_burst finish  @clk      783226
slice15 write_burst finish  @clk      783226
slice8 access done  @clk      783228
slice9 access done  @clk      783228
slice10 access done  @clk      783228
slice11 access done  @clk      783228
slice12 task finish  @clk      783228
slice13 task finish  @clk      783228
slice14 task finish  @clk      783228
slice15 task finish  @clk      783228
slice8 start write  @clk      783229
slice9 start write  @clk      783229
slice10 start write  @clk      783229
slice11 start write  @clk      783229
slice8 write_burst finish  @clk      783230
slice9 write_burst finish  @clk      783230
slice10 write_burst finish  @clk      783230
slice11 write_burst finish  @clk      783230
slice4 access done  @clk      783232
slice5 access done  @clk      783232
slice6 access done  @clk      783232
slice7 access done  @clk      783232
slice8 task finish  @clk      783232
slice9 task finish  @clk      783232
slice10 task finish  @clk      783232
slice11 task finish  @clk      783232
slice4 start write  @clk      783233
slice5 start write  @clk      783233
slice6 start write  @clk      783233
slice7 start write  @clk      783233
slice4 write_burst finish  @clk      783234
slice5 write_burst finish  @clk      783234
slice6 write_burst finish  @clk      783234
slice7 write_burst finish  @clk      783234
slice4 task finish  @clk      783236
slice5 task finish  @clk      783236
slice6 task finish  @clk      783236
slice7 task finish  @clk      783236
slice0 access done @clk      783238
slice1 access done  @clk      783238
slice2 access done  @clk      783238
slice3 access done  @clk      783238
slice0 start write @clk      783239
slice1 start write  @clk      783239
slice2 start write  @clk      783239
slice3 start write  @clk      783239
slice0 write_burst finish @clk      783240
slice1 write_burst finish  @clk      783240
slice2 write_burst finish  @clk      783240
slice3 write_burst finish  @clk      783240
slice0 task finish @clk      783242
slice1 task finish  @clk      783242
slice2 task finish  @clk      783242
slice3 task finish  @clk      783242
slice12 prefetch finish  @clk      831186
slice13 prefetch finish  @clk      831220
slice14 prefetch finish  @clk      831254
slice15 prefetch finish  @clk      831288
slice8 prefetch finish  @clk      831594
slice9 prefetch finish  @clk      831628
slice10 prefetch finish  @clk      831662
slice11 prefetch finish  @clk      831696
slice4 prefetch finish  @clk      831866
slice5 prefetch finish  @clk      831900
slice6 prefetch finish  @clk      831934
slice7 prefetch finish  @clk      831968
slice0 prefetch finish @clk      832002
slice1 prefetch finish  @clk      832036
slice2 prefetch finish  @clk      832070
slice3 prefetch finish  @clk      832104
slice12 compute config finish @clk      832984
slice13 compute config finish @clk      832984
slice14 compute config finish @clk      832984
slice15 compute config finish @clk      832984
slice12 start run  @clk      832985
slice13 start run  @clk      832985
slice14 start run  @clk      832985
slice15 start run  @clk      832985
slice8 compute config finish @clk      832988
slice9 compute config finish @clk      832988
slice10 compute config finish @clk      832988
slice11 compute config finish @clk      832988
slice8 start run  @clk      832989
slice9 start run  @clk      832989
slice10 start run  @clk      832989
slice11 start run  @clk      832989
slice4 compute config finish @clk      832992
slice5 compute config finish @clk      832992
slice6 compute config finish @clk      832992
slice7 compute config finish @clk      832992
slice4 start run  @clk      832993
slice5 start run  @clk      832993
slice6 start run  @clk      832993
slice7 start run  @clk      832993
slice0 compute config finish @clk      832998
slice1 compute config finish @clk      832998
slice2 compute config finish @clk      832998
slice3 compute config finish @clk      832998
slice0 start run @clk      832999
slice1 start run  @clk      832999
slice2 start run  @clk      832999
slice3 start run  @clk      832999
slice12 start prefetch  @clk      833341
slice13 start prefetch  @clk      833341
slice14 start prefetch  @clk      833341
slice15 start prefetch  @clk      833341
slice8 start prefetch  @clk      833345
slice9 start prefetch  @clk      833345
slice10 start prefetch  @clk      833345
slice11 start prefetch  @clk      833345
slice4 start prefetch  @clk      833349
slice5 start prefetch  @clk      833349
slice6 start prefetch  @clk      833349
slice7 start prefetch  @clk      833349
slice0 start prefetch @clk      833355
slice1 start prefetch  @clk      833355
slice2 start prefetch  @clk      833355
slice3 start prefetch  @clk      833355
slice12 access done  @clk      839344
slice13 access done  @clk      839344
slice14 access done  @clk      839344
slice15 access done  @clk      839344
slice12 start write  @clk      839345
slice13 start write  @clk      839345
slice14 start write  @clk      839345
slice15 start write  @clk      839345
slice12 write_burst finish  @clk      839346
slice13 write_burst finish  @clk      839346
slice14 write_burst finish  @clk      839346
slice15 write_burst finish  @clk      839346
slice8 access done  @clk      839348
slice9 access done  @clk      839348
slice10 access done  @clk      839348
slice11 access done  @clk      839348
slice12 task finish  @clk      839348
slice13 task finish  @clk      839348
slice14 task finish  @clk      839348
slice15 task finish  @clk      839348
slice8 start write  @clk      839349
slice9 start write  @clk      839349
slice10 start write  @clk      839349
slice11 start write  @clk      839349
slice8 write_burst finish  @clk      839350
slice9 write_burst finish  @clk      839350
slice10 write_burst finish  @clk      839350
slice11 write_burst finish  @clk      839350
slice4 access done  @clk      839352
slice5 access done  @clk      839352
slice6 access done  @clk      839352
slice7 access done  @clk      839352
slice8 task finish  @clk      839352
slice9 task finish  @clk      839352
slice10 task finish  @clk      839352
slice11 task finish  @clk      839352
slice4 start write  @clk      839353
slice5 start write  @clk      839353
slice6 start write  @clk      839353
slice7 start write  @clk      839353
slice4 write_burst finish  @clk      839354
slice5 write_burst finish  @clk      839354
slice6 write_burst finish  @clk      839354
slice7 write_burst finish  @clk      839354
slice4 task finish  @clk      839356
slice5 task finish  @clk      839356
slice6 task finish  @clk      839356
slice7 task finish  @clk      839356
slice0 access done @clk      839358
slice1 access done  @clk      839358
slice2 access done  @clk      839358
slice3 access done  @clk      839358
slice0 start write @clk      839359
slice1 start write  @clk      839359
slice2 start write  @clk      839359
slice3 start write  @clk      839359
slice0 write_burst finish @clk      839360
slice1 write_burst finish  @clk      839360
slice2 write_burst finish  @clk      839360
slice3 write_burst finish  @clk      839360
slice0 task finish @clk      839362
slice1 task finish  @clk      839362
slice2 task finish  @clk      839362
slice3 task finish  @clk      839362
slice12 prefetch finish  @clk      850824
slice13 prefetch finish  @clk      850858
slice14 prefetch finish  @clk      850892
slice15 prefetch finish  @clk      850926
slice8 prefetch finish  @clk      851232
slice9 prefetch finish  @clk      851266
slice10 prefetch finish  @clk      851300
slice11 prefetch finish  @clk      851334
slice4 prefetch finish  @clk      851504
slice5 prefetch finish  @clk      851538
slice6 prefetch finish  @clk      851572
slice7 prefetch finish  @clk      851606
slice0 prefetch finish @clk      851640
slice1 prefetch finish  @clk      851674
slice2 prefetch finish  @clk      851708
slice3 prefetch finish  @clk      851742
slice12 compute config finish @clk      852622
slice13 compute config finish @clk      852622
slice14 compute config finish @clk      852622
slice15 compute config finish @clk      852622
slice12 start run  @clk      852623
slice13 start run  @clk      852623
slice14 start run  @clk      852623
slice15 start run  @clk      852623
slice8 compute config finish @clk      852626
slice9 compute config finish @clk      852626
slice10 compute config finish @clk      852626
slice11 compute config finish @clk      852626
slice8 start run  @clk      852627
slice9 start run  @clk      852627
slice10 start run  @clk      852627
slice11 start run  @clk      852627
slice4 compute config finish @clk      852630
slice5 compute config finish @clk      852630
slice6 compute config finish @clk      852630
slice7 compute config finish @clk      852630
slice4 start run  @clk      852631
slice5 start run  @clk      852631
slice6 start run  @clk      852631
slice7 start run  @clk      852631
slice0 compute config finish @clk      852636
slice1 compute config finish @clk      852636
slice2 compute config finish @clk      852636
slice3 compute config finish @clk      852636
slice0 start run @clk      852637
slice1 start run  @clk      852637
slice2 start run  @clk      852637
slice3 start run  @clk      852637
slice12 start prefetch  @clk      852979
slice13 start prefetch  @clk      852979
slice14 start prefetch  @clk      852979
slice15 start prefetch  @clk      852979
slice8 start prefetch  @clk      852983
slice9 start prefetch  @clk      852983
slice10 start prefetch  @clk      852983
slice11 start prefetch  @clk      852983
slice4 start prefetch  @clk      852987
slice5 start prefetch  @clk      852987
slice6 start prefetch  @clk      852987
slice7 start prefetch  @clk      852987
slice0 start prefetch @clk      852993
slice1 start prefetch  @clk      852993
slice2 start prefetch  @clk      852993
slice3 start prefetch  @clk      852993
slice12 access done  @clk      855398
slice13 access done  @clk      855398
slice14 access done  @clk      855398
slice15 access done  @clk      855398
slice12 start write  @clk      855399
slice13 start write  @clk      855399
slice14 start write  @clk      855399
slice15 start write  @clk      855399
slice8 access done  @clk      855402
slice9 access done  @clk      855402
slice10 access done  @clk      855402
slice11 access done  @clk      855402
slice8 start write  @clk      855403
slice9 start write  @clk      855403
slice10 start write  @clk      855403
slice11 start write  @clk      855403
slice4 access done  @clk      855406
slice5 access done  @clk      855406
slice6 access done  @clk      855406
slice7 access done  @clk      855406
slice4 start write  @clk      855407
slice5 start write  @clk      855407
slice6 start write  @clk      855407
slice7 start write  @clk      855407
slice0 access done @clk      855412
slice1 access done  @clk      855412
slice2 access done  @clk      855412
slice3 access done  @clk      855412
slice0 start write @clk      855413
slice1 start write  @clk      855413
slice2 start write  @clk      855413
slice3 start write  @clk      855413
slice12 prefetch finish  @clk      870462
slice13 prefetch finish  @clk      870496
slice14 prefetch finish  @clk      870530
slice15 prefetch finish  @clk      870564
slice8 prefetch finish  @clk      870870
slice9 prefetch finish  @clk      870904
slice10 prefetch finish  @clk      870938
slice11 prefetch finish  @clk      870972
slice4 prefetch finish  @clk      871142
slice5 prefetch finish  @clk      871176
slice6 prefetch finish  @clk      871210
slice7 prefetch finish  @clk      871244
slice0 prefetch finish @clk      871278
slice1 prefetch finish  @clk      871312
slice2 prefetch finish  @clk      871346
slice3 prefetch finish  @clk      871380
slice12 compute config finish @clk      872260
slice13 compute config finish @clk      872260
slice14 compute config finish @clk      872260
slice15 compute config finish @clk      872260
slice8 compute config finish @clk      872264
slice9 compute config finish @clk      872264
slice10 compute config finish @clk      872264
slice11 compute config finish @clk      872264
slice4 compute config finish @clk      872268
slice5 compute config finish @clk      872268
slice6 compute config finish @clk      872268
slice7 compute config finish @clk      872268
slice0 compute config finish @clk      872274
slice1 compute config finish @clk      872274
slice2 compute config finish @clk      872274
slice3 compute config finish @clk      872274
slice12 write_burst finish  @clk      887388
slice12 task finish  @clk      887390
slice12 start run  @clk      887394
slice13 write_burst finish  @clk      887410
slice13 task finish  @clk      887412
slice13 start run  @clk      887427
slice14 write_burst finish  @clk      887432
slice14 task finish  @clk      887434
slice14 start run  @clk      887444
slice15 write_burst finish  @clk      887454
slice15 task finish  @clk      887456
slice15 start run  @clk      887461
slice8 write_burst finish  @clk      887916
slice8 task finish  @clk      887918
slice8 start run  @clk      887934
slice9 write_burst finish  @clk      888180
slice9 task finish  @clk      888182
slice9 start run  @clk      888191
slice10 write_burst finish  @clk      888202
slice10 task finish  @clk      888204
slice10 start run  @clk      888208
slice11 write_burst finish  @clk      888224
slice11 task finish  @clk      888226
slice11 start run  @clk      888241
slice4 write_burst finish  @clk      888334
slice4 task finish  @clk      888336
slice4 start run  @clk      888346
slice5 write_burst finish  @clk      888356
slice5 task finish  @clk      888358
slice5 start run  @clk      888363
slice6 write_burst finish  @clk      888378
slice6 task finish  @clk      888380
slice6 start run  @clk      888396
slice7 write_burst finish  @clk      888400
slice7 task finish  @clk      888402
slice7 start run  @clk      888413
slice0 write_burst finish @clk      888422
slice0 task finish @clk      888424
slice0 start run @clk      888438
slice1 write_burst finish  @clk      888444
slice1 task finish  @clk      888446
slice1 start run  @clk      888455
slice2 write_burst finish  @clk      888466
slice2 task finish  @clk      888468
slice2 start run  @clk      888472
slice3 write_burst finish  @clk      888488
slice3 task finish  @clk      888490
slice3 start run  @clk      888505
slice12 access done  @clk      890169
slice12 start write  @clk      890170
slice13 access done  @clk      890202
slice13 start write  @clk      890203
slice14 access done  @clk      890219
slice14 start write  @clk      890220
slice15 access done  @clk      890236
slice15 start write  @clk      890237
slice8 access done  @clk      890709
slice8 start write  @clk      890710
slice9 access done  @clk      890966
slice9 start write  @clk      890967
slice10 access done  @clk      890983
slice10 start write  @clk      890984
slice11 access done  @clk      891016
slice11 start write  @clk      891017
slice4 access done  @clk      891121
slice4 start write  @clk      891122
slice5 access done  @clk      891138
slice5 start write  @clk      891139
slice6 access done  @clk      891171
slice6 start write  @clk      891172
slice7 access done  @clk      891188
slice7 start write  @clk      891189
slice0 access done @clk      891213
slice0 start write @clk      891214
slice1 access done  @clk      891230
slice1 start write  @clk      891231
slice2 access done  @clk      891247
slice2 start write  @clk      891248
slice3 access done  @clk      891280
slice3 start write  @clk      891281
slice12 write_burst finish  @clk      903796
slice12 task finish  @clk      903798
slice13 write_burst finish  @clk      904478
slice13 task finish  @clk      904480
slice14 write_burst finish  @clk      904808
slice14 task finish  @clk      904810
slice15 write_burst finish  @clk      904830
slice15 task finish  @clk      904832
slice8 write_burst finish  @clk      906348
slice8 task finish  @clk      906350
slice9 write_burst finish  @clk      906854
slice9 task finish  @clk      906856
slice10 write_burst finish  @clk      907096
slice10 task finish  @clk      907098
slice11 write_burst finish  @clk      907118
slice11 task finish  @clk      907120
slice4 write_burst finish  @clk      907228
slice4 task finish  @clk      907230
slice5 write_burst finish  @clk      907250
slice5 task finish  @clk      907252
slice6 write_burst finish  @clk      907272
slice6 task finish  @clk      907274
slice7 write_burst finish  @clk      907294
slice7 task finish  @clk      907296
slice0 write_burst finish @clk      907316
slice0 task finish @clk      907318
slice1 write_burst finish  @clk      907338
slice1 task finish  @clk      907340
slice2 write_burst finish  @clk      907360
slice2 task finish  @clk      907362
slice3 write_burst finish  @clk      907382
slice3 task finish  @clk      907384
