slice12 start prefetch  @clk      218739
slice13 start prefetch  @clk      218739
slice14 start prefetch  @clk      218739
slice15 start prefetch  @clk      218739
slice8 start prefetch  @clk      218743
slice9 start prefetch  @clk      218743
slice10 start prefetch  @clk      218743
slice11 start prefetch  @clk      218743
slice4 start prefetch  @clk      218747
slice5 start prefetch  @clk      218747
slice6 start prefetch  @clk      218747
slice7 start prefetch  @clk      218747
slice0 start prefetch @clk      218753
slice1 start prefetch  @clk      218753
slice2 start prefetch  @clk      218753
slice3 start prefetch  @clk      218753
slice12 prefetch finish  @clk      327291
slice13 prefetch finish  @clk      327297
slice14 prefetch finish  @clk      327303
slice15 prefetch finish  @clk      327309
slice8 prefetch finish  @clk      327363
slice9 prefetch finish  @clk      327369
slice10 prefetch finish  @clk      327375
slice11 prefetch finish  @clk      327381
slice4 prefetch finish  @clk      327411
slice5 prefetch finish  @clk      327417
slice6 prefetch finish  @clk      327423
slice7 prefetch finish  @clk      327429
slice0 prefetch finish @clk      327435
slice1 prefetch finish  @clk      327441
slice2 prefetch finish  @clk      327447
slice3 prefetch finish  @clk      327453
slice12 compute config finish @clk      328470
slice13 compute config finish @clk      328470
slice14 compute config finish @clk      328470
slice15 compute config finish @clk      328470
slice12 start run  @clk      328471
slice13 start run  @clk      328471
slice14 start run  @clk      328471
slice15 start run  @clk      328471
slice8 compute config finish @clk      328474
slice9 compute config finish @clk      328474
slice10 compute config finish @clk      328474
slice11 compute config finish @clk      328474
slice8 start run  @clk      328475
slice9 start run  @clk      328475
slice10 start run  @clk      328475
slice11 start run  @clk      328475
slice4 compute config finish @clk      328478
slice5 compute config finish @clk      328478
slice6 compute config finish @clk      328478
slice7 compute config finish @clk      328478
slice4 start run  @clk      328479
slice5 start run  @clk      328479
slice6 start run  @clk      328479
slice7 start run  @clk      328479
slice0 compute config finish @clk      328484
slice1 compute config finish @clk      328484
slice2 compute config finish @clk      328484
slice3 compute config finish @clk      328484
slice0 start run @clk      328485
slice1 start run  @clk      328485
slice2 start run  @clk      328485
slice3 start run  @clk      328485
slice12 start prefetch  @clk      328827
slice13 start prefetch  @clk      328827
slice14 start prefetch  @clk      328827
slice15 start prefetch  @clk      328827
slice8 start prefetch  @clk      328831
slice9 start prefetch  @clk      328831
slice10 start prefetch  @clk      328831
slice11 start prefetch  @clk      328831
slice4 start prefetch  @clk      328835
slice5 start prefetch  @clk      328835
slice6 start prefetch  @clk      328835
slice7 start prefetch  @clk      328835
slice0 start prefetch @clk      328841
slice1 start prefetch  @clk      328841
slice2 start prefetch  @clk      328841
slice3 start prefetch  @clk      328841
slice12 access done  @clk      334002
slice13 access done  @clk      334002
slice14 access done  @clk      334002
slice15 access done  @clk      334002
slice12 start write  @clk      334003
slice13 start write  @clk      334003
slice14 start write  @clk      334003
slice15 start write  @clk      334003
slice12 write_burst finish  @clk      334004
slice13 write_burst finish  @clk      334004
slice14 write_burst finish  @clk      334004
slice15 write_burst finish  @clk      334004
slice8 access done  @clk      334006
slice9 access done  @clk      334006
slice10 access done  @clk      334006
slice11 access done  @clk      334006
slice12 task finish  @clk      334006
slice13 task finish  @clk      334006
slice14 task finish  @clk      334006
slice15 task finish  @clk      334006
slice8 start write  @clk      334007
slice9 start write  @clk      334007
slice10 start write  @clk      334007
slice11 start write  @clk      334007
slice8 write_burst finish  @clk      334008
slice9 write_burst finish  @clk      334008
slice10 write_burst finish  @clk      334008
slice11 write_burst finish  @clk      334008
slice4 access done  @clk      334010
slice5 access done  @clk      334010
slice6 access done  @clk      334010
slice7 access done  @clk      334010
slice8 task finish  @clk      334010
slice9 task finish  @clk      334010
slice10 task finish  @clk      334010
slice11 task finish  @clk      334010
slice4 start write  @clk      334011
slice5 start write  @clk      334011
slice6 start write  @clk      334011
slice7 start write  @clk      334011
slice4 write_burst finish  @clk      334012
slice5 write_burst finish  @clk      334012
slice6 write_burst finish  @clk      334012
slice7 write_burst finish  @clk      334012
slice4 task finish  @clk      334014
slice5 task finish  @clk      334014
slice6 task finish  @clk      334014
slice7 task finish  @clk      334014
slice0 access done @clk      334016
slice1 access done  @clk      334016
slice2 access done  @clk      334016
slice3 access done  @clk      334016
slice0 start write @clk      334017
slice1 start write  @clk      334017
slice2 start write  @clk      334017
slice3 start write  @clk      334017
slice0 write_burst finish @clk      334018
slice1 write_burst finish  @clk      334018
slice2 write_burst finish  @clk      334018
slice3 write_burst finish  @clk      334018
slice0 task finish @clk      334020
slice1 task finish  @clk      334020
slice2 task finish  @clk      334020
slice3 task finish  @clk      334020
slice12 prefetch finish  @clk      409777
slice13 prefetch finish  @clk      409783
slice14 prefetch finish  @clk      409789
slice15 prefetch finish  @clk      409795
slice8 prefetch finish  @clk      409849
slice9 prefetch finish  @clk      409855
slice10 prefetch finish  @clk      409861
slice11 prefetch finish  @clk      409867
slice4 prefetch finish  @clk      409897
slice5 prefetch finish  @clk      409903
slice6 prefetch finish  @clk      409909
slice7 prefetch finish  @clk      409915
slice0 prefetch finish @clk      409921
slice1 prefetch finish  @clk      409927
slice2 prefetch finish  @clk      409933
slice3 prefetch finish  @clk      409939
slice12 compute config finish @clk      410820
slice13 compute config finish @clk      410820
slice14 compute config finish @clk      410820
slice15 compute config finish @clk      410820
slice12 start run  @clk      410821
slice13 start run  @clk      410821
slice14 start run  @clk      410821
slice15 start run  @clk      410821
slice8 compute config finish @clk      410824
slice9 compute config finish @clk      410824
slice10 compute config finish @clk      410824
slice11 compute config finish @clk      410824
slice8 start run  @clk      410825
slice9 start run  @clk      410825
slice10 start run  @clk      410825
slice11 start run  @clk      410825
slice4 compute config finish @clk      410828
slice5 compute config finish @clk      410828
slice6 compute config finish @clk      410828
slice7 compute config finish @clk      410828
slice4 start run  @clk      410829
slice5 start run  @clk      410829
slice6 start run  @clk      410829
slice7 start run  @clk      410829
slice0 compute config finish @clk      410834
slice1 compute config finish @clk      410834
slice2 compute config finish @clk      410834
slice3 compute config finish @clk      410834
slice0 start run @clk      410835
slice1 start run  @clk      410835
slice2 start run  @clk      410835
slice3 start run  @clk      410835
slice12 start prefetch  @clk      411177
slice13 start prefetch  @clk      411177
slice14 start prefetch  @clk      411177
slice15 start prefetch  @clk      411177
slice8 start prefetch  @clk      411181
slice9 start prefetch  @clk      411181
slice10 start prefetch  @clk      411181
slice11 start prefetch  @clk      411181
slice4 start prefetch  @clk      411185
slice5 start prefetch  @clk      411185
slice6 start prefetch  @clk      411185
slice7 start prefetch  @clk      411185
slice0 start prefetch @clk      411191
slice1 start prefetch  @clk      411191
slice2 start prefetch  @clk      411191
slice3 start prefetch  @clk      411191
slice12 access done  @clk      415172
slice13 access done  @clk      415172
slice14 access done  @clk      415172
slice15 access done  @clk      415172
slice12 start write  @clk      415173
slice13 start write  @clk      415173
slice14 start write  @clk      415173
slice15 start write  @clk      415173
slice12 write_burst finish  @clk      415174
slice13 write_burst finish  @clk      415174
slice14 write_burst finish  @clk      415174
slice15 write_burst finish  @clk      415174
slice8 access done  @clk      415176
slice9 access done  @clk      415176
slice10 access done  @clk      415176
slice11 access done  @clk      415176
slice12 task finish  @clk      415176
slice13 task finish  @clk      415176
slice14 task finish  @clk      415176
slice15 task finish  @clk      415176
slice8 start write  @clk      415177
slice9 start write  @clk      415177
slice10 start write  @clk      415177
slice11 start write  @clk      415177
slice8 write_burst finish  @clk      415178
slice9 write_burst finish  @clk      415178
slice10 write_burst finish  @clk      415178
slice11 write_burst finish  @clk      415178
slice4 access done  @clk      415180
slice5 access done  @clk      415180
slice6 access done  @clk      415180
slice7 access done  @clk      415180
slice8 task finish  @clk      415180
slice9 task finish  @clk      415180
slice10 task finish  @clk      415180
slice11 task finish  @clk      415180
slice4 start write  @clk      415181
slice5 start write  @clk      415181
slice6 start write  @clk      415181
slice7 start write  @clk      415181
slice4 write_burst finish  @clk      415182
slice5 write_burst finish  @clk      415182
slice6 write_burst finish  @clk      415182
slice7 write_burst finish  @clk      415182
slice4 task finish  @clk      415184
slice5 task finish  @clk      415184
slice6 task finish  @clk      415184
slice7 task finish  @clk      415184
slice0 access done @clk      415186
slice1 access done  @clk      415186
slice2 access done  @clk      415186
slice3 access done  @clk      415186
slice0 start write @clk      415187
slice1 start write  @clk      415187
slice2 start write  @clk      415187
slice3 start write  @clk      415187
slice0 write_burst finish @clk      415188
slice1 write_burst finish  @clk      415188
slice2 write_burst finish  @clk      415188
slice3 write_burst finish  @clk      415188
slice0 task finish @clk      415190
slice1 task finish  @clk      415190
slice2 task finish  @clk      415190
slice3 task finish  @clk      415190
slice12 prefetch finish  @clk      448096
slice13 prefetch finish  @clk      448102
slice14 prefetch finish  @clk      448108
slice15 prefetch finish  @clk      448114
slice8 prefetch finish  @clk      448168
slice9 prefetch finish  @clk      448174
slice10 prefetch finish  @clk      448180
slice11 prefetch finish  @clk      448186
slice4 prefetch finish  @clk      448216
slice5 prefetch finish  @clk      448222
slice6 prefetch finish  @clk      448228
slice7 prefetch finish  @clk      448234
slice0 prefetch finish @clk      448240
slice1 prefetch finish  @clk      448246
slice2 prefetch finish  @clk      448252
slice3 prefetch finish  @clk      448258
slice12 compute config finish @clk      449138
slice13 compute config finish @clk      449138
slice14 compute config finish @clk      449138
slice15 compute config finish @clk      449138
slice12 start run  @clk      449139
slice13 start run  @clk      449139
slice14 start run  @clk      449139
slice15 start run  @clk      449139
slice8 compute config finish @clk      449142
slice9 compute config finish @clk      449142
slice10 compute config finish @clk      449142
slice11 compute config finish @clk      449142
slice8 start run  @clk      449143
slice9 start run  @clk      449143
slice10 start run  @clk      449143
slice11 start run  @clk      449143
slice4 compute config finish @clk      449146
slice5 compute config finish @clk      449146
slice6 compute config finish @clk      449146
slice7 compute config finish @clk      449146
slice4 start run  @clk      449147
slice5 start run  @clk      449147
slice6 start run  @clk      449147
slice7 start run  @clk      449147
slice0 compute config finish @clk      449152
slice1 compute config finish @clk      449152
slice2 compute config finish @clk      449152
slice3 compute config finish @clk      449152
slice0 start run @clk      449153
slice1 start run  @clk      449153
slice2 start run  @clk      449153
slice3 start run  @clk      449153
slice12 start prefetch  @clk      449495
slice13 start prefetch  @clk      449495
slice14 start prefetch  @clk      449495
slice15 start prefetch  @clk      449495
slice8 start prefetch  @clk      449499
slice9 start prefetch  @clk      449499
slice10 start prefetch  @clk      449499
slice11 start prefetch  @clk      449499
slice4 start prefetch  @clk      449503
slice5 start prefetch  @clk      449503
slice6 start prefetch  @clk      449503
slice7 start prefetch  @clk      449503
slice0 start prefetch @clk      449509
slice1 start prefetch  @clk      449509
slice2 start prefetch  @clk      449509
slice3 start prefetch  @clk      449509
slice12 access done  @clk      454670
slice13 access done  @clk      454670
slice14 access done  @clk      454670
slice15 access done  @clk      454670
slice12 start write  @clk      454671
slice13 start write  @clk      454671
slice14 start write  @clk      454671
slice15 start write  @clk      454671
slice8 access done  @clk      454674
slice9 access done  @clk      454674
slice10 access done  @clk      454674
slice11 access done  @clk      454674
slice8 start write  @clk      454675
slice9 start write  @clk      454675
slice10 start write  @clk      454675
slice11 start write  @clk      454675
slice4 access done  @clk      454678
slice5 access done  @clk      454678
slice6 access done  @clk      454678
slice7 access done  @clk      454678
slice4 start write  @clk      454679
slice5 start write  @clk      454679
slice6 start write  @clk      454679
slice7 start write  @clk      454679
slice0 access done @clk      454684
slice1 access done  @clk      454684
slice2 access done  @clk      454684
slice3 access done  @clk      454684
slice0 start write @clk      454685
slice1 start write  @clk      454685
slice2 start write  @clk      454685
slice3 start write  @clk      454685
slice12 prefetch finish  @clk      477198
slice13 prefetch finish  @clk      477204
slice14 prefetch finish  @clk      477210
slice15 prefetch finish  @clk      477216
slice8 prefetch finish  @clk      477286
slice9 prefetch finish  @clk      477308
slice10 prefetch finish  @clk      477330
slice11 prefetch finish  @clk      477352
slice4 prefetch finish  @clk      477406
slice5 prefetch finish  @clk      477414
slice6 prefetch finish  @clk      477436
slice7 prefetch finish  @clk      477444
slice0 prefetch finish @clk      477452
slice1 prefetch finish  @clk      477474
slice2 prefetch finish  @clk      477482
slice3 prefetch finish  @clk      477490
slice12 compute config finish @clk      478386
slice13 compute config finish @clk      478386
slice14 compute config finish @clk      478386
slice15 compute config finish @clk      478386
slice8 compute config finish @clk      478390
slice9 compute config finish @clk      478390
slice10 compute config finish @clk      478390
slice11 compute config finish @clk      478390
slice4 compute config finish @clk      478394
slice5 compute config finish @clk      478394
slice6 compute config finish @clk      478394
slice7 compute config finish @clk      478394
slice0 compute config finish @clk      478400
slice1 compute config finish @clk      478400
slice2 compute config finish @clk      478400
slice3 compute config finish @clk      478400
slice12 write_burst finish  @clk      549107
slice12 task finish  @clk      549109
slice13 write_burst finish  @clk      549115
slice13 task finish  @clk      549117
slice12 start run  @clk      549122
slice13 start run  @clk      549123
slice14 write_burst finish  @clk      549123
slice14 task finish  @clk      549125
slice14 start run  @clk      549140
slice15 write_burst finish  @clk      549235
slice15 task finish  @clk      549237
slice15 start run  @clk      549253
slice8 write_burst finish  @clk      549307
slice8 task finish  @clk      549309
slice8 start run  @clk      549310
slice9 write_burst finish  @clk      549315
slice9 task finish  @clk      549317
slice9 start run  @clk      549327
slice10 write_burst finish  @clk      549403
slice10 task finish  @clk      549405
slice10 start run  @clk      549408
slice11 write_burst finish  @clk      549411
slice11 task finish  @clk      549413
slice11 start run  @clk      549425
slice4 write_burst finish  @clk      549457
slice4 task finish  @clk      549459
slice5 write_burst finish  @clk      549465
slice4 start run  @clk      549466
slice5 task finish  @clk      549467
slice6 write_burst finish  @clk      549473
slice6 task finish  @clk      549475
slice7 write_burst finish  @clk      549481
slice0 write_burst finish @clk      549482
slice5 start run  @clk      549483
slice7 task finish  @clk      549483
slice6 start run  @clk      549484
slice0 task finish @clk      549484
slice7 start run  @clk      549485
slice1 write_burst finish  @clk      549491
slice1 task finish  @clk      549493
slice0 start run @clk      549494
slice1 start run  @clk      549495
slice2 write_burst finish  @clk      549499
slice2 task finish  @clk      549501
slice3 write_burst finish  @clk      549507
slice3 task finish  @clk      549509
slice2 start run  @clk      549512
slice3 start run  @clk      549513
slice12 start prefetch  @clk      549779
slice13 start prefetch  @clk      549779
slice14 start prefetch  @clk      549779
slice15 start prefetch  @clk      549779
slice8 start prefetch  @clk      549783
slice9 start prefetch  @clk      549783
slice10 start prefetch  @clk      549783
slice11 start prefetch  @clk      549783
slice4 start prefetch  @clk      549787
slice5 start prefetch  @clk      549787
slice6 start prefetch  @clk      549787
slice7 start prefetch  @clk      549787
slice0 start prefetch @clk      549793
slice1 start prefetch  @clk      549793
slice2 start prefetch  @clk      549793
slice3 start prefetch  @clk      549793
slice12 access done  @clk      553473
slice13 access done  @clk      553474
slice12 start write  @clk      553474
slice13 start write  @clk      553475
slice14 access done  @clk      553491
slice14 start write  @clk      553492
slice15 access done  @clk      553604
slice15 start write  @clk      553605
slice8 access done  @clk      553661
slice8 start write  @clk      553662
slice9 access done  @clk      553678
slice9 start write  @clk      553679
slice10 access done  @clk      553759
slice10 start write  @clk      553760
slice11 access done  @clk      553776
slice11 start write  @clk      553777
slice4 access done  @clk      553817
slice4 start write  @clk      553818
slice5 access done  @clk      553834
slice6 access done  @clk      553835
slice5 start write  @clk      553835
slice7 access done  @clk      553836
slice6 start write  @clk      553836
slice7 start write  @clk      553837
slice0 access done @clk      553845
slice1 access done  @clk      553846
slice0 start write @clk      553846
slice1 start write  @clk      553847
slice2 access done  @clk      553863
slice3 access done  @clk      553864
slice2 start write  @clk      553864
slice3 start write  @clk      553865
slice12 prefetch finish  @clk      658377
slice13 prefetch finish  @clk      658383
slice14 prefetch finish  @clk      658389
slice15 prefetch finish  @clk      658395
slice8 prefetch finish  @clk      658465
slice9 prefetch finish  @clk      658487
slice10 prefetch finish  @clk      658509
slice11 prefetch finish  @clk      658531
slice4 prefetch finish  @clk      658585
slice5 prefetch finish  @clk      658593
slice6 prefetch finish  @clk      658615
slice7 prefetch finish  @clk      658623
slice0 prefetch finish @clk      658631
slice1 prefetch finish  @clk      658653
slice2 prefetch finish  @clk      658661
slice3 prefetch finish  @clk      658669
slice12 compute config finish @clk      659566
slice13 compute config finish @clk      659566
slice14 compute config finish @clk      659566
slice15 compute config finish @clk      659566
slice8 compute config finish @clk      659570
slice9 compute config finish @clk      659570
slice10 compute config finish @clk      659570
slice11 compute config finish @clk      659570
slice4 compute config finish @clk      659574
slice5 compute config finish @clk      659574
slice6 compute config finish @clk      659574
slice7 compute config finish @clk      659574
slice0 compute config finish @clk      659580
slice1 compute config finish @clk      659580
slice2 compute config finish @clk      659580
slice3 compute config finish @clk      659580
slice12 write_burst finish  @clk      705530
slice12 task finish  @clk      705532
slice13 write_burst finish  @clk      705533
slice13 task finish  @clk      705535
slice12 start run  @clk      705538
slice13 start run  @clk      705539
slice14 write_burst finish  @clk      705705
slice14 task finish  @clk      705707
slice14 start run  @clk      705716
slice15 write_burst finish  @clk      705727
slice15 task finish  @clk      705729
slice15 start run  @clk      705733
slice8 write_burst finish  @clk      705841
slice8 task finish  @clk      705843
slice8 start run  @clk      705854
slice9 write_burst finish  @clk      705863
slice9 task finish  @clk      705865
slice9 start run  @clk      705871
slice10 write_burst finish  @clk      705951
slice10 task finish  @clk      705953
slice11 write_burst finish  @clk      705959
slice11 task finish  @clk      705961
slice10 start run  @clk      705968
slice11 start run  @clk      705969
slice4 write_burst finish  @clk      706005
slice4 task finish  @clk      706007
slice4 start run  @clk      706010
slice5 write_burst finish  @clk      706013
slice5 task finish  @clk      706015
slice6 write_burst finish  @clk      706021
slice6 task finish  @clk      706023
slice5 start run  @clk      706027
slice6 start run  @clk      706028
slice7 write_burst finish  @clk      706029
slice0 write_burst finish @clk      706030
slice7 task finish  @clk      706031
slice0 task finish @clk      706032
slice0 start run @clk      706038
slice1 write_burst finish  @clk      706039
slice1 task finish  @clk      706041
slice7 start run  @clk      706045
slice2 write_burst finish  @clk      706047
slice2 task finish  @clk      706049
slice1 start run  @clk      706055
slice3 write_burst finish  @clk      706055
slice2 start run  @clk      706056
slice3 task finish  @clk      706057
slice3 start run  @clk      706073
slice12 start prefetch  @clk      706335
slice13 start prefetch  @clk      706335
slice14 start prefetch  @clk      706335
slice15 start prefetch  @clk      706335
slice8 start prefetch  @clk      706339
slice9 start prefetch  @clk      706339
slice10 start prefetch  @clk      706339
slice11 start prefetch  @clk      706339
slice4 start prefetch  @clk      706343
slice5 start prefetch  @clk      706343
slice6 start prefetch  @clk      706343
slice7 start prefetch  @clk      706343
slice0 start prefetch @clk      706349
slice1 start prefetch  @clk      706349
slice2 start prefetch  @clk      706349
slice3 start prefetch  @clk      706349
slice12 access done  @clk      711069
slice13 access done  @clk      711070
slice12 start write  @clk      711070
slice13 start write  @clk      711071
slice12 write_burst finish  @clk      711071
slice13 write_burst finish  @clk      711072
slice12 task finish  @clk      711073
slice13 task finish  @clk      711074
slice14 access done  @clk      711247
slice14 start write  @clk      711248
slice14 write_burst finish  @clk      711249
slice14 task finish  @clk      711251
slice15 access done  @clk      711264
slice15 start write  @clk      711265
slice15 write_burst finish  @clk      711266
slice15 task finish  @clk      711268
slice8 access done  @clk      711385
slice8 start write  @clk      711386
slice8 write_burst finish  @clk      711387
slice8 task finish  @clk      711389
slice9 access done  @clk      711402
slice9 start write  @clk      711403
slice9 write_burst finish  @clk      711404
slice9 task finish  @clk      711406
slice10 access done  @clk      711499
slice11 access done  @clk      711500
slice10 start write  @clk      711500
slice11 start write  @clk      711501
slice10 write_burst finish  @clk      711501
slice11 write_burst finish  @clk      711502
slice10 task finish  @clk      711503
slice11 task finish  @clk      711504
slice4 access done  @clk      711541
slice4 start write  @clk      711542
slice4 write_burst finish  @clk      711543
slice4 task finish  @clk      711545
slice5 access done  @clk      711558
slice6 access done  @clk      711559
slice5 start write  @clk      711559
slice6 start write  @clk      711560
slice5 write_burst finish  @clk      711560
slice6 write_burst finish  @clk      711561
slice5 task finish  @clk      711562
slice6 task finish  @clk      711563
slice0 access done @clk      711569
slice0 start write @clk      711570
slice0 write_burst finish @clk      711571
slice0 task finish @clk      711573
slice7 access done  @clk      711576
slice7 start write  @clk      711577
slice7 write_burst finish  @clk      711578
slice7 task finish  @clk      711580
slice1 access done  @clk      711586
slice2 access done  @clk      711587
slice1 start write  @clk      711587
slice2 start write  @clk      711588
slice1 write_burst finish  @clk      711588
slice2 write_burst finish  @clk      711589
slice1 task finish  @clk      711590
slice2 task finish  @clk      711591
slice3 access done  @clk      711604
slice3 start write  @clk      711605
slice3 write_burst finish  @clk      711606
slice3 task finish  @clk      711608
slice12 prefetch finish  @clk      787285
slice13 prefetch finish  @clk      787291
slice14 prefetch finish  @clk      787297
slice15 prefetch finish  @clk      787303
slice8 prefetch finish  @clk      787357
slice9 prefetch finish  @clk      787363
slice10 prefetch finish  @clk      787369
slice11 prefetch finish  @clk      787375
slice4 prefetch finish  @clk      787405
slice5 prefetch finish  @clk      787411
slice6 prefetch finish  @clk      787417
slice7 prefetch finish  @clk      787423
slice0 prefetch finish @clk      787429
slice1 prefetch finish  @clk      787435
slice2 prefetch finish  @clk      787441
slice3 prefetch finish  @clk      787447
slice12 compute config finish @clk      788328
slice13 compute config finish @clk      788328
slice14 compute config finish @clk      788328
slice15 compute config finish @clk      788328
slice12 start run  @clk      788329
slice13 start run  @clk      788329
slice14 start run  @clk      788329
slice15 start run  @clk      788329
slice8 compute config finish @clk      788332
slice9 compute config finish @clk      788332
slice10 compute config finish @clk      788332
slice11 compute config finish @clk      788332
slice8 start run  @clk      788333
slice9 start run  @clk      788333
slice10 start run  @clk      788333
slice11 start run  @clk      788333
slice4 compute config finish @clk      788336
slice5 compute config finish @clk      788336
slice6 compute config finish @clk      788336
slice7 compute config finish @clk      788336
slice4 start run  @clk      788337
slice5 start run  @clk      788337
slice6 start run  @clk      788337
slice7 start run  @clk      788337
slice0 compute config finish @clk      788342
slice1 compute config finish @clk      788342
slice2 compute config finish @clk      788342
slice3 compute config finish @clk      788342
slice0 start run @clk      788343
slice1 start run  @clk      788343
slice2 start run  @clk      788343
slice3 start run  @clk      788343
slice12 start prefetch  @clk      788685
slice13 start prefetch  @clk      788685
slice14 start prefetch  @clk      788685
slice15 start prefetch  @clk      788685
slice8 start prefetch  @clk      788689
slice9 start prefetch  @clk      788689
slice10 start prefetch  @clk      788689
slice11 start prefetch  @clk      788689
slice4 start prefetch  @clk      788693
slice5 start prefetch  @clk      788693
slice6 start prefetch  @clk      788693
slice7 start prefetch  @clk      788693
slice0 start prefetch @clk      788699
slice1 start prefetch  @clk      788699
slice2 start prefetch  @clk      788699
slice3 start prefetch  @clk      788699
slice12 access done  @clk      792680
slice13 access done  @clk      792680
slice14 access done  @clk      792680
slice15 access done  @clk      792680
slice12 start write  @clk      792681
slice13 start write  @clk      792681
slice14 start write  @clk      792681
slice15 start write  @clk      792681
slice12 write_burst finish  @clk      792682
slice13 write_burst finish  @clk      792682
slice14 write_burst finish  @clk      792682
slice15 write_burst finish  @clk      792682
slice8 access done  @clk      792684
slice9 access done  @clk      792684
slice10 access done  @clk      792684
slice11 access done  @clk      792684
slice12 task finish  @clk      792684
slice13 task finish  @clk      792684
slice14 task finish  @clk      792684
slice15 task finish  @clk      792684
slice8 start write  @clk      792685
slice9 start write  @clk      792685
slice10 start write  @clk      792685
slice11 start write  @clk      792685
slice8 write_burst finish  @clk      792686
slice9 write_burst finish  @clk      792686
slice10 write_burst finish  @clk      792686
slice11 write_burst finish  @clk      792686
slice4 access done  @clk      792688
slice5 access done  @clk      792688
slice6 access done  @clk      792688
slice7 access done  @clk      792688
slice8 task finish  @clk      792688
slice9 task finish  @clk      792688
slice10 task finish  @clk      792688
slice11 task finish  @clk      792688
slice4 start write  @clk      792689
slice5 start write  @clk      792689
slice6 start write  @clk      792689
slice7 start write  @clk      792689
slice4 write_burst finish  @clk      792690
slice5 write_burst finish  @clk      792690
slice6 write_burst finish  @clk      792690
slice7 write_burst finish  @clk      792690
slice4 task finish  @clk      792692
slice5 task finish  @clk      792692
slice6 task finish  @clk      792692
slice7 task finish  @clk      792692
slice0 access done @clk      792694
slice1 access done  @clk      792694
slice2 access done  @clk      792694
slice3 access done  @clk      792694
slice0 start write @clk      792695
slice1 start write  @clk      792695
slice2 start write  @clk      792695
slice3 start write  @clk      792695
slice0 write_burst finish @clk      792696
slice1 write_burst finish  @clk      792696
slice2 write_burst finish  @clk      792696
slice3 write_burst finish  @clk      792696
slice0 task finish @clk      792698
slice1 task finish  @clk      792698
slice2 task finish  @clk      792698
slice3 task finish  @clk      792698
slice12 prefetch finish  @clk      825604
slice13 prefetch finish  @clk      825610
slice14 prefetch finish  @clk      825616
slice15 prefetch finish  @clk      825622
slice8 prefetch finish  @clk      825676
slice9 prefetch finish  @clk      825682
slice10 prefetch finish  @clk      825688
slice11 prefetch finish  @clk      825694
slice4 prefetch finish  @clk      825724
slice5 prefetch finish  @clk      825730
slice6 prefetch finish  @clk      825736
slice7 prefetch finish  @clk      825742
slice0 prefetch finish @clk      825748
slice1 prefetch finish  @clk      825754
slice2 prefetch finish  @clk      825760
slice3 prefetch finish  @clk      825766
slice12 compute config finish @clk      826646
slice13 compute config finish @clk      826646
slice14 compute config finish @clk      826646
slice15 compute config finish @clk      826646
slice12 start run  @clk      826647
slice13 start run  @clk      826647
slice14 start run  @clk      826647
slice15 start run  @clk      826647
slice8 compute config finish @clk      826650
slice9 compute config finish @clk      826650
slice10 compute config finish @clk      826650
slice11 compute config finish @clk      826650
slice8 start run  @clk      826651
slice9 start run  @clk      826651
slice10 start run  @clk      826651
slice11 start run  @clk      826651
slice4 compute config finish @clk      826654
slice5 compute config finish @clk      826654
slice6 compute config finish @clk      826654
slice7 compute config finish @clk      826654
slice4 start run  @clk      826655
slice5 start run  @clk      826655
slice6 start run  @clk      826655
slice7 start run  @clk      826655
slice0 compute config finish @clk      826660
slice1 compute config finish @clk      826660
slice2 compute config finish @clk      826660
slice3 compute config finish @clk      826660
slice0 start run @clk      826661
slice1 start run  @clk      826661
slice2 start run  @clk      826661
slice3 start run  @clk      826661
slice12 start prefetch  @clk      827003
slice13 start prefetch  @clk      827003
slice14 start prefetch  @clk      827003
slice15 start prefetch  @clk      827003
slice8 start prefetch  @clk      827007
slice9 start prefetch  @clk      827007
slice10 start prefetch  @clk      827007
slice11 start prefetch  @clk      827007
slice4 start prefetch  @clk      827011
slice5 start prefetch  @clk      827011
slice6 start prefetch  @clk      827011
slice7 start prefetch  @clk      827011
slice0 start prefetch @clk      827017
slice1 start prefetch  @clk      827017
slice2 start prefetch  @clk      827017
slice3 start prefetch  @clk      827017
slice12 access done  @clk      832178
slice13 access done  @clk      832178
slice14 access done  @clk      832178
slice15 access done  @clk      832178
slice12 start write  @clk      832179
slice13 start write  @clk      832179
slice14 start write  @clk      832179
slice15 start write  @clk      832179
slice8 access done  @clk      832182
slice9 access done  @clk      832182
slice10 access done  @clk      832182
slice11 access done  @clk      832182
slice8 start write  @clk      832183
slice9 start write  @clk      832183
slice10 start write  @clk      832183
slice11 start write  @clk      832183
slice4 access done  @clk      832186
slice5 access done  @clk      832186
slice6 access done  @clk      832186
slice7 access done  @clk      832186
slice4 start write  @clk      832187
slice5 start write  @clk      832187
slice6 start write  @clk      832187
slice7 start write  @clk      832187
slice0 access done @clk      832192
slice1 access done  @clk      832192
slice2 access done  @clk      832192
slice3 access done  @clk      832192
slice0 start write @clk      832193
slice1 start write  @clk      832193
slice2 start write  @clk      832193
slice3 start write  @clk      832193
slice12 prefetch finish  @clk      854706
slice13 prefetch finish  @clk      854712
slice14 prefetch finish  @clk      854718
slice15 prefetch finish  @clk      854724
slice8 prefetch finish  @clk      854794
slice9 prefetch finish  @clk      854816
slice10 prefetch finish  @clk      854838
slice11 prefetch finish  @clk      854860
slice4 prefetch finish  @clk      854914
slice5 prefetch finish  @clk      854922
slice6 prefetch finish  @clk      854944
slice7 prefetch finish  @clk      854952
slice0 prefetch finish @clk      854960
slice1 prefetch finish  @clk      854982
slice2 prefetch finish  @clk      854990
slice3 prefetch finish  @clk      854998
slice12 compute config finish @clk      855894
slice13 compute config finish @clk      855894
slice14 compute config finish @clk      855894
slice15 compute config finish @clk      855894
slice8 compute config finish @clk      855898
slice9 compute config finish @clk      855898
slice10 compute config finish @clk      855898
slice11 compute config finish @clk      855898
slice4 compute config finish @clk      855902
slice5 compute config finish @clk      855902
slice6 compute config finish @clk      855902
slice7 compute config finish @clk      855902
slice0 compute config finish @clk      855908
slice1 compute config finish @clk      855908
slice2 compute config finish @clk      855908
slice3 compute config finish @clk      855908
slice12 write_burst finish  @clk      926615
slice12 task finish  @clk      926617
slice13 write_burst finish  @clk      926623
slice13 task finish  @clk      926625
slice12 start run  @clk      926626
slice13 start run  @clk      926627
slice14 write_burst finish  @clk      926631
slice14 task finish  @clk      926633
slice14 start run  @clk      926644
slice15 write_burst finish  @clk      926743
slice15 task finish  @clk      926745
slice15 start run  @clk      926757
slice8 write_burst finish  @clk      926815
slice8 task finish  @clk      926817
slice9 write_burst finish  @clk      926823
slice9 task finish  @clk      926825
slice8 start run  @clk      926830
slice9 start run  @clk      926831
slice10 write_burst finish  @clk      926911
slice10 task finish  @clk      926913
slice11 write_burst finish  @clk      926919
slice11 task finish  @clk      926921
slice10 start run  @clk      926928
slice11 start run  @clk      926929
slice4 write_burst finish  @clk      926965
slice4 task finish  @clk      926967
slice4 start run  @clk      926970
slice5 write_burst finish  @clk      926973
slice5 task finish  @clk      926975
slice6 write_burst finish  @clk      926981
slice6 task finish  @clk      926983
slice5 start run  @clk      926987
slice6 start run  @clk      926988
slice7 write_burst finish  @clk      926989
slice0 write_burst finish @clk      926990
slice7 task finish  @clk      926991
slice0 task finish @clk      926992
slice0 start run @clk      926998
slice1 write_burst finish  @clk      926999
slice1 task finish  @clk      927001
slice7 start run  @clk      927005
slice2 write_burst finish  @clk      927007
slice2 task finish  @clk      927009
slice1 start run  @clk      927015
slice3 write_burst finish  @clk      927015
slice2 start run  @clk      927016
slice3 task finish  @clk      927017
slice3 start run  @clk      927033
slice12 start prefetch  @clk      927295
slice13 start prefetch  @clk      927295
slice14 start prefetch  @clk      927295
slice15 start prefetch  @clk      927295
slice8 start prefetch  @clk      927299
slice9 start prefetch  @clk      927299
slice10 start prefetch  @clk      927299
slice11 start prefetch  @clk      927299
slice4 start prefetch  @clk      927303
slice5 start prefetch  @clk      927303
slice6 start prefetch  @clk      927303
slice7 start prefetch  @clk      927303
slice0 start prefetch @clk      927309
slice1 start prefetch  @clk      927309
slice2 start prefetch  @clk      927309
slice3 start prefetch  @clk      927309
slice12 access done  @clk      930977
slice13 access done  @clk      930978
slice12 start write  @clk      930978
slice13 start write  @clk      930979
slice14 access done  @clk      930995
slice14 start write  @clk      930996
slice15 access done  @clk      931108
slice15 start write  @clk      931109
slice8 access done  @clk      931181
slice9 access done  @clk      931182
slice8 start write  @clk      931182
slice9 start write  @clk      931183
slice10 access done  @clk      931279
slice11 access done  @clk      931280
slice10 start write  @clk      931280
slice11 start write  @clk      931281
slice4 access done  @clk      931321
slice4 start write  @clk      931322
slice5 access done  @clk      931338
slice6 access done  @clk      931339
slice5 start write  @clk      931339
slice6 start write  @clk      931340
slice0 access done @clk      931349
slice0 start write @clk      931350
slice7 access done  @clk      931356
slice7 start write  @clk      931357
slice1 access done  @clk      931366
slice2 access done  @clk      931367
slice1 start write  @clk      931367
slice2 start write  @clk      931368
slice3 access done  @clk      931384
slice3 start write  @clk      931385
slice12 prefetch finish  @clk     1035893
slice13 prefetch finish  @clk     1035899
slice14 prefetch finish  @clk     1035905
slice15 prefetch finish  @clk     1035911
slice8 prefetch finish  @clk     1035981
slice9 prefetch finish  @clk     1036003
slice10 prefetch finish  @clk     1036025
slice11 prefetch finish  @clk     1036047
slice4 prefetch finish  @clk     1036101
slice5 prefetch finish  @clk     1036109
slice6 prefetch finish  @clk     1036131
slice7 prefetch finish  @clk     1036139
slice0 prefetch finish @clk     1036147
slice1 prefetch finish  @clk     1036169
slice2 prefetch finish  @clk     1036177
slice3 prefetch finish  @clk     1036185
slice12 compute config finish @clk     1037082
slice13 compute config finish @clk     1037082
slice14 compute config finish @clk     1037082
slice15 compute config finish @clk     1037082
slice8 compute config finish @clk     1037086
slice9 compute config finish @clk     1037086
slice10 compute config finish @clk     1037086
slice11 compute config finish @clk     1037086
slice4 compute config finish @clk     1037090
slice5 compute config finish @clk     1037090
slice6 compute config finish @clk     1037090
slice7 compute config finish @clk     1037090
slice0 compute config finish @clk     1037096
slice1 compute config finish @clk     1037096
slice2 compute config finish @clk     1037096
slice3 compute config finish @clk     1037096
slice12 write_burst finish  @clk     1083046
slice12 task finish  @clk     1083048
slice13 write_burst finish  @clk     1083049
slice13 task finish  @clk     1083051
slice12 start run  @clk     1083058
slice13 start run  @clk     1083059
slice14 write_burst finish  @clk     1083221
slice14 task finish  @clk     1083223
slice14 start run  @clk     1083236
slice15 write_burst finish  @clk     1083243
slice15 task finish  @clk     1083245
slice15 start run  @clk     1083253
slice8 write_burst finish  @clk     1083357
slice8 task finish  @clk     1083359
slice8 start run  @clk     1083374
slice9 write_burst finish  @clk     1083379
slice9 task finish  @clk     1083381
slice9 start run  @clk     1083391
slice10 write_burst finish  @clk     1083467
slice10 task finish  @clk     1083469
slice10 start run  @clk     1083472
slice11 write_burst finish  @clk     1083475
slice11 task finish  @clk     1083477
slice11 start run  @clk     1083489
slice4 write_burst finish  @clk     1083521
slice4 task finish  @clk     1083523
slice5 write_burst finish  @clk     1083529
slice4 start run  @clk     1083530
slice5 task finish  @clk     1083531
slice6 write_burst finish  @clk     1083537
slice6 task finish  @clk     1083539
slice7 write_burst finish  @clk     1083545
slice0 write_burst finish @clk     1083546
slice5 start run  @clk     1083547
slice7 task finish  @clk     1083547
slice6 start run  @clk     1083548
slice0 task finish @clk     1083548
slice7 start run  @clk     1083549
slice1 write_burst finish  @clk     1083555
slice1 task finish  @clk     1083557
slice0 start run @clk     1083558
slice1 start run  @clk     1083559
slice2 write_burst finish  @clk     1083563
slice2 task finish  @clk     1083565
slice3 write_burst finish  @clk     1083571
slice3 task finish  @clk     1083573
slice2 start run  @clk     1083576
slice3 start run  @clk     1083577
slice12 start prefetch  @clk     1083843
slice13 start prefetch  @clk     1083843
slice14 start prefetch  @clk     1083843
slice15 start prefetch  @clk     1083843
slice8 start prefetch  @clk     1083847
slice9 start prefetch  @clk     1083847
slice10 start prefetch  @clk     1083847
slice11 start prefetch  @clk     1083847
slice4 start prefetch  @clk     1083851
slice5 start prefetch  @clk     1083851
slice6 start prefetch  @clk     1083851
slice7 start prefetch  @clk     1083851
slice0 start prefetch @clk     1083857
slice1 start prefetch  @clk     1083857
slice2 start prefetch  @clk     1083857
slice3 start prefetch  @clk     1083857
slice12 access done  @clk     1088589
slice13 access done  @clk     1088590
slice12 start write  @clk     1088590
slice13 start write  @clk     1088591
slice12 write_burst finish  @clk     1088591
slice13 write_burst finish  @clk     1088592
slice12 task finish  @clk     1088593
slice13 task finish  @clk     1088594
slice14 access done  @clk     1088767
slice14 start write  @clk     1088768
slice14 write_burst finish  @clk     1088769
slice14 task finish  @clk     1088771
slice15 access done  @clk     1088784
slice15 start write  @clk     1088785
slice15 write_burst finish  @clk     1088786
slice15 task finish  @clk     1088788
slice8 access done  @clk     1088905
slice8 start write  @clk     1088906
slice8 write_burst finish  @clk     1088907
slice8 task finish  @clk     1088909
slice9 access done  @clk     1088922
slice9 start write  @clk     1088923
slice9 write_burst finish  @clk     1088924
slice9 task finish  @clk     1088926
slice10 access done  @clk     1089003
slice10 start write  @clk     1089004
slice10 write_burst finish  @clk     1089005
slice10 task finish  @clk     1089007
slice11 access done  @clk     1089020
slice11 start write  @clk     1089021
slice11 write_burst finish  @clk     1089022
slice11 task finish  @clk     1089024
slice4 access done  @clk     1089061
slice4 start write  @clk     1089062
slice4 write_burst finish  @clk     1089063
slice4 task finish  @clk     1089065
slice5 access done  @clk     1089078
slice6 access done  @clk     1089079
slice5 start write  @clk     1089079
slice7 access done  @clk     1089080
slice6 start write  @clk     1089080
slice5 write_burst finish  @clk     1089080
slice7 start write  @clk     1089081
slice6 write_burst finish  @clk     1089081
slice7 write_burst finish  @clk     1089082
slice5 task finish  @clk     1089082
slice6 task finish  @clk     1089083
slice7 task finish  @clk     1089084
slice0 access done @clk     1089089
slice1 access done  @clk     1089090
slice0 start write @clk     1089090
slice1 start write  @clk     1089091
slice0 write_burst finish @clk     1089091
slice1 write_burst finish  @clk     1089092
slice0 task finish @clk     1089093
slice1 task finish  @clk     1089094
slice2 access done  @clk     1089107
slice3 access done  @clk     1089108
slice2 start write  @clk     1089108
slice3 start write  @clk     1089109
slice2 write_burst finish  @clk     1089109
slice3 write_burst finish  @clk     1089110
slice2 task finish  @clk     1089111
slice3 task finish  @clk     1089112
slice12 prefetch finish  @clk     1164793
slice13 prefetch finish  @clk     1164799
slice14 prefetch finish  @clk     1164805
slice15 prefetch finish  @clk     1164811
slice8 prefetch finish  @clk     1164865
slice9 prefetch finish  @clk     1164871
slice10 prefetch finish  @clk     1164877
slice11 prefetch finish  @clk     1164883
slice4 prefetch finish  @clk     1164913
slice5 prefetch finish  @clk     1164919
slice6 prefetch finish  @clk     1164925
slice7 prefetch finish  @clk     1164931
slice0 prefetch finish @clk     1164937
slice1 prefetch finish  @clk     1164943
slice2 prefetch finish  @clk     1164949
slice3 prefetch finish  @clk     1164955
slice12 compute config finish @clk     1165836
slice13 compute config finish @clk     1165836
slice14 compute config finish @clk     1165836
slice15 compute config finish @clk     1165836
slice12 start run  @clk     1165837
slice13 start run  @clk     1165837
slice14 start run  @clk     1165837
slice15 start run  @clk     1165837
slice8 compute config finish @clk     1165840
slice9 compute config finish @clk     1165840
slice10 compute config finish @clk     1165840
slice11 compute config finish @clk     1165840
slice8 start run  @clk     1165841
slice9 start run  @clk     1165841
slice10 start run  @clk     1165841
slice11 start run  @clk     1165841
slice4 compute config finish @clk     1165844
slice5 compute config finish @clk     1165844
slice6 compute config finish @clk     1165844
slice7 compute config finish @clk     1165844
slice4 start run  @clk     1165845
slice5 start run  @clk     1165845
slice6 start run  @clk     1165845
slice7 start run  @clk     1165845
slice0 compute config finish @clk     1165850
slice1 compute config finish @clk     1165850
slice2 compute config finish @clk     1165850
slice3 compute config finish @clk     1165850
slice0 start run @clk     1165851
slice1 start run  @clk     1165851
slice2 start run  @clk     1165851
slice3 start run  @clk     1165851
slice12 start prefetch  @clk     1166193
slice13 start prefetch  @clk     1166193
slice14 start prefetch  @clk     1166193
slice15 start prefetch  @clk     1166193
slice8 start prefetch  @clk     1166197
slice9 start prefetch  @clk     1166197
slice10 start prefetch  @clk     1166197
slice11 start prefetch  @clk     1166197
slice4 start prefetch  @clk     1166201
slice5 start prefetch  @clk     1166201
slice6 start prefetch  @clk     1166201
slice7 start prefetch  @clk     1166201
slice0 start prefetch @clk     1166207
slice1 start prefetch  @clk     1166207
slice2 start prefetch  @clk     1166207
slice3 start prefetch  @clk     1166207
slice12 access done  @clk     1170188
slice13 access done  @clk     1170188
slice14 access done  @clk     1170188
slice15 access done  @clk     1170188
slice12 start write  @clk     1170189
slice13 start write  @clk     1170189
slice14 start write  @clk     1170189
slice15 start write  @clk     1170189
slice12 write_burst finish  @clk     1170190
slice13 write_burst finish  @clk     1170190
slice14 write_burst finish  @clk     1170190
slice15 write_burst finish  @clk     1170190
slice8 access done  @clk     1170192
slice9 access done  @clk     1170192
slice10 access done  @clk     1170192
slice11 access done  @clk     1170192
slice12 task finish  @clk     1170192
slice13 task finish  @clk     1170192
slice14 task finish  @clk     1170192
slice15 task finish  @clk     1170192
slice8 start write  @clk     1170193
slice9 start write  @clk     1170193
slice10 start write  @clk     1170193
slice11 start write  @clk     1170193
slice8 write_burst finish  @clk     1170194
slice9 write_burst finish  @clk     1170194
slice10 write_burst finish  @clk     1170194
slice11 write_burst finish  @clk     1170194
slice4 access done  @clk     1170196
slice5 access done  @clk     1170196
slice6 access done  @clk     1170196
slice7 access done  @clk     1170196
slice8 task finish  @clk     1170196
slice9 task finish  @clk     1170196
slice10 task finish  @clk     1170196
slice11 task finish  @clk     1170196
slice4 start write  @clk     1170197
slice5 start write  @clk     1170197
slice6 start write  @clk     1170197
slice7 start write  @clk     1170197
slice4 write_burst finish  @clk     1170198
slice5 write_burst finish  @clk     1170198
slice6 write_burst finish  @clk     1170198
slice7 write_burst finish  @clk     1170198
slice4 task finish  @clk     1170200
slice5 task finish  @clk     1170200
slice6 task finish  @clk     1170200
slice7 task finish  @clk     1170200
slice0 access done @clk     1170202
slice1 access done  @clk     1170202
slice2 access done  @clk     1170202
slice3 access done  @clk     1170202
slice0 start write @clk     1170203
slice1 start write  @clk     1170203
slice2 start write  @clk     1170203
slice3 start write  @clk     1170203
slice0 write_burst finish @clk     1170204
slice1 write_burst finish  @clk     1170204
slice2 write_burst finish  @clk     1170204
slice3 write_burst finish  @clk     1170204
slice0 task finish @clk     1170206
slice1 task finish  @clk     1170206
slice2 task finish  @clk     1170206
slice3 task finish  @clk     1170206
slice12 prefetch finish  @clk     1203112
slice13 prefetch finish  @clk     1203118
slice14 prefetch finish  @clk     1203124
slice15 prefetch finish  @clk     1203130
slice8 prefetch finish  @clk     1203184
slice9 prefetch finish  @clk     1203190
slice10 prefetch finish  @clk     1203196
slice11 prefetch finish  @clk     1203202
slice4 prefetch finish  @clk     1203232
slice5 prefetch finish  @clk     1203238
slice6 prefetch finish  @clk     1203244
slice7 prefetch finish  @clk     1203250
slice0 prefetch finish @clk     1203256
slice1 prefetch finish  @clk     1203262
slice2 prefetch finish  @clk     1203268
slice3 prefetch finish  @clk     1203274
slice12 compute config finish @clk     1204154
slice13 compute config finish @clk     1204154
slice14 compute config finish @clk     1204154
slice15 compute config finish @clk     1204154
slice12 start run  @clk     1204155
slice13 start run  @clk     1204155
slice14 start run  @clk     1204155
slice15 start run  @clk     1204155
slice8 compute config finish @clk     1204158
slice9 compute config finish @clk     1204158
slice10 compute config finish @clk     1204158
slice11 compute config finish @clk     1204158
slice8 start run  @clk     1204159
slice9 start run  @clk     1204159
slice10 start run  @clk     1204159
slice11 start run  @clk     1204159
slice4 compute config finish @clk     1204162
slice5 compute config finish @clk     1204162
slice6 compute config finish @clk     1204162
slice7 compute config finish @clk     1204162
slice4 start run  @clk     1204163
slice5 start run  @clk     1204163
slice6 start run  @clk     1204163
slice7 start run  @clk     1204163
slice0 compute config finish @clk     1204168
slice1 compute config finish @clk     1204168
slice2 compute config finish @clk     1204168
slice3 compute config finish @clk     1204168
slice0 start run @clk     1204169
slice1 start run  @clk     1204169
slice2 start run  @clk     1204169
slice3 start run  @clk     1204169
slice12 start prefetch  @clk     1204511
slice13 start prefetch  @clk     1204511
slice14 start prefetch  @clk     1204511
slice15 start prefetch  @clk     1204511
slice8 start prefetch  @clk     1204515
slice9 start prefetch  @clk     1204515
slice10 start prefetch  @clk     1204515
slice11 start prefetch  @clk     1204515
slice4 start prefetch  @clk     1204519
slice5 start prefetch  @clk     1204519
slice6 start prefetch  @clk     1204519
slice7 start prefetch  @clk     1204519
slice0 start prefetch @clk     1204525
slice1 start prefetch  @clk     1204525
slice2 start prefetch  @clk     1204525
slice3 start prefetch  @clk     1204525
slice12 access done  @clk     1209686
slice13 access done  @clk     1209686
slice14 access done  @clk     1209686
slice15 access done  @clk     1209686
slice12 start write  @clk     1209687
slice13 start write  @clk     1209687
slice14 start write  @clk     1209687
slice15 start write  @clk     1209687
slice8 access done  @clk     1209690
slice9 access done  @clk     1209690
slice10 access done  @clk     1209690
slice11 access done  @clk     1209690
slice8 start write  @clk     1209691
slice9 start write  @clk     1209691
slice10 start write  @clk     1209691
slice11 start write  @clk     1209691
slice4 access done  @clk     1209694
slice5 access done  @clk     1209694
slice6 access done  @clk     1209694
slice7 access done  @clk     1209694
slice4 start write  @clk     1209695
slice5 start write  @clk     1209695
slice6 start write  @clk     1209695
slice7 start write  @clk     1209695
slice0 access done @clk     1209700
slice1 access done  @clk     1209700
slice2 access done  @clk     1209700
slice3 access done  @clk     1209700
slice0 start write @clk     1209701
slice1 start write  @clk     1209701
slice2 start write  @clk     1209701
slice3 start write  @clk     1209701
slice12 prefetch finish  @clk     1232214
slice13 prefetch finish  @clk     1232220
slice14 prefetch finish  @clk     1232226
slice15 prefetch finish  @clk     1232232
slice8 prefetch finish  @clk     1232302
slice9 prefetch finish  @clk     1232324
slice10 prefetch finish  @clk     1232346
slice11 prefetch finish  @clk     1232368
slice4 prefetch finish  @clk     1232422
slice5 prefetch finish  @clk     1232430
slice6 prefetch finish  @clk     1232452
slice7 prefetch finish  @clk     1232460
slice0 prefetch finish @clk     1232468
slice1 prefetch finish  @clk     1232490
slice2 prefetch finish  @clk     1232498
slice3 prefetch finish  @clk     1232506
slice12 compute config finish @clk     1233402
slice13 compute config finish @clk     1233402
slice14 compute config finish @clk     1233402
slice15 compute config finish @clk     1233402
slice8 compute config finish @clk     1233406
slice9 compute config finish @clk     1233406
slice10 compute config finish @clk     1233406
slice11 compute config finish @clk     1233406
slice4 compute config finish @clk     1233410
slice5 compute config finish @clk     1233410
slice6 compute config finish @clk     1233410
slice7 compute config finish @clk     1233410
slice0 compute config finish @clk     1233416
slice1 compute config finish @clk     1233416
slice2 compute config finish @clk     1233416
slice3 compute config finish @clk     1233416
slice12 write_burst finish  @clk     1304123
slice12 task finish  @clk     1304125
slice12 start run  @clk     1304130
slice13 write_burst finish  @clk     1304131
slice13 task finish  @clk     1304133
slice14 write_burst finish  @clk     1304139
slice14 task finish  @clk     1304141
slice13 start run  @clk     1304147
slice14 start run  @clk     1304148
slice15 write_burst finish  @clk     1304251
slice15 task finish  @clk     1304253
slice15 start run  @clk     1304261
slice8 write_burst finish  @clk     1304323
slice8 task finish  @clk     1304325
slice9 write_burst finish  @clk     1304331
slice9 task finish  @clk     1304333
slice8 start run  @clk     1304334
slice9 start run  @clk     1304335
slice10 write_burst finish  @clk     1304419
slice10 task finish  @clk     1304421
slice11 write_burst finish  @clk     1304427
slice11 task finish  @clk     1304429
slice10 start run  @clk     1304432
slice11 start run  @clk     1304433
slice4 write_burst finish  @clk     1304473
slice4 task finish  @clk     1304475
slice5 write_burst finish  @clk     1304481
slice5 task finish  @clk     1304483
slice6 write_burst finish  @clk     1304489
slice4 start run  @clk     1304490
slice5 start run  @clk     1304491
slice6 task finish  @clk     1304491
slice6 start run  @clk     1304492
slice7 write_burst finish  @clk     1304497
slice0 write_burst finish @clk     1304498
slice7 task finish  @clk     1304499
slice0 task finish @clk     1304500
slice0 start run @clk     1304502
slice1 write_burst finish  @clk     1304507
slice7 start run  @clk     1304509
slice1 task finish  @clk     1304509
slice2 write_burst finish  @clk     1304515
slice2 task finish  @clk     1304517
slice1 start run  @clk     1304519
slice2 start run  @clk     1304520
slice3 write_burst finish  @clk     1304523
slice3 task finish  @clk     1304525
slice3 start run  @clk     1304537
slice12 start prefetch  @clk     1304803
slice13 start prefetch  @clk     1304803
slice14 start prefetch  @clk     1304803
slice15 start prefetch  @clk     1304803
slice8 start prefetch  @clk     1304807
slice9 start prefetch  @clk     1304807
slice10 start prefetch  @clk     1304807
slice11 start prefetch  @clk     1304807
slice4 start prefetch  @clk     1304811
slice5 start prefetch  @clk     1304811
slice6 start prefetch  @clk     1304811
slice7 start prefetch  @clk     1304811
slice0 start prefetch @clk     1304817
slice1 start prefetch  @clk     1304817
slice2 start prefetch  @clk     1304817
slice3 start prefetch  @clk     1304817
slice12 access done  @clk     1308481
slice12 start write  @clk     1308482
slice13 access done  @clk     1308498
slice14 access done  @clk     1308499
slice13 start write  @clk     1308499
slice14 start write  @clk     1308500
slice15 access done  @clk     1308612
slice15 start write  @clk     1308613
slice8 access done  @clk     1308685
slice9 access done  @clk     1308686
slice8 start write  @clk     1308686
slice9 start write  @clk     1308687
slice10 access done  @clk     1308783
slice11 access done  @clk     1308784
slice10 start write  @clk     1308784
slice11 start write  @clk     1308785
slice4 access done  @clk     1308841
slice5 access done  @clk     1308842
slice4 start write  @clk     1308842
slice6 access done  @clk     1308843
slice5 start write  @clk     1308843
slice6 start write  @clk     1308844
slice0 access done @clk     1308853
slice0 start write @clk     1308854
slice7 access done  @clk     1308860
slice7 start write  @clk     1308861
slice1 access done  @clk     1308870
slice2 access done  @clk     1308871
slice1 start write  @clk     1308871
slice2 start write  @clk     1308872
slice3 access done  @clk     1308888
slice3 start write  @clk     1308889
slice12 prefetch finish  @clk     1413401
slice13 prefetch finish  @clk     1413407
slice14 prefetch finish  @clk     1413413
slice15 prefetch finish  @clk     1413419
slice8 prefetch finish  @clk     1413489
slice9 prefetch finish  @clk     1413511
slice10 prefetch finish  @clk     1413533
slice11 prefetch finish  @clk     1413555
slice4 prefetch finish  @clk     1413609
slice5 prefetch finish  @clk     1413617
slice6 prefetch finish  @clk     1413639
slice7 prefetch finish  @clk     1413647
slice0 prefetch finish @clk     1413655
slice1 prefetch finish  @clk     1413677
slice2 prefetch finish  @clk     1413685
slice3 prefetch finish  @clk     1413693
slice12 compute config finish @clk     1414590
slice13 compute config finish @clk     1414590
slice14 compute config finish @clk     1414590
slice15 compute config finish @clk     1414590
slice8 compute config finish @clk     1414594
slice9 compute config finish @clk     1414594
slice10 compute config finish @clk     1414594
slice11 compute config finish @clk     1414594
slice4 compute config finish @clk     1414598
slice5 compute config finish @clk     1414598
slice6 compute config finish @clk     1414598
slice7 compute config finish @clk     1414598
slice0 compute config finish @clk     1414604
slice1 compute config finish @clk     1414604
slice2 compute config finish @clk     1414604
slice3 compute config finish @clk     1414604
slice12 write_burst finish  @clk     1460554
slice12 task finish  @clk     1460556
slice13 write_burst finish  @clk     1460557
slice13 task finish  @clk     1460559
slice12 start run  @clk     1460562
slice13 start run  @clk     1460563
slice14 write_burst finish  @clk     1460729
slice14 task finish  @clk     1460731
slice14 start run  @clk     1460740
slice15 write_burst finish  @clk     1460751
slice15 task finish  @clk     1460753
slice15 start run  @clk     1460757
slice8 write_burst finish  @clk     1460865
slice8 task finish  @clk     1460867
slice8 start run  @clk     1460878
slice9 write_burst finish  @clk     1460887
slice9 task finish  @clk     1460889
slice9 start run  @clk     1460895
slice10 write_burst finish  @clk     1460975
slice10 task finish  @clk     1460977
slice11 write_burst finish  @clk     1460983
slice11 task finish  @clk     1460985
slice10 start run  @clk     1460992
slice11 start run  @clk     1460993
slice4 write_burst finish  @clk     1461029
slice4 task finish  @clk     1461031
slice4 start run  @clk     1461034
slice5 write_burst finish  @clk     1461037
slice5 task finish  @clk     1461039
slice6 write_burst finish  @clk     1461045
slice6 task finish  @clk     1461047
slice5 start run  @clk     1461051
slice6 start run  @clk     1461052
slice7 write_burst finish  @clk     1461053
slice0 write_burst finish @clk     1461054
slice7 task finish  @clk     1461055
slice0 task finish @clk     1461056
slice0 start run @clk     1461062
slice1 write_burst finish  @clk     1461063
slice1 task finish  @clk     1461065
slice7 start run  @clk     1461069
slice2 write_burst finish  @clk     1461071
slice2 task finish  @clk     1461073
slice1 start run  @clk     1461079
slice3 write_burst finish  @clk     1461079
slice2 start run  @clk     1461080
slice3 task finish  @clk     1461081
slice3 start run  @clk     1461097
slice12 start prefetch  @clk     1461359
slice13 start prefetch  @clk     1461359
slice14 start prefetch  @clk     1461359
slice15 start prefetch  @clk     1461359
slice8 start prefetch  @clk     1461363
slice9 start prefetch  @clk     1461363
slice10 start prefetch  @clk     1461363
slice11 start prefetch  @clk     1461363
slice4 start prefetch  @clk     1461367
slice5 start prefetch  @clk     1461367
slice6 start prefetch  @clk     1461367
slice7 start prefetch  @clk     1461367
slice0 start prefetch @clk     1461373
slice1 start prefetch  @clk     1461373
slice2 start prefetch  @clk     1461373
slice3 start prefetch  @clk     1461373
slice12 access done  @clk     1466093
slice13 access done  @clk     1466094
slice12 start write  @clk     1466094
slice13 start write  @clk     1466095
slice12 write_burst finish  @clk     1466095
slice13 write_burst finish  @clk     1466096
slice12 task finish  @clk     1466097
slice13 task finish  @clk     1466098
slice14 access done  @clk     1466271
slice14 start write  @clk     1466272
slice14 write_burst finish  @clk     1466273
slice14 task finish  @clk     1466275
slice15 access done  @clk     1466288
slice15 start write  @clk     1466289
slice15 write_burst finish  @clk     1466290
slice15 task finish  @clk     1466292
slice8 access done  @clk     1466409
slice8 start write  @clk     1466410
slice8 write_burst finish  @clk     1466411
slice8 task finish  @clk     1466413
slice9 access done  @clk     1466426
slice9 start write  @clk     1466427
slice9 write_burst finish  @clk     1466428
slice9 task finish  @clk     1466430
slice10 access done  @clk     1466523
slice11 access done  @clk     1466524
slice10 start write  @clk     1466524
slice11 start write  @clk     1466525
slice10 write_burst finish  @clk     1466525
slice11 write_burst finish  @clk     1466526
slice10 task finish  @clk     1466527
slice11 task finish  @clk     1466528
slice4 access done  @clk     1466565
slice4 start write  @clk     1466566
slice4 write_burst finish  @clk     1466567
slice4 task finish  @clk     1466569
slice5 access done  @clk     1466582
slice6 access done  @clk     1466583
slice5 start write  @clk     1466583
slice6 start write  @clk     1466584
slice5 write_burst finish  @clk     1466584
slice6 write_burst finish  @clk     1466585
slice5 task finish  @clk     1466586
slice6 task finish  @clk     1466587
slice0 access done @clk     1466593
slice0 start write @clk     1466594
slice0 write_burst finish @clk     1466595
slice0 task finish @clk     1466597
slice7 access done  @clk     1466600
slice7 start write  @clk     1466601
slice7 write_burst finish  @clk     1466602
slice7 task finish  @clk     1466604
slice1 access done  @clk     1466610
slice2 access done  @clk     1466611
slice1 start write  @clk     1466611
slice2 start write  @clk     1466612
slice1 write_burst finish  @clk     1466612
slice2 write_burst finish  @clk     1466613
slice1 task finish  @clk     1466614
slice2 task finish  @clk     1466615
slice3 access done  @clk     1466628
slice3 start write  @clk     1466629
slice3 write_burst finish  @clk     1466630
slice3 task finish  @clk     1466632
slice12 prefetch finish  @clk     1542309
slice13 prefetch finish  @clk     1542315
slice14 prefetch finish  @clk     1542321
slice15 prefetch finish  @clk     1542327
slice8 prefetch finish  @clk     1542381
slice9 prefetch finish  @clk     1542387
slice10 prefetch finish  @clk     1542393
slice11 prefetch finish  @clk     1542399
slice4 prefetch finish  @clk     1542429
slice5 prefetch finish  @clk     1542435
slice6 prefetch finish  @clk     1542441
slice7 prefetch finish  @clk     1542447
slice0 prefetch finish @clk     1542453
slice1 prefetch finish  @clk     1542459
slice2 prefetch finish  @clk     1542465
slice3 prefetch finish  @clk     1542471
slice12 compute config finish @clk     1543352
slice13 compute config finish @clk     1543352
slice14 compute config finish @clk     1543352
slice15 compute config finish @clk     1543352
slice12 start run  @clk     1543353
slice13 start run  @clk     1543353
slice14 start run  @clk     1543353
slice15 start run  @clk     1543353
slice8 compute config finish @clk     1543356
slice9 compute config finish @clk     1543356
slice10 compute config finish @clk     1543356
slice11 compute config finish @clk     1543356
slice8 start run  @clk     1543357
slice9 start run  @clk     1543357
slice10 start run  @clk     1543357
slice11 start run  @clk     1543357
slice4 compute config finish @clk     1543360
slice5 compute config finish @clk     1543360
slice6 compute config finish @clk     1543360
slice7 compute config finish @clk     1543360
slice4 start run  @clk     1543361
slice5 start run  @clk     1543361
slice6 start run  @clk     1543361
slice7 start run  @clk     1543361
slice0 compute config finish @clk     1543366
slice1 compute config finish @clk     1543366
slice2 compute config finish @clk     1543366
slice3 compute config finish @clk     1543366
slice0 start run @clk     1543367
slice1 start run  @clk     1543367
slice2 start run  @clk     1543367
slice3 start run  @clk     1543367
slice12 start prefetch  @clk     1543709
slice13 start prefetch  @clk     1543709
slice14 start prefetch  @clk     1543709
slice15 start prefetch  @clk     1543709
slice8 start prefetch  @clk     1543713
slice9 start prefetch  @clk     1543713
slice10 start prefetch  @clk     1543713
slice11 start prefetch  @clk     1543713
slice4 start prefetch  @clk     1543717
slice5 start prefetch  @clk     1543717
slice6 start prefetch  @clk     1543717
slice7 start prefetch  @clk     1543717
slice0 start prefetch @clk     1543723
slice1 start prefetch  @clk     1543723
slice2 start prefetch  @clk     1543723
slice3 start prefetch  @clk     1543723
slice12 access done  @clk     1547704
slice13 access done  @clk     1547704
slice14 access done  @clk     1547704
slice15 access done  @clk     1547704
slice12 start write  @clk     1547705
slice13 start write  @clk     1547705
slice14 start write  @clk     1547705
slice15 start write  @clk     1547705
slice12 write_burst finish  @clk     1547706
slice13 write_burst finish  @clk     1547706
slice14 write_burst finish  @clk     1547706
slice15 write_burst finish  @clk     1547706
slice8 access done  @clk     1547708
slice9 access done  @clk     1547708
slice10 access done  @clk     1547708
slice11 access done  @clk     1547708
slice12 task finish  @clk     1547708
slice13 task finish  @clk     1547708
slice14 task finish  @clk     1547708
slice15 task finish  @clk     1547708
slice8 start write  @clk     1547709
slice9 start write  @clk     1547709
slice10 start write  @clk     1547709
slice11 start write  @clk     1547709
slice8 write_burst finish  @clk     1547710
slice9 write_burst finish  @clk     1547710
slice10 write_burst finish  @clk     1547710
slice11 write_burst finish  @clk     1547710
slice4 access done  @clk     1547712
slice5 access done  @clk     1547712
slice6 access done  @clk     1547712
slice7 access done  @clk     1547712
slice8 task finish  @clk     1547712
slice9 task finish  @clk     1547712
slice10 task finish  @clk     1547712
slice11 task finish  @clk     1547712
slice4 start write  @clk     1547713
slice5 start write  @clk     1547713
slice6 start write  @clk     1547713
slice7 start write  @clk     1547713
slice4 write_burst finish  @clk     1547714
slice5 write_burst finish  @clk     1547714
slice6 write_burst finish  @clk     1547714
slice7 write_burst finish  @clk     1547714
slice4 task finish  @clk     1547716
slice5 task finish  @clk     1547716
slice6 task finish  @clk     1547716
slice7 task finish  @clk     1547716
slice0 access done @clk     1547718
slice1 access done  @clk     1547718
slice2 access done  @clk     1547718
slice3 access done  @clk     1547718
slice0 start write @clk     1547719
slice1 start write  @clk     1547719
slice2 start write  @clk     1547719
slice3 start write  @clk     1547719
slice0 write_burst finish @clk     1547720
slice1 write_burst finish  @clk     1547720
slice2 write_burst finish  @clk     1547720
slice3 write_burst finish  @clk     1547720
slice0 task finish @clk     1547722
slice1 task finish  @clk     1547722
slice2 task finish  @clk     1547722
slice3 task finish  @clk     1547722
slice12 prefetch finish  @clk     1580628
slice13 prefetch finish  @clk     1580634
slice14 prefetch finish  @clk     1580640
slice15 prefetch finish  @clk     1580646
slice8 prefetch finish  @clk     1580700
slice9 prefetch finish  @clk     1580706
slice10 prefetch finish  @clk     1580712
slice11 prefetch finish  @clk     1580718
slice4 prefetch finish  @clk     1580748
slice5 prefetch finish  @clk     1580754
slice6 prefetch finish  @clk     1580760
slice7 prefetch finish  @clk     1580766
slice0 prefetch finish @clk     1580772
slice1 prefetch finish  @clk     1580778
slice2 prefetch finish  @clk     1580784
slice3 prefetch finish  @clk     1580790
slice12 compute config finish @clk     1581670
slice13 compute config finish @clk     1581670
slice14 compute config finish @clk     1581670
slice15 compute config finish @clk     1581670
slice12 start run  @clk     1581671
slice13 start run  @clk     1581671
slice14 start run  @clk     1581671
slice15 start run  @clk     1581671
slice8 compute config finish @clk     1581674
slice9 compute config finish @clk     1581674
slice10 compute config finish @clk     1581674
slice11 compute config finish @clk     1581674
slice8 start run  @clk     1581675
slice9 start run  @clk     1581675
slice10 start run  @clk     1581675
slice11 start run  @clk     1581675
slice4 compute config finish @clk     1581678
slice5 compute config finish @clk     1581678
slice6 compute config finish @clk     1581678
slice7 compute config finish @clk     1581678
slice4 start run  @clk     1581679
slice5 start run  @clk     1581679
slice6 start run  @clk     1581679
slice7 start run  @clk     1581679
slice0 compute config finish @clk     1581684
slice1 compute config finish @clk     1581684
slice2 compute config finish @clk     1581684
slice3 compute config finish @clk     1581684
slice0 start run @clk     1581685
slice1 start run  @clk     1581685
slice2 start run  @clk     1581685
slice3 start run  @clk     1581685
slice12 start prefetch  @clk     1582027
slice13 start prefetch  @clk     1582027
slice14 start prefetch  @clk     1582027
slice15 start prefetch  @clk     1582027
slice8 start prefetch  @clk     1582031
slice9 start prefetch  @clk     1582031
slice10 start prefetch  @clk     1582031
slice11 start prefetch  @clk     1582031
slice4 start prefetch  @clk     1582035
slice5 start prefetch  @clk     1582035
slice6 start prefetch  @clk     1582035
slice7 start prefetch  @clk     1582035
slice0 start prefetch @clk     1582041
slice1 start prefetch  @clk     1582041
slice2 start prefetch  @clk     1582041
slice3 start prefetch  @clk     1582041
slice12 access done  @clk     1587202
slice13 access done  @clk     1587202
slice14 access done  @clk     1587202
slice15 access done  @clk     1587202
slice12 start write  @clk     1587203
slice13 start write  @clk     1587203
slice14 start write  @clk     1587203
slice15 start write  @clk     1587203
slice8 access done  @clk     1587206
slice9 access done  @clk     1587206
slice10 access done  @clk     1587206
slice11 access done  @clk     1587206
slice8 start write  @clk     1587207
slice9 start write  @clk     1587207
slice10 start write  @clk     1587207
slice11 start write  @clk     1587207
slice4 access done  @clk     1587210
slice5 access done  @clk     1587210
slice6 access done  @clk     1587210
slice7 access done  @clk     1587210
slice4 start write  @clk     1587211
slice5 start write  @clk     1587211
slice6 start write  @clk     1587211
slice7 start write  @clk     1587211
slice0 access done @clk     1587216
slice1 access done  @clk     1587216
slice2 access done  @clk     1587216
slice3 access done  @clk     1587216
slice0 start write @clk     1587217
slice1 start write  @clk     1587217
slice2 start write  @clk     1587217
slice3 start write  @clk     1587217
slice12 prefetch finish  @clk     1609730
slice13 prefetch finish  @clk     1609736
slice14 prefetch finish  @clk     1609742
slice15 prefetch finish  @clk     1609748
slice8 prefetch finish  @clk     1609818
slice9 prefetch finish  @clk     1609840
slice10 prefetch finish  @clk     1609862
slice11 prefetch finish  @clk     1609884
slice4 prefetch finish  @clk     1609938
slice5 prefetch finish  @clk     1609946
slice6 prefetch finish  @clk     1609968
slice7 prefetch finish  @clk     1609976
slice0 prefetch finish @clk     1609984
slice1 prefetch finish  @clk     1610006
slice2 prefetch finish  @clk     1610014
slice3 prefetch finish  @clk     1610022
slice12 compute config finish @clk     1610918
slice13 compute config finish @clk     1610918
slice14 compute config finish @clk     1610918
slice15 compute config finish @clk     1610918
slice8 compute config finish @clk     1610922
slice9 compute config finish @clk     1610922
slice10 compute config finish @clk     1610922
slice11 compute config finish @clk     1610922
slice4 compute config finish @clk     1610926
slice5 compute config finish @clk     1610926
slice6 compute config finish @clk     1610926
slice7 compute config finish @clk     1610926
slice0 compute config finish @clk     1610932
slice1 compute config finish @clk     1610932
slice2 compute config finish @clk     1610932
slice3 compute config finish @clk     1610932
slice12 write_burst finish  @clk     1681639
slice12 task finish  @clk     1681641
slice13 write_burst finish  @clk     1681647
slice13 task finish  @clk     1681649
slice12 start run  @clk     1681650
slice13 start run  @clk     1681651
slice14 write_burst finish  @clk     1681655
slice14 task finish  @clk     1681657
slice14 start run  @clk     1681668
slice15 write_burst finish  @clk     1681767
slice15 task finish  @clk     1681769
slice15 start run  @clk     1681781
slice8 write_burst finish  @clk     1681839
slice8 task finish  @clk     1681841
slice9 write_burst finish  @clk     1681847
slice9 task finish  @clk     1681849
slice8 start run  @clk     1681854
slice9 start run  @clk     1681855
slice10 write_burst finish  @clk     1681935
slice10 task finish  @clk     1681937
slice11 write_burst finish  @clk     1681943
slice11 task finish  @clk     1681945
slice10 start run  @clk     1681952
slice11 start run  @clk     1681953
slice4 write_burst finish  @clk     1681989
slice4 task finish  @clk     1681991
slice4 start run  @clk     1681994
slice5 write_burst finish  @clk     1681997
slice5 task finish  @clk     1681999
slice6 write_burst finish  @clk     1682005
slice6 task finish  @clk     1682007
slice5 start run  @clk     1682011
slice6 start run  @clk     1682012
slice7 write_burst finish  @clk     1682013
slice0 write_burst finish @clk     1682014
slice7 task finish  @clk     1682015
slice0 task finish @clk     1682016
slice0 start run @clk     1682022
slice1 write_burst finish  @clk     1682023
slice1 task finish  @clk     1682025
slice7 start run  @clk     1682029
slice2 write_burst finish  @clk     1682031
slice2 task finish  @clk     1682033
slice1 start run  @clk     1682039
slice3 write_burst finish  @clk     1682039
slice2 start run  @clk     1682040
slice3 task finish  @clk     1682041
slice3 start run  @clk     1682057
slice12 access done  @clk     1686001
slice13 access done  @clk     1686002
slice12 start write  @clk     1686002
slice13 start write  @clk     1686003
slice14 access done  @clk     1686019
slice14 start write  @clk     1686020
slice15 access done  @clk     1686132
slice15 start write  @clk     1686133
slice8 access done  @clk     1686205
slice9 access done  @clk     1686206
slice8 start write  @clk     1686206
slice9 start write  @clk     1686207
slice10 access done  @clk     1686303
slice11 access done  @clk     1686304
slice10 start write  @clk     1686304
slice11 start write  @clk     1686305
slice4 access done  @clk     1686345
slice4 start write  @clk     1686346
slice5 access done  @clk     1686362
slice6 access done  @clk     1686363
slice5 start write  @clk     1686363
slice6 start write  @clk     1686364
slice0 access done @clk     1686373
slice0 start write @clk     1686374
slice7 access done  @clk     1686380
slice7 start write  @clk     1686381
slice1 access done  @clk     1686390
slice2 access done  @clk     1686391
slice1 start write  @clk     1686391
slice2 start write  @clk     1686392
slice3 access done  @clk     1686408
slice3 start write  @clk     1686409
slice12 write_burst finish  @clk     1731840
slice12 task finish  @clk     1731842
slice13 write_burst finish  @clk     1731843
slice13 task finish  @clk     1731845
slice14 write_burst finish  @clk     1731857
slice14 task finish  @clk     1731859
slice15 write_burst finish  @clk     1732462
slice15 task finish  @clk     1732464
slice8 write_burst finish  @clk     1732867
slice8 task finish  @clk     1732869
slice9 write_burst finish  @clk     1732889
slice9 task finish  @clk     1732891
slice10 write_burst finish  @clk     1732977
slice10 task finish  @clk     1732979
slice11 write_burst finish  @clk     1732985
slice11 task finish  @clk     1732987
slice4 write_burst finish  @clk     1733031
slice4 task finish  @clk     1733033
slice5 write_burst finish  @clk     1733039
slice5 task finish  @clk     1733041
slice6 write_burst finish  @clk     1733047
slice6 task finish  @clk     1733049
slice7 write_burst finish  @clk     1733055
slice0 write_burst finish @clk     1733056
slice7 task finish  @clk     1733057
slice0 task finish @clk     1733058
slice1 write_burst finish  @clk     1733065
slice1 task finish  @clk     1733067
slice2 write_burst finish  @clk     1733073
slice2 task finish  @clk     1733075
slice3 write_burst finish  @clk     1733081
slice3 task finish  @clk     1733083
