slice12 start prefetch  @clk      218739
slice13 start prefetch  @clk      218739
slice14 start prefetch  @clk      218739
slice15 start prefetch  @clk      218739
slice8 start prefetch  @clk      218743
slice9 start prefetch  @clk      218743
slice10 start prefetch  @clk      218743
slice11 start prefetch  @clk      218743
slice4 start prefetch  @clk      218747
slice5 start prefetch  @clk      218747
slice6 start prefetch  @clk      218747
slice7 start prefetch  @clk      218747
slice0 start prefetch @clk      218753
slice1 start prefetch  @clk      218753
slice2 start prefetch  @clk      218753
slice3 start prefetch  @clk      218753
slice12 prefetch finish  @clk      255612
slice13 prefetch finish  @clk      255618
slice14 prefetch finish  @clk      255624
slice15 prefetch finish  @clk      255630
slice8 prefetch finish  @clk      255684
slice9 prefetch finish  @clk      255690
slice10 prefetch finish  @clk      255696
slice11 prefetch finish  @clk      255702
slice4 prefetch finish  @clk      255732
slice5 prefetch finish  @clk      255738
slice6 prefetch finish  @clk      255744
slice7 prefetch finish  @clk      255750
slice0 prefetch finish @clk      255756
slice1 prefetch finish  @clk      255762
slice2 prefetch finish  @clk      255768
slice3 prefetch finish  @clk      255774
slice12 compute config finish @clk      256790
slice13 compute config finish @clk      256790
slice14 compute config finish @clk      256790
slice15 compute config finish @clk      256790
slice12 start run  @clk      256791
slice13 start run  @clk      256791
slice14 start run  @clk      256791
slice15 start run  @clk      256791
slice8 compute config finish @clk      256794
slice9 compute config finish @clk      256794
slice10 compute config finish @clk      256794
slice11 compute config finish @clk      256794
slice8 start run  @clk      256795
slice9 start run  @clk      256795
slice10 start run  @clk      256795
slice11 start run  @clk      256795
slice4 compute config finish @clk      256798
slice5 compute config finish @clk      256798
slice6 compute config finish @clk      256798
slice7 compute config finish @clk      256798
slice4 start run  @clk      256799
slice5 start run  @clk      256799
slice6 start run  @clk      256799
slice7 start run  @clk      256799
slice0 compute config finish @clk      256804
slice1 compute config finish @clk      256804
slice2 compute config finish @clk      256804
slice3 compute config finish @clk      256804
slice0 start run @clk      256805
slice1 start run  @clk      256805
slice2 start run  @clk      256805
slice3 start run  @clk      256805
slice12 start prefetch  @clk      257147
slice13 start prefetch  @clk      257147
slice14 start prefetch  @clk      257147
slice15 start prefetch  @clk      257147
slice8 start prefetch  @clk      257151
slice9 start prefetch  @clk      257151
slice10 start prefetch  @clk      257151
slice11 start prefetch  @clk      257151
slice4 start prefetch  @clk      257155
slice5 start prefetch  @clk      257155
slice6 start prefetch  @clk      257155
slice7 start prefetch  @clk      257155
slice0 start prefetch @clk      257161
slice1 start prefetch  @clk      257161
slice2 start prefetch  @clk      257161
slice3 start prefetch  @clk      257161
slice12 access done  @clk      262322
slice13 access done  @clk      262322
slice14 access done  @clk      262322
slice15 access done  @clk      262322
slice12 start write  @clk      262323
slice13 start write  @clk      262323
slice14 start write  @clk      262323
slice15 start write  @clk      262323
slice12 write_burst finish  @clk      262324
slice13 write_burst finish  @clk      262324
slice14 write_burst finish  @clk      262324
slice15 write_burst finish  @clk      262324
slice8 access done  @clk      262326
slice9 access done  @clk      262326
slice10 access done  @clk      262326
slice11 access done  @clk      262326
slice12 task finish  @clk      262326
slice13 task finish  @clk      262326
slice14 task finish  @clk      262326
slice15 task finish  @clk      262326
slice8 start write  @clk      262327
slice9 start write  @clk      262327
slice10 start write  @clk      262327
slice11 start write  @clk      262327
slice8 write_burst finish  @clk      262328
slice9 write_burst finish  @clk      262328
slice10 write_burst finish  @clk      262328
slice11 write_burst finish  @clk      262328
slice4 access done  @clk      262330
slice5 access done  @clk      262330
slice6 access done  @clk      262330
slice7 access done  @clk      262330
slice8 task finish  @clk      262330
slice9 task finish  @clk      262330
slice10 task finish  @clk      262330
slice11 task finish  @clk      262330
slice4 start write  @clk      262331
slice5 start write  @clk      262331
slice6 start write  @clk      262331
slice7 start write  @clk      262331
slice4 write_burst finish  @clk      262332
slice5 write_burst finish  @clk      262332
slice6 write_burst finish  @clk      262332
slice7 write_burst finish  @clk      262332
slice4 task finish  @clk      262334
slice5 task finish  @clk      262334
slice6 task finish  @clk      262334
slice7 task finish  @clk      262334
slice0 access done @clk      262336
slice1 access done  @clk      262336
slice2 access done  @clk      262336
slice3 access done  @clk      262336
slice0 start write @clk      262337
slice1 start write  @clk      262337
slice2 start write  @clk      262337
slice3 start write  @clk      262337
slice0 write_burst finish @clk      262338
slice1 write_burst finish  @clk      262338
slice2 write_burst finish  @clk      262338
slice3 write_burst finish  @clk      262338
slice0 task finish @clk      262340
slice1 task finish  @clk      262340
slice2 task finish  @clk      262340
slice3 task finish  @clk      262340
slice12 prefetch finish  @clk      284850
slice13 prefetch finish  @clk      284856
slice14 prefetch finish  @clk      284862
slice15 prefetch finish  @clk      284868
slice8 prefetch finish  @clk      284922
slice9 prefetch finish  @clk      284928
slice10 prefetch finish  @clk      284934
slice11 prefetch finish  @clk      284940
slice4 prefetch finish  @clk      284970
slice5 prefetch finish  @clk      284976
slice6 prefetch finish  @clk      284982
slice7 prefetch finish  @clk      284988
slice0 prefetch finish @clk      284994
slice1 prefetch finish  @clk      285000
slice2 prefetch finish  @clk      285006
slice3 prefetch finish  @clk      285012
slice12 compute config finish @clk      285892
slice13 compute config finish @clk      285892
slice14 compute config finish @clk      285892
slice15 compute config finish @clk      285892
slice12 start run  @clk      285893
slice13 start run  @clk      285893
slice14 start run  @clk      285893
slice15 start run  @clk      285893
slice8 compute config finish @clk      285896
slice9 compute config finish @clk      285896
slice10 compute config finish @clk      285896
slice11 compute config finish @clk      285896
slice8 start run  @clk      285897
slice9 start run  @clk      285897
slice10 start run  @clk      285897
slice11 start run  @clk      285897
slice4 compute config finish @clk      285900
slice5 compute config finish @clk      285900
slice6 compute config finish @clk      285900
slice7 compute config finish @clk      285900
slice4 start run  @clk      285901
slice5 start run  @clk      285901
slice6 start run  @clk      285901
slice7 start run  @clk      285901
slice0 compute config finish @clk      285906
slice1 compute config finish @clk      285906
slice2 compute config finish @clk      285906
slice3 compute config finish @clk      285906
slice0 start run @clk      285907
slice1 start run  @clk      285907
slice2 start run  @clk      285907
slice3 start run  @clk      285907
slice12 start prefetch  @clk      286249
slice13 start prefetch  @clk      286249
slice14 start prefetch  @clk      286249
slice15 start prefetch  @clk      286249
slice8 start prefetch  @clk      286253
slice9 start prefetch  @clk      286253
slice10 start prefetch  @clk      286253
slice11 start prefetch  @clk      286253
slice4 start prefetch  @clk      286257
slice5 start prefetch  @clk      286257
slice6 start prefetch  @clk      286257
slice7 start prefetch  @clk      286257
slice0 start prefetch @clk      286263
slice1 start prefetch  @clk      286263
slice2 start prefetch  @clk      286263
slice3 start prefetch  @clk      286263
slice12 access done  @clk      290244
slice13 access done  @clk      290244
slice14 access done  @clk      290244
slice15 access done  @clk      290244
slice12 start write  @clk      290245
slice13 start write  @clk      290245
slice14 start write  @clk      290245
slice15 start write  @clk      290245
slice12 write_burst finish  @clk      290246
slice13 write_burst finish  @clk      290246
slice14 write_burst finish  @clk      290246
slice15 write_burst finish  @clk      290246
slice8 access done  @clk      290248
slice9 access done  @clk      290248
slice10 access done  @clk      290248
slice11 access done  @clk      290248
slice12 task finish  @clk      290248
slice13 task finish  @clk      290248
slice14 task finish  @clk      290248
slice15 task finish  @clk      290248
slice8 start write  @clk      290249
slice9 start write  @clk      290249
slice10 start write  @clk      290249
slice11 start write  @clk      290249
slice8 write_burst finish  @clk      290250
slice9 write_burst finish  @clk      290250
slice10 write_burst finish  @clk      290250
slice11 write_burst finish  @clk      290250
slice4 access done  @clk      290252
slice5 access done  @clk      290252
slice6 access done  @clk      290252
slice7 access done  @clk      290252
slice8 task finish  @clk      290252
slice9 task finish  @clk      290252
slice10 task finish  @clk      290252
slice11 task finish  @clk      290252
slice4 start write  @clk      290253
slice5 start write  @clk      290253
slice6 start write  @clk      290253
slice7 start write  @clk      290253
slice4 write_burst finish  @clk      290254
slice5 write_burst finish  @clk      290254
slice6 write_burst finish  @clk      290254
slice7 write_burst finish  @clk      290254
slice4 task finish  @clk      290256
slice5 task finish  @clk      290256
slice6 task finish  @clk      290256
slice7 task finish  @clk      290256
slice0 access done @clk      290258
slice1 access done  @clk      290258
slice2 access done  @clk      290258
slice3 access done  @clk      290258
slice0 start write @clk      290259
slice1 start write  @clk      290259
slice2 start write  @clk      290259
slice3 start write  @clk      290259
slice0 write_burst finish @clk      290260
slice1 write_burst finish  @clk      290260
slice2 write_burst finish  @clk      290260
slice3 write_burst finish  @clk      290260
slice0 task finish @clk      290262
slice1 task finish  @clk      290262
slice2 task finish  @clk      290262
slice3 task finish  @clk      290262
slice12 prefetch finish  @clk      323168
slice13 prefetch finish  @clk      323174
slice14 prefetch finish  @clk      323180
slice15 prefetch finish  @clk      323186
slice8 prefetch finish  @clk      323240
slice9 prefetch finish  @clk      323246
slice10 prefetch finish  @clk      323252
slice11 prefetch finish  @clk      323258
slice4 prefetch finish  @clk      323288
slice5 prefetch finish  @clk      323294
slice6 prefetch finish  @clk      323300
slice7 prefetch finish  @clk      323306
slice0 prefetch finish @clk      323312
slice1 prefetch finish  @clk      323318
slice2 prefetch finish  @clk      323324
slice3 prefetch finish  @clk      323330
slice12 compute config finish @clk      324210
slice13 compute config finish @clk      324210
slice14 compute config finish @clk      324210
slice15 compute config finish @clk      324210
slice12 start run  @clk      324211
slice13 start run  @clk      324211
slice14 start run  @clk      324211
slice15 start run  @clk      324211
slice8 compute config finish @clk      324214
slice9 compute config finish @clk      324214
slice10 compute config finish @clk      324214
slice11 compute config finish @clk      324214
slice8 start run  @clk      324215
slice9 start run  @clk      324215
slice10 start run  @clk      324215
slice11 start run  @clk      324215
slice4 compute config finish @clk      324218
slice5 compute config finish @clk      324218
slice6 compute config finish @clk      324218
slice7 compute config finish @clk      324218
slice4 start run  @clk      324219
slice5 start run  @clk      324219
slice6 start run  @clk      324219
slice7 start run  @clk      324219
slice0 compute config finish @clk      324224
slice1 compute config finish @clk      324224
slice2 compute config finish @clk      324224
slice3 compute config finish @clk      324224
slice0 start run @clk      324225
slice1 start run  @clk      324225
slice2 start run  @clk      324225
slice3 start run  @clk      324225
slice12 start prefetch  @clk      324567
slice13 start prefetch  @clk      324567
slice14 start prefetch  @clk      324567
slice15 start prefetch  @clk      324567
slice8 start prefetch  @clk      324571
slice9 start prefetch  @clk      324571
slice10 start prefetch  @clk      324571
slice11 start prefetch  @clk      324571
slice4 start prefetch  @clk      324575
slice5 start prefetch  @clk      324575
slice6 start prefetch  @clk      324575
slice7 start prefetch  @clk      324575
slice0 start prefetch @clk      324581
slice1 start prefetch  @clk      324581
slice2 start prefetch  @clk      324581
slice3 start prefetch  @clk      324581
slice12 access done  @clk      329742
slice13 access done  @clk      329742
slice14 access done  @clk      329742
slice15 access done  @clk      329742
slice12 start write  @clk      329743
slice13 start write  @clk      329743
slice14 start write  @clk      329743
slice15 start write  @clk      329743
slice12 write_burst finish  @clk      329744
slice13 write_burst finish  @clk      329744
slice14 write_burst finish  @clk      329744
slice15 write_burst finish  @clk      329744
slice8 access done  @clk      329746
slice9 access done  @clk      329746
slice10 access done  @clk      329746
slice11 access done  @clk      329746
slice12 task finish  @clk      329746
slice13 task finish  @clk      329746
slice14 task finish  @clk      329746
slice15 task finish  @clk      329746
slice8 start write  @clk      329747
slice9 start write  @clk      329747
slice10 start write  @clk      329747
slice11 start write  @clk      329747
slice8 write_burst finish  @clk      329748
slice9 write_burst finish  @clk      329748
slice10 write_burst finish  @clk      329748
slice11 write_burst finish  @clk      329748
slice4 access done  @clk      329750
slice5 access done  @clk      329750
slice6 access done  @clk      329750
slice7 access done  @clk      329750
slice8 task finish  @clk      329750
slice9 task finish  @clk      329750
slice10 task finish  @clk      329750
slice11 task finish  @clk      329750
slice4 start write  @clk      329751
slice5 start write  @clk      329751
slice6 start write  @clk      329751
slice7 start write  @clk      329751
slice4 write_burst finish  @clk      329752
slice5 write_burst finish  @clk      329752
slice6 write_burst finish  @clk      329752
slice7 write_burst finish  @clk      329752
slice4 task finish  @clk      329754
slice5 task finish  @clk      329754
slice6 task finish  @clk      329754
slice7 task finish  @clk      329754
slice0 access done @clk      329756
slice1 access done  @clk      329756
slice2 access done  @clk      329756
slice3 access done  @clk      329756
slice0 start write @clk      329757
slice1 start write  @clk      329757
slice2 start write  @clk      329757
slice3 start write  @clk      329757
slice0 write_burst finish @clk      329758
slice1 write_burst finish  @clk      329758
slice2 write_burst finish  @clk      329758
slice3 write_burst finish  @clk      329758
slice0 task finish @clk      329760
slice1 task finish  @clk      329760
slice2 task finish  @clk      329760
slice3 task finish  @clk      329760
slice12 prefetch finish  @clk      352270
slice13 prefetch finish  @clk      352276
slice14 prefetch finish  @clk      352282
slice15 prefetch finish  @clk      352288
slice8 prefetch finish  @clk      352342
slice9 prefetch finish  @clk      352348
slice10 prefetch finish  @clk      352354
slice11 prefetch finish  @clk      352360
slice4 prefetch finish  @clk      352390
slice5 prefetch finish  @clk      352396
slice6 prefetch finish  @clk      352402
slice7 prefetch finish  @clk      352408
slice0 prefetch finish @clk      352414
slice1 prefetch finish  @clk      352420
slice2 prefetch finish  @clk      352426
slice3 prefetch finish  @clk      352432
slice12 compute config finish @clk      353312
slice13 compute config finish @clk      353312
slice14 compute config finish @clk      353312
slice15 compute config finish @clk      353312
slice12 start run  @clk      353313
slice13 start run  @clk      353313
slice14 start run  @clk      353313
slice15 start run  @clk      353313
slice8 compute config finish @clk      353316
slice9 compute config finish @clk      353316
slice10 compute config finish @clk      353316
slice11 compute config finish @clk      353316
slice8 start run  @clk      353317
slice9 start run  @clk      353317
slice10 start run  @clk      353317
slice11 start run  @clk      353317
slice4 compute config finish @clk      353320
slice5 compute config finish @clk      353320
slice6 compute config finish @clk      353320
slice7 compute config finish @clk      353320
slice4 start run  @clk      353321
slice5 start run  @clk      353321
slice6 start run  @clk      353321
slice7 start run  @clk      353321
slice0 compute config finish @clk      353326
slice1 compute config finish @clk      353326
slice2 compute config finish @clk      353326
slice3 compute config finish @clk      353326
slice0 start run @clk      353327
slice1 start run  @clk      353327
slice2 start run  @clk      353327
slice3 start run  @clk      353327
slice12 start prefetch  @clk      353669
slice13 start prefetch  @clk      353669
slice14 start prefetch  @clk      353669
slice15 start prefetch  @clk      353669
slice8 start prefetch  @clk      353673
slice9 start prefetch  @clk      353673
slice10 start prefetch  @clk      353673
slice11 start prefetch  @clk      353673
slice4 start prefetch  @clk      353677
slice5 start prefetch  @clk      353677
slice6 start prefetch  @clk      353677
slice7 start prefetch  @clk      353677
slice0 start prefetch @clk      353683
slice1 start prefetch  @clk      353683
slice2 start prefetch  @clk      353683
slice3 start prefetch  @clk      353683
slice12 access done  @clk      357664
slice13 access done  @clk      357664
slice14 access done  @clk      357664
slice15 access done  @clk      357664
slice12 start write  @clk      357665
slice13 start write  @clk      357665
slice14 start write  @clk      357665
slice15 start write  @clk      357665
slice12 write_burst finish  @clk      357666
slice13 write_burst finish  @clk      357666
slice14 write_burst finish  @clk      357666
slice15 write_burst finish  @clk      357666
slice8 access done  @clk      357668
slice9 access done  @clk      357668
slice10 access done  @clk      357668
slice11 access done  @clk      357668
slice12 task finish  @clk      357668
slice13 task finish  @clk      357668
slice14 task finish  @clk      357668
slice15 task finish  @clk      357668
slice8 start write  @clk      357669
slice9 start write  @clk      357669
slice10 start write  @clk      357669
slice11 start write  @clk      357669
slice8 write_burst finish  @clk      357670
slice9 write_burst finish  @clk      357670
slice10 write_burst finish  @clk      357670
slice11 write_burst finish  @clk      357670
slice4 access done  @clk      357672
slice5 access done  @clk      357672
slice6 access done  @clk      357672
slice7 access done  @clk      357672
slice8 task finish  @clk      357672
slice9 task finish  @clk      357672
slice10 task finish  @clk      357672
slice11 task finish  @clk      357672
slice4 start write  @clk      357673
slice5 start write  @clk      357673
slice6 start write  @clk      357673
slice7 start write  @clk      357673
slice4 write_burst finish  @clk      357674
slice5 write_burst finish  @clk      357674
slice6 write_burst finish  @clk      357674
slice7 write_burst finish  @clk      357674
slice4 task finish  @clk      357676
slice5 task finish  @clk      357676
slice6 task finish  @clk      357676
slice7 task finish  @clk      357676
slice0 access done @clk      357678
slice1 access done  @clk      357678
slice2 access done  @clk      357678
slice3 access done  @clk      357678
slice0 start write @clk      357679
slice1 start write  @clk      357679
slice2 start write  @clk      357679
slice3 start write  @clk      357679
slice0 write_burst finish @clk      357680
slice1 write_burst finish  @clk      357680
slice2 write_burst finish  @clk      357680
slice3 write_burst finish  @clk      357680
slice0 task finish @clk      357682
slice1 task finish  @clk      357682
slice2 task finish  @clk      357682
slice3 task finish  @clk      357682
slice12 prefetch finish  @clk      390588
slice13 prefetch finish  @clk      390594
slice14 prefetch finish  @clk      390600
slice15 prefetch finish  @clk      390606
slice8 prefetch finish  @clk      390660
slice9 prefetch finish  @clk      390666
slice10 prefetch finish  @clk      390672
slice11 prefetch finish  @clk      390678
slice4 prefetch finish  @clk      390708
slice5 prefetch finish  @clk      390714
slice6 prefetch finish  @clk      390720
slice7 prefetch finish  @clk      390726
slice0 prefetch finish @clk      390732
slice1 prefetch finish  @clk      390738
slice2 prefetch finish  @clk      390744
slice3 prefetch finish  @clk      390750
slice12 compute config finish @clk      391630
slice13 compute config finish @clk      391630
slice14 compute config finish @clk      391630
slice15 compute config finish @clk      391630
slice12 start run  @clk      391631
slice13 start run  @clk      391631
slice14 start run  @clk      391631
slice15 start run  @clk      391631
slice8 compute config finish @clk      391634
slice9 compute config finish @clk      391634
slice10 compute config finish @clk      391634
slice11 compute config finish @clk      391634
slice8 start run  @clk      391635
slice9 start run  @clk      391635
slice10 start run  @clk      391635
slice11 start run  @clk      391635
slice4 compute config finish @clk      391638
slice5 compute config finish @clk      391638
slice6 compute config finish @clk      391638
slice7 compute config finish @clk      391638
slice4 start run  @clk      391639
slice5 start run  @clk      391639
slice6 start run  @clk      391639
slice7 start run  @clk      391639
slice0 compute config finish @clk      391644
slice1 compute config finish @clk      391644
slice2 compute config finish @clk      391644
slice3 compute config finish @clk      391644
slice0 start run @clk      391645
slice1 start run  @clk      391645
slice2 start run  @clk      391645
slice3 start run  @clk      391645
slice12 start prefetch  @clk      391987
slice13 start prefetch  @clk      391987
slice14 start prefetch  @clk      391987
slice15 start prefetch  @clk      391987
slice8 start prefetch  @clk      391991
slice9 start prefetch  @clk      391991
slice10 start prefetch  @clk      391991
slice11 start prefetch  @clk      391991
slice4 start prefetch  @clk      391995
slice5 start prefetch  @clk      391995
slice6 start prefetch  @clk      391995
slice7 start prefetch  @clk      391995
slice0 start prefetch @clk      392001
slice1 start prefetch  @clk      392001
slice2 start prefetch  @clk      392001
slice3 start prefetch  @clk      392001
slice12 access done  @clk      397162
slice13 access done  @clk      397162
slice14 access done  @clk      397162
slice15 access done  @clk      397162
slice12 start write  @clk      397163
slice13 start write  @clk      397163
slice14 start write  @clk      397163
slice15 start write  @clk      397163
slice12 write_burst finish  @clk      397164
slice13 write_burst finish  @clk      397164
slice14 write_burst finish  @clk      397164
slice15 write_burst finish  @clk      397164
slice8 access done  @clk      397166
slice9 access done  @clk      397166
slice10 access done  @clk      397166
slice11 access done  @clk      397166
slice12 task finish  @clk      397166
slice13 task finish  @clk      397166
slice14 task finish  @clk      397166
slice15 task finish  @clk      397166
slice8 start write  @clk      397167
slice9 start write  @clk      397167
slice10 start write  @clk      397167
slice11 start write  @clk      397167
slice8 write_burst finish  @clk      397168
slice9 write_burst finish  @clk      397168
slice10 write_burst finish  @clk      397168
slice11 write_burst finish  @clk      397168
slice4 access done  @clk      397170
slice5 access done  @clk      397170
slice6 access done  @clk      397170
slice7 access done  @clk      397170
slice8 task finish  @clk      397170
slice9 task finish  @clk      397170
slice10 task finish  @clk      397170
slice11 task finish  @clk      397170
slice4 start write  @clk      397171
slice5 start write  @clk      397171
slice6 start write  @clk      397171
slice7 start write  @clk      397171
slice4 write_burst finish  @clk      397172
slice5 write_burst finish  @clk      397172
slice6 write_burst finish  @clk      397172
slice7 write_burst finish  @clk      397172
slice4 task finish  @clk      397174
slice5 task finish  @clk      397174
slice6 task finish  @clk      397174
slice7 task finish  @clk      397174
slice0 access done @clk      397176
slice1 access done  @clk      397176
slice2 access done  @clk      397176
slice3 access done  @clk      397176
slice0 start write @clk      397177
slice1 start write  @clk      397177
slice2 start write  @clk      397177
slice3 start write  @clk      397177
slice0 write_burst finish @clk      397178
slice1 write_burst finish  @clk      397178
slice2 write_burst finish  @clk      397178
slice3 write_burst finish  @clk      397178
slice0 task finish @clk      397180
slice1 task finish  @clk      397180
slice2 task finish  @clk      397180
slice3 task finish  @clk      397180
slice12 prefetch finish  @clk      419690
slice13 prefetch finish  @clk      419696
slice14 prefetch finish  @clk      419702
slice15 prefetch finish  @clk      419708
slice8 prefetch finish  @clk      419762
slice9 prefetch finish  @clk      419768
slice10 prefetch finish  @clk      419774
slice11 prefetch finish  @clk      419780
slice4 prefetch finish  @clk      419810
slice5 prefetch finish  @clk      419816
slice6 prefetch finish  @clk      419822
slice7 prefetch finish  @clk      419828
slice0 prefetch finish @clk      419834
slice1 prefetch finish  @clk      419840
slice2 prefetch finish  @clk      419846
slice3 prefetch finish  @clk      419852
slice12 compute config finish @clk      420732
slice13 compute config finish @clk      420732
slice14 compute config finish @clk      420732
slice15 compute config finish @clk      420732
slice12 start run  @clk      420733
slice13 start run  @clk      420733
slice14 start run  @clk      420733
slice15 start run  @clk      420733
slice8 compute config finish @clk      420736
slice9 compute config finish @clk      420736
slice10 compute config finish @clk      420736
slice11 compute config finish @clk      420736
slice8 start run  @clk      420737
slice9 start run  @clk      420737
slice10 start run  @clk      420737
slice11 start run  @clk      420737
slice4 compute config finish @clk      420740
slice5 compute config finish @clk      420740
slice6 compute config finish @clk      420740
slice7 compute config finish @clk      420740
slice4 start run  @clk      420741
slice5 start run  @clk      420741
slice6 start run  @clk      420741
slice7 start run  @clk      420741
slice0 compute config finish @clk      420746
slice1 compute config finish @clk      420746
slice2 compute config finish @clk      420746
slice3 compute config finish @clk      420746
slice0 start run @clk      420747
slice1 start run  @clk      420747
slice2 start run  @clk      420747
slice3 start run  @clk      420747
slice12 start prefetch  @clk      421089
slice13 start prefetch  @clk      421089
slice14 start prefetch  @clk      421089
slice15 start prefetch  @clk      421089
slice8 start prefetch  @clk      421093
slice9 start prefetch  @clk      421093
slice10 start prefetch  @clk      421093
slice11 start prefetch  @clk      421093
slice4 start prefetch  @clk      421097
slice5 start prefetch  @clk      421097
slice6 start prefetch  @clk      421097
slice7 start prefetch  @clk      421097
slice0 start prefetch @clk      421103
slice1 start prefetch  @clk      421103
slice2 start prefetch  @clk      421103
slice3 start prefetch  @clk      421103
slice12 access done  @clk      425084
slice13 access done  @clk      425084
slice14 access done  @clk      425084
slice15 access done  @clk      425084
slice12 start write  @clk      425085
slice13 start write  @clk      425085
slice14 start write  @clk      425085
slice15 start write  @clk      425085
slice12 write_burst finish  @clk      425086
slice13 write_burst finish  @clk      425086
slice14 write_burst finish  @clk      425086
slice15 write_burst finish  @clk      425086
slice8 access done  @clk      425088
slice9 access done  @clk      425088
slice10 access done  @clk      425088
slice11 access done  @clk      425088
slice12 task finish  @clk      425088
slice13 task finish  @clk      425088
slice14 task finish  @clk      425088
slice15 task finish  @clk      425088
slice8 start write  @clk      425089
slice9 start write  @clk      425089
slice10 start write  @clk      425089
slice11 start write  @clk      425089
slice8 write_burst finish  @clk      425090
slice9 write_burst finish  @clk      425090
slice10 write_burst finish  @clk      425090
slice11 write_burst finish  @clk      425090
slice4 access done  @clk      425092
slice5 access done  @clk      425092
slice6 access done  @clk      425092
slice7 access done  @clk      425092
slice8 task finish  @clk      425092
slice9 task finish  @clk      425092
slice10 task finish  @clk      425092
slice11 task finish  @clk      425092
slice4 start write  @clk      425093
slice5 start write  @clk      425093
slice6 start write  @clk      425093
slice7 start write  @clk      425093
slice4 write_burst finish  @clk      425094
slice5 write_burst finish  @clk      425094
slice6 write_burst finish  @clk      425094
slice7 write_burst finish  @clk      425094
slice4 task finish  @clk      425096
slice5 task finish  @clk      425096
slice6 task finish  @clk      425096
slice7 task finish  @clk      425096
slice0 access done @clk      425098
slice1 access done  @clk      425098
slice2 access done  @clk      425098
slice3 access done  @clk      425098
slice0 start write @clk      425099
slice1 start write  @clk      425099
slice2 start write  @clk      425099
slice3 start write  @clk      425099
slice0 write_burst finish @clk      425100
slice1 write_burst finish  @clk      425100
slice2 write_burst finish  @clk      425100
slice3 write_burst finish  @clk      425100
slice0 task finish @clk      425102
slice1 task finish  @clk      425102
slice2 task finish  @clk      425102
slice3 task finish  @clk      425102
slice12 prefetch finish  @clk      458008
slice13 prefetch finish  @clk      458014
slice14 prefetch finish  @clk      458020
slice15 prefetch finish  @clk      458026
slice8 prefetch finish  @clk      458080
slice9 prefetch finish  @clk      458086
slice10 prefetch finish  @clk      458092
slice11 prefetch finish  @clk      458098
slice4 prefetch finish  @clk      458128
slice5 prefetch finish  @clk      458134
slice6 prefetch finish  @clk      458140
slice7 prefetch finish  @clk      458146
slice0 prefetch finish @clk      458152
slice1 prefetch finish  @clk      458158
slice2 prefetch finish  @clk      458164
slice3 prefetch finish  @clk      458170
slice12 compute config finish @clk      459050
slice13 compute config finish @clk      459050
slice14 compute config finish @clk      459050
slice15 compute config finish @clk      459050
slice12 start run  @clk      459051
slice13 start run  @clk      459051
slice14 start run  @clk      459051
slice15 start run  @clk      459051
slice8 compute config finish @clk      459054
slice9 compute config finish @clk      459054
slice10 compute config finish @clk      459054
slice11 compute config finish @clk      459054
slice8 start run  @clk      459055
slice9 start run  @clk      459055
slice10 start run  @clk      459055
slice11 start run  @clk      459055
slice4 compute config finish @clk      459058
slice5 compute config finish @clk      459058
slice6 compute config finish @clk      459058
slice7 compute config finish @clk      459058
slice4 start run  @clk      459059
slice5 start run  @clk      459059
slice6 start run  @clk      459059
slice7 start run  @clk      459059
slice0 compute config finish @clk      459064
slice1 compute config finish @clk      459064
slice2 compute config finish @clk      459064
slice3 compute config finish @clk      459064
slice0 start run @clk      459065
slice1 start run  @clk      459065
slice2 start run  @clk      459065
slice3 start run  @clk      459065
slice12 start prefetch  @clk      459407
slice13 start prefetch  @clk      459407
slice14 start prefetch  @clk      459407
slice15 start prefetch  @clk      459407
slice8 start prefetch  @clk      459411
slice9 start prefetch  @clk      459411
slice10 start prefetch  @clk      459411
slice11 start prefetch  @clk      459411
slice4 start prefetch  @clk      459415
slice5 start prefetch  @clk      459415
slice6 start prefetch  @clk      459415
slice7 start prefetch  @clk      459415
slice0 start prefetch @clk      459421
slice1 start prefetch  @clk      459421
slice2 start prefetch  @clk      459421
slice3 start prefetch  @clk      459421
slice12 access done  @clk      464582
slice13 access done  @clk      464582
slice14 access done  @clk      464582
slice15 access done  @clk      464582
slice12 start write  @clk      464583
slice13 start write  @clk      464583
slice14 start write  @clk      464583
slice15 start write  @clk      464583
slice12 write_burst finish  @clk      464584
slice13 write_burst finish  @clk      464584
slice14 write_burst finish  @clk      464584
slice15 write_burst finish  @clk      464584
slice8 access done  @clk      464586
slice9 access done  @clk      464586
slice10 access done  @clk      464586
slice11 access done  @clk      464586
slice12 task finish  @clk      464586
slice13 task finish  @clk      464586
slice14 task finish  @clk      464586
slice15 task finish  @clk      464586
slice8 start write  @clk      464587
slice9 start write  @clk      464587
slice10 start write  @clk      464587
slice11 start write  @clk      464587
slice8 write_burst finish  @clk      464588
slice9 write_burst finish  @clk      464588
slice10 write_burst finish  @clk      464588
slice11 write_burst finish  @clk      464588
slice4 access done  @clk      464590
slice5 access done  @clk      464590
slice6 access done  @clk      464590
slice7 access done  @clk      464590
slice8 task finish  @clk      464590
slice9 task finish  @clk      464590
slice10 task finish  @clk      464590
slice11 task finish  @clk      464590
slice4 start write  @clk      464591
slice5 start write  @clk      464591
slice6 start write  @clk      464591
slice7 start write  @clk      464591
slice4 write_burst finish  @clk      464592
slice5 write_burst finish  @clk      464592
slice6 write_burst finish  @clk      464592
slice7 write_burst finish  @clk      464592
slice4 task finish  @clk      464594
slice5 task finish  @clk      464594
slice6 task finish  @clk      464594
slice7 task finish  @clk      464594
slice0 access done @clk      464596
slice1 access done  @clk      464596
slice2 access done  @clk      464596
slice3 access done  @clk      464596
slice0 start write @clk      464597
slice1 start write  @clk      464597
slice2 start write  @clk      464597
slice3 start write  @clk      464597
slice0 write_burst finish @clk      464598
slice1 write_burst finish  @clk      464598
slice2 write_burst finish  @clk      464598
slice3 write_burst finish  @clk      464598
slice0 task finish @clk      464600
slice1 task finish  @clk      464600
slice2 task finish  @clk      464600
slice3 task finish  @clk      464600
slice12 prefetch finish  @clk      487110
slice13 prefetch finish  @clk      487116
slice14 prefetch finish  @clk      487122
slice15 prefetch finish  @clk      487128
slice8 prefetch finish  @clk      487182
slice9 prefetch finish  @clk      487188
slice10 prefetch finish  @clk      487194
slice11 prefetch finish  @clk      487200
slice4 prefetch finish  @clk      487230
slice5 prefetch finish  @clk      487236
slice6 prefetch finish  @clk      487242
slice7 prefetch finish  @clk      487248
slice0 prefetch finish @clk      487254
slice1 prefetch finish  @clk      487260
slice2 prefetch finish  @clk      487266
slice3 prefetch finish  @clk      487272
slice12 compute config finish @clk      488152
slice13 compute config finish @clk      488152
slice14 compute config finish @clk      488152
slice15 compute config finish @clk      488152
slice12 start run  @clk      488153
slice13 start run  @clk      488153
slice14 start run  @clk      488153
slice15 start run  @clk      488153
slice8 compute config finish @clk      488156
slice9 compute config finish @clk      488156
slice10 compute config finish @clk      488156
slice11 compute config finish @clk      488156
slice8 start run  @clk      488157
slice9 start run  @clk      488157
slice10 start run  @clk      488157
slice11 start run  @clk      488157
slice4 compute config finish @clk      488160
slice5 compute config finish @clk      488160
slice6 compute config finish @clk      488160
slice7 compute config finish @clk      488160
slice4 start run  @clk      488161
slice5 start run  @clk      488161
slice6 start run  @clk      488161
slice7 start run  @clk      488161
slice0 compute config finish @clk      488166
slice1 compute config finish @clk      488166
slice2 compute config finish @clk      488166
slice3 compute config finish @clk      488166
slice0 start run @clk      488167
slice1 start run  @clk      488167
slice2 start run  @clk      488167
slice3 start run  @clk      488167
slice12 start prefetch  @clk      488509
slice13 start prefetch  @clk      488509
slice14 start prefetch  @clk      488509
slice15 start prefetch  @clk      488509
slice8 start prefetch  @clk      488513
slice9 start prefetch  @clk      488513
slice10 start prefetch  @clk      488513
slice11 start prefetch  @clk      488513
slice4 start prefetch  @clk      488517
slice5 start prefetch  @clk      488517
slice6 start prefetch  @clk      488517
slice7 start prefetch  @clk      488517
slice0 start prefetch @clk      488523
slice1 start prefetch  @clk      488523
slice2 start prefetch  @clk      488523
slice3 start prefetch  @clk      488523
slice12 access done  @clk      492504
slice13 access done  @clk      492504
slice14 access done  @clk      492504
slice15 access done  @clk      492504
slice12 start write  @clk      492505
slice13 start write  @clk      492505
slice14 start write  @clk      492505
slice15 start write  @clk      492505
slice12 write_burst finish  @clk      492506
slice13 write_burst finish  @clk      492506
slice14 write_burst finish  @clk      492506
slice15 write_burst finish  @clk      492506
slice8 access done  @clk      492508
slice9 access done  @clk      492508
slice10 access done  @clk      492508
slice11 access done  @clk      492508
slice12 task finish  @clk      492508
slice13 task finish  @clk      492508
slice14 task finish  @clk      492508
slice15 task finish  @clk      492508
slice8 start write  @clk      492509
slice9 start write  @clk      492509
slice10 start write  @clk      492509
slice11 start write  @clk      492509
slice8 write_burst finish  @clk      492510
slice9 write_burst finish  @clk      492510
slice10 write_burst finish  @clk      492510
slice11 write_burst finish  @clk      492510
slice4 access done  @clk      492512
slice5 access done  @clk      492512
slice6 access done  @clk      492512
slice7 access done  @clk      492512
slice8 task finish  @clk      492512
slice9 task finish  @clk      492512
slice10 task finish  @clk      492512
slice11 task finish  @clk      492512
slice4 start write  @clk      492513
slice5 start write  @clk      492513
slice6 start write  @clk      492513
slice7 start write  @clk      492513
slice4 write_burst finish  @clk      492514
slice5 write_burst finish  @clk      492514
slice6 write_burst finish  @clk      492514
slice7 write_burst finish  @clk      492514
slice4 task finish  @clk      492516
slice5 task finish  @clk      492516
slice6 task finish  @clk      492516
slice7 task finish  @clk      492516
slice0 access done @clk      492518
slice1 access done  @clk      492518
slice2 access done  @clk      492518
slice3 access done  @clk      492518
slice0 start write @clk      492519
slice1 start write  @clk      492519
slice2 start write  @clk      492519
slice3 start write  @clk      492519
slice0 write_burst finish @clk      492520
slice1 write_burst finish  @clk      492520
slice2 write_burst finish  @clk      492520
slice3 write_burst finish  @clk      492520
slice0 task finish @clk      492522
slice1 task finish  @clk      492522
slice2 task finish  @clk      492522
slice3 task finish  @clk      492522
slice12 prefetch finish  @clk      525428
slice13 prefetch finish  @clk      525434
slice14 prefetch finish  @clk      525440
slice15 prefetch finish  @clk      525446
slice8 prefetch finish  @clk      525500
slice9 prefetch finish  @clk      525506
slice10 prefetch finish  @clk      525512
slice11 prefetch finish  @clk      525518
slice4 prefetch finish  @clk      525548
slice5 prefetch finish  @clk      525554
slice6 prefetch finish  @clk      525560
slice7 prefetch finish  @clk      525566
slice0 prefetch finish @clk      525572
slice1 prefetch finish  @clk      525578
slice2 prefetch finish  @clk      525584
slice3 prefetch finish  @clk      525590
slice12 compute config finish @clk      526470
slice13 compute config finish @clk      526470
slice14 compute config finish @clk      526470
slice15 compute config finish @clk      526470
slice12 start run  @clk      526471
slice13 start run  @clk      526471
slice14 start run  @clk      526471
slice15 start run  @clk      526471
slice8 compute config finish @clk      526474
slice9 compute config finish @clk      526474
slice10 compute config finish @clk      526474
slice11 compute config finish @clk      526474
slice8 start run  @clk      526475
slice9 start run  @clk      526475
slice10 start run  @clk      526475
slice11 start run  @clk      526475
slice4 compute config finish @clk      526478
slice5 compute config finish @clk      526478
slice6 compute config finish @clk      526478
slice7 compute config finish @clk      526478
slice4 start run  @clk      526479
slice5 start run  @clk      526479
slice6 start run  @clk      526479
slice7 start run  @clk      526479
slice0 compute config finish @clk      526484
slice1 compute config finish @clk      526484
slice2 compute config finish @clk      526484
slice3 compute config finish @clk      526484
slice0 start run @clk      526485
slice1 start run  @clk      526485
slice2 start run  @clk      526485
slice3 start run  @clk      526485
slice12 start prefetch  @clk      526827
slice13 start prefetch  @clk      526827
slice14 start prefetch  @clk      526827
slice15 start prefetch  @clk      526827
slice8 start prefetch  @clk      526831
slice9 start prefetch  @clk      526831
slice10 start prefetch  @clk      526831
slice11 start prefetch  @clk      526831
slice4 start prefetch  @clk      526835
slice5 start prefetch  @clk      526835
slice6 start prefetch  @clk      526835
slice7 start prefetch  @clk      526835
slice0 start prefetch @clk      526841
slice1 start prefetch  @clk      526841
slice2 start prefetch  @clk      526841
slice3 start prefetch  @clk      526841
slice12 access done  @clk      532002
slice13 access done  @clk      532002
slice14 access done  @clk      532002
slice15 access done  @clk      532002
slice12 start write  @clk      532003
slice13 start write  @clk      532003
slice14 start write  @clk      532003
slice15 start write  @clk      532003
slice12 write_burst finish  @clk      532004
slice13 write_burst finish  @clk      532004
slice14 write_burst finish  @clk      532004
slice15 write_burst finish  @clk      532004
slice8 access done  @clk      532006
slice9 access done  @clk      532006
slice10 access done  @clk      532006
slice11 access done  @clk      532006
slice12 task finish  @clk      532006
slice13 task finish  @clk      532006
slice14 task finish  @clk      532006
slice15 task finish  @clk      532006
slice8 start write  @clk      532007
slice9 start write  @clk      532007
slice10 start write  @clk      532007
slice11 start write  @clk      532007
slice8 write_burst finish  @clk      532008
slice9 write_burst finish  @clk      532008
slice10 write_burst finish  @clk      532008
slice11 write_burst finish  @clk      532008
slice4 access done  @clk      532010
slice5 access done  @clk      532010
slice6 access done  @clk      532010
slice7 access done  @clk      532010
slice8 task finish  @clk      532010
slice9 task finish  @clk      532010
slice10 task finish  @clk      532010
slice11 task finish  @clk      532010
slice4 start write  @clk      532011
slice5 start write  @clk      532011
slice6 start write  @clk      532011
slice7 start write  @clk      532011
slice4 write_burst finish  @clk      532012
slice5 write_burst finish  @clk      532012
slice6 write_burst finish  @clk      532012
slice7 write_burst finish  @clk      532012
slice4 task finish  @clk      532014
slice5 task finish  @clk      532014
slice6 task finish  @clk      532014
slice7 task finish  @clk      532014
slice0 access done @clk      532016
slice1 access done  @clk      532016
slice2 access done  @clk      532016
slice3 access done  @clk      532016
slice0 start write @clk      532017
slice1 start write  @clk      532017
slice2 start write  @clk      532017
slice3 start write  @clk      532017
slice0 write_burst finish @clk      532018
slice1 write_burst finish  @clk      532018
slice2 write_burst finish  @clk      532018
slice3 write_burst finish  @clk      532018
slice0 task finish @clk      532020
slice1 task finish  @clk      532020
slice2 task finish  @clk      532020
slice3 task finish  @clk      532020
slice12 prefetch finish  @clk      554530
slice13 prefetch finish  @clk      554536
slice14 prefetch finish  @clk      554542
slice15 prefetch finish  @clk      554548
slice8 prefetch finish  @clk      554602
slice9 prefetch finish  @clk      554608
slice10 prefetch finish  @clk      554614
slice11 prefetch finish  @clk      554620
slice4 prefetch finish  @clk      554650
slice5 prefetch finish  @clk      554656
slice6 prefetch finish  @clk      554662
slice7 prefetch finish  @clk      554668
slice0 prefetch finish @clk      554674
slice1 prefetch finish  @clk      554680
slice2 prefetch finish  @clk      554686
slice3 prefetch finish  @clk      554692
slice12 compute config finish @clk      555572
slice13 compute config finish @clk      555572
slice14 compute config finish @clk      555572
slice15 compute config finish @clk      555572
slice12 start run  @clk      555573
slice13 start run  @clk      555573
slice14 start run  @clk      555573
slice15 start run  @clk      555573
slice8 compute config finish @clk      555576
slice9 compute config finish @clk      555576
slice10 compute config finish @clk      555576
slice11 compute config finish @clk      555576
slice8 start run  @clk      555577
slice9 start run  @clk      555577
slice10 start run  @clk      555577
slice11 start run  @clk      555577
slice4 compute config finish @clk      555580
slice5 compute config finish @clk      555580
slice6 compute config finish @clk      555580
slice7 compute config finish @clk      555580
slice4 start run  @clk      555581
slice5 start run  @clk      555581
slice6 start run  @clk      555581
slice7 start run  @clk      555581
slice0 compute config finish @clk      555586
slice1 compute config finish @clk      555586
slice2 compute config finish @clk      555586
slice3 compute config finish @clk      555586
slice0 start run @clk      555587
slice1 start run  @clk      555587
slice2 start run  @clk      555587
slice3 start run  @clk      555587
slice12 start prefetch  @clk      555929
slice13 start prefetch  @clk      555929
slice14 start prefetch  @clk      555929
slice15 start prefetch  @clk      555929
slice8 start prefetch  @clk      555933
slice9 start prefetch  @clk      555933
slice10 start prefetch  @clk      555933
slice11 start prefetch  @clk      555933
slice4 start prefetch  @clk      555937
slice5 start prefetch  @clk      555937
slice6 start prefetch  @clk      555937
slice7 start prefetch  @clk      555937
slice0 start prefetch @clk      555943
slice1 start prefetch  @clk      555943
slice2 start prefetch  @clk      555943
slice3 start prefetch  @clk      555943
slice12 access done  @clk      559924
slice13 access done  @clk      559924
slice14 access done  @clk      559924
slice15 access done  @clk      559924
slice12 start write  @clk      559925
slice13 start write  @clk      559925
slice14 start write  @clk      559925
slice15 start write  @clk      559925
slice12 write_burst finish  @clk      559926
slice13 write_burst finish  @clk      559926
slice14 write_burst finish  @clk      559926
slice15 write_burst finish  @clk      559926
slice8 access done  @clk      559928
slice9 access done  @clk      559928
slice10 access done  @clk      559928
slice11 access done  @clk      559928
slice12 task finish  @clk      559928
slice13 task finish  @clk      559928
slice14 task finish  @clk      559928
slice15 task finish  @clk      559928
slice8 start write  @clk      559929
slice9 start write  @clk      559929
slice10 start write  @clk      559929
slice11 start write  @clk      559929
slice8 write_burst finish  @clk      559930
slice9 write_burst finish  @clk      559930
slice10 write_burst finish  @clk      559930
slice11 write_burst finish  @clk      559930
slice4 access done  @clk      559932
slice5 access done  @clk      559932
slice6 access done  @clk      559932
slice7 access done  @clk      559932
slice8 task finish  @clk      559932
slice9 task finish  @clk      559932
slice10 task finish  @clk      559932
slice11 task finish  @clk      559932
slice4 start write  @clk      559933
slice5 start write  @clk      559933
slice6 start write  @clk      559933
slice7 start write  @clk      559933
slice4 write_burst finish  @clk      559934
slice5 write_burst finish  @clk      559934
slice6 write_burst finish  @clk      559934
slice7 write_burst finish  @clk      559934
slice4 task finish  @clk      559936
slice5 task finish  @clk      559936
slice6 task finish  @clk      559936
slice7 task finish  @clk      559936
slice0 access done @clk      559938
slice1 access done  @clk      559938
slice2 access done  @clk      559938
slice3 access done  @clk      559938
slice0 start write @clk      559939
slice1 start write  @clk      559939
slice2 start write  @clk      559939
slice3 start write  @clk      559939
slice0 write_burst finish @clk      559940
slice1 write_burst finish  @clk      559940
slice2 write_burst finish  @clk      559940
slice3 write_burst finish  @clk      559940
slice0 task finish @clk      559942
slice1 task finish  @clk      559942
slice2 task finish  @clk      559942
slice3 task finish  @clk      559942
slice12 prefetch finish  @clk      592848
slice13 prefetch finish  @clk      592854
slice14 prefetch finish  @clk      592860
slice15 prefetch finish  @clk      592866
slice8 prefetch finish  @clk      592920
slice9 prefetch finish  @clk      592926
slice10 prefetch finish  @clk      592932
slice11 prefetch finish  @clk      592938
slice4 prefetch finish  @clk      592968
slice5 prefetch finish  @clk      592974
slice6 prefetch finish  @clk      592980
slice7 prefetch finish  @clk      592986
slice0 prefetch finish @clk      592992
slice1 prefetch finish  @clk      592998
slice2 prefetch finish  @clk      593004
slice3 prefetch finish  @clk      593010
slice12 compute config finish @clk      593890
slice13 compute config finish @clk      593890
slice14 compute config finish @clk      593890
slice15 compute config finish @clk      593890
slice12 start run  @clk      593891
slice13 start run  @clk      593891
slice14 start run  @clk      593891
slice15 start run  @clk      593891
slice8 compute config finish @clk      593894
slice9 compute config finish @clk      593894
slice10 compute config finish @clk      593894
slice11 compute config finish @clk      593894
slice8 start run  @clk      593895
slice9 start run  @clk      593895
slice10 start run  @clk      593895
slice11 start run  @clk      593895
slice4 compute config finish @clk      593898
slice5 compute config finish @clk      593898
slice6 compute config finish @clk      593898
slice7 compute config finish @clk      593898
slice4 start run  @clk      593899
slice5 start run  @clk      593899
slice6 start run  @clk      593899
slice7 start run  @clk      593899
slice0 compute config finish @clk      593904
slice1 compute config finish @clk      593904
slice2 compute config finish @clk      593904
slice3 compute config finish @clk      593904
slice0 start run @clk      593905
slice1 start run  @clk      593905
slice2 start run  @clk      593905
slice3 start run  @clk      593905
slice12 start prefetch  @clk      594247
slice13 start prefetch  @clk      594247
slice14 start prefetch  @clk      594247
slice15 start prefetch  @clk      594247
slice8 start prefetch  @clk      594251
slice9 start prefetch  @clk      594251
slice10 start prefetch  @clk      594251
slice11 start prefetch  @clk      594251
slice4 start prefetch  @clk      594255
slice5 start prefetch  @clk      594255
slice6 start prefetch  @clk      594255
slice7 start prefetch  @clk      594255
slice0 start prefetch @clk      594261
slice1 start prefetch  @clk      594261
slice2 start prefetch  @clk      594261
slice3 start prefetch  @clk      594261
slice12 access done  @clk      599422
slice13 access done  @clk      599422
slice14 access done  @clk      599422
slice15 access done  @clk      599422
slice12 start write  @clk      599423
slice13 start write  @clk      599423
slice14 start write  @clk      599423
slice15 start write  @clk      599423
slice12 write_burst finish  @clk      599424
slice13 write_burst finish  @clk      599424
slice14 write_burst finish  @clk      599424
slice15 write_burst finish  @clk      599424
slice8 access done  @clk      599426
slice9 access done  @clk      599426
slice10 access done  @clk      599426
slice11 access done  @clk      599426
slice12 task finish  @clk      599426
slice13 task finish  @clk      599426
slice14 task finish  @clk      599426
slice15 task finish  @clk      599426
slice8 start write  @clk      599427
slice9 start write  @clk      599427
slice10 start write  @clk      599427
slice11 start write  @clk      599427
slice8 write_burst finish  @clk      599428
slice9 write_burst finish  @clk      599428
slice10 write_burst finish  @clk      599428
slice11 write_burst finish  @clk      599428
slice4 access done  @clk      599430
slice5 access done  @clk      599430
slice6 access done  @clk      599430
slice7 access done  @clk      599430
slice8 task finish  @clk      599430
slice9 task finish  @clk      599430
slice10 task finish  @clk      599430
slice11 task finish  @clk      599430
slice4 start write  @clk      599431
slice5 start write  @clk      599431
slice6 start write  @clk      599431
slice7 start write  @clk      599431
slice4 write_burst finish  @clk      599432
slice5 write_burst finish  @clk      599432
slice6 write_burst finish  @clk      599432
slice7 write_burst finish  @clk      599432
slice4 task finish  @clk      599434
slice5 task finish  @clk      599434
slice6 task finish  @clk      599434
slice7 task finish  @clk      599434
slice0 access done @clk      599436
slice1 access done  @clk      599436
slice2 access done  @clk      599436
slice3 access done  @clk      599436
slice0 start write @clk      599437
slice1 start write  @clk      599437
slice2 start write  @clk      599437
slice3 start write  @clk      599437
slice0 write_burst finish @clk      599438
slice1 write_burst finish  @clk      599438
slice2 write_burst finish  @clk      599438
slice3 write_burst finish  @clk      599438
slice0 task finish @clk      599440
slice1 task finish  @clk      599440
slice2 task finish  @clk      599440
slice3 task finish  @clk      599440
slice12 prefetch finish  @clk      621950
slice13 prefetch finish  @clk      621956
slice14 prefetch finish  @clk      621962
slice15 prefetch finish  @clk      621968
slice8 prefetch finish  @clk      622022
slice9 prefetch finish  @clk      622028
slice10 prefetch finish  @clk      622034
slice11 prefetch finish  @clk      622040
slice4 prefetch finish  @clk      622070
slice5 prefetch finish  @clk      622076
slice6 prefetch finish  @clk      622082
slice7 prefetch finish  @clk      622088
slice0 prefetch finish @clk      622094
slice1 prefetch finish  @clk      622100
slice2 prefetch finish  @clk      622106
slice3 prefetch finish  @clk      622112
slice12 compute config finish @clk      622992
slice13 compute config finish @clk      622992
slice14 compute config finish @clk      622992
slice15 compute config finish @clk      622992
slice12 start run  @clk      622993
slice13 start run  @clk      622993
slice14 start run  @clk      622993
slice15 start run  @clk      622993
slice8 compute config finish @clk      622996
slice9 compute config finish @clk      622996
slice10 compute config finish @clk      622996
slice11 compute config finish @clk      622996
slice8 start run  @clk      622997
slice9 start run  @clk      622997
slice10 start run  @clk      622997
slice11 start run  @clk      622997
slice4 compute config finish @clk      623000
slice5 compute config finish @clk      623000
slice6 compute config finish @clk      623000
slice7 compute config finish @clk      623000
slice4 start run  @clk      623001
slice5 start run  @clk      623001
slice6 start run  @clk      623001
slice7 start run  @clk      623001
slice0 compute config finish @clk      623006
slice1 compute config finish @clk      623006
slice2 compute config finish @clk      623006
slice3 compute config finish @clk      623006
slice0 start run @clk      623007
slice1 start run  @clk      623007
slice2 start run  @clk      623007
slice3 start run  @clk      623007
slice12 start prefetch  @clk      623349
slice13 start prefetch  @clk      623349
slice14 start prefetch  @clk      623349
slice15 start prefetch  @clk      623349
slice8 start prefetch  @clk      623353
slice9 start prefetch  @clk      623353
slice10 start prefetch  @clk      623353
slice11 start prefetch  @clk      623353
slice4 start prefetch  @clk      623357
slice5 start prefetch  @clk      623357
slice6 start prefetch  @clk      623357
slice7 start prefetch  @clk      623357
slice0 start prefetch @clk      623363
slice1 start prefetch  @clk      623363
slice2 start prefetch  @clk      623363
slice3 start prefetch  @clk      623363
slice12 access done  @clk      627344
slice13 access done  @clk      627344
slice14 access done  @clk      627344
slice15 access done  @clk      627344
slice12 start write  @clk      627345
slice13 start write  @clk      627345
slice14 start write  @clk      627345
slice15 start write  @clk      627345
slice12 write_burst finish  @clk      627346
slice13 write_burst finish  @clk      627346
slice14 write_burst finish  @clk      627346
slice15 write_burst finish  @clk      627346
slice8 access done  @clk      627348
slice9 access done  @clk      627348
slice10 access done  @clk      627348
slice11 access done  @clk      627348
slice12 task finish  @clk      627348
slice13 task finish  @clk      627348
slice14 task finish  @clk      627348
slice15 task finish  @clk      627348
slice8 start write  @clk      627349
slice9 start write  @clk      627349
slice10 start write  @clk      627349
slice11 start write  @clk      627349
slice8 write_burst finish  @clk      627350
slice9 write_burst finish  @clk      627350
slice10 write_burst finish  @clk      627350
slice11 write_burst finish  @clk      627350
slice4 access done  @clk      627352
slice5 access done  @clk      627352
slice6 access done  @clk      627352
slice7 access done  @clk      627352
slice8 task finish  @clk      627352
slice9 task finish  @clk      627352
slice10 task finish  @clk      627352
slice11 task finish  @clk      627352
slice4 start write  @clk      627353
slice5 start write  @clk      627353
slice6 start write  @clk      627353
slice7 start write  @clk      627353
slice4 write_burst finish  @clk      627354
slice5 write_burst finish  @clk      627354
slice6 write_burst finish  @clk      627354
slice7 write_burst finish  @clk      627354
slice4 task finish  @clk      627356
slice5 task finish  @clk      627356
slice6 task finish  @clk      627356
slice7 task finish  @clk      627356
slice0 access done @clk      627358
slice1 access done  @clk      627358
slice2 access done  @clk      627358
slice3 access done  @clk      627358
slice0 start write @clk      627359
slice1 start write  @clk      627359
slice2 start write  @clk      627359
slice3 start write  @clk      627359
slice0 write_burst finish @clk      627360
slice1 write_burst finish  @clk      627360
slice2 write_burst finish  @clk      627360
slice3 write_burst finish  @clk      627360
slice0 task finish @clk      627362
slice1 task finish  @clk      627362
slice2 task finish  @clk      627362
slice3 task finish  @clk      627362
slice12 prefetch finish  @clk      660268
slice13 prefetch finish  @clk      660274
slice14 prefetch finish  @clk      660280
slice15 prefetch finish  @clk      660286
slice8 prefetch finish  @clk      660340
slice9 prefetch finish  @clk      660346
slice10 prefetch finish  @clk      660352
slice11 prefetch finish  @clk      660358
slice4 prefetch finish  @clk      660388
slice5 prefetch finish  @clk      660394
slice6 prefetch finish  @clk      660400
slice7 prefetch finish  @clk      660406
slice0 prefetch finish @clk      660412
slice1 prefetch finish  @clk      660418
slice2 prefetch finish  @clk      660424
slice3 prefetch finish  @clk      660430
slice12 compute config finish @clk      661310
slice13 compute config finish @clk      661310
slice14 compute config finish @clk      661310
slice15 compute config finish @clk      661310
slice12 start run  @clk      661311
slice13 start run  @clk      661311
slice14 start run  @clk      661311
slice15 start run  @clk      661311
slice8 compute config finish @clk      661314
slice9 compute config finish @clk      661314
slice10 compute config finish @clk      661314
slice11 compute config finish @clk      661314
slice8 start run  @clk      661315
slice9 start run  @clk      661315
slice10 start run  @clk      661315
slice11 start run  @clk      661315
slice4 compute config finish @clk      661318
slice5 compute config finish @clk      661318
slice6 compute config finish @clk      661318
slice7 compute config finish @clk      661318
slice4 start run  @clk      661319
slice5 start run  @clk      661319
slice6 start run  @clk      661319
slice7 start run  @clk      661319
slice0 compute config finish @clk      661324
slice1 compute config finish @clk      661324
slice2 compute config finish @clk      661324
slice3 compute config finish @clk      661324
slice0 start run @clk      661325
slice1 start run  @clk      661325
slice2 start run  @clk      661325
slice3 start run  @clk      661325
slice12 start prefetch  @clk      661667
slice13 start prefetch  @clk      661667
slice14 start prefetch  @clk      661667
slice15 start prefetch  @clk      661667
slice8 start prefetch  @clk      661671
slice9 start prefetch  @clk      661671
slice10 start prefetch  @clk      661671
slice11 start prefetch  @clk      661671
slice4 start prefetch  @clk      661675
slice5 start prefetch  @clk      661675
slice6 start prefetch  @clk      661675
slice7 start prefetch  @clk      661675
slice0 start prefetch @clk      661681
slice1 start prefetch  @clk      661681
slice2 start prefetch  @clk      661681
slice3 start prefetch  @clk      661681
slice12 access done  @clk      666842
slice13 access done  @clk      666842
slice14 access done  @clk      666842
slice15 access done  @clk      666842
slice12 start write  @clk      666843
slice13 start write  @clk      666843
slice14 start write  @clk      666843
slice15 start write  @clk      666843
slice12 write_burst finish  @clk      666844
slice13 write_burst finish  @clk      666844
slice14 write_burst finish  @clk      666844
slice15 write_burst finish  @clk      666844
slice8 access done  @clk      666846
slice9 access done  @clk      666846
slice10 access done  @clk      666846
slice11 access done  @clk      666846
slice12 task finish  @clk      666846
slice13 task finish  @clk      666846
slice14 task finish  @clk      666846
slice15 task finish  @clk      666846
slice8 start write  @clk      666847
slice9 start write  @clk      666847
slice10 start write  @clk      666847
slice11 start write  @clk      666847
slice8 write_burst finish  @clk      666848
slice9 write_burst finish  @clk      666848
slice10 write_burst finish  @clk      666848
slice11 write_burst finish  @clk      666848
slice4 access done  @clk      666850
slice5 access done  @clk      666850
slice6 access done  @clk      666850
slice7 access done  @clk      666850
slice8 task finish  @clk      666850
slice9 task finish  @clk      666850
slice10 task finish  @clk      666850
slice11 task finish  @clk      666850
slice4 start write  @clk      666851
slice5 start write  @clk      666851
slice6 start write  @clk      666851
slice7 start write  @clk      666851
slice4 write_burst finish  @clk      666852
slice5 write_burst finish  @clk      666852
slice6 write_burst finish  @clk      666852
slice7 write_burst finish  @clk      666852
slice4 task finish  @clk      666854
slice5 task finish  @clk      666854
slice6 task finish  @clk      666854
slice7 task finish  @clk      666854
slice0 access done @clk      666856
slice1 access done  @clk      666856
slice2 access done  @clk      666856
slice3 access done  @clk      666856
slice0 start write @clk      666857
slice1 start write  @clk      666857
slice2 start write  @clk      666857
slice3 start write  @clk      666857
slice0 write_burst finish @clk      666858
slice1 write_burst finish  @clk      666858
slice2 write_burst finish  @clk      666858
slice3 write_burst finish  @clk      666858
slice0 task finish @clk      666860
slice1 task finish  @clk      666860
slice2 task finish  @clk      666860
slice3 task finish  @clk      666860
slice12 prefetch finish  @clk      689370
slice13 prefetch finish  @clk      689376
slice14 prefetch finish  @clk      689382
slice15 prefetch finish  @clk      689388
slice8 prefetch finish  @clk      689442
slice9 prefetch finish  @clk      689448
slice10 prefetch finish  @clk      689454
slice11 prefetch finish  @clk      689460
slice4 prefetch finish  @clk      689490
slice5 prefetch finish  @clk      689496
slice6 prefetch finish  @clk      689502
slice7 prefetch finish  @clk      689508
slice0 prefetch finish @clk      689514
slice1 prefetch finish  @clk      689520
slice2 prefetch finish  @clk      689526
slice3 prefetch finish  @clk      689532
slice12 compute config finish @clk      690412
slice13 compute config finish @clk      690412
slice14 compute config finish @clk      690412
slice15 compute config finish @clk      690412
slice12 start run  @clk      690413
slice13 start run  @clk      690413
slice14 start run  @clk      690413
slice15 start run  @clk      690413
slice8 compute config finish @clk      690416
slice9 compute config finish @clk      690416
slice10 compute config finish @clk      690416
slice11 compute config finish @clk      690416
slice8 start run  @clk      690417
slice9 start run  @clk      690417
slice10 start run  @clk      690417
slice11 start run  @clk      690417
slice4 compute config finish @clk      690420
slice5 compute config finish @clk      690420
slice6 compute config finish @clk      690420
slice7 compute config finish @clk      690420
slice4 start run  @clk      690421
slice5 start run  @clk      690421
slice6 start run  @clk      690421
slice7 start run  @clk      690421
slice0 compute config finish @clk      690426
slice1 compute config finish @clk      690426
slice2 compute config finish @clk      690426
slice3 compute config finish @clk      690426
slice0 start run @clk      690427
slice1 start run  @clk      690427
slice2 start run  @clk      690427
slice3 start run  @clk      690427
slice12 start prefetch  @clk      690769
slice13 start prefetch  @clk      690769
slice14 start prefetch  @clk      690769
slice15 start prefetch  @clk      690769
slice8 start prefetch  @clk      690773
slice9 start prefetch  @clk      690773
slice10 start prefetch  @clk      690773
slice11 start prefetch  @clk      690773
slice4 start prefetch  @clk      690777
slice5 start prefetch  @clk      690777
slice6 start prefetch  @clk      690777
slice7 start prefetch  @clk      690777
slice0 start prefetch @clk      690783
slice1 start prefetch  @clk      690783
slice2 start prefetch  @clk      690783
slice3 start prefetch  @clk      690783
slice12 access done  @clk      694764
slice13 access done  @clk      694764
slice14 access done  @clk      694764
slice15 access done  @clk      694764
slice12 start write  @clk      694765
slice13 start write  @clk      694765
slice14 start write  @clk      694765
slice15 start write  @clk      694765
slice12 write_burst finish  @clk      694766
slice13 write_burst finish  @clk      694766
slice14 write_burst finish  @clk      694766
slice15 write_burst finish  @clk      694766
slice8 access done  @clk      694768
slice9 access done  @clk      694768
slice10 access done  @clk      694768
slice11 access done  @clk      694768
slice12 task finish  @clk      694768
slice13 task finish  @clk      694768
slice14 task finish  @clk      694768
slice15 task finish  @clk      694768
slice8 start write  @clk      694769
slice9 start write  @clk      694769
slice10 start write  @clk      694769
slice11 start write  @clk      694769
slice8 write_burst finish  @clk      694770
slice9 write_burst finish  @clk      694770
slice10 write_burst finish  @clk      694770
slice11 write_burst finish  @clk      694770
slice4 access done  @clk      694772
slice5 access done  @clk      694772
slice6 access done  @clk      694772
slice7 access done  @clk      694772
slice8 task finish  @clk      694772
slice9 task finish  @clk      694772
slice10 task finish  @clk      694772
slice11 task finish  @clk      694772
slice4 start write  @clk      694773
slice5 start write  @clk      694773
slice6 start write  @clk      694773
slice7 start write  @clk      694773
slice4 write_burst finish  @clk      694774
slice5 write_burst finish  @clk      694774
slice6 write_burst finish  @clk      694774
slice7 write_burst finish  @clk      694774
slice4 task finish  @clk      694776
slice5 task finish  @clk      694776
slice6 task finish  @clk      694776
slice7 task finish  @clk      694776
slice0 access done @clk      694778
slice1 access done  @clk      694778
slice2 access done  @clk      694778
slice3 access done  @clk      694778
slice0 start write @clk      694779
slice1 start write  @clk      694779
slice2 start write  @clk      694779
slice3 start write  @clk      694779
slice0 write_burst finish @clk      694780
slice1 write_burst finish  @clk      694780
slice2 write_burst finish  @clk      694780
slice3 write_burst finish  @clk      694780
slice0 task finish @clk      694782
slice1 task finish  @clk      694782
slice2 task finish  @clk      694782
slice3 task finish  @clk      694782
slice12 prefetch finish  @clk      727688
slice13 prefetch finish  @clk      727694
slice14 prefetch finish  @clk      727700
slice15 prefetch finish  @clk      727706
slice8 prefetch finish  @clk      727760
slice9 prefetch finish  @clk      727766
slice10 prefetch finish  @clk      727772
slice11 prefetch finish  @clk      727778
slice4 prefetch finish  @clk      727808
slice5 prefetch finish  @clk      727814
slice6 prefetch finish  @clk      727820
slice7 prefetch finish  @clk      727826
slice0 prefetch finish @clk      727832
slice1 prefetch finish  @clk      727838
slice2 prefetch finish  @clk      727844
slice3 prefetch finish  @clk      727850
slice12 compute config finish @clk      728730
slice13 compute config finish @clk      728730
slice14 compute config finish @clk      728730
slice15 compute config finish @clk      728730
slice12 start run  @clk      728731
slice13 start run  @clk      728731
slice14 start run  @clk      728731
slice15 start run  @clk      728731
slice8 compute config finish @clk      728734
slice9 compute config finish @clk      728734
slice10 compute config finish @clk      728734
slice11 compute config finish @clk      728734
slice8 start run  @clk      728735
slice9 start run  @clk      728735
slice10 start run  @clk      728735
slice11 start run  @clk      728735
slice4 compute config finish @clk      728738
slice5 compute config finish @clk      728738
slice6 compute config finish @clk      728738
slice7 compute config finish @clk      728738
slice4 start run  @clk      728739
slice5 start run  @clk      728739
slice6 start run  @clk      728739
slice7 start run  @clk      728739
slice0 compute config finish @clk      728744
slice1 compute config finish @clk      728744
slice2 compute config finish @clk      728744
slice3 compute config finish @clk      728744
slice0 start run @clk      728745
slice1 start run  @clk      728745
slice2 start run  @clk      728745
slice3 start run  @clk      728745
slice12 start prefetch  @clk      729087
slice13 start prefetch  @clk      729087
slice14 start prefetch  @clk      729087
slice15 start prefetch  @clk      729087
slice8 start prefetch  @clk      729091
slice9 start prefetch  @clk      729091
slice10 start prefetch  @clk      729091
slice11 start prefetch  @clk      729091
slice4 start prefetch  @clk      729095
slice5 start prefetch  @clk      729095
slice6 start prefetch  @clk      729095
slice7 start prefetch  @clk      729095
slice0 start prefetch @clk      729101
slice1 start prefetch  @clk      729101
slice2 start prefetch  @clk      729101
slice3 start prefetch  @clk      729101
slice12 access done  @clk      734262
slice13 access done  @clk      734262
slice14 access done  @clk      734262
slice15 access done  @clk      734262
slice12 start write  @clk      734263
slice13 start write  @clk      734263
slice14 start write  @clk      734263
slice15 start write  @clk      734263
slice8 access done  @clk      734266
slice9 access done  @clk      734266
slice10 access done  @clk      734266
slice11 access done  @clk      734266
slice8 start write  @clk      734267
slice9 start write  @clk      734267
slice10 start write  @clk      734267
slice11 start write  @clk      734267
slice4 access done  @clk      734270
slice5 access done  @clk      734270
slice6 access done  @clk      734270
slice7 access done  @clk      734270
slice4 start write  @clk      734271
slice5 start write  @clk      734271
slice6 start write  @clk      734271
slice7 start write  @clk      734271
slice0 access done @clk      734276
slice1 access done  @clk      734276
slice2 access done  @clk      734276
slice3 access done  @clk      734276
slice0 start write @clk      734277
slice1 start write  @clk      734277
slice2 start write  @clk      734277
slice3 start write  @clk      734277
slice12 prefetch finish  @clk      756790
slice13 prefetch finish  @clk      756796
slice14 prefetch finish  @clk      756802
slice15 prefetch finish  @clk      756808
slice8 prefetch finish  @clk      756878
slice9 prefetch finish  @clk      756900
slice10 prefetch finish  @clk      756922
slice11 prefetch finish  @clk      756944
slice4 prefetch finish  @clk      756998
slice5 prefetch finish  @clk      757006
slice6 prefetch finish  @clk      757028
slice7 prefetch finish  @clk      757036
slice0 prefetch finish @clk      757044
slice1 prefetch finish  @clk      757066
slice2 prefetch finish  @clk      757074
slice3 prefetch finish  @clk      757082
slice12 compute config finish @clk      757978
slice13 compute config finish @clk      757978
slice14 compute config finish @clk      757978
slice15 compute config finish @clk      757978
slice8 compute config finish @clk      757982
slice9 compute config finish @clk      757982
slice10 compute config finish @clk      757982
slice11 compute config finish @clk      757982
slice4 compute config finish @clk      757986
slice5 compute config finish @clk      757986
slice6 compute config finish @clk      757986
slice7 compute config finish @clk      757986
slice0 compute config finish @clk      757992
slice1 compute config finish @clk      757992
slice2 compute config finish @clk      757992
slice3 compute config finish @clk      757992
slice12 write_burst finish  @clk      828699
slice12 task finish  @clk      828701
slice12 start run  @clk      828706
slice13 write_burst finish  @clk      828707
slice13 task finish  @clk      828709
slice14 write_burst finish  @clk      828715
slice14 task finish  @clk      828717
slice13 start run  @clk      828723
slice14 start run  @clk      828724
slice15 write_burst finish  @clk      828827
slice15 task finish  @clk      828829
slice15 start run  @clk      828837
slice8 write_burst finish  @clk      828899
slice8 task finish  @clk      828901
slice9 write_burst finish  @clk      828907
slice9 task finish  @clk      828909
slice8 start run  @clk      828910
slice9 start run  @clk      828911
slice10 write_burst finish  @clk      828995
slice10 task finish  @clk      828997
slice11 write_burst finish  @clk      829003
slice11 task finish  @clk      829005
slice10 start run  @clk      829008
slice11 start run  @clk      829009
slice4 write_burst finish  @clk      829049
slice4 task finish  @clk      829051
slice5 write_burst finish  @clk      829057
slice5 task finish  @clk      829059
slice6 write_burst finish  @clk      829065
slice4 start run  @clk      829066
slice5 start run  @clk      829067
slice6 task finish  @clk      829067
slice6 start run  @clk      829068
slice7 write_burst finish  @clk      829073
slice0 write_burst finish @clk      829074
slice7 task finish  @clk      829075
slice0 task finish @clk      829076
slice0 start run @clk      829078
slice1 write_burst finish  @clk      829083
slice7 start run  @clk      829085
slice1 task finish  @clk      829085
slice2 write_burst finish  @clk      829091
slice2 task finish  @clk      829093
slice1 start run  @clk      829095
slice2 start run  @clk      829096
slice3 write_burst finish  @clk      829099
slice3 task finish  @clk      829101
slice3 start run  @clk      829113
slice12 access done  @clk      833057
slice12 start write  @clk      833058
slice13 access done  @clk      833074
slice14 access done  @clk      833075
slice13 start write  @clk      833075
slice14 start write  @clk      833076
slice15 access done  @clk      833188
slice15 start write  @clk      833189
slice8 access done  @clk      833261
slice9 access done  @clk      833262
slice8 start write  @clk      833262
slice9 start write  @clk      833263
slice10 access done  @clk      833359
slice11 access done  @clk      833360
slice10 start write  @clk      833360
slice11 start write  @clk      833361
slice4 access done  @clk      833417
slice5 access done  @clk      833418
slice4 start write  @clk      833418
slice6 access done  @clk      833419
slice5 start write  @clk      833419
slice6 start write  @clk      833420
slice0 access done @clk      833429
slice0 start write @clk      833430
slice7 access done  @clk      833436
slice7 start write  @clk      833437
slice1 access done  @clk      833446
slice2 access done  @clk      833447
slice1 start write  @clk      833447
slice2 start write  @clk      833448
slice3 access done  @clk      833464
slice3 start write  @clk      833465
slice12 write_burst finish  @clk      878896
slice12 task finish  @clk      878898
slice13 write_burst finish  @clk      878899
slice13 task finish  @clk      878901
slice14 write_burst finish  @clk      878913
slice14 task finish  @clk      878915
slice15 write_burst finish  @clk      879518
slice15 task finish  @clk      879520
slice8 write_burst finish  @clk      879923
slice8 task finish  @clk      879925
slice9 write_burst finish  @clk      879945
slice9 task finish  @clk      879947
slice10 write_burst finish  @clk      880033
slice10 task finish  @clk      880035
slice11 write_burst finish  @clk      880041
slice11 task finish  @clk      880043
slice4 write_burst finish  @clk      880087
slice4 task finish  @clk      880089
slice5 write_burst finish  @clk      880095
slice5 task finish  @clk      880097
slice6 write_burst finish  @clk      880103
slice6 task finish  @clk      880105
slice7 write_burst finish  @clk      880111
slice0 write_burst finish @clk      880112
slice7 task finish  @clk      880113
slice0 task finish @clk      880114
slice1 write_burst finish  @clk      880121
slice1 task finish  @clk      880123
slice2 write_burst finish  @clk      880129
slice2 task finish  @clk      880131
slice3 write_burst finish  @clk      880137
slice3 task finish  @clk      880139
