slice12 start prefetch  @clk     1024231
slice13 start prefetch  @clk     1024231
slice14 start prefetch  @clk     1024231
slice15 start prefetch  @clk     1024231
slice8 start prefetch  @clk     1024233
slice9 start prefetch  @clk     1024233
slice10 start prefetch  @clk     1024233
slice11 start prefetch  @clk     1024233
slice4 start prefetch  @clk     1024235
slice5 start prefetch  @clk     1024235
slice6 start prefetch  @clk     1024235
slice7 start prefetch  @clk     1024235
slice0 start prefetch @clk     1024237
slice1 start prefetch  @clk     1024237
slice2 start prefetch  @clk     1024237
slice3 start prefetch  @clk     1024237
slice12 prefetch finish  @clk     1036434
slice13 prefetch finish  @clk     1036446
slice14 prefetch finish  @clk     1036462
slice15 prefetch finish  @clk     1036504
slice8 prefetch finish  @clk     1036548
slice9 prefetch finish  @clk     1036582
slice10 prefetch finish  @clk     1036604
slice11 prefetch finish  @clk     1036620
slice4 prefetch finish  @clk     1044580
slice5 prefetch finish  @clk     1044586
slice6 prefetch finish  @clk     1044592
slice7 prefetch finish  @clk     1044606
slice0 prefetch finish @clk     1044660
slice1 prefetch finish  @clk     1044682
slice2 prefetch finish  @clk     1044714
slice3 prefetch finish  @clk     1044738
slice12 compute config finish @clk     1045412
slice13 compute config finish @clk     1045412
slice14 compute config finish @clk     1045412
slice15 compute config finish @clk     1045412
slice12 start run  @clk     1045413
slice13 start run  @clk     1045413
slice14 start run  @clk     1045413
slice15 start run  @clk     1045413
slice8 compute config finish @clk     1045414
slice9 compute config finish @clk     1045414
slice10 compute config finish @clk     1045414
slice11 compute config finish @clk     1045414
slice8 start run  @clk     1045415
slice9 start run  @clk     1045415
slice10 start run  @clk     1045415
slice11 start run  @clk     1045415
slice4 compute config finish @clk     1045416
slice5 compute config finish @clk     1045416
slice6 compute config finish @clk     1045416
slice7 compute config finish @clk     1045416
slice4 start run  @clk     1045417
slice5 start run  @clk     1045417
slice6 start run  @clk     1045417
slice7 start run  @clk     1045417
slice0 compute config finish @clk     1045418
slice1 compute config finish @clk     1045418
slice2 compute config finish @clk     1045418
slice3 compute config finish @clk     1045418
slice0 start run @clk     1045419
slice1 start run  @clk     1045419
slice2 start run  @clk     1045419
slice3 start run  @clk     1045419
slice12 start prefetch  @clk     1045893
slice13 start prefetch  @clk     1045893
slice14 start prefetch  @clk     1045893
slice15 start prefetch  @clk     1045893
slice8 start prefetch  @clk     1045895
slice9 start prefetch  @clk     1045895
slice10 start prefetch  @clk     1045895
slice11 start prefetch  @clk     1045895
slice4 start prefetch  @clk     1045897
slice5 start prefetch  @clk     1045897
slice6 start prefetch  @clk     1045897
slice7 start prefetch  @clk     1045897
slice0 start prefetch @clk     1045899
slice1 start prefetch  @clk     1045899
slice2 start prefetch  @clk     1045899
slice3 start prefetch  @clk     1045899
slice12 access done  @clk     1054252
slice13 access done  @clk     1054252
slice14 access done  @clk     1054252
slice15 access done  @clk     1054252
slice12 start write  @clk     1054253
slice13 start write  @clk     1054253
slice14 start write  @clk     1054253
slice15 start write  @clk     1054253
slice8 access done  @clk     1054254
slice9 access done  @clk     1054254
slice10 access done  @clk     1054254
slice11 access done  @clk     1054254
slice12 write_burst finish  @clk     1054254
slice13 write_burst finish  @clk     1054254
slice14 write_burst finish  @clk     1054254
slice15 write_burst finish  @clk     1054254
slice8 start write  @clk     1054255
slice9 start write  @clk     1054255
slice10 start write  @clk     1054255
slice11 start write  @clk     1054255
slice4 access done  @clk     1054256
slice5 access done  @clk     1054256
slice6 access done  @clk     1054256
slice7 access done  @clk     1054256
slice8 write_burst finish  @clk     1054256
slice9 write_burst finish  @clk     1054256
slice10 write_burst finish  @clk     1054256
slice11 write_burst finish  @clk     1054256
slice12 task finish  @clk     1054256
slice13 task finish  @clk     1054256
slice14 task finish  @clk     1054256
slice15 task finish  @clk     1054256
slice4 start write  @clk     1054257
slice5 start write  @clk     1054257
slice6 start write  @clk     1054257
slice7 start write  @clk     1054257
slice0 access done @clk     1054258
slice1 access done  @clk     1054258
slice2 access done  @clk     1054258
slice3 access done  @clk     1054258
slice4 write_burst finish  @clk     1054258
slice5 write_burst finish  @clk     1054258
slice6 write_burst finish  @clk     1054258
slice7 write_burst finish  @clk     1054258
slice8 task finish  @clk     1054258
slice9 task finish  @clk     1054258
slice10 task finish  @clk     1054258
slice11 task finish  @clk     1054258
slice0 start write @clk     1054259
slice1 start write  @clk     1054259
slice2 start write  @clk     1054259
slice3 start write  @clk     1054259
slice0 write_burst finish @clk     1054260
slice1 write_burst finish  @clk     1054260
slice2 write_burst finish  @clk     1054260
slice3 write_burst finish  @clk     1054260
slice4 task finish  @clk     1054260
slice5 task finish  @clk     1054260
slice6 task finish  @clk     1054260
slice7 task finish  @clk     1054260
slice0 task finish @clk     1054262
slice1 task finish  @clk     1054262
slice2 task finish  @clk     1054262
slice3 task finish  @clk     1054262
slice12 compute config finish @clk     1061372
slice13 compute config finish @clk     1061372
slice14 compute config finish @clk     1061372
slice15 compute config finish @clk     1061372
slice8 compute config finish @clk     1061374
slice9 compute config finish @clk     1061374
slice10 compute config finish @clk     1061374
slice11 compute config finish @clk     1061374
slice4 compute config finish @clk     1061376
slice5 compute config finish @clk     1061376
slice6 compute config finish @clk     1061376
slice7 compute config finish @clk     1061376
slice0 compute config finish @clk     1062784
slice1 compute config finish @clk     1062784
slice2 compute config finish @clk     1062784
slice3 compute config finish @clk     1062784
slice4 prefetch finish  @clk     1063440
slice12 prefetch finish  @clk     1063440
slice4 start run  @clk     1063441
slice12 start run  @clk     1063441
slice5 prefetch finish  @clk     1063446
slice13 prefetch finish  @clk     1063446
slice5 start run  @clk     1063447
slice13 start run  @clk     1063447
slice6 prefetch finish  @clk     1063452
slice14 prefetch finish  @clk     1063452
slice6 start run  @clk     1063453
slice14 start run  @clk     1063453
slice7 prefetch finish  @clk     1063466
slice15 prefetch finish  @clk     1063466
slice7 start run  @clk     1063467
slice15 start run  @clk     1063467
slice0 prefetch finish @clk     1063520
slice8 prefetch finish  @clk     1063520
slice0 start run @clk     1063521
slice8 start run  @clk     1063521
slice1 prefetch finish  @clk     1063542
slice9 prefetch finish  @clk     1063542
slice1 start run  @clk     1063543
slice9 start run  @clk     1063543
slice2 prefetch finish  @clk     1063546
slice10 prefetch finish  @clk     1063546
slice2 start run  @clk     1063547
slice10 start run  @clk     1063547
slice3 prefetch finish  @clk     1063598
slice11 prefetch finish  @clk     1063598
slice3 start run  @clk     1063599
slice11 start run  @clk     1063599
slice12 start prefetch  @clk     1063979
slice13 start prefetch  @clk     1063979
slice14 start prefetch  @clk     1063979
slice15 start prefetch  @clk     1063979
slice8 start prefetch  @clk     1063981
slice9 start prefetch  @clk     1063981
slice10 start prefetch  @clk     1063981
slice11 start prefetch  @clk     1063981
slice4 start prefetch  @clk     1063983
slice5 start prefetch  @clk     1063983
slice6 start prefetch  @clk     1063983
slice7 start prefetch  @clk     1063983
slice0 start prefetch @clk     1063985
slice1 start prefetch  @clk     1063985
slice2 start prefetch  @clk     1063985
slice3 start prefetch  @clk     1063985
slice4 access done  @clk     1072280
slice12 access done  @clk     1072280
slice4 start write  @clk     1072281
slice12 start write  @clk     1072281
slice4 write_burst finish  @clk     1072282
slice12 write_burst finish  @clk     1072282
slice4 task finish  @clk     1072284
slice12 task finish  @clk     1072284
slice5 access done  @clk     1072286
slice13 access done  @clk     1072286
slice5 start write  @clk     1072287
slice13 start write  @clk     1072287
slice5 write_burst finish  @clk     1072288
slice13 write_burst finish  @clk     1072288
slice5 task finish  @clk     1072290
slice13 task finish  @clk     1072290
slice6 access done  @clk     1072292
slice14 access done  @clk     1072292
slice6 start write  @clk     1072293
slice14 start write  @clk     1072293
slice6 write_burst finish  @clk     1072294
slice14 write_burst finish  @clk     1072294
slice6 task finish  @clk     1072296
slice14 task finish  @clk     1072296
slice7 access done  @clk     1072306
slice15 access done  @clk     1072306
slice7 start write  @clk     1072307
slice15 start write  @clk     1072307
slice7 write_burst finish  @clk     1072308
slice15 write_burst finish  @clk     1072308
slice7 task finish  @clk     1072310
slice15 task finish  @clk     1072310
slice0 access done @clk     1072360
slice8 access done  @clk     1072360
slice0 start write @clk     1072361
slice8 start write  @clk     1072361
slice0 write_burst finish @clk     1072362
slice8 write_burst finish  @clk     1072362
slice0 task finish @clk     1072364
slice8 task finish  @clk     1072364
slice1 access done  @clk     1072382
slice9 access done  @clk     1072382
slice1 start write  @clk     1072383
slice9 start write  @clk     1072383
slice1 write_burst finish  @clk     1072384
slice9 write_burst finish  @clk     1072384
slice2 access done  @clk     1072386
slice10 access done  @clk     1072386
slice1 task finish  @clk     1072386
slice9 task finish  @clk     1072386
slice2 start write  @clk     1072387
slice10 start write  @clk     1072387
slice2 write_burst finish  @clk     1072388
slice10 write_burst finish  @clk     1072388
slice2 task finish  @clk     1072390
slice10 task finish  @clk     1072390
slice3 access done  @clk     1072438
slice11 access done  @clk     1072438
slice3 start write  @clk     1072439
slice11 start write  @clk     1072439
slice3 write_burst finish  @clk     1072440
slice11 write_burst finish  @clk     1072440
slice3 task finish  @clk     1072442
slice11 task finish  @clk     1072442
slice12 prefetch finish  @clk     1076626
slice13 prefetch finish  @clk     1076638
slice14 prefetch finish  @clk     1076654
slice15 prefetch finish  @clk     1076696
slice8 prefetch finish  @clk     1076740
slice9 prefetch finish  @clk     1076774
slice10 prefetch finish  @clk     1076796
slice11 prefetch finish  @clk     1076812
slice4 prefetch finish  @clk     1084766
slice5 prefetch finish  @clk     1084772
slice6 prefetch finish  @clk     1084778
slice7 prefetch finish  @clk     1084792
slice0 prefetch finish @clk     1084846
slice1 prefetch finish  @clk     1084900
slice2 prefetch finish  @clk     1084902
slice3 prefetch finish  @clk     1084924
slice12 compute config finish @clk     1085138
slice13 compute config finish @clk     1085138
slice14 compute config finish @clk     1085138
slice15 compute config finish @clk     1085138
slice12 start run  @clk     1085139
slice13 start run  @clk     1085139
slice14 start run  @clk     1085139
slice15 start run  @clk     1085139
slice8 compute config finish @clk     1085140
slice9 compute config finish @clk     1085140
slice10 compute config finish @clk     1085140
slice11 compute config finish @clk     1085140
slice8 start run  @clk     1085141
slice9 start run  @clk     1085141
slice10 start run  @clk     1085141
slice11 start run  @clk     1085141
slice4 compute config finish @clk     1085142
slice5 compute config finish @clk     1085142
slice6 compute config finish @clk     1085142
slice7 compute config finish @clk     1085142
slice4 start run  @clk     1085143
slice5 start run  @clk     1085143
slice6 start run  @clk     1085143
slice7 start run  @clk     1085143
slice0 compute config finish @clk     1085144
slice1 compute config finish @clk     1085144
slice2 compute config finish @clk     1085144
slice3 compute config finish @clk     1085144
slice0 start run @clk     1085145
slice1 start run  @clk     1085145
slice2 start run  @clk     1085145
slice3 start run  @clk     1085145
slice12 start prefetch  @clk     1085619
slice13 start prefetch  @clk     1085619
slice14 start prefetch  @clk     1085619
slice15 start prefetch  @clk     1085619
slice8 start prefetch  @clk     1085621
slice9 start prefetch  @clk     1085621
slice10 start prefetch  @clk     1085621
slice11 start prefetch  @clk     1085621
slice4 start prefetch  @clk     1085623
slice5 start prefetch  @clk     1085623
slice6 start prefetch  @clk     1085623
slice7 start prefetch  @clk     1085623
slice0 start prefetch @clk     1085625
slice1 start prefetch  @clk     1085625
slice2 start prefetch  @clk     1085625
slice3 start prefetch  @clk     1085625
slice12 access done  @clk     1093978
slice13 access done  @clk     1093978
slice14 access done  @clk     1093978
slice15 access done  @clk     1093978
slice12 start write  @clk     1093979
slice13 start write  @clk     1093979
slice14 start write  @clk     1093979
slice15 start write  @clk     1093979
slice8 access done  @clk     1093980
slice9 access done  @clk     1093980
slice10 access done  @clk     1093980
slice11 access done  @clk     1093980
slice12 write_burst finish  @clk     1093980
slice13 write_burst finish  @clk     1093980
slice14 write_burst finish  @clk     1093980
slice15 write_burst finish  @clk     1093980
slice8 start write  @clk     1093981
slice9 start write  @clk     1093981
slice10 start write  @clk     1093981
slice11 start write  @clk     1093981
slice4 access done  @clk     1093982
slice5 access done  @clk     1093982
slice6 access done  @clk     1093982
slice7 access done  @clk     1093982
slice8 write_burst finish  @clk     1093982
slice9 write_burst finish  @clk     1093982
slice10 write_burst finish  @clk     1093982
slice11 write_burst finish  @clk     1093982
slice12 task finish  @clk     1093982
slice13 task finish  @clk     1093982
slice14 task finish  @clk     1093982
slice15 task finish  @clk     1093982
slice4 start write  @clk     1093983
slice5 start write  @clk     1093983
slice6 start write  @clk     1093983
slice7 start write  @clk     1093983
slice0 access done @clk     1093984
slice1 access done  @clk     1093984
slice2 access done  @clk     1093984
slice3 access done  @clk     1093984
slice4 write_burst finish  @clk     1093984
slice5 write_burst finish  @clk     1093984
slice6 write_burst finish  @clk     1093984
slice7 write_burst finish  @clk     1093984
slice8 task finish  @clk     1093984
slice9 task finish  @clk     1093984
slice10 task finish  @clk     1093984
slice11 task finish  @clk     1093984
slice0 start write @clk     1093985
slice1 start write  @clk     1093985
slice2 start write  @clk     1093985
slice3 start write  @clk     1093985
slice0 write_burst finish @clk     1093986
slice1 write_burst finish  @clk     1093986
slice2 write_burst finish  @clk     1093986
slice3 write_burst finish  @clk     1093986
slice4 task finish  @clk     1093986
slice5 task finish  @clk     1093986
slice6 task finish  @clk     1093986
slice7 task finish  @clk     1093986
slice0 task finish @clk     1093988
slice1 task finish  @clk     1093988
slice2 task finish  @clk     1093988
slice3 task finish  @clk     1093988
slice12 compute config finish @clk     1101200
slice13 compute config finish @clk     1101200
slice14 compute config finish @clk     1101200
slice15 compute config finish @clk     1101200
slice8 compute config finish @clk     1101202
slice9 compute config finish @clk     1101202
slice10 compute config finish @clk     1101202
slice11 compute config finish @clk     1101202
slice4 compute config finish @clk     1101204
slice5 compute config finish @clk     1101204
slice6 compute config finish @clk     1101204
slice7 compute config finish @clk     1101204
slice0 compute config finish @clk     1102652
slice1 compute config finish @clk     1102652
slice2 compute config finish @clk     1102652
slice3 compute config finish @clk     1102652
slice4 prefetch finish  @clk     1103268
slice12 prefetch finish  @clk     1103268
slice4 start run  @clk     1103269
slice12 start run  @clk     1103269
slice5 prefetch finish  @clk     1103274
slice13 prefetch finish  @clk     1103274
slice5 start run  @clk     1103275
slice13 start run  @clk     1103275
slice6 prefetch finish  @clk     1103280
slice14 prefetch finish  @clk     1103280
slice6 start run  @clk     1103281
slice14 start run  @clk     1103281
slice7 prefetch finish  @clk     1103294
slice15 prefetch finish  @clk     1103294
slice7 start run  @clk     1103295
slice15 start run  @clk     1103295
slice0 prefetch finish @clk     1103348
slice8 prefetch finish  @clk     1103348
slice0 start run @clk     1103349
slice8 start run  @clk     1103349
slice1 prefetch finish  @clk     1103368
slice9 prefetch finish  @clk     1103368
slice1 start run  @clk     1103369
slice9 start run  @clk     1103369
slice2 prefetch finish  @clk     1103374
slice10 prefetch finish  @clk     1103374
slice2 start run  @clk     1103375
slice10 start run  @clk     1103375
slice3 prefetch finish  @clk     1103426
slice11 prefetch finish  @clk     1103426
slice3 start run  @clk     1103427
slice11 start run  @clk     1103427
slice12 start prefetch  @clk     1103807
slice13 start prefetch  @clk     1103807
slice14 start prefetch  @clk     1103807
slice15 start prefetch  @clk     1103807
slice8 start prefetch  @clk     1103809
slice9 start prefetch  @clk     1103809
slice10 start prefetch  @clk     1103809
slice11 start prefetch  @clk     1103809
slice4 start prefetch  @clk     1103811
slice5 start prefetch  @clk     1103811
slice6 start prefetch  @clk     1103811
slice7 start prefetch  @clk     1103811
slice0 start prefetch @clk     1103813
slice1 start prefetch  @clk     1103813
slice2 start prefetch  @clk     1103813
slice3 start prefetch  @clk     1103813
slice4 access done  @clk     1112108
slice12 access done  @clk     1112108
slice4 start write  @clk     1112109
slice12 start write  @clk     1112109
slice4 write_burst finish  @clk     1112110
slice12 write_burst finish  @clk     1112110
slice4 task finish  @clk     1112112
slice12 task finish  @clk     1112112
slice5 access done  @clk     1112114
slice13 access done  @clk     1112114
slice5 start write  @clk     1112115
slice13 start write  @clk     1112115
slice5 write_burst finish  @clk     1112116
slice13 write_burst finish  @clk     1112116
slice5 task finish  @clk     1112118
slice13 task finish  @clk     1112118
slice6 access done  @clk     1112120
slice14 access done  @clk     1112120
slice6 start write  @clk     1112121
slice14 start write  @clk     1112121
slice6 write_burst finish  @clk     1112122
slice14 write_burst finish  @clk     1112122
slice6 task finish  @clk     1112124
slice14 task finish  @clk     1112124
slice7 access done  @clk     1112134
slice15 access done  @clk     1112134
slice7 start write  @clk     1112135
slice15 start write  @clk     1112135
slice7 write_burst finish  @clk     1112136
slice15 write_burst finish  @clk     1112136
slice7 task finish  @clk     1112138
slice15 task finish  @clk     1112138
slice0 access done @clk     1112188
slice8 access done  @clk     1112188
slice0 start write @clk     1112189
slice8 start write  @clk     1112189
slice0 write_burst finish @clk     1112190
slice8 write_burst finish  @clk     1112190
slice0 task finish @clk     1112192
slice8 task finish  @clk     1112192
slice1 access done  @clk     1112208
slice9 access done  @clk     1112208
slice1 start write  @clk     1112209
slice9 start write  @clk     1112209
slice1 write_burst finish  @clk     1112210
slice9 write_burst finish  @clk     1112210
slice1 task finish  @clk     1112212
slice9 task finish  @clk     1112212
slice2 access done  @clk     1112214
slice10 access done  @clk     1112214
slice2 start write  @clk     1112215
slice10 start write  @clk     1112215
slice2 write_burst finish  @clk     1112216
slice10 write_burst finish  @clk     1112216
slice2 task finish  @clk     1112218
slice10 task finish  @clk     1112218
slice3 access done  @clk     1112266
slice11 access done  @clk     1112266
slice3 start write  @clk     1112267
slice11 start write  @clk     1112267
slice3 write_burst finish  @clk     1112268
slice11 write_burst finish  @clk     1112268
slice3 task finish  @clk     1112270
slice11 task finish  @clk     1112270
slice12 prefetch finish  @clk     1116324
slice13 prefetch finish  @clk     1116338
slice14 prefetch finish  @clk     1116356
slice15 prefetch finish  @clk     1116388
slice8 prefetch finish  @clk     1116432
slice9 prefetch finish  @clk     1116438
slice10 prefetch finish  @clk     1116466
slice11 prefetch finish  @clk     1116494
slice4 prefetch finish  @clk     1124480
slice5 prefetch finish  @clk     1124486
slice6 prefetch finish  @clk     1124492
slice7 prefetch finish  @clk     1124506
slice0 prefetch finish @clk     1124560
slice1 prefetch finish  @clk     1124582
slice2 prefetch finish  @clk     1124586
slice3 prefetch finish  @clk     1124638
slice12 compute config finish @clk     1124990
slice13 compute config finish @clk     1124990
slice14 compute config finish @clk     1124990
slice15 compute config finish @clk     1124990
slice12 start run  @clk     1124991
slice13 start run  @clk     1124991
slice14 start run  @clk     1124991
slice15 start run  @clk     1124991
slice8 compute config finish @clk     1124992
slice9 compute config finish @clk     1124992
slice10 compute config finish @clk     1124992
slice11 compute config finish @clk     1124992
slice8 start run  @clk     1124993
slice9 start run  @clk     1124993
slice10 start run  @clk     1124993
slice11 start run  @clk     1124993
slice4 compute config finish @clk     1124994
slice5 compute config finish @clk     1124994
slice6 compute config finish @clk     1124994
slice7 compute config finish @clk     1124994
slice4 start run  @clk     1124995
slice5 start run  @clk     1124995
slice6 start run  @clk     1124995
slice7 start run  @clk     1124995
slice0 compute config finish @clk     1124996
slice1 compute config finish @clk     1124996
slice2 compute config finish @clk     1124996
slice3 compute config finish @clk     1124996
slice0 start run @clk     1124997
slice1 start run  @clk     1124997
slice2 start run  @clk     1124997
slice3 start run  @clk     1124997
slice12 start prefetch  @clk     1125471
slice13 start prefetch  @clk     1125471
slice14 start prefetch  @clk     1125471
slice15 start prefetch  @clk     1125471
slice8 start prefetch  @clk     1125473
slice9 start prefetch  @clk     1125473
slice10 start prefetch  @clk     1125473
slice11 start prefetch  @clk     1125473
slice4 start prefetch  @clk     1125475
slice5 start prefetch  @clk     1125475
slice6 start prefetch  @clk     1125475
slice7 start prefetch  @clk     1125475
slice0 start prefetch @clk     1125477
slice1 start prefetch  @clk     1125477
slice2 start prefetch  @clk     1125477
slice3 start prefetch  @clk     1125477
slice12 access done  @clk     1133830
slice13 access done  @clk     1133830
slice14 access done  @clk     1133830
slice15 access done  @clk     1133830
slice12 start write  @clk     1133831
slice13 start write  @clk     1133831
slice14 start write  @clk     1133831
slice15 start write  @clk     1133831
slice8 access done  @clk     1133832
slice9 access done  @clk     1133832
slice10 access done  @clk     1133832
slice11 access done  @clk     1133832
slice12 write_burst finish  @clk     1133832
slice13 write_burst finish  @clk     1133832
slice14 write_burst finish  @clk     1133832
slice15 write_burst finish  @clk     1133832
slice8 start write  @clk     1133833
slice9 start write  @clk     1133833
slice10 start write  @clk     1133833
slice11 start write  @clk     1133833
slice4 access done  @clk     1133834
slice5 access done  @clk     1133834
slice6 access done  @clk     1133834
slice7 access done  @clk     1133834
slice8 write_burst finish  @clk     1133834
slice9 write_burst finish  @clk     1133834
slice10 write_burst finish  @clk     1133834
slice11 write_burst finish  @clk     1133834
slice12 task finish  @clk     1133834
slice13 task finish  @clk     1133834
slice14 task finish  @clk     1133834
slice15 task finish  @clk     1133834
slice4 start write  @clk     1133835
slice5 start write  @clk     1133835
slice6 start write  @clk     1133835
slice7 start write  @clk     1133835
slice0 access done @clk     1133836
slice1 access done  @clk     1133836
slice2 access done  @clk     1133836
slice3 access done  @clk     1133836
slice4 write_burst finish  @clk     1133836
slice5 write_burst finish  @clk     1133836
slice6 write_burst finish  @clk     1133836
slice7 write_burst finish  @clk     1133836
slice8 task finish  @clk     1133836
slice9 task finish  @clk     1133836
slice10 task finish  @clk     1133836
slice11 task finish  @clk     1133836
slice0 start write @clk     1133837
slice1 start write  @clk     1133837
slice2 start write  @clk     1133837
slice3 start write  @clk     1133837
slice0 write_burst finish @clk     1133838
slice1 write_burst finish  @clk     1133838
slice2 write_burst finish  @clk     1133838
slice3 write_burst finish  @clk     1133838
slice4 task finish  @clk     1133838
slice5 task finish  @clk     1133838
slice6 task finish  @clk     1133838
slice7 task finish  @clk     1133838
slice0 task finish @clk     1133840
slice1 task finish  @clk     1133840
slice2 task finish  @clk     1133840
slice3 task finish  @clk     1133840
slice12 compute config finish @clk     1137132
slice13 compute config finish @clk     1137132
slice14 compute config finish @clk     1137132
slice15 compute config finish @clk     1137132
slice8 compute config finish @clk     1137134
slice9 compute config finish @clk     1137134
slice10 compute config finish @clk     1137134
slice11 compute config finish @clk     1137134
slice4 compute config finish @clk     1137136
slice5 compute config finish @clk     1137136
slice6 compute config finish @clk     1137136
slice7 compute config finish @clk     1137136
slice0 compute config finish @clk     1137364
slice1 compute config finish @clk     1137364
slice2 compute config finish @clk     1137364
slice3 compute config finish @clk     1137364
slice4 prefetch finish  @clk     1143398
slice12 prefetch finish  @clk     1143398
slice4 start run  @clk     1143399
slice12 start run  @clk     1143399
slice5 prefetch finish  @clk     1143404
slice13 prefetch finish  @clk     1143404
slice5 start run  @clk     1143405
slice13 start run  @clk     1143405
slice6 prefetch finish  @clk     1143410
slice14 prefetch finish  @clk     1143410
slice6 start run  @clk     1143411
slice14 start run  @clk     1143411
slice7 prefetch finish  @clk     1143424
slice15 prefetch finish  @clk     1143424
slice7 start run  @clk     1143425
slice15 start run  @clk     1143425
slice0 prefetch finish @clk     1143478
slice8 prefetch finish  @clk     1143478
slice0 start run @clk     1143479
slice8 start run  @clk     1143479
slice1 prefetch finish  @clk     1143500
slice9 prefetch finish  @clk     1143500
slice1 start run  @clk     1143501
slice9 start run  @clk     1143501
slice2 prefetch finish  @clk     1143504
slice10 prefetch finish  @clk     1143504
slice2 start run  @clk     1143505
slice10 start run  @clk     1143505
slice3 prefetch finish  @clk     1143556
slice11 prefetch finish  @clk     1143556
slice3 start run  @clk     1143557
slice11 start run  @clk     1143557
slice12 start prefetch  @clk     1143601
slice13 start prefetch  @clk     1143601
slice14 start prefetch  @clk     1143601
slice15 start prefetch  @clk     1143601
slice8 start prefetch  @clk     1143603
slice9 start prefetch  @clk     1143603
slice10 start prefetch  @clk     1143603
slice4 start prefetch  @clk     1143605
slice5 start prefetch  @clk     1143605
slice6 start prefetch  @clk     1143605
slice7 start prefetch  @clk     1143605
slice0 start prefetch @clk     1143607
slice1 start prefetch  @clk     1143607
slice2 start prefetch  @clk     1143607
slice3 start prefetch  @clk     1143627
slice11 start prefetch  @clk     1143627
slice4 access done  @clk     1152238
slice12 access done  @clk     1152238
slice4 start write  @clk     1152239
slice12 start write  @clk     1152239
slice4 write_burst finish  @clk     1152240
slice12 write_burst finish  @clk     1152240
slice4 task finish  @clk     1152242
slice12 task finish  @clk     1152242
slice5 access done  @clk     1152244
slice13 access done  @clk     1152244
slice5 start write  @clk     1152245
slice13 start write  @clk     1152245
slice5 write_burst finish  @clk     1152246
slice13 write_burst finish  @clk     1152246
slice5 task finish  @clk     1152248
slice13 task finish  @clk     1152248
slice6 access done  @clk     1152250
slice14 access done  @clk     1152250
slice6 start write  @clk     1152251
slice14 start write  @clk     1152251
slice6 write_burst finish  @clk     1152252
slice14 write_burst finish  @clk     1152252
slice6 task finish  @clk     1152254
slice14 task finish  @clk     1152254
slice7 access done  @clk     1152264
slice15 access done  @clk     1152264
slice7 start write  @clk     1152265
slice15 start write  @clk     1152265
slice7 write_burst finish  @clk     1152266
slice15 write_burst finish  @clk     1152266
slice7 task finish  @clk     1152268
slice15 task finish  @clk     1152268
slice0 access done @clk     1152318
slice8 access done  @clk     1152318
slice0 start write @clk     1152319
slice8 start write  @clk     1152319
slice0 write_burst finish @clk     1152320
slice8 write_burst finish  @clk     1152320
slice0 task finish @clk     1152322
slice8 task finish  @clk     1152322
slice1 access done  @clk     1152340
slice9 access done  @clk     1152340
slice1 start write  @clk     1152341
slice9 start write  @clk     1152341
slice1 write_burst finish  @clk     1152342
slice9 write_burst finish  @clk     1152342
slice2 access done  @clk     1152344
slice10 access done  @clk     1152344
slice1 task finish  @clk     1152344
slice9 task finish  @clk     1152344
slice2 start write  @clk     1152345
slice10 start write  @clk     1152345
slice2 write_burst finish  @clk     1152346
slice10 write_burst finish  @clk     1152346
slice2 task finish  @clk     1152348
slice10 task finish  @clk     1152348
slice3 access done  @clk     1152396
slice11 access done  @clk     1152396
slice3 start write  @clk     1152397
slice11 start write  @clk     1152397
slice3 write_burst finish  @clk     1152398
slice11 write_burst finish  @clk     1152398
slice3 task finish  @clk     1152400
slice11 task finish  @clk     1152400
slice12 prefetch finish  @clk     1156812
slice13 prefetch finish  @clk     1156824
slice14 prefetch finish  @clk     1156856
slice15 prefetch finish  @clk     1156888
slice8 prefetch finish  @clk     1156934
slice9 prefetch finish  @clk     1156966
slice10 prefetch finish  @clk     1157002
slice11 prefetch finish  @clk     1157138
slice4 prefetch finish  @clk     1165200
slice5 prefetch finish  @clk     1165206
slice6 prefetch finish  @clk     1165212
slice7 prefetch finish  @clk     1165242
slice0 prefetch finish @clk     1165292
slice1 prefetch finish  @clk     1165304
slice2 prefetch finish  @clk     1165340
slice3 prefetch finish  @clk     1165374
slice12 compute config finish @clk     1165496
slice13 compute config finish @clk     1165496
slice14 compute config finish @clk     1165496
slice15 compute config finish @clk     1165496
slice12 start run  @clk     1165497
slice13 start run  @clk     1165497
slice14 start run  @clk     1165497
slice15 start run  @clk     1165497
slice8 compute config finish @clk     1165498
slice9 compute config finish @clk     1165498
slice10 compute config finish @clk     1165498
slice11 compute config finish @clk     1165498
slice8 start run  @clk     1165499
slice9 start run  @clk     1165499
slice10 start run  @clk     1165499
slice11 start run  @clk     1165499
slice4 compute config finish @clk     1165500
slice5 compute config finish @clk     1165500
slice6 compute config finish @clk     1165500
slice7 compute config finish @clk     1165500
slice4 start run  @clk     1165501
slice5 start run  @clk     1165501
slice6 start run  @clk     1165501
slice7 start run  @clk     1165501
slice0 compute config finish @clk     1165534
slice1 compute config finish @clk     1165534
slice2 compute config finish @clk     1165534
slice3 compute config finish @clk     1165534
slice0 start run @clk     1165535
slice1 start run  @clk     1165535
slice2 start run  @clk     1165535
slice3 start run  @clk     1165535
slice12 start prefetch  @clk     1166009
slice13 start prefetch  @clk     1166009
slice14 start prefetch  @clk     1166009
slice15 start prefetch  @clk     1166009
slice8 start prefetch  @clk     1166011
slice9 start prefetch  @clk     1166011
slice10 start prefetch  @clk     1166011
slice11 start prefetch  @clk     1166011
slice4 start prefetch  @clk     1166013
slice5 start prefetch  @clk     1166013
slice6 start prefetch  @clk     1166013
slice7 start prefetch  @clk     1166013
slice0 start prefetch @clk     1166015
slice1 start prefetch  @clk     1166015
slice2 start prefetch  @clk     1166015
slice3 start prefetch  @clk     1166015
slice12 access done  @clk     1174336
slice13 access done  @clk     1174336
slice14 access done  @clk     1174336
slice15 access done  @clk     1174336
slice12 start write  @clk     1174337
slice13 start write  @clk     1174337
slice14 start write  @clk     1174337
slice15 start write  @clk     1174337
slice8 access done  @clk     1174338
slice9 access done  @clk     1174338
slice10 access done  @clk     1174338
slice11 access done  @clk     1174338
slice8 start write  @clk     1174339
slice9 start write  @clk     1174339
slice10 start write  @clk     1174339
slice11 start write  @clk     1174339
slice4 access done  @clk     1174340
slice5 access done  @clk     1174340
slice6 access done  @clk     1174340
slice7 access done  @clk     1174340
slice4 start write  @clk     1174341
slice5 start write  @clk     1174341
slice6 start write  @clk     1174341
slice7 start write  @clk     1174341
slice0 access done @clk     1174374
slice1 access done  @clk     1174374
slice2 access done  @clk     1174374
slice3 access done  @clk     1174374
slice0 start write @clk     1174375
slice1 start write  @clk     1174375
slice2 start write  @clk     1174375
slice3 start write  @clk     1174375
slice12 compute config finish @clk     1180902
slice13 compute config finish @clk     1180902
slice14 compute config finish @clk     1180902
slice15 compute config finish @clk     1180902
slice8 compute config finish @clk     1180904
slice9 compute config finish @clk     1180904
slice10 compute config finish @clk     1180904
slice11 compute config finish @clk     1180904
slice4 compute config finish @clk     1180906
slice5 compute config finish @clk     1180906
slice6 compute config finish @clk     1180906
slice7 compute config finish @clk     1180906
slice0 compute config finish @clk     1182320
slice1 compute config finish @clk     1182320
slice2 compute config finish @clk     1182320
slice3 compute config finish @clk     1182320
slice4 prefetch finish  @clk     1183726
slice12 prefetch finish  @clk     1183726
slice5 prefetch finish  @clk     1183732
slice13 prefetch finish  @clk     1183732
slice6 prefetch finish  @clk     1183738
slice14 prefetch finish  @clk     1183738
slice7 prefetch finish  @clk     1183752
slice15 prefetch finish  @clk     1183752
slice0 prefetch finish @clk     1183806
slice8 prefetch finish  @clk     1183806
slice1 prefetch finish  @clk     1183828
slice9 prefetch finish  @clk     1183828
slice2 prefetch finish  @clk     1183832
slice10 prefetch finish  @clk     1183832
slice3 prefetch finish  @clk     1184044
slice11 prefetch finish  @clk     1184044
slice4 write_burst finish  @clk     1198948
slice4 task finish  @clk     1198950
slice5 write_burst finish  @clk     1198951
slice5 task finish  @clk     1198953
slice4 start run  @clk     1198954
slice5 start run  @clk     1198955
slice12 write_burst finish  @clk     1199070
slice12 task finish  @clk     1199072
slice13 write_burst finish  @clk     1199073
slice12 start run  @clk     1199074
slice13 task finish  @clk     1199075
slice14 write_burst finish  @clk     1199076
slice14 task finish  @clk     1199078
slice15 write_burst finish  @clk     1199079
slice15 task finish  @clk     1199081
slice13 start run  @clk     1199091
slice14 start run  @clk     1199092
slice15 start run  @clk     1199093
slice6 write_burst finish  @clk     1199174
slice6 task finish  @clk     1199176
slice7 write_burst finish  @clk     1199177
slice7 task finish  @clk     1199179
slice6 start run  @clk     1199180
slice8 write_burst finish  @clk     1199180
slice7 start run  @clk     1199181
slice8 task finish  @clk     1199182
slice9 write_burst finish  @clk     1199183
slice9 task finish  @clk     1199185
slice8 start run  @clk     1199198
slice9 start run  @clk     1199199
slice10 write_burst finish  @clk     1199203
slice10 task finish  @clk     1199205
slice10 start run  @clk     1199216
slice0 write_burst finish @clk     1199240
slice0 task finish @clk     1199242
slice1 write_burst finish  @clk     1199243
slice1 task finish  @clk     1199245
slice2 write_burst finish  @clk     1199251
slice2 task finish  @clk     1199253
slice0 start run @clk     1199254
slice1 start run  @clk     1199255
slice2 start run  @clk     1199256
slice3 write_burst finish  @clk     1199290
slice3 task finish  @clk     1199292
slice11 write_burst finish  @clk     1199294
slice11 task finish  @clk     1199296
slice11 start run  @clk     1199297
slice3 start run  @clk     1199305
slice12 start prefetch  @clk     1199703
slice13 start prefetch  @clk     1199703
slice14 start prefetch  @clk     1199703
slice15 start prefetch  @clk     1199703
slice8 start prefetch  @clk     1199705
slice9 start prefetch  @clk     1199705
slice10 start prefetch  @clk     1199705
slice11 start prefetch  @clk     1199705
slice4 start prefetch  @clk     1199707
slice5 start prefetch  @clk     1199707
slice6 start prefetch  @clk     1199707
slice7 start prefetch  @clk     1199707
slice0 start prefetch @clk     1199709
slice1 start prefetch  @clk     1199709
slice2 start prefetch  @clk     1199709
slice3 start prefetch  @clk     1199709
slice4 access done  @clk     1207793
slice5 access done  @clk     1207794
slice4 start write  @clk     1207794
slice5 start write  @clk     1207795
slice12 access done  @clk     1207913
slice12 start write  @clk     1207914
slice13 access done  @clk     1207930
slice14 access done  @clk     1207931
slice13 start write  @clk     1207931
slice15 access done  @clk     1207932
slice14 start write  @clk     1207932
slice15 start write  @clk     1207933
slice6 access done  @clk     1208019
slice7 access done  @clk     1208020
slice6 start write  @clk     1208020
slice7 start write  @clk     1208021
slice8 access done  @clk     1208037
slice9 access done  @clk     1208038
slice8 start write  @clk     1208038
slice9 start write  @clk     1208039
slice10 access done  @clk     1208055
slice10 start write  @clk     1208056
slice0 access done @clk     1208093
slice1 access done  @clk     1208094
slice0 start write @clk     1208094
slice2 access done  @clk     1208095
slice1 start write  @clk     1208095
slice2 start write  @clk     1208096
slice11 access done  @clk     1208136
slice11 start write  @clk     1208137
slice3 access done  @clk     1208144
slice3 start write  @clk     1208145
slice12 compute config finish @clk     1213866
slice13 compute config finish @clk     1213866
slice14 compute config finish @clk     1213866
slice15 compute config finish @clk     1213866
slice8 compute config finish @clk     1213868
slice9 compute config finish @clk     1213868
slice10 compute config finish @clk     1213868
slice11 compute config finish @clk     1213868
slice4 compute config finish @clk     1213870
slice5 compute config finish @clk     1213870
slice6 compute config finish @clk     1213870
slice7 compute config finish @clk     1213870
slice0 compute config finish @clk     1214604
slice1 compute config finish @clk     1214604
slice2 compute config finish @clk     1214604
slice3 compute config finish @clk     1214604
slice4 prefetch finish  @clk     1217698
slice12 prefetch finish  @clk     1217698
slice5 prefetch finish  @clk     1217704
slice13 prefetch finish  @clk     1217704
slice6 prefetch finish  @clk     1217710
slice14 prefetch finish  @clk     1217710
slice7 prefetch finish  @clk     1217724
slice15 prefetch finish  @clk     1217724
slice0 prefetch finish @clk     1217778
slice8 prefetch finish  @clk     1217778
slice1 prefetch finish  @clk     1217790
slice9 prefetch finish  @clk     1217790
slice2 prefetch finish  @clk     1217802
slice10 prefetch finish  @clk     1217802
slice3 prefetch finish  @clk     1217974
slice11 prefetch finish  @clk     1217974
slice4 write_burst finish  @clk     1232875
slice4 task finish  @clk     1232877
slice5 write_burst finish  @clk     1232878
slice5 task finish  @clk     1232880
slice4 start run  @clk     1232890
slice5 start run  @clk     1232891
slice12 write_burst finish  @clk     1233002
slice12 task finish  @clk     1233004
slice13 write_burst finish  @clk     1233005
slice13 task finish  @clk     1233007
slice14 write_burst finish  @clk     1233008
slice12 start run  @clk     1233010
slice14 task finish  @clk     1233010
slice13 start run  @clk     1233011
slice15 write_burst finish  @clk     1233011
slice14 start run  @clk     1233012
slice15 task finish  @clk     1233013
slice15 start run  @clk     1233029
slice6 write_burst finish  @clk     1233106
slice6 task finish  @clk     1233108
slice7 write_burst finish  @clk     1233109
slice7 task finish  @clk     1233111
slice8 write_burst finish  @clk     1233112
slice8 task finish  @clk     1233114
slice9 write_burst finish  @clk     1233115
slice6 start run  @clk     1233116
slice7 start run  @clk     1233117
slice9 task finish  @clk     1233117
slice8 start run  @clk     1233118
slice9 start run  @clk     1233119
slice10 write_burst finish  @clk     1233135
slice10 task finish  @clk     1233137
slice10 start run  @clk     1233152
slice0 write_burst finish @clk     1233172
slice0 task finish @clk     1233174
slice1 write_burst finish  @clk     1233175
slice1 task finish  @clk     1233177
slice2 write_burst finish  @clk     1233183
slice2 task finish  @clk     1233185
slice0 start run @clk     1233190
slice1 start run  @clk     1233191
slice2 start run  @clk     1233192
slice11 write_burst finish  @clk     1233205
slice11 task finish  @clk     1233207
slice3 write_burst finish  @clk     1233209
slice3 task finish  @clk     1233211
slice11 start run  @clk     1233217
slice3 start run  @clk     1233225
slice12 start prefetch  @clk     1233607
slice13 start prefetch  @clk     1233607
slice14 start prefetch  @clk     1233607
slice15 start prefetch  @clk     1233607
slice8 start prefetch  @clk     1233609
slice9 start prefetch  @clk     1233609
slice10 start prefetch  @clk     1233609
slice11 start prefetch  @clk     1233609
slice4 start prefetch  @clk     1233611
slice5 start prefetch  @clk     1233611
slice6 start prefetch  @clk     1233611
slice7 start prefetch  @clk     1233611
slice0 start prefetch @clk     1233613
slice1 start prefetch  @clk     1233613
slice2 start prefetch  @clk     1233613
slice3 start prefetch  @clk     1233613
slice4 access done  @clk     1241729
slice5 access done  @clk     1241730
slice4 start write  @clk     1241730
slice5 start write  @clk     1241731
slice4 write_burst finish  @clk     1241731
slice5 write_burst finish  @clk     1241732
slice4 task finish  @clk     1241733
slice5 task finish  @clk     1241734
slice12 access done  @clk     1241849
slice13 access done  @clk     1241850
slice12 start write  @clk     1241850
slice14 access done  @clk     1241851
slice13 start write  @clk     1241851
slice12 write_burst finish  @clk     1241851
slice14 start write  @clk     1241852
slice13 write_burst finish  @clk     1241852
slice14 write_burst finish  @clk     1241853
slice12 task finish  @clk     1241853
slice13 task finish  @clk     1241854
slice14 task finish  @clk     1241855
slice15 access done  @clk     1241868
slice15 start write  @clk     1241869
slice15 write_burst finish  @clk     1241870
slice15 task finish  @clk     1241872
slice6 access done  @clk     1241955
slice7 access done  @clk     1241956
slice6 start write  @clk     1241956
slice8 access done  @clk     1241957
slice7 start write  @clk     1241957
slice6 write_burst finish  @clk     1241957
slice9 access done  @clk     1241958
slice8 start write  @clk     1241958
slice7 write_burst finish  @clk     1241958
slice9 start write  @clk     1241959
slice8 write_burst finish  @clk     1241959
slice6 task finish  @clk     1241959
slice9 write_burst finish  @clk     1241960
slice7 task finish  @clk     1241960
slice8 task finish  @clk     1241961
slice9 task finish  @clk     1241962
slice10 access done  @clk     1241991
slice10 start write  @clk     1241992
slice10 write_burst finish  @clk     1241993
slice10 task finish  @clk     1241995
slice0 access done @clk     1242029
slice1 access done  @clk     1242030
slice0 start write @clk     1242030
slice2 access done  @clk     1242031
slice1 start write  @clk     1242031
slice0 write_burst finish @clk     1242031
slice2 start write  @clk     1242032
slice1 write_burst finish  @clk     1242032
slice2 write_burst finish  @clk     1242033
slice0 task finish @clk     1242033
slice1 task finish  @clk     1242034
slice2 task finish  @clk     1242035
slice11 access done  @clk     1242056
slice11 start write  @clk     1242057
slice11 write_burst finish  @clk     1242058
slice11 task finish  @clk     1242060
slice3 access done  @clk     1242064
slice3 start write  @clk     1242065
slice3 write_burst finish  @clk     1242066
slice3 task finish  @clk     1242068
slice4 prefetch finish  @clk     1246108
slice5 prefetch finish  @clk     1246114
slice6 prefetch finish  @clk     1246152
slice7 prefetch finish  @clk     1246158
slice0 prefetch finish @clk     1246230
slice1 prefetch finish  @clk     1246236
slice2 prefetch finish  @clk     1246278
slice3 prefetch finish  @clk     1246296
slice12 prefetch finish  @clk     1254070
slice13 prefetch finish  @clk     1254076
slice14 prefetch finish  @clk     1254082
slice15 prefetch finish  @clk     1254096
slice8 prefetch finish  @clk     1254150
slice9 prefetch finish  @clk     1254170
slice10 prefetch finish  @clk     1254176
slice11 prefetch finish  @clk     1254228
slice12 compute config finish @clk     1254492
slice13 compute config finish @clk     1254492
slice14 compute config finish @clk     1254492
slice15 compute config finish @clk     1254492
slice12 start run  @clk     1254493
slice13 start run  @clk     1254493
slice14 start run  @clk     1254493
slice15 start run  @clk     1254493
slice8 compute config finish @clk     1254494
slice9 compute config finish @clk     1254494
slice10 compute config finish @clk     1254494
slice11 compute config finish @clk     1254494
slice8 start run  @clk     1254495
slice9 start run  @clk     1254495
slice10 start run  @clk     1254495
slice11 start run  @clk     1254495
slice4 compute config finish @clk     1254496
slice5 compute config finish @clk     1254496
slice6 compute config finish @clk     1254496
slice7 compute config finish @clk     1254496
slice4 start run  @clk     1254497
slice5 start run  @clk     1254497
slice6 start run  @clk     1254497
slice7 start run  @clk     1254497
slice0 compute config finish @clk     1254498
slice1 compute config finish @clk     1254498
slice2 compute config finish @clk     1254498
slice3 compute config finish @clk     1254498
slice0 start run @clk     1254499
slice1 start run  @clk     1254499
slice2 start run  @clk     1254499
slice3 start run  @clk     1254499
slice12 start prefetch  @clk     1255301
slice13 start prefetch  @clk     1255301
slice14 start prefetch  @clk     1255301
slice15 start prefetch  @clk     1255301
slice8 start prefetch  @clk     1255303
slice9 start prefetch  @clk     1255303
slice10 start prefetch  @clk     1255303
slice11 start prefetch  @clk     1255303
slice4 start prefetch  @clk     1255305
slice5 start prefetch  @clk     1255305
slice6 start prefetch  @clk     1255305
slice7 start prefetch  @clk     1255305
slice0 start prefetch @clk     1255307
slice1 start prefetch  @clk     1255307
slice2 start prefetch  @clk     1255307
slice3 start prefetch  @clk     1255307
slice12 access done  @clk     1263332
slice13 access done  @clk     1263332
slice14 access done  @clk     1263332
slice15 access done  @clk     1263332
slice12 start write  @clk     1263333
slice13 start write  @clk     1263333
slice14 start write  @clk     1263333
slice15 start write  @clk     1263333
slice8 access done  @clk     1263334
slice9 access done  @clk     1263334
slice10 access done  @clk     1263334
slice11 access done  @clk     1263334
slice12 write_burst finish  @clk     1263334
slice13 write_burst finish  @clk     1263334
slice14 write_burst finish  @clk     1263334
slice15 write_burst finish  @clk     1263334
slice8 start write  @clk     1263335
slice9 start write  @clk     1263335
slice10 start write  @clk     1263335
slice11 start write  @clk     1263335
slice4 access done  @clk     1263336
slice5 access done  @clk     1263336
slice6 access done  @clk     1263336
slice7 access done  @clk     1263336
slice8 write_burst finish  @clk     1263336
slice9 write_burst finish  @clk     1263336
slice10 write_burst finish  @clk     1263336
slice11 write_burst finish  @clk     1263336
slice12 task finish  @clk     1263336
slice13 task finish  @clk     1263336
slice14 task finish  @clk     1263336
slice15 task finish  @clk     1263336
slice4 start write  @clk     1263337
slice5 start write  @clk     1263337
slice6 start write  @clk     1263337
slice7 start write  @clk     1263337
slice0 access done @clk     1263338
slice1 access done  @clk     1263338
slice2 access done  @clk     1263338
slice3 access done  @clk     1263338
slice4 write_burst finish  @clk     1263338
slice5 write_burst finish  @clk     1263338
slice6 write_burst finish  @clk     1263338
slice7 write_burst finish  @clk     1263338
slice8 task finish  @clk     1263338
slice9 task finish  @clk     1263338
slice10 task finish  @clk     1263338
slice11 task finish  @clk     1263338
slice0 start write @clk     1263339
slice1 start write  @clk     1263339
slice2 start write  @clk     1263339
slice3 start write  @clk     1263339
slice0 write_burst finish @clk     1263340
slice1 write_burst finish  @clk     1263340
slice2 write_burst finish  @clk     1263340
slice3 write_burst finish  @clk     1263340
slice4 task finish  @clk     1263340
slice5 task finish  @clk     1263340
slice6 task finish  @clk     1263340
slice7 task finish  @clk     1263340
slice0 task finish @clk     1263342
slice1 task finish  @clk     1263342
slice2 task finish  @clk     1263342
slice3 task finish  @clk     1263342
slice12 compute config finish @clk     1269068
slice13 compute config finish @clk     1269068
slice14 compute config finish @clk     1269068
slice15 compute config finish @clk     1269068
slice8 compute config finish @clk     1269070
slice9 compute config finish @clk     1269070
slice10 compute config finish @clk     1269070
slice11 compute config finish @clk     1269070
slice4 compute config finish @clk     1269072
slice5 compute config finish @clk     1269072
slice6 compute config finish @clk     1269072
slice7 compute config finish @clk     1269072
slice0 compute config finish @clk     1269806
slice1 compute config finish @clk     1269806
slice2 compute config finish @clk     1269806
slice3 compute config finish @clk     1269806
slice4 prefetch finish  @clk     1272878
slice12 prefetch finish  @clk     1272878
slice4 start run  @clk     1272879
slice12 start run  @clk     1272879
slice5 prefetch finish  @clk     1272884
slice13 prefetch finish  @clk     1272884
slice5 start run  @clk     1272885
slice13 start run  @clk     1272885
slice6 prefetch finish  @clk     1272890
slice14 prefetch finish  @clk     1272890
slice6 start run  @clk     1272891
slice14 start run  @clk     1272891
slice7 prefetch finish  @clk     1272904
slice15 prefetch finish  @clk     1272904
slice7 start run  @clk     1272905
slice15 start run  @clk     1272905
slice0 prefetch finish @clk     1272958
slice8 prefetch finish  @clk     1272958
slice0 start run @clk     1272959
slice8 start run  @clk     1272959
slice1 prefetch finish  @clk     1272980
slice9 prefetch finish  @clk     1272980
slice1 start run  @clk     1272981
slice9 start run  @clk     1272981
slice2 prefetch finish  @clk     1272984
slice10 prefetch finish  @clk     1272984
slice2 start run  @clk     1272985
slice10 start run  @clk     1272985
slice3 prefetch finish  @clk     1273036
slice11 prefetch finish  @clk     1273036
slice3 start run  @clk     1273037
slice11 start run  @clk     1273037
slice12 start prefetch  @clk     1273423
slice13 start prefetch  @clk     1273423
slice14 start prefetch  @clk     1273423
slice15 start prefetch  @clk     1273423
slice8 start prefetch  @clk     1273425
slice9 start prefetch  @clk     1273425
slice10 start prefetch  @clk     1273425
slice11 start prefetch  @clk     1273425
slice4 start prefetch  @clk     1273427
slice5 start prefetch  @clk     1273427
slice6 start prefetch  @clk     1273427
slice7 start prefetch  @clk     1273427
slice0 start prefetch @clk     1273429
slice1 start prefetch  @clk     1273429
slice2 start prefetch  @clk     1273429
slice3 start prefetch  @clk     1273429
slice4 access done  @clk     1281718
slice12 access done  @clk     1281718
slice4 start write  @clk     1281719
slice12 start write  @clk     1281719
slice4 write_burst finish  @clk     1281720
slice12 write_burst finish  @clk     1281720
slice4 task finish  @clk     1281722
slice12 task finish  @clk     1281722
slice5 access done  @clk     1281724
slice13 access done  @clk     1281724
slice5 start write  @clk     1281725
slice13 start write  @clk     1281725
slice5 write_burst finish  @clk     1281726
slice13 write_burst finish  @clk     1281726
slice5 task finish  @clk     1281728
slice13 task finish  @clk     1281728
slice6 access done  @clk     1281730
slice14 access done  @clk     1281730
slice6 start write  @clk     1281731
slice14 start write  @clk     1281731
slice6 write_burst finish  @clk     1281732
slice14 write_burst finish  @clk     1281732
slice6 task finish  @clk     1281734
slice14 task finish  @clk     1281734
slice7 access done  @clk     1281744
slice15 access done  @clk     1281744
slice7 start write  @clk     1281745
slice15 start write  @clk     1281745
slice7 write_burst finish  @clk     1281746
slice15 write_burst finish  @clk     1281746
slice7 task finish  @clk     1281748
slice15 task finish  @clk     1281748
slice0 access done @clk     1281798
slice8 access done  @clk     1281798
slice0 start write @clk     1281799
slice8 start write  @clk     1281799
slice0 write_burst finish @clk     1281800
slice8 write_burst finish  @clk     1281800
slice0 task finish @clk     1281802
slice8 task finish  @clk     1281802
slice1 access done  @clk     1281820
slice9 access done  @clk     1281820
slice1 start write  @clk     1281821
slice9 start write  @clk     1281821
slice1 write_burst finish  @clk     1281822
slice9 write_burst finish  @clk     1281822
slice2 access done  @clk     1281824
slice10 access done  @clk     1281824
slice1 task finish  @clk     1281824
slice9 task finish  @clk     1281824
slice2 start write  @clk     1281825
slice10 start write  @clk     1281825
slice2 write_burst finish  @clk     1281826
slice10 write_burst finish  @clk     1281826
slice2 task finish  @clk     1281828
slice10 task finish  @clk     1281828
slice3 access done  @clk     1281876
slice11 access done  @clk     1281876
slice3 start write  @clk     1281877
slice11 start write  @clk     1281877
slice3 write_burst finish  @clk     1281878
slice11 write_burst finish  @clk     1281878
slice3 task finish  @clk     1281880
slice11 task finish  @clk     1281880
slice4 prefetch finish  @clk     1286286
slice5 prefetch finish  @clk     1286292
slice6 prefetch finish  @clk     1286332
slice7 prefetch finish  @clk     1286338
slice0 prefetch finish @clk     1286384
slice1 prefetch finish  @clk     1286410
slice2 prefetch finish  @clk     1286416
slice3 prefetch finish  @clk     1286458
slice12 prefetch finish  @clk     1294160
slice13 prefetch finish  @clk     1294166
slice14 prefetch finish  @clk     1294172
slice15 prefetch finish  @clk     1294186
slice8 prefetch finish  @clk     1294240
slice9 prefetch finish  @clk     1294262
slice10 prefetch finish  @clk     1294266
slice11 prefetch finish  @clk     1294318
slice12 compute config finish @clk     1294680
slice13 compute config finish @clk     1294680
slice14 compute config finish @clk     1294680
slice15 compute config finish @clk     1294680
slice12 start run  @clk     1294681
slice13 start run  @clk     1294681
slice14 start run  @clk     1294681
slice15 start run  @clk     1294681
slice8 compute config finish @clk     1294682
slice9 compute config finish @clk     1294682
slice10 compute config finish @clk     1294682
slice11 compute config finish @clk     1294682
slice8 start run  @clk     1294683
slice9 start run  @clk     1294683
slice10 start run  @clk     1294683
slice11 start run  @clk     1294683
slice4 compute config finish @clk     1294684
slice5 compute config finish @clk     1294684
slice6 compute config finish @clk     1294684
slice7 compute config finish @clk     1294684
slice4 start run  @clk     1294685
slice5 start run  @clk     1294685
slice6 start run  @clk     1294685
slice7 start run  @clk     1294685
slice0 compute config finish @clk     1294686
slice1 compute config finish @clk     1294686
slice2 compute config finish @clk     1294686
slice3 compute config finish @clk     1294686
slice0 start run @clk     1294687
slice1 start run  @clk     1294687
slice2 start run  @clk     1294687
slice3 start run  @clk     1294687
slice12 start prefetch  @clk     1295161
slice13 start prefetch  @clk     1295161
slice14 start prefetch  @clk     1295161
slice15 start prefetch  @clk     1295161
slice8 start prefetch  @clk     1295163
slice9 start prefetch  @clk     1295163
slice10 start prefetch  @clk     1295163
slice11 start prefetch  @clk     1295163
slice4 start prefetch  @clk     1295165
slice5 start prefetch  @clk     1295165
slice6 start prefetch  @clk     1295165
slice7 start prefetch  @clk     1295165
slice0 start prefetch @clk     1295167
slice1 start prefetch  @clk     1295167
slice2 start prefetch  @clk     1295167
slice3 start prefetch  @clk     1295167
slice12 access done  @clk     1303520
slice13 access done  @clk     1303520
slice14 access done  @clk     1303520
slice15 access done  @clk     1303520
slice12 start write  @clk     1303521
slice13 start write  @clk     1303521
slice14 start write  @clk     1303521
slice15 start write  @clk     1303521
slice8 access done  @clk     1303522
slice9 access done  @clk     1303522
slice10 access done  @clk     1303522
slice11 access done  @clk     1303522
slice12 write_burst finish  @clk     1303522
slice13 write_burst finish  @clk     1303522
slice14 write_burst finish  @clk     1303522
slice15 write_burst finish  @clk     1303522
slice8 start write  @clk     1303523
slice9 start write  @clk     1303523
slice10 start write  @clk     1303523
slice11 start write  @clk     1303523
slice4 access done  @clk     1303524
slice5 access done  @clk     1303524
slice6 access done  @clk     1303524
slice7 access done  @clk     1303524
slice8 write_burst finish  @clk     1303524
slice9 write_burst finish  @clk     1303524
slice10 write_burst finish  @clk     1303524
slice11 write_burst finish  @clk     1303524
slice12 task finish  @clk     1303524
slice13 task finish  @clk     1303524
slice14 task finish  @clk     1303524
slice15 task finish  @clk     1303524
slice4 start write  @clk     1303525
slice5 start write  @clk     1303525
slice6 start write  @clk     1303525
slice7 start write  @clk     1303525
slice0 access done @clk     1303526
slice1 access done  @clk     1303526
slice2 access done  @clk     1303526
slice3 access done  @clk     1303526
slice4 write_burst finish  @clk     1303526
slice5 write_burst finish  @clk     1303526
slice6 write_burst finish  @clk     1303526
slice7 write_burst finish  @clk     1303526
slice8 task finish  @clk     1303526
slice9 task finish  @clk     1303526
slice10 task finish  @clk     1303526
slice11 task finish  @clk     1303526
slice0 start write @clk     1303527
slice1 start write  @clk     1303527
slice2 start write  @clk     1303527
slice3 start write  @clk     1303527
slice0 write_burst finish @clk     1303528
slice1 write_burst finish  @clk     1303528
slice2 write_burst finish  @clk     1303528
slice3 write_burst finish  @clk     1303528
slice4 task finish  @clk     1303528
slice5 task finish  @clk     1303528
slice6 task finish  @clk     1303528
slice7 task finish  @clk     1303528
slice0 task finish @clk     1303530
slice1 task finish  @clk     1303530
slice2 task finish  @clk     1303530
slice3 task finish  @clk     1303530
slice12 compute config finish @clk     1309082
slice13 compute config finish @clk     1309082
slice14 compute config finish @clk     1309082
slice15 compute config finish @clk     1309082
slice8 compute config finish @clk     1309084
slice9 compute config finish @clk     1309084
slice10 compute config finish @clk     1309084
slice11 compute config finish @clk     1309084
slice4 compute config finish @clk     1309086
slice5 compute config finish @clk     1309086
slice6 compute config finish @clk     1309086
slice7 compute config finish @clk     1309086
slice0 compute config finish @clk     1310150
slice1 compute config finish @clk     1310150
slice2 compute config finish @clk     1310150
slice3 compute config finish @clk     1310150
slice4 prefetch finish  @clk     1313028
slice12 prefetch finish  @clk     1313028
slice4 start run  @clk     1313029
slice12 start run  @clk     1313029
slice5 prefetch finish  @clk     1313034
slice13 prefetch finish  @clk     1313034
slice5 start run  @clk     1313035
slice13 start run  @clk     1313035
slice6 prefetch finish  @clk     1313040
slice14 prefetch finish  @clk     1313040
slice6 start run  @clk     1313041
slice14 start run  @clk     1313041
slice7 prefetch finish  @clk     1313054
slice15 prefetch finish  @clk     1313054
slice7 start run  @clk     1313055
slice15 start run  @clk     1313055
slice0 prefetch finish @clk     1313108
slice8 prefetch finish  @clk     1313108
slice0 start run @clk     1313109
slice8 start run  @clk     1313109
slice1 prefetch finish  @clk     1313120
slice9 prefetch finish  @clk     1313120
slice1 start run  @clk     1313121
slice9 start run  @clk     1313121
slice2 prefetch finish  @clk     1313158
slice10 prefetch finish  @clk     1313158
slice2 start run  @clk     1313159
slice10 start run  @clk     1313159
slice3 prefetch finish  @clk     1313186
slice11 prefetch finish  @clk     1313186
slice3 start run  @clk     1313187
slice11 start run  @clk     1313187
slice12 start prefetch  @clk     1313351
slice13 start prefetch  @clk     1313351
slice14 start prefetch  @clk     1313351
slice15 start prefetch  @clk     1313351
slice8 start prefetch  @clk     1313353
slice9 start prefetch  @clk     1313353
slice10 start prefetch  @clk     1313353
slice11 start prefetch  @clk     1313353
slice4 start prefetch  @clk     1313355
slice5 start prefetch  @clk     1313355
slice6 start prefetch  @clk     1313355
slice7 start prefetch  @clk     1313355
slice0 start prefetch @clk     1313357
slice1 start prefetch  @clk     1313357
slice2 start prefetch  @clk     1313357
slice3 start prefetch  @clk     1313357
slice4 access done  @clk     1321868
slice12 access done  @clk     1321868
slice4 start write  @clk     1321869
slice12 start write  @clk     1321869
slice4 write_burst finish  @clk     1321870
slice12 write_burst finish  @clk     1321870
slice4 task finish  @clk     1321872
slice12 task finish  @clk     1321872
slice5 access done  @clk     1321874
slice13 access done  @clk     1321874
slice5 start write  @clk     1321875
slice13 start write  @clk     1321875
slice5 write_burst finish  @clk     1321876
slice13 write_burst finish  @clk     1321876
slice5 task finish  @clk     1321878
slice13 task finish  @clk     1321878
slice6 access done  @clk     1321880
slice14 access done  @clk     1321880
slice6 start write  @clk     1321881
slice14 start write  @clk     1321881
slice6 write_burst finish  @clk     1321882
slice14 write_burst finish  @clk     1321882
slice6 task finish  @clk     1321884
slice14 task finish  @clk     1321884
slice7 access done  @clk     1321894
slice15 access done  @clk     1321894
slice7 start write  @clk     1321895
slice15 start write  @clk     1321895
slice7 write_burst finish  @clk     1321896
slice15 write_burst finish  @clk     1321896
slice7 task finish  @clk     1321898
slice15 task finish  @clk     1321898
slice0 access done @clk     1321948
slice8 access done  @clk     1321948
slice0 start write @clk     1321949
slice8 start write  @clk     1321949
slice0 write_burst finish @clk     1321950
slice8 write_burst finish  @clk     1321950
slice0 task finish @clk     1321952
slice8 task finish  @clk     1321952
slice1 access done  @clk     1321960
slice9 access done  @clk     1321960
slice1 start write  @clk     1321961
slice9 start write  @clk     1321961
slice1 write_burst finish  @clk     1321962
slice9 write_burst finish  @clk     1321962
slice1 task finish  @clk     1321964
slice9 task finish  @clk     1321964
slice2 access done  @clk     1321998
slice10 access done  @clk     1321998
slice2 start write  @clk     1321999
slice10 start write  @clk     1321999
slice2 write_burst finish  @clk     1322000
slice10 write_burst finish  @clk     1322000
slice2 task finish  @clk     1322002
slice10 task finish  @clk     1322002
slice3 access done  @clk     1322026
slice11 access done  @clk     1322026
slice3 start write  @clk     1322027
slice11 start write  @clk     1322027
slice3 write_burst finish  @clk     1322028
slice11 write_burst finish  @clk     1322028
slice3 task finish  @clk     1322030
slice11 task finish  @clk     1322030
slice4 prefetch finish  @clk     1326122
slice5 prefetch finish  @clk     1326138
slice6 prefetch finish  @clk     1326178
slice7 prefetch finish  @clk     1326184
slice0 prefetch finish @clk     1326228
slice1 prefetch finish  @clk     1326256
slice2 prefetch finish  @clk     1326262
slice3 prefetch finish  @clk     1326294
slice12 prefetch finish  @clk     1334090
slice13 prefetch finish  @clk     1334096
slice14 prefetch finish  @clk     1334102
slice15 prefetch finish  @clk     1334116
slice8 prefetch finish  @clk     1334170
slice9 prefetch finish  @clk     1334192
slice10 prefetch finish  @clk     1334196
slice11 prefetch finish  @clk     1334248
slice12 compute config finish @clk     1334578
slice13 compute config finish @clk     1334578
slice14 compute config finish @clk     1334578
slice15 compute config finish @clk     1334578
slice12 start run  @clk     1334579
slice13 start run  @clk     1334579
slice14 start run  @clk     1334579
slice15 start run  @clk     1334579
slice8 compute config finish @clk     1334580
slice9 compute config finish @clk     1334580
slice10 compute config finish @clk     1334580
slice11 compute config finish @clk     1334580
slice8 start run  @clk     1334581
slice9 start run  @clk     1334581
slice10 start run  @clk     1334581
slice11 start run  @clk     1334581
slice4 compute config finish @clk     1334582
slice5 compute config finish @clk     1334582
slice6 compute config finish @clk     1334582
slice7 compute config finish @clk     1334582
slice4 start run  @clk     1334583
slice5 start run  @clk     1334583
slice6 start run  @clk     1334583
slice7 start run  @clk     1334583
slice0 compute config finish @clk     1334584
slice1 compute config finish @clk     1334584
slice2 compute config finish @clk     1334584
slice3 compute config finish @clk     1334584
slice0 start run @clk     1334585
slice1 start run  @clk     1334585
slice2 start run  @clk     1334585
slice3 start run  @clk     1334585
slice12 start prefetch  @clk     1335059
slice13 start prefetch  @clk     1335059
slice14 start prefetch  @clk     1335059
slice15 start prefetch  @clk     1335059
slice8 start prefetch  @clk     1335061
slice9 start prefetch  @clk     1335061
slice10 start prefetch  @clk     1335061
slice11 start prefetch  @clk     1335061
slice4 start prefetch  @clk     1335063
slice5 start prefetch  @clk     1335063
slice6 start prefetch  @clk     1335063
slice7 start prefetch  @clk     1335063
slice0 start prefetch @clk     1335065
slice1 start prefetch  @clk     1335065
slice2 start prefetch  @clk     1335065
slice3 start prefetch  @clk     1335065
slice12 access done  @clk     1343418
slice13 access done  @clk     1343418
slice14 access done  @clk     1343418
slice15 access done  @clk     1343418
slice12 start write  @clk     1343419
slice13 start write  @clk     1343419
slice14 start write  @clk     1343419
slice15 start write  @clk     1343419
slice8 access done  @clk     1343420
slice9 access done  @clk     1343420
slice10 access done  @clk     1343420
slice11 access done  @clk     1343420
slice12 write_burst finish  @clk     1343420
slice13 write_burst finish  @clk     1343420
slice14 write_burst finish  @clk     1343420
slice15 write_burst finish  @clk     1343420
slice8 start write  @clk     1343421
slice9 start write  @clk     1343421
slice10 start write  @clk     1343421
slice11 start write  @clk     1343421
slice4 access done  @clk     1343422
slice5 access done  @clk     1343422
slice6 access done  @clk     1343422
slice7 access done  @clk     1343422
slice8 write_burst finish  @clk     1343422
slice9 write_burst finish  @clk     1343422
slice10 write_burst finish  @clk     1343422
slice11 write_burst finish  @clk     1343422
slice12 task finish  @clk     1343422
slice13 task finish  @clk     1343422
slice14 task finish  @clk     1343422
slice15 task finish  @clk     1343422
slice4 start write  @clk     1343423
slice5 start write  @clk     1343423
slice6 start write  @clk     1343423
slice7 start write  @clk     1343423
slice0 access done @clk     1343424
slice1 access done  @clk     1343424
slice2 access done  @clk     1343424
slice3 access done  @clk     1343424
slice4 write_burst finish  @clk     1343424
slice5 write_burst finish  @clk     1343424
slice6 write_burst finish  @clk     1343424
slice7 write_burst finish  @clk     1343424
slice8 task finish  @clk     1343424
slice9 task finish  @clk     1343424
slice10 task finish  @clk     1343424
slice11 task finish  @clk     1343424
slice0 start write @clk     1343425
slice1 start write  @clk     1343425
slice2 start write  @clk     1343425
slice3 start write  @clk     1343425
slice0 write_burst finish @clk     1343426
slice1 write_burst finish  @clk     1343426
slice2 write_burst finish  @clk     1343426
slice3 write_burst finish  @clk     1343426
slice4 task finish  @clk     1343426
slice5 task finish  @clk     1343426
slice6 task finish  @clk     1343426
slice7 task finish  @clk     1343426
slice0 task finish @clk     1343428
slice1 task finish  @clk     1343428
slice2 task finish  @clk     1343428
slice3 task finish  @clk     1343428
slice12 compute config finish @clk     1349242
slice13 compute config finish @clk     1349242
slice14 compute config finish @clk     1349242
slice15 compute config finish @clk     1349242
slice8 compute config finish @clk     1349244
slice9 compute config finish @clk     1349244
slice10 compute config finish @clk     1349244
slice11 compute config finish @clk     1349244
slice4 compute config finish @clk     1349246
slice5 compute config finish @clk     1349246
slice6 compute config finish @clk     1349246
slice7 compute config finish @clk     1349246
slice0 compute config finish @clk     1349980
slice1 compute config finish @clk     1349980
slice2 compute config finish @clk     1349980
slice3 compute config finish @clk     1349980
slice4 prefetch finish  @clk     1352776
slice12 prefetch finish  @clk     1352776
slice4 start run  @clk     1352777
slice12 start run  @clk     1352777
slice5 prefetch finish  @clk     1352782
slice13 prefetch finish  @clk     1352782
slice5 start run  @clk     1352783
slice13 start run  @clk     1352783
slice6 prefetch finish  @clk     1352788
slice14 prefetch finish  @clk     1352788
slice6 start run  @clk     1352789
slice14 start run  @clk     1352789
slice7 prefetch finish  @clk     1352802
slice15 prefetch finish  @clk     1352802
slice7 start run  @clk     1352803
slice15 start run  @clk     1352803
slice0 prefetch finish @clk     1352856
slice8 prefetch finish  @clk     1352856
slice0 start run @clk     1352857
slice8 start run  @clk     1352857
slice1 prefetch finish  @clk     1352868
slice9 prefetch finish  @clk     1352868
slice1 start run  @clk     1352869
slice9 start run  @clk     1352869
slice2 prefetch finish  @clk     1352880
slice10 prefetch finish  @clk     1352880
slice2 start run  @clk     1352881
slice10 start run  @clk     1352881
slice3 prefetch finish  @clk     1352934
slice11 prefetch finish  @clk     1352934
slice3 start run  @clk     1352935
slice11 start run  @clk     1352935
slice12 start prefetch  @clk     1353197
slice13 start prefetch  @clk     1353197
slice14 start prefetch  @clk     1353197
slice15 start prefetch  @clk     1353197
slice8 start prefetch  @clk     1353199
slice9 start prefetch  @clk     1353199
slice10 start prefetch  @clk     1353199
slice11 start prefetch  @clk     1353199
slice4 start prefetch  @clk     1353201
slice5 start prefetch  @clk     1353201
slice6 start prefetch  @clk     1353201
slice7 start prefetch  @clk     1353201
slice0 start prefetch @clk     1353203
slice1 start prefetch  @clk     1353203
slice2 start prefetch  @clk     1353203
slice3 start prefetch  @clk     1353203
slice4 access done  @clk     1361616
slice12 access done  @clk     1361616
slice4 start write  @clk     1361617
slice12 start write  @clk     1361617
slice5 access done  @clk     1361622
slice13 access done  @clk     1361622
slice5 start write  @clk     1361623
slice13 start write  @clk     1361623
slice6 access done  @clk     1361628
slice14 access done  @clk     1361628
slice6 start write  @clk     1361629
slice14 start write  @clk     1361629
slice7 access done  @clk     1361642
slice15 access done  @clk     1361642
slice7 start write  @clk     1361643
slice15 start write  @clk     1361643
slice0 access done @clk     1361696
slice8 access done  @clk     1361696
slice0 start write @clk     1361697
slice8 start write  @clk     1361697
slice1 access done  @clk     1361708
slice9 access done  @clk     1361708
slice1 start write  @clk     1361709
slice9 start write  @clk     1361709
slice2 access done  @clk     1361720
slice10 access done  @clk     1361720
slice2 start write  @clk     1361721
slice10 start write  @clk     1361721
slice3 access done  @clk     1361774
slice11 access done  @clk     1361774
slice3 start write  @clk     1361775
slice11 start write  @clk     1361775
slice4 prefetch finish  @clk     1365954
slice5 prefetch finish  @clk     1365960
slice6 prefetch finish  @clk     1365996
slice7 prefetch finish  @clk     1366002
slice0 prefetch finish @clk     1366052
slice1 prefetch finish  @clk     1366184
slice2 prefetch finish  @clk     1366186
slice3 prefetch finish  @clk     1366188
slice0 write_burst finish @clk     1377543
slice0 task finish @clk     1377545
slice1 write_burst finish  @clk     1379667
slice1 task finish  @clk     1379669
slice2 write_burst finish  @clk     1381189
slice2 task finish  @clk     1381191
slice4 write_burst finish  @clk     1381295
slice4 task finish  @clk     1381297
slice5 write_burst finish  @clk     1381366
slice5 task finish  @clk     1381368
slice6 write_burst finish  @clk     1381369
slice6 task finish  @clk     1381371
slice7 write_burst finish  @clk     1381406
slice7 task finish  @clk     1381408
slice3 write_burst finish  @clk     1381413
slice3 task finish  @clk     1381415
slice12 prefetch finish  @clk     1381700
slice13 prefetch finish  @clk     1381716
slice14 prefetch finish  @clk     1381718
slice15 prefetch finish  @clk     1381720
slice8 prefetch finish  @clk     1381778
slice9 prefetch finish  @clk     1381810
slice10 prefetch finish  @clk     1381860
slice11 prefetch finish  @clk     1382078
slice12 compute config finish @clk     1382096
slice13 compute config finish @clk     1382096
slice14 compute config finish @clk     1382096
slice15 compute config finish @clk     1382096
slice8 compute config finish @clk     1382098
slice9 compute config finish @clk     1382098
slice10 compute config finish @clk     1382098
slice11 compute config finish @clk     1382098
slice4 compute config finish @clk     1382100
slice5 compute config finish @clk     1382100
slice6 compute config finish @clk     1382100
slice7 compute config finish @clk     1382100
slice4 start run  @clk     1382101
slice5 start run  @clk     1382101
slice6 start run  @clk     1382101
slice7 start run  @clk     1382101
slice0 compute config finish @clk     1382102
slice1 compute config finish @clk     1382102
slice2 compute config finish @clk     1382102
slice3 compute config finish @clk     1382102
slice0 start run @clk     1382103
slice1 start run  @clk     1382103
slice2 start run  @clk     1382103
slice3 start run  @clk     1382103
slice12 write_burst finish  @clk     1388601
slice12 task finish  @clk     1388603
slice13 write_burst finish  @clk     1388604
slice13 task finish  @clk     1388606
slice12 start run  @clk     1388610
slice13 start run  @clk     1388611
slice14 write_burst finish  @clk     1388624
slice14 task finish  @clk     1388626
slice15 write_burst finish  @clk     1388627
slice14 start run  @clk     1388628
slice15 task finish  @clk     1388629
slice15 start run  @clk     1388645
slice8 write_burst finish  @clk     1388698
slice8 task finish  @clk     1388700
slice8 start run  @clk     1388702
slice9 write_burst finish  @clk     1388735
slice9 task finish  @clk     1388737
slice9 start run  @clk     1388751
slice10 write_burst finish  @clk     1388755
slice10 task finish  @clk     1388757
slice10 start run  @clk     1388768
slice11 write_burst finish  @clk     1388780
slice11 task finish  @clk     1388782
slice11 start run  @clk     1388785
slice4 access done  @clk     1390940
slice5 access done  @clk     1390940
slice6 access done  @clk     1390940
slice7 access done  @clk     1390940
slice4 start write  @clk     1390941
slice5 start write  @clk     1390941
slice6 start write  @clk     1390941
slice7 start write  @clk     1390941
slice0 access done @clk     1390942
slice1 access done  @clk     1390942
slice2 access done  @clk     1390942
slice3 access done  @clk     1390942
slice0 start write @clk     1390943
slice1 start write  @clk     1390943
slice2 start write  @clk     1390943
slice3 start write  @clk     1390943
slice12 access done  @clk     1397449
slice13 access done  @clk     1397450
slice12 start write  @clk     1397450
slice13 start write  @clk     1397451
slice14 access done  @clk     1397467
slice14 start write  @clk     1397468
slice15 access done  @clk     1397484
slice15 start write  @clk     1397485
slice8 access done  @clk     1397541
slice8 start write  @clk     1397542
slice9 access done  @clk     1397590
slice9 start write  @clk     1397591
slice10 access done  @clk     1397607
slice10 start write  @clk     1397608
slice11 access done  @clk     1397624
slice11 start write  @clk     1397625
slice4 write_burst finish  @clk     1400748
slice4 task finish  @clk     1400750
slice5 write_burst finish  @clk     1400751
slice5 task finish  @clk     1400753
slice6 write_burst finish  @clk     1400754
slice6 task finish  @clk     1400756
slice7 write_burst finish  @clk     1400757
slice7 task finish  @clk     1400759
slice0 write_burst finish @clk     1400928
slice0 task finish @clk     1400930
slice1 write_burst finish  @clk     1400931
slice1 task finish  @clk     1400933
slice2 write_burst finish  @clk     1400934
slice2 task finish  @clk     1400936
slice3 write_burst finish  @clk     1400937
slice3 task finish  @clk     1400939
slice12 write_burst finish  @clk     1406378
slice12 task finish  @clk     1406380
slice13 write_burst finish  @clk     1406381
slice13 task finish  @clk     1406383
slice8 write_burst finish  @clk     1406418
slice8 task finish  @clk     1406420
slice9 write_burst finish  @clk     1406421
slice9 task finish  @clk     1406423
slice10 write_burst finish  @clk     1406424
slice10 task finish  @clk     1406426
slice11 write_burst finish  @clk     1406427
slice11 task finish  @clk     1406429
slice14 write_burst finish  @clk     1406430
slice14 task finish  @clk     1406432
slice15 write_burst finish  @clk     1406435
slice15 task finish  @clk     1406437
