slice12 start prefetch  @clk      218739
slice13 start prefetch  @clk      218739
slice14 start prefetch  @clk      218739
slice15 start prefetch  @clk      218739
slice8 start prefetch  @clk      218743
slice9 start prefetch  @clk      218743
slice10 start prefetch  @clk      218743
slice11 start prefetch  @clk      218743
slice4 start prefetch  @clk      218747
slice5 start prefetch  @clk      218747
slice6 start prefetch  @clk      218747
slice7 start prefetch  @clk      218747
slice0 start prefetch @clk      218753
slice1 start prefetch  @clk      218753
slice2 start prefetch  @clk      218753
slice3 start prefetch  @clk      218753
slice12 prefetch finish  @clk      262984
slice13 prefetch finish  @clk      262990
slice14 prefetch finish  @clk      262996
slice15 prefetch finish  @clk      263002
slice8 prefetch finish  @clk      263056
slice9 prefetch finish  @clk      263062
slice10 prefetch finish  @clk      263068
slice11 prefetch finish  @clk      263074
slice4 prefetch finish  @clk      263104
slice5 prefetch finish  @clk      263110
slice6 prefetch finish  @clk      263116
slice7 prefetch finish  @clk      263122
slice0 prefetch finish @clk      263128
slice1 prefetch finish  @clk      263134
slice2 prefetch finish  @clk      263140
slice3 prefetch finish  @clk      263146
slice12 compute config finish @clk      264230
slice13 compute config finish @clk      264230
slice14 compute config finish @clk      264230
slice15 compute config finish @clk      264230
slice12 start run  @clk      264231
slice13 start run  @clk      264231
slice14 start run  @clk      264231
slice15 start run  @clk      264231
slice8 compute config finish @clk      264234
slice9 compute config finish @clk      264234
slice10 compute config finish @clk      264234
slice11 compute config finish @clk      264234
slice8 start run  @clk      264235
slice9 start run  @clk      264235
slice10 start run  @clk      264235
slice11 start run  @clk      264235
slice4 compute config finish @clk      264238
slice5 compute config finish @clk      264238
slice6 compute config finish @clk      264238
slice7 compute config finish @clk      264238
slice4 start run  @clk      264239
slice5 start run  @clk      264239
slice6 start run  @clk      264239
slice7 start run  @clk      264239
slice0 compute config finish @clk      264244
slice1 compute config finish @clk      264244
slice2 compute config finish @clk      264244
slice3 compute config finish @clk      264244
slice0 start run @clk      264245
slice1 start run  @clk      264245
slice2 start run  @clk      264245
slice3 start run  @clk      264245
slice12 start prefetch  @clk      264587
slice13 start prefetch  @clk      264587
slice14 start prefetch  @clk      264587
slice15 start prefetch  @clk      264587
slice8 start prefetch  @clk      264591
slice9 start prefetch  @clk      264591
slice10 start prefetch  @clk      264591
slice11 start prefetch  @clk      264591
slice4 start prefetch  @clk      264595
slice5 start prefetch  @clk      264595
slice6 start prefetch  @clk      264595
slice7 start prefetch  @clk      264595
slice0 start prefetch @clk      264601
slice1 start prefetch  @clk      264601
slice2 start prefetch  @clk      264601
slice3 start prefetch  @clk      264601
slice12 access done  @clk      282570
slice13 access done  @clk      282570
slice14 access done  @clk      282570
slice15 access done  @clk      282570
slice12 start write  @clk      282571
slice13 start write  @clk      282571
slice14 start write  @clk      282571
slice15 start write  @clk      282571
slice12 write_burst finish  @clk      282572
slice13 write_burst finish  @clk      282572
slice14 write_burst finish  @clk      282572
slice15 write_burst finish  @clk      282572
slice8 access done  @clk      282574
slice9 access done  @clk      282574
slice10 access done  @clk      282574
slice11 access done  @clk      282574
slice12 task finish  @clk      282574
slice13 task finish  @clk      282574
slice14 task finish  @clk      282574
slice15 task finish  @clk      282574
slice8 start write  @clk      282575
slice9 start write  @clk      282575
slice10 start write  @clk      282575
slice11 start write  @clk      282575
slice8 write_burst finish  @clk      282576
slice9 write_burst finish  @clk      282576
slice10 write_burst finish  @clk      282576
slice11 write_burst finish  @clk      282576
slice4 access done  @clk      282578
slice5 access done  @clk      282578
slice6 access done  @clk      282578
slice7 access done  @clk      282578
slice8 task finish  @clk      282578
slice9 task finish  @clk      282578
slice10 task finish  @clk      282578
slice11 task finish  @clk      282578
slice4 start write  @clk      282579
slice5 start write  @clk      282579
slice6 start write  @clk      282579
slice7 start write  @clk      282579
slice4 write_burst finish  @clk      282580
slice5 write_burst finish  @clk      282580
slice6 write_burst finish  @clk      282580
slice7 write_burst finish  @clk      282580
slice4 task finish  @clk      282582
slice5 task finish  @clk      282582
slice6 task finish  @clk      282582
slice7 task finish  @clk      282582
slice0 access done @clk      282584
slice1 access done  @clk      282584
slice2 access done  @clk      282584
slice3 access done  @clk      282584
slice0 start write @clk      282585
slice1 start write  @clk      282585
slice2 start write  @clk      282585
slice3 start write  @clk      282585
slice0 write_burst finish @clk      282586
slice1 write_burst finish  @clk      282586
slice2 write_burst finish  @clk      282586
slice3 write_burst finish  @clk      282586
slice0 task finish @clk      282588
slice1 task finish  @clk      282588
slice2 task finish  @clk      282588
slice3 task finish  @clk      282588
slice12 prefetch finish  @clk      308870
slice13 prefetch finish  @clk      308876
slice14 prefetch finish  @clk      308882
slice15 prefetch finish  @clk      308888
slice8 prefetch finish  @clk      308942
slice9 prefetch finish  @clk      308948
slice10 prefetch finish  @clk      308954
slice11 prefetch finish  @clk      308960
slice4 prefetch finish  @clk      308990
slice5 prefetch finish  @clk      308996
slice6 prefetch finish  @clk      309002
slice7 prefetch finish  @clk      309008
slice0 prefetch finish @clk      309014
slice1 prefetch finish  @clk      309020
slice2 prefetch finish  @clk      309026
slice3 prefetch finish  @clk      309032
slice12 compute config finish @clk      309980
slice13 compute config finish @clk      309980
slice14 compute config finish @clk      309980
slice15 compute config finish @clk      309980
slice12 start run  @clk      309981
slice13 start run  @clk      309981
slice14 start run  @clk      309981
slice15 start run  @clk      309981
slice8 compute config finish @clk      309984
slice9 compute config finish @clk      309984
slice10 compute config finish @clk      309984
slice11 compute config finish @clk      309984
slice8 start run  @clk      309985
slice9 start run  @clk      309985
slice10 start run  @clk      309985
slice11 start run  @clk      309985
slice4 compute config finish @clk      309988
slice5 compute config finish @clk      309988
slice6 compute config finish @clk      309988
slice7 compute config finish @clk      309988
slice4 start run  @clk      309989
slice5 start run  @clk      309989
slice6 start run  @clk      309989
slice7 start run  @clk      309989
slice0 compute config finish @clk      309994
slice1 compute config finish @clk      309994
slice2 compute config finish @clk      309994
slice3 compute config finish @clk      309994
slice0 start run @clk      309995
slice1 start run  @clk      309995
slice2 start run  @clk      309995
slice3 start run  @clk      309995
slice12 start prefetch  @clk      310337
slice13 start prefetch  @clk      310337
slice14 start prefetch  @clk      310337
slice15 start prefetch  @clk      310337
slice8 start prefetch  @clk      310341
slice9 start prefetch  @clk      310341
slice10 start prefetch  @clk      310341
slice11 start prefetch  @clk      310341
slice4 start prefetch  @clk      310345
slice5 start prefetch  @clk      310345
slice6 start prefetch  @clk      310345
slice7 start prefetch  @clk      310345
slice0 start prefetch @clk      310351
slice1 start prefetch  @clk      310351
slice2 start prefetch  @clk      310351
slice3 start prefetch  @clk      310351
slice12 access done  @clk      328320
slice13 access done  @clk      328320
slice14 access done  @clk      328320
slice15 access done  @clk      328320
slice12 start write  @clk      328321
slice13 start write  @clk      328321
slice14 start write  @clk      328321
slice15 start write  @clk      328321
slice12 write_burst finish  @clk      328322
slice13 write_burst finish  @clk      328322
slice14 write_burst finish  @clk      328322
slice15 write_burst finish  @clk      328322
slice8 access done  @clk      328324
slice9 access done  @clk      328324
slice10 access done  @clk      328324
slice11 access done  @clk      328324
slice12 task finish  @clk      328324
slice13 task finish  @clk      328324
slice14 task finish  @clk      328324
slice15 task finish  @clk      328324
slice8 start write  @clk      328325
slice9 start write  @clk      328325
slice10 start write  @clk      328325
slice11 start write  @clk      328325
slice8 write_burst finish  @clk      328326
slice9 write_burst finish  @clk      328326
slice10 write_burst finish  @clk      328326
slice11 write_burst finish  @clk      328326
slice4 access done  @clk      328328
slice5 access done  @clk      328328
slice6 access done  @clk      328328
slice7 access done  @clk      328328
slice8 task finish  @clk      328328
slice9 task finish  @clk      328328
slice10 task finish  @clk      328328
slice11 task finish  @clk      328328
slice4 start write  @clk      328329
slice5 start write  @clk      328329
slice6 start write  @clk      328329
slice7 start write  @clk      328329
slice4 write_burst finish  @clk      328330
slice5 write_burst finish  @clk      328330
slice6 write_burst finish  @clk      328330
slice7 write_burst finish  @clk      328330
slice4 task finish  @clk      328332
slice5 task finish  @clk      328332
slice6 task finish  @clk      328332
slice7 task finish  @clk      328332
slice0 access done @clk      328334
slice1 access done  @clk      328334
slice2 access done  @clk      328334
slice3 access done  @clk      328334
slice0 start write @clk      328335
slice1 start write  @clk      328335
slice2 start write  @clk      328335
slice3 start write  @clk      328335
slice0 write_burst finish @clk      328336
slice1 write_burst finish  @clk      328336
slice2 write_burst finish  @clk      328336
slice3 write_burst finish  @clk      328336
slice0 task finish @clk      328338
slice1 task finish  @clk      328338
slice2 task finish  @clk      328338
slice3 task finish  @clk      328338
slice12 prefetch finish  @clk      354620
slice13 prefetch finish  @clk      354626
slice14 prefetch finish  @clk      354632
slice15 prefetch finish  @clk      354638
slice8 prefetch finish  @clk      354692
slice9 prefetch finish  @clk      354698
slice10 prefetch finish  @clk      354704
slice11 prefetch finish  @clk      354710
slice4 prefetch finish  @clk      354740
slice5 prefetch finish  @clk      354746
slice6 prefetch finish  @clk      354752
slice7 prefetch finish  @clk      354758
slice0 prefetch finish @clk      354764
slice1 prefetch finish  @clk      354770
slice2 prefetch finish  @clk      354776
slice3 prefetch finish  @clk      354782
slice12 compute config finish @clk      355730
slice13 compute config finish @clk      355730
slice14 compute config finish @clk      355730
slice15 compute config finish @clk      355730
slice12 start run  @clk      355731
slice13 start run  @clk      355731
slice14 start run  @clk      355731
slice15 start run  @clk      355731
slice8 compute config finish @clk      355734
slice9 compute config finish @clk      355734
slice10 compute config finish @clk      355734
slice11 compute config finish @clk      355734
slice8 start run  @clk      355735
slice9 start run  @clk      355735
slice10 start run  @clk      355735
slice11 start run  @clk      355735
slice4 compute config finish @clk      355738
slice5 compute config finish @clk      355738
slice6 compute config finish @clk      355738
slice7 compute config finish @clk      355738
slice4 start run  @clk      355739
slice5 start run  @clk      355739
slice6 start run  @clk      355739
slice7 start run  @clk      355739
slice0 compute config finish @clk      355744
slice1 compute config finish @clk      355744
slice2 compute config finish @clk      355744
slice3 compute config finish @clk      355744
slice0 start run @clk      355745
slice1 start run  @clk      355745
slice2 start run  @clk      355745
slice3 start run  @clk      355745
slice12 start prefetch  @clk      356087
slice13 start prefetch  @clk      356087
slice14 start prefetch  @clk      356087
slice15 start prefetch  @clk      356087
slice8 start prefetch  @clk      356091
slice9 start prefetch  @clk      356091
slice10 start prefetch  @clk      356091
slice11 start prefetch  @clk      356091
slice4 start prefetch  @clk      356095
slice5 start prefetch  @clk      356095
slice6 start prefetch  @clk      356095
slice7 start prefetch  @clk      356095
slice0 start prefetch @clk      356101
slice1 start prefetch  @clk      356101
slice2 start prefetch  @clk      356101
slice3 start prefetch  @clk      356101
slice12 access done  @clk      374070
slice13 access done  @clk      374070
slice14 access done  @clk      374070
slice15 access done  @clk      374070
slice12 start write  @clk      374071
slice13 start write  @clk      374071
slice14 start write  @clk      374071
slice15 start write  @clk      374071
slice12 write_burst finish  @clk      374072
slice13 write_burst finish  @clk      374072
slice14 write_burst finish  @clk      374072
slice15 write_burst finish  @clk      374072
slice8 access done  @clk      374074
slice9 access done  @clk      374074
slice10 access done  @clk      374074
slice11 access done  @clk      374074
slice12 task finish  @clk      374074
slice13 task finish  @clk      374074
slice14 task finish  @clk      374074
slice15 task finish  @clk      374074
slice8 start write  @clk      374075
slice9 start write  @clk      374075
slice10 start write  @clk      374075
slice11 start write  @clk      374075
slice8 write_burst finish  @clk      374076
slice9 write_burst finish  @clk      374076
slice10 write_burst finish  @clk      374076
slice11 write_burst finish  @clk      374076
slice4 access done  @clk      374078
slice5 access done  @clk      374078
slice6 access done  @clk      374078
slice7 access done  @clk      374078
slice8 task finish  @clk      374078
slice9 task finish  @clk      374078
slice10 task finish  @clk      374078
slice11 task finish  @clk      374078
slice4 start write  @clk      374079
slice5 start write  @clk      374079
slice6 start write  @clk      374079
slice7 start write  @clk      374079
slice4 write_burst finish  @clk      374080
slice5 write_burst finish  @clk      374080
slice6 write_burst finish  @clk      374080
slice7 write_burst finish  @clk      374080
slice4 task finish  @clk      374082
slice5 task finish  @clk      374082
slice6 task finish  @clk      374082
slice7 task finish  @clk      374082
slice0 access done @clk      374084
slice1 access done  @clk      374084
slice2 access done  @clk      374084
slice3 access done  @clk      374084
slice0 start write @clk      374085
slice1 start write  @clk      374085
slice2 start write  @clk      374085
slice3 start write  @clk      374085
slice0 write_burst finish @clk      374086
slice1 write_burst finish  @clk      374086
slice2 write_burst finish  @clk      374086
slice3 write_burst finish  @clk      374086
slice0 task finish @clk      374088
slice1 task finish  @clk      374088
slice2 task finish  @clk      374088
slice3 task finish  @clk      374088
slice12 prefetch finish  @clk      400370
slice13 prefetch finish  @clk      400376
slice14 prefetch finish  @clk      400382
slice15 prefetch finish  @clk      400388
slice8 prefetch finish  @clk      400442
slice9 prefetch finish  @clk      400448
slice10 prefetch finish  @clk      400454
slice11 prefetch finish  @clk      400460
slice4 prefetch finish  @clk      400490
slice5 prefetch finish  @clk      400496
slice6 prefetch finish  @clk      400502
slice7 prefetch finish  @clk      400508
slice0 prefetch finish @clk      400514
slice1 prefetch finish  @clk      400520
slice2 prefetch finish  @clk      400526
slice3 prefetch finish  @clk      400532
slice12 compute config finish @clk      401480
slice13 compute config finish @clk      401480
slice14 compute config finish @clk      401480
slice15 compute config finish @clk      401480
slice12 start run  @clk      401481
slice13 start run  @clk      401481
slice14 start run  @clk      401481
slice15 start run  @clk      401481
slice8 compute config finish @clk      401484
slice9 compute config finish @clk      401484
slice10 compute config finish @clk      401484
slice11 compute config finish @clk      401484
slice8 start run  @clk      401485
slice9 start run  @clk      401485
slice10 start run  @clk      401485
slice11 start run  @clk      401485
slice4 compute config finish @clk      401488
slice5 compute config finish @clk      401488
slice6 compute config finish @clk      401488
slice7 compute config finish @clk      401488
slice4 start run  @clk      401489
slice5 start run  @clk      401489
slice6 start run  @clk      401489
slice7 start run  @clk      401489
slice0 compute config finish @clk      401494
slice1 compute config finish @clk      401494
slice2 compute config finish @clk      401494
slice3 compute config finish @clk      401494
slice0 start run @clk      401495
slice1 start run  @clk      401495
slice2 start run  @clk      401495
slice3 start run  @clk      401495
slice12 start prefetch  @clk      401837
slice13 start prefetch  @clk      401837
slice14 start prefetch  @clk      401837
slice15 start prefetch  @clk      401837
slice8 start prefetch  @clk      401841
slice9 start prefetch  @clk      401841
slice10 start prefetch  @clk      401841
slice11 start prefetch  @clk      401841
slice4 start prefetch  @clk      401845
slice5 start prefetch  @clk      401845
slice6 start prefetch  @clk      401845
slice7 start prefetch  @clk      401845
slice0 start prefetch @clk      401851
slice1 start prefetch  @clk      401851
slice2 start prefetch  @clk      401851
slice3 start prefetch  @clk      401851
slice12 access done  @clk      419820
slice13 access done  @clk      419820
slice14 access done  @clk      419820
slice15 access done  @clk      419820
slice12 start write  @clk      419821
slice13 start write  @clk      419821
slice14 start write  @clk      419821
slice15 start write  @clk      419821
slice12 write_burst finish  @clk      419822
slice13 write_burst finish  @clk      419822
slice14 write_burst finish  @clk      419822
slice15 write_burst finish  @clk      419822
slice8 access done  @clk      419824
slice9 access done  @clk      419824
slice10 access done  @clk      419824
slice11 access done  @clk      419824
slice12 task finish  @clk      419824
slice13 task finish  @clk      419824
slice14 task finish  @clk      419824
slice15 task finish  @clk      419824
slice8 start write  @clk      419825
slice9 start write  @clk      419825
slice10 start write  @clk      419825
slice11 start write  @clk      419825
slice8 write_burst finish  @clk      419826
slice9 write_burst finish  @clk      419826
slice10 write_burst finish  @clk      419826
slice11 write_burst finish  @clk      419826
slice4 access done  @clk      419828
slice5 access done  @clk      419828
slice6 access done  @clk      419828
slice7 access done  @clk      419828
slice8 task finish  @clk      419828
slice9 task finish  @clk      419828
slice10 task finish  @clk      419828
slice11 task finish  @clk      419828
slice4 start write  @clk      419829
slice5 start write  @clk      419829
slice6 start write  @clk      419829
slice7 start write  @clk      419829
slice4 write_burst finish  @clk      419830
slice5 write_burst finish  @clk      419830
slice6 write_burst finish  @clk      419830
slice7 write_burst finish  @clk      419830
slice4 task finish  @clk      419832
slice5 task finish  @clk      419832
slice6 task finish  @clk      419832
slice7 task finish  @clk      419832
slice0 access done @clk      419834
slice1 access done  @clk      419834
slice2 access done  @clk      419834
slice3 access done  @clk      419834
slice0 start write @clk      419835
slice1 start write  @clk      419835
slice2 start write  @clk      419835
slice3 start write  @clk      419835
slice0 write_burst finish @clk      419836
slice1 write_burst finish  @clk      419836
slice2 write_burst finish  @clk      419836
slice3 write_burst finish  @clk      419836
slice0 task finish @clk      419838
slice1 task finish  @clk      419838
slice2 task finish  @clk      419838
slice3 task finish  @clk      419838
slice12 prefetch finish  @clk      446120
slice13 prefetch finish  @clk      446126
slice14 prefetch finish  @clk      446132
slice15 prefetch finish  @clk      446138
slice8 prefetch finish  @clk      446192
slice9 prefetch finish  @clk      446198
slice10 prefetch finish  @clk      446204
slice11 prefetch finish  @clk      446210
slice4 prefetch finish  @clk      446240
slice5 prefetch finish  @clk      446246
slice6 prefetch finish  @clk      446252
slice7 prefetch finish  @clk      446258
slice0 prefetch finish @clk      446264
slice1 prefetch finish  @clk      446270
slice2 prefetch finish  @clk      446276
slice3 prefetch finish  @clk      446282
slice12 compute config finish @clk      447230
slice13 compute config finish @clk      447230
slice14 compute config finish @clk      447230
slice15 compute config finish @clk      447230
slice12 start run  @clk      447231
slice13 start run  @clk      447231
slice14 start run  @clk      447231
slice15 start run  @clk      447231
slice8 compute config finish @clk      447234
slice9 compute config finish @clk      447234
slice10 compute config finish @clk      447234
slice11 compute config finish @clk      447234
slice8 start run  @clk      447235
slice9 start run  @clk      447235
slice10 start run  @clk      447235
slice11 start run  @clk      447235
slice4 compute config finish @clk      447238
slice5 compute config finish @clk      447238
slice6 compute config finish @clk      447238
slice7 compute config finish @clk      447238
slice4 start run  @clk      447239
slice5 start run  @clk      447239
slice6 start run  @clk      447239
slice7 start run  @clk      447239
slice0 compute config finish @clk      447244
slice1 compute config finish @clk      447244
slice2 compute config finish @clk      447244
slice3 compute config finish @clk      447244
slice0 start run @clk      447245
slice1 start run  @clk      447245
slice2 start run  @clk      447245
slice3 start run  @clk      447245
slice12 start prefetch  @clk      447587
slice13 start prefetch  @clk      447587
slice14 start prefetch  @clk      447587
slice15 start prefetch  @clk      447587
slice8 start prefetch  @clk      447591
slice9 start prefetch  @clk      447591
slice10 start prefetch  @clk      447591
slice11 start prefetch  @clk      447591
slice4 start prefetch  @clk      447595
slice5 start prefetch  @clk      447595
slice6 start prefetch  @clk      447595
slice7 start prefetch  @clk      447595
slice0 start prefetch @clk      447601
slice1 start prefetch  @clk      447601
slice2 start prefetch  @clk      447601
slice3 start prefetch  @clk      447601
slice12 access done  @clk      465570
slice13 access done  @clk      465570
slice14 access done  @clk      465570
slice15 access done  @clk      465570
slice12 start write  @clk      465571
slice13 start write  @clk      465571
slice14 start write  @clk      465571
slice15 start write  @clk      465571
slice12 write_burst finish  @clk      465572
slice13 write_burst finish  @clk      465572
slice14 write_burst finish  @clk      465572
slice15 write_burst finish  @clk      465572
slice8 access done  @clk      465574
slice9 access done  @clk      465574
slice10 access done  @clk      465574
slice11 access done  @clk      465574
slice12 task finish  @clk      465574
slice13 task finish  @clk      465574
slice14 task finish  @clk      465574
slice15 task finish  @clk      465574
slice8 start write  @clk      465575
slice9 start write  @clk      465575
slice10 start write  @clk      465575
slice11 start write  @clk      465575
slice8 write_burst finish  @clk      465576
slice9 write_burst finish  @clk      465576
slice10 write_burst finish  @clk      465576
slice11 write_burst finish  @clk      465576
slice4 access done  @clk      465578
slice5 access done  @clk      465578
slice6 access done  @clk      465578
slice7 access done  @clk      465578
slice8 task finish  @clk      465578
slice9 task finish  @clk      465578
slice10 task finish  @clk      465578
slice11 task finish  @clk      465578
slice4 start write  @clk      465579
slice5 start write  @clk      465579
slice6 start write  @clk      465579
slice7 start write  @clk      465579
slice4 write_burst finish  @clk      465580
slice5 write_burst finish  @clk      465580
slice6 write_burst finish  @clk      465580
slice7 write_burst finish  @clk      465580
slice4 task finish  @clk      465582
slice5 task finish  @clk      465582
slice6 task finish  @clk      465582
slice7 task finish  @clk      465582
slice0 access done @clk      465584
slice1 access done  @clk      465584
slice2 access done  @clk      465584
slice3 access done  @clk      465584
slice0 start write @clk      465585
slice1 start write  @clk      465585
slice2 start write  @clk      465585
slice3 start write  @clk      465585
slice0 write_burst finish @clk      465586
slice1 write_burst finish  @clk      465586
slice2 write_burst finish  @clk      465586
slice3 write_burst finish  @clk      465586
slice0 task finish @clk      465588
slice1 task finish  @clk      465588
slice2 task finish  @clk      465588
slice3 task finish  @clk      465588
slice12 prefetch finish  @clk      491870
slice13 prefetch finish  @clk      491876
slice14 prefetch finish  @clk      491882
slice15 prefetch finish  @clk      491888
slice8 prefetch finish  @clk      491942
slice9 prefetch finish  @clk      491948
slice10 prefetch finish  @clk      491954
slice11 prefetch finish  @clk      491960
slice4 prefetch finish  @clk      491990
slice5 prefetch finish  @clk      491996
slice6 prefetch finish  @clk      492002
slice7 prefetch finish  @clk      492008
slice0 prefetch finish @clk      492014
slice1 prefetch finish  @clk      492020
slice2 prefetch finish  @clk      492026
slice3 prefetch finish  @clk      492032
slice12 compute config finish @clk      492980
slice13 compute config finish @clk      492980
slice14 compute config finish @clk      492980
slice15 compute config finish @clk      492980
slice12 start run  @clk      492981
slice13 start run  @clk      492981
slice14 start run  @clk      492981
slice15 start run  @clk      492981
slice8 compute config finish @clk      492984
slice9 compute config finish @clk      492984
slice10 compute config finish @clk      492984
slice11 compute config finish @clk      492984
slice8 start run  @clk      492985
slice9 start run  @clk      492985
slice10 start run  @clk      492985
slice11 start run  @clk      492985
slice4 compute config finish @clk      492988
slice5 compute config finish @clk      492988
slice6 compute config finish @clk      492988
slice7 compute config finish @clk      492988
slice4 start run  @clk      492989
slice5 start run  @clk      492989
slice6 start run  @clk      492989
slice7 start run  @clk      492989
slice0 compute config finish @clk      492994
slice1 compute config finish @clk      492994
slice2 compute config finish @clk      492994
slice3 compute config finish @clk      492994
slice0 start run @clk      492995
slice1 start run  @clk      492995
slice2 start run  @clk      492995
slice3 start run  @clk      492995
slice12 start prefetch  @clk      493337
slice13 start prefetch  @clk      493337
slice14 start prefetch  @clk      493337
slice15 start prefetch  @clk      493337
slice8 start prefetch  @clk      493341
slice9 start prefetch  @clk      493341
slice10 start prefetch  @clk      493341
slice11 start prefetch  @clk      493341
slice4 start prefetch  @clk      493345
slice5 start prefetch  @clk      493345
slice6 start prefetch  @clk      493345
slice7 start prefetch  @clk      493345
slice0 start prefetch @clk      493351
slice1 start prefetch  @clk      493351
slice2 start prefetch  @clk      493351
slice3 start prefetch  @clk      493351
slice12 access done  @clk      511320
slice13 access done  @clk      511320
slice14 access done  @clk      511320
slice15 access done  @clk      511320
slice12 start write  @clk      511321
slice13 start write  @clk      511321
slice14 start write  @clk      511321
slice15 start write  @clk      511321
slice12 write_burst finish  @clk      511322
slice13 write_burst finish  @clk      511322
slice14 write_burst finish  @clk      511322
slice15 write_burst finish  @clk      511322
slice8 access done  @clk      511324
slice9 access done  @clk      511324
slice10 access done  @clk      511324
slice11 access done  @clk      511324
slice12 task finish  @clk      511324
slice13 task finish  @clk      511324
slice14 task finish  @clk      511324
slice15 task finish  @clk      511324
slice8 start write  @clk      511325
slice9 start write  @clk      511325
slice10 start write  @clk      511325
slice11 start write  @clk      511325
slice8 write_burst finish  @clk      511326
slice9 write_burst finish  @clk      511326
slice10 write_burst finish  @clk      511326
slice11 write_burst finish  @clk      511326
slice4 access done  @clk      511328
slice5 access done  @clk      511328
slice6 access done  @clk      511328
slice7 access done  @clk      511328
slice8 task finish  @clk      511328
slice9 task finish  @clk      511328
slice10 task finish  @clk      511328
slice11 task finish  @clk      511328
slice4 start write  @clk      511329
slice5 start write  @clk      511329
slice6 start write  @clk      511329
slice7 start write  @clk      511329
slice4 write_burst finish  @clk      511330
slice5 write_burst finish  @clk      511330
slice6 write_burst finish  @clk      511330
slice7 write_burst finish  @clk      511330
slice4 task finish  @clk      511332
slice5 task finish  @clk      511332
slice6 task finish  @clk      511332
slice7 task finish  @clk      511332
slice0 access done @clk      511334
slice1 access done  @clk      511334
slice2 access done  @clk      511334
slice3 access done  @clk      511334
slice0 start write @clk      511335
slice1 start write  @clk      511335
slice2 start write  @clk      511335
slice3 start write  @clk      511335
slice0 write_burst finish @clk      511336
slice1 write_burst finish  @clk      511336
slice2 write_burst finish  @clk      511336
slice3 write_burst finish  @clk      511336
slice0 task finish @clk      511338
slice1 task finish  @clk      511338
slice2 task finish  @clk      511338
slice3 task finish  @clk      511338
slice12 prefetch finish  @clk      537620
slice13 prefetch finish  @clk      537626
slice14 prefetch finish  @clk      537632
slice15 prefetch finish  @clk      537638
slice8 prefetch finish  @clk      537692
slice9 prefetch finish  @clk      537698
slice10 prefetch finish  @clk      537704
slice11 prefetch finish  @clk      537710
slice4 prefetch finish  @clk      537740
slice5 prefetch finish  @clk      537746
slice6 prefetch finish  @clk      537752
slice7 prefetch finish  @clk      537758
slice0 prefetch finish @clk      537764
slice1 prefetch finish  @clk      537770
slice2 prefetch finish  @clk      537776
slice3 prefetch finish  @clk      537782
slice12 compute config finish @clk      538730
slice13 compute config finish @clk      538730
slice14 compute config finish @clk      538730
slice15 compute config finish @clk      538730
slice12 start run  @clk      538731
slice13 start run  @clk      538731
slice14 start run  @clk      538731
slice15 start run  @clk      538731
slice8 compute config finish @clk      538734
slice9 compute config finish @clk      538734
slice10 compute config finish @clk      538734
slice11 compute config finish @clk      538734
slice8 start run  @clk      538735
slice9 start run  @clk      538735
slice10 start run  @clk      538735
slice11 start run  @clk      538735
slice4 compute config finish @clk      538738
slice5 compute config finish @clk      538738
slice6 compute config finish @clk      538738
slice7 compute config finish @clk      538738
slice4 start run  @clk      538739
slice5 start run  @clk      538739
slice6 start run  @clk      538739
slice7 start run  @clk      538739
slice0 compute config finish @clk      538744
slice1 compute config finish @clk      538744
slice2 compute config finish @clk      538744
slice3 compute config finish @clk      538744
slice0 start run @clk      538745
slice1 start run  @clk      538745
slice2 start run  @clk      538745
slice3 start run  @clk      538745
slice12 start prefetch  @clk      539087
slice13 start prefetch  @clk      539087
slice14 start prefetch  @clk      539087
slice15 start prefetch  @clk      539087
slice8 start prefetch  @clk      539091
slice9 start prefetch  @clk      539091
slice10 start prefetch  @clk      539091
slice11 start prefetch  @clk      539091
slice4 start prefetch  @clk      539095
slice5 start prefetch  @clk      539095
slice6 start prefetch  @clk      539095
slice7 start prefetch  @clk      539095
slice0 start prefetch @clk      539101
slice1 start prefetch  @clk      539101
slice2 start prefetch  @clk      539101
slice3 start prefetch  @clk      539101
slice12 access done  @clk      557070
slice13 access done  @clk      557070
slice14 access done  @clk      557070
slice15 access done  @clk      557070
slice12 start write  @clk      557071
slice13 start write  @clk      557071
slice14 start write  @clk      557071
slice15 start write  @clk      557071
slice12 write_burst finish  @clk      557072
slice13 write_burst finish  @clk      557072
slice14 write_burst finish  @clk      557072
slice15 write_burst finish  @clk      557072
slice8 access done  @clk      557074
slice9 access done  @clk      557074
slice10 access done  @clk      557074
slice11 access done  @clk      557074
slice12 task finish  @clk      557074
slice13 task finish  @clk      557074
slice14 task finish  @clk      557074
slice15 task finish  @clk      557074
slice8 start write  @clk      557075
slice9 start write  @clk      557075
slice10 start write  @clk      557075
slice11 start write  @clk      557075
slice8 write_burst finish  @clk      557076
slice9 write_burst finish  @clk      557076
slice10 write_burst finish  @clk      557076
slice11 write_burst finish  @clk      557076
slice4 access done  @clk      557078
slice5 access done  @clk      557078
slice6 access done  @clk      557078
slice7 access done  @clk      557078
slice8 task finish  @clk      557078
slice9 task finish  @clk      557078
slice10 task finish  @clk      557078
slice11 task finish  @clk      557078
slice4 start write  @clk      557079
slice5 start write  @clk      557079
slice6 start write  @clk      557079
slice7 start write  @clk      557079
slice4 write_burst finish  @clk      557080
slice5 write_burst finish  @clk      557080
slice6 write_burst finish  @clk      557080
slice7 write_burst finish  @clk      557080
slice4 task finish  @clk      557082
slice5 task finish  @clk      557082
slice6 task finish  @clk      557082
slice7 task finish  @clk      557082
slice0 access done @clk      557084
slice1 access done  @clk      557084
slice2 access done  @clk      557084
slice3 access done  @clk      557084
slice0 start write @clk      557085
slice1 start write  @clk      557085
slice2 start write  @clk      557085
slice3 start write  @clk      557085
slice0 write_burst finish @clk      557086
slice1 write_burst finish  @clk      557086
slice2 write_burst finish  @clk      557086
slice3 write_burst finish  @clk      557086
slice0 task finish @clk      557088
slice1 task finish  @clk      557088
slice2 task finish  @clk      557088
slice3 task finish  @clk      557088
slice12 prefetch finish  @clk      583370
slice13 prefetch finish  @clk      583376
slice14 prefetch finish  @clk      583382
slice15 prefetch finish  @clk      583388
slice8 prefetch finish  @clk      583442
slice9 prefetch finish  @clk      583448
slice10 prefetch finish  @clk      583454
slice11 prefetch finish  @clk      583460
slice4 prefetch finish  @clk      583490
slice5 prefetch finish  @clk      583496
slice6 prefetch finish  @clk      583502
slice7 prefetch finish  @clk      583508
slice0 prefetch finish @clk      583514
slice1 prefetch finish  @clk      583520
slice2 prefetch finish  @clk      583526
slice3 prefetch finish  @clk      583532
slice12 compute config finish @clk      584480
slice13 compute config finish @clk      584480
slice14 compute config finish @clk      584480
slice15 compute config finish @clk      584480
slice12 start run  @clk      584481
slice13 start run  @clk      584481
slice14 start run  @clk      584481
slice15 start run  @clk      584481
slice8 compute config finish @clk      584484
slice9 compute config finish @clk      584484
slice10 compute config finish @clk      584484
slice11 compute config finish @clk      584484
slice8 start run  @clk      584485
slice9 start run  @clk      584485
slice10 start run  @clk      584485
slice11 start run  @clk      584485
slice4 compute config finish @clk      584488
slice5 compute config finish @clk      584488
slice6 compute config finish @clk      584488
slice7 compute config finish @clk      584488
slice4 start run  @clk      584489
slice5 start run  @clk      584489
slice6 start run  @clk      584489
slice7 start run  @clk      584489
slice0 compute config finish @clk      584494
slice1 compute config finish @clk      584494
slice2 compute config finish @clk      584494
slice3 compute config finish @clk      584494
slice0 start run @clk      584495
slice1 start run  @clk      584495
slice2 start run  @clk      584495
slice3 start run  @clk      584495
slice12 start prefetch  @clk      584837
slice13 start prefetch  @clk      584837
slice14 start prefetch  @clk      584837
slice15 start prefetch  @clk      584837
slice8 start prefetch  @clk      584841
slice9 start prefetch  @clk      584841
slice10 start prefetch  @clk      584841
slice11 start prefetch  @clk      584841
slice4 start prefetch  @clk      584845
slice5 start prefetch  @clk      584845
slice6 start prefetch  @clk      584845
slice7 start prefetch  @clk      584845
slice0 start prefetch @clk      584851
slice1 start prefetch  @clk      584851
slice2 start prefetch  @clk      584851
slice3 start prefetch  @clk      584851
slice12 access done  @clk      602820
slice13 access done  @clk      602820
slice14 access done  @clk      602820
slice15 access done  @clk      602820
slice12 start write  @clk      602821
slice13 start write  @clk      602821
slice14 start write  @clk      602821
slice15 start write  @clk      602821
slice12 write_burst finish  @clk      602822
slice13 write_burst finish  @clk      602822
slice14 write_burst finish  @clk      602822
slice15 write_burst finish  @clk      602822
slice8 access done  @clk      602824
slice9 access done  @clk      602824
slice10 access done  @clk      602824
slice11 access done  @clk      602824
slice12 task finish  @clk      602824
slice13 task finish  @clk      602824
slice14 task finish  @clk      602824
slice15 task finish  @clk      602824
slice8 start write  @clk      602825
slice9 start write  @clk      602825
slice10 start write  @clk      602825
slice11 start write  @clk      602825
slice8 write_burst finish  @clk      602826
slice9 write_burst finish  @clk      602826
slice10 write_burst finish  @clk      602826
slice11 write_burst finish  @clk      602826
slice4 access done  @clk      602828
slice5 access done  @clk      602828
slice6 access done  @clk      602828
slice7 access done  @clk      602828
slice8 task finish  @clk      602828
slice9 task finish  @clk      602828
slice10 task finish  @clk      602828
slice11 task finish  @clk      602828
slice4 start write  @clk      602829
slice5 start write  @clk      602829
slice6 start write  @clk      602829
slice7 start write  @clk      602829
slice4 write_burst finish  @clk      602830
slice5 write_burst finish  @clk      602830
slice6 write_burst finish  @clk      602830
slice7 write_burst finish  @clk      602830
slice4 task finish  @clk      602832
slice5 task finish  @clk      602832
slice6 task finish  @clk      602832
slice7 task finish  @clk      602832
slice0 access done @clk      602834
slice1 access done  @clk      602834
slice2 access done  @clk      602834
slice3 access done  @clk      602834
slice0 start write @clk      602835
slice1 start write  @clk      602835
slice2 start write  @clk      602835
slice3 start write  @clk      602835
slice0 write_burst finish @clk      602836
slice1 write_burst finish  @clk      602836
slice2 write_burst finish  @clk      602836
slice3 write_burst finish  @clk      602836
slice0 task finish @clk      602838
slice1 task finish  @clk      602838
slice2 task finish  @clk      602838
slice3 task finish  @clk      602838
slice12 prefetch finish  @clk      629120
slice13 prefetch finish  @clk      629126
slice14 prefetch finish  @clk      629132
slice15 prefetch finish  @clk      629138
slice8 prefetch finish  @clk      629192
slice9 prefetch finish  @clk      629198
slice10 prefetch finish  @clk      629204
slice11 prefetch finish  @clk      629210
slice4 prefetch finish  @clk      629240
slice5 prefetch finish  @clk      629246
slice6 prefetch finish  @clk      629252
slice7 prefetch finish  @clk      629258
slice0 prefetch finish @clk      629264
slice1 prefetch finish  @clk      629270
slice2 prefetch finish  @clk      629276
slice3 prefetch finish  @clk      629282
slice12 compute config finish @clk      630230
slice13 compute config finish @clk      630230
slice14 compute config finish @clk      630230
slice15 compute config finish @clk      630230
slice12 start run  @clk      630231
slice13 start run  @clk      630231
slice14 start run  @clk      630231
slice15 start run  @clk      630231
slice8 compute config finish @clk      630234
slice9 compute config finish @clk      630234
slice10 compute config finish @clk      630234
slice11 compute config finish @clk      630234
slice8 start run  @clk      630235
slice9 start run  @clk      630235
slice10 start run  @clk      630235
slice11 start run  @clk      630235
slice4 compute config finish @clk      630238
slice5 compute config finish @clk      630238
slice6 compute config finish @clk      630238
slice7 compute config finish @clk      630238
slice4 start run  @clk      630239
slice5 start run  @clk      630239
slice6 start run  @clk      630239
slice7 start run  @clk      630239
slice0 compute config finish @clk      630244
slice1 compute config finish @clk      630244
slice2 compute config finish @clk      630244
slice3 compute config finish @clk      630244
slice0 start run @clk      630245
slice1 start run  @clk      630245
slice2 start run  @clk      630245
slice3 start run  @clk      630245
slice12 start prefetch  @clk      630587
slice13 start prefetch  @clk      630587
slice14 start prefetch  @clk      630587
slice15 start prefetch  @clk      630587
slice8 start prefetch  @clk      630591
slice9 start prefetch  @clk      630591
slice10 start prefetch  @clk      630591
slice11 start prefetch  @clk      630591
slice4 start prefetch  @clk      630595
slice5 start prefetch  @clk      630595
slice6 start prefetch  @clk      630595
slice7 start prefetch  @clk      630595
slice0 start prefetch @clk      630601
slice1 start prefetch  @clk      630601
slice2 start prefetch  @clk      630601
slice3 start prefetch  @clk      630601
slice12 access done  @clk      648570
slice13 access done  @clk      648570
slice14 access done  @clk      648570
slice15 access done  @clk      648570
slice12 start write  @clk      648571
slice13 start write  @clk      648571
slice14 start write  @clk      648571
slice15 start write  @clk      648571
slice12 write_burst finish  @clk      648572
slice13 write_burst finish  @clk      648572
slice14 write_burst finish  @clk      648572
slice15 write_burst finish  @clk      648572
slice8 access done  @clk      648574
slice9 access done  @clk      648574
slice10 access done  @clk      648574
slice11 access done  @clk      648574
slice12 task finish  @clk      648574
slice13 task finish  @clk      648574
slice14 task finish  @clk      648574
slice15 task finish  @clk      648574
slice8 start write  @clk      648575
slice9 start write  @clk      648575
slice10 start write  @clk      648575
slice11 start write  @clk      648575
slice8 write_burst finish  @clk      648576
slice9 write_burst finish  @clk      648576
slice10 write_burst finish  @clk      648576
slice11 write_burst finish  @clk      648576
slice4 access done  @clk      648578
slice5 access done  @clk      648578
slice6 access done  @clk      648578
slice7 access done  @clk      648578
slice8 task finish  @clk      648578
slice9 task finish  @clk      648578
slice10 task finish  @clk      648578
slice11 task finish  @clk      648578
slice4 start write  @clk      648579
slice5 start write  @clk      648579
slice6 start write  @clk      648579
slice7 start write  @clk      648579
slice4 write_burst finish  @clk      648580
slice5 write_burst finish  @clk      648580
slice6 write_burst finish  @clk      648580
slice7 write_burst finish  @clk      648580
slice4 task finish  @clk      648582
slice5 task finish  @clk      648582
slice6 task finish  @clk      648582
slice7 task finish  @clk      648582
slice0 access done @clk      648584
slice1 access done  @clk      648584
slice2 access done  @clk      648584
slice3 access done  @clk      648584
slice0 start write @clk      648585
slice1 start write  @clk      648585
slice2 start write  @clk      648585
slice3 start write  @clk      648585
slice0 write_burst finish @clk      648586
slice1 write_burst finish  @clk      648586
slice2 write_burst finish  @clk      648586
slice3 write_burst finish  @clk      648586
slice0 task finish @clk      648588
slice1 task finish  @clk      648588
slice2 task finish  @clk      648588
slice3 task finish  @clk      648588
slice12 prefetch finish  @clk      674870
slice13 prefetch finish  @clk      674876
slice14 prefetch finish  @clk      674882
slice15 prefetch finish  @clk      674888
slice8 prefetch finish  @clk      674942
slice9 prefetch finish  @clk      674948
slice10 prefetch finish  @clk      674954
slice11 prefetch finish  @clk      674960
slice4 prefetch finish  @clk      674990
slice5 prefetch finish  @clk      674996
slice6 prefetch finish  @clk      675002
slice7 prefetch finish  @clk      675008
slice0 prefetch finish @clk      675014
slice1 prefetch finish  @clk      675020
slice2 prefetch finish  @clk      675026
slice3 prefetch finish  @clk      675032
slice12 compute config finish @clk      675980
slice13 compute config finish @clk      675980
slice14 compute config finish @clk      675980
slice15 compute config finish @clk      675980
slice12 start run  @clk      675981
slice13 start run  @clk      675981
slice14 start run  @clk      675981
slice15 start run  @clk      675981
slice8 compute config finish @clk      675984
slice9 compute config finish @clk      675984
slice10 compute config finish @clk      675984
slice11 compute config finish @clk      675984
slice8 start run  @clk      675985
slice9 start run  @clk      675985
slice10 start run  @clk      675985
slice11 start run  @clk      675985
slice4 compute config finish @clk      675988
slice5 compute config finish @clk      675988
slice6 compute config finish @clk      675988
slice7 compute config finish @clk      675988
slice4 start run  @clk      675989
slice5 start run  @clk      675989
slice6 start run  @clk      675989
slice7 start run  @clk      675989
slice0 compute config finish @clk      675994
slice1 compute config finish @clk      675994
slice2 compute config finish @clk      675994
slice3 compute config finish @clk      675994
slice0 start run @clk      675995
slice1 start run  @clk      675995
slice2 start run  @clk      675995
slice3 start run  @clk      675995
slice12 start prefetch  @clk      676337
slice13 start prefetch  @clk      676337
slice14 start prefetch  @clk      676337
slice15 start prefetch  @clk      676337
slice8 start prefetch  @clk      676341
slice9 start prefetch  @clk      676341
slice10 start prefetch  @clk      676341
slice11 start prefetch  @clk      676341
slice4 start prefetch  @clk      676345
slice5 start prefetch  @clk      676345
slice6 start prefetch  @clk      676345
slice7 start prefetch  @clk      676345
slice0 start prefetch @clk      676351
slice1 start prefetch  @clk      676351
slice2 start prefetch  @clk      676351
slice3 start prefetch  @clk      676351
slice12 access done  @clk      694320
slice13 access done  @clk      694320
slice14 access done  @clk      694320
slice15 access done  @clk      694320
slice12 start write  @clk      694321
slice13 start write  @clk      694321
slice14 start write  @clk      694321
slice15 start write  @clk      694321
slice12 write_burst finish  @clk      694322
slice13 write_burst finish  @clk      694322
slice14 write_burst finish  @clk      694322
slice15 write_burst finish  @clk      694322
slice8 access done  @clk      694324
slice9 access done  @clk      694324
slice10 access done  @clk      694324
slice11 access done  @clk      694324
slice12 task finish  @clk      694324
slice13 task finish  @clk      694324
slice14 task finish  @clk      694324
slice15 task finish  @clk      694324
slice8 start write  @clk      694325
slice9 start write  @clk      694325
slice10 start write  @clk      694325
slice11 start write  @clk      694325
slice8 write_burst finish  @clk      694326
slice9 write_burst finish  @clk      694326
slice10 write_burst finish  @clk      694326
slice11 write_burst finish  @clk      694326
slice4 access done  @clk      694328
slice5 access done  @clk      694328
slice6 access done  @clk      694328
slice7 access done  @clk      694328
slice8 task finish  @clk      694328
slice9 task finish  @clk      694328
slice10 task finish  @clk      694328
slice11 task finish  @clk      694328
slice4 start write  @clk      694329
slice5 start write  @clk      694329
slice6 start write  @clk      694329
slice7 start write  @clk      694329
slice4 write_burst finish  @clk      694330
slice5 write_burst finish  @clk      694330
slice6 write_burst finish  @clk      694330
slice7 write_burst finish  @clk      694330
slice4 task finish  @clk      694332
slice5 task finish  @clk      694332
slice6 task finish  @clk      694332
slice7 task finish  @clk      694332
slice0 access done @clk      694334
slice1 access done  @clk      694334
slice2 access done  @clk      694334
slice3 access done  @clk      694334
slice0 start write @clk      694335
slice1 start write  @clk      694335
slice2 start write  @clk      694335
slice3 start write  @clk      694335
slice0 write_burst finish @clk      694336
slice1 write_burst finish  @clk      694336
slice2 write_burst finish  @clk      694336
slice3 write_burst finish  @clk      694336
slice0 task finish @clk      694338
slice1 task finish  @clk      694338
slice2 task finish  @clk      694338
slice3 task finish  @clk      694338
slice12 prefetch finish  @clk      720620
slice13 prefetch finish  @clk      720626
slice14 prefetch finish  @clk      720632
slice15 prefetch finish  @clk      720638
slice8 prefetch finish  @clk      720692
slice9 prefetch finish  @clk      720698
slice10 prefetch finish  @clk      720704
slice11 prefetch finish  @clk      720710
slice4 prefetch finish  @clk      720740
slice5 prefetch finish  @clk      720746
slice6 prefetch finish  @clk      720752
slice7 prefetch finish  @clk      720758
slice0 prefetch finish @clk      720764
slice1 prefetch finish  @clk      720770
slice2 prefetch finish  @clk      720776
slice3 prefetch finish  @clk      720782
slice12 compute config finish @clk      721730
slice13 compute config finish @clk      721730
slice14 compute config finish @clk      721730
slice15 compute config finish @clk      721730
slice12 start run  @clk      721731
slice13 start run  @clk      721731
slice14 start run  @clk      721731
slice15 start run  @clk      721731
slice8 compute config finish @clk      721734
slice9 compute config finish @clk      721734
slice10 compute config finish @clk      721734
slice11 compute config finish @clk      721734
slice8 start run  @clk      721735
slice9 start run  @clk      721735
slice10 start run  @clk      721735
slice11 start run  @clk      721735
slice4 compute config finish @clk      721738
slice5 compute config finish @clk      721738
slice6 compute config finish @clk      721738
slice7 compute config finish @clk      721738
slice4 start run  @clk      721739
slice5 start run  @clk      721739
slice6 start run  @clk      721739
slice7 start run  @clk      721739
slice0 compute config finish @clk      721744
slice1 compute config finish @clk      721744
slice2 compute config finish @clk      721744
slice3 compute config finish @clk      721744
slice0 start run @clk      721745
slice1 start run  @clk      721745
slice2 start run  @clk      721745
slice3 start run  @clk      721745
slice12 start prefetch  @clk      722087
slice13 start prefetch  @clk      722087
slice14 start prefetch  @clk      722087
slice15 start prefetch  @clk      722087
slice8 start prefetch  @clk      722091
slice9 start prefetch  @clk      722091
slice10 start prefetch  @clk      722091
slice11 start prefetch  @clk      722091
slice4 start prefetch  @clk      722095
slice5 start prefetch  @clk      722095
slice6 start prefetch  @clk      722095
slice7 start prefetch  @clk      722095
slice0 start prefetch @clk      722101
slice1 start prefetch  @clk      722101
slice2 start prefetch  @clk      722101
slice3 start prefetch  @clk      722101
slice12 access done  @clk      740070
slice13 access done  @clk      740070
slice14 access done  @clk      740070
slice15 access done  @clk      740070
slice12 start write  @clk      740071
slice13 start write  @clk      740071
slice14 start write  @clk      740071
slice15 start write  @clk      740071
slice12 write_burst finish  @clk      740072
slice13 write_burst finish  @clk      740072
slice14 write_burst finish  @clk      740072
slice15 write_burst finish  @clk      740072
slice8 access done  @clk      740074
slice9 access done  @clk      740074
slice10 access done  @clk      740074
slice11 access done  @clk      740074
slice12 task finish  @clk      740074
slice13 task finish  @clk      740074
slice14 task finish  @clk      740074
slice15 task finish  @clk      740074
slice8 start write  @clk      740075
slice9 start write  @clk      740075
slice10 start write  @clk      740075
slice11 start write  @clk      740075
slice8 write_burst finish  @clk      740076
slice9 write_burst finish  @clk      740076
slice10 write_burst finish  @clk      740076
slice11 write_burst finish  @clk      740076
slice4 access done  @clk      740078
slice5 access done  @clk      740078
slice6 access done  @clk      740078
slice7 access done  @clk      740078
slice8 task finish  @clk      740078
slice9 task finish  @clk      740078
slice10 task finish  @clk      740078
slice11 task finish  @clk      740078
slice4 start write  @clk      740079
slice5 start write  @clk      740079
slice6 start write  @clk      740079
slice7 start write  @clk      740079
slice4 write_burst finish  @clk      740080
slice5 write_burst finish  @clk      740080
slice6 write_burst finish  @clk      740080
slice7 write_burst finish  @clk      740080
slice4 task finish  @clk      740082
slice5 task finish  @clk      740082
slice6 task finish  @clk      740082
slice7 task finish  @clk      740082
slice0 access done @clk      740084
slice1 access done  @clk      740084
slice2 access done  @clk      740084
slice3 access done  @clk      740084
slice0 start write @clk      740085
slice1 start write  @clk      740085
slice2 start write  @clk      740085
slice3 start write  @clk      740085
slice0 write_burst finish @clk      740086
slice1 write_burst finish  @clk      740086
slice2 write_burst finish  @clk      740086
slice3 write_burst finish  @clk      740086
slice0 task finish @clk      740088
slice1 task finish  @clk      740088
slice2 task finish  @clk      740088
slice3 task finish  @clk      740088
slice12 prefetch finish  @clk      766370
slice13 prefetch finish  @clk      766376
slice14 prefetch finish  @clk      766382
slice15 prefetch finish  @clk      766388
slice8 prefetch finish  @clk      766442
slice9 prefetch finish  @clk      766448
slice10 prefetch finish  @clk      766454
slice11 prefetch finish  @clk      766460
slice4 prefetch finish  @clk      766490
slice5 prefetch finish  @clk      766496
slice6 prefetch finish  @clk      766502
slice7 prefetch finish  @clk      766508
slice0 prefetch finish @clk      766514
slice1 prefetch finish  @clk      766520
slice2 prefetch finish  @clk      766526
slice3 prefetch finish  @clk      766532
slice12 compute config finish @clk      767480
slice13 compute config finish @clk      767480
slice14 compute config finish @clk      767480
slice15 compute config finish @clk      767480
slice12 start run  @clk      767481
slice13 start run  @clk      767481
slice14 start run  @clk      767481
slice15 start run  @clk      767481
slice8 compute config finish @clk      767484
slice9 compute config finish @clk      767484
slice10 compute config finish @clk      767484
slice11 compute config finish @clk      767484
slice8 start run  @clk      767485
slice9 start run  @clk      767485
slice10 start run  @clk      767485
slice11 start run  @clk      767485
slice4 compute config finish @clk      767488
slice5 compute config finish @clk      767488
slice6 compute config finish @clk      767488
slice7 compute config finish @clk      767488
slice4 start run  @clk      767489
slice5 start run  @clk      767489
slice6 start run  @clk      767489
slice7 start run  @clk      767489
slice0 compute config finish @clk      767494
slice1 compute config finish @clk      767494
slice2 compute config finish @clk      767494
slice3 compute config finish @clk      767494
slice0 start run @clk      767495
slice1 start run  @clk      767495
slice2 start run  @clk      767495
slice3 start run  @clk      767495
slice12 start prefetch  @clk      767837
slice13 start prefetch  @clk      767837
slice14 start prefetch  @clk      767837
slice15 start prefetch  @clk      767837
slice8 start prefetch  @clk      767841
slice9 start prefetch  @clk      767841
slice10 start prefetch  @clk      767841
slice11 start prefetch  @clk      767841
slice4 start prefetch  @clk      767845
slice5 start prefetch  @clk      767845
slice6 start prefetch  @clk      767845
slice7 start prefetch  @clk      767845
slice0 start prefetch @clk      767851
slice1 start prefetch  @clk      767851
slice2 start prefetch  @clk      767851
slice3 start prefetch  @clk      767851
slice12 access done  @clk      785820
slice13 access done  @clk      785820
slice14 access done  @clk      785820
slice15 access done  @clk      785820
slice12 start write  @clk      785821
slice13 start write  @clk      785821
slice14 start write  @clk      785821
slice15 start write  @clk      785821
slice12 write_burst finish  @clk      785822
slice13 write_burst finish  @clk      785822
slice14 write_burst finish  @clk      785822
slice15 write_burst finish  @clk      785822
slice8 access done  @clk      785824
slice9 access done  @clk      785824
slice10 access done  @clk      785824
slice11 access done  @clk      785824
slice12 task finish  @clk      785824
slice13 task finish  @clk      785824
slice14 task finish  @clk      785824
slice15 task finish  @clk      785824
slice8 start write  @clk      785825
slice9 start write  @clk      785825
slice10 start write  @clk      785825
slice11 start write  @clk      785825
slice8 write_burst finish  @clk      785826
slice9 write_burst finish  @clk      785826
slice10 write_burst finish  @clk      785826
slice11 write_burst finish  @clk      785826
slice4 access done  @clk      785828
slice5 access done  @clk      785828
slice6 access done  @clk      785828
slice7 access done  @clk      785828
slice8 task finish  @clk      785828
slice9 task finish  @clk      785828
slice10 task finish  @clk      785828
slice11 task finish  @clk      785828
slice4 start write  @clk      785829
slice5 start write  @clk      785829
slice6 start write  @clk      785829
slice7 start write  @clk      785829
slice4 write_burst finish  @clk      785830
slice5 write_burst finish  @clk      785830
slice6 write_burst finish  @clk      785830
slice7 write_burst finish  @clk      785830
slice4 task finish  @clk      785832
slice5 task finish  @clk      785832
slice6 task finish  @clk      785832
slice7 task finish  @clk      785832
slice0 access done @clk      785834
slice1 access done  @clk      785834
slice2 access done  @clk      785834
slice3 access done  @clk      785834
slice0 start write @clk      785835
slice1 start write  @clk      785835
slice2 start write  @clk      785835
slice3 start write  @clk      785835
slice0 write_burst finish @clk      785836
slice1 write_burst finish  @clk      785836
slice2 write_burst finish  @clk      785836
slice3 write_burst finish  @clk      785836
slice0 task finish @clk      785838
slice1 task finish  @clk      785838
slice2 task finish  @clk      785838
slice3 task finish  @clk      785838
slice12 prefetch finish  @clk      812120
slice13 prefetch finish  @clk      812126
slice14 prefetch finish  @clk      812132
slice15 prefetch finish  @clk      812138
slice8 prefetch finish  @clk      812192
slice9 prefetch finish  @clk      812198
slice10 prefetch finish  @clk      812204
slice11 prefetch finish  @clk      812210
slice4 prefetch finish  @clk      812240
slice5 prefetch finish  @clk      812246
slice6 prefetch finish  @clk      812252
slice7 prefetch finish  @clk      812258
slice0 prefetch finish @clk      812264
slice1 prefetch finish  @clk      812270
slice2 prefetch finish  @clk      812276
slice3 prefetch finish  @clk      812282
slice12 compute config finish @clk      813230
slice13 compute config finish @clk      813230
slice14 compute config finish @clk      813230
slice15 compute config finish @clk      813230
slice12 start run  @clk      813231
slice13 start run  @clk      813231
slice14 start run  @clk      813231
slice15 start run  @clk      813231
slice8 compute config finish @clk      813234
slice9 compute config finish @clk      813234
slice10 compute config finish @clk      813234
slice11 compute config finish @clk      813234
slice8 start run  @clk      813235
slice9 start run  @clk      813235
slice10 start run  @clk      813235
slice11 start run  @clk      813235
slice4 compute config finish @clk      813238
slice5 compute config finish @clk      813238
slice6 compute config finish @clk      813238
slice7 compute config finish @clk      813238
slice4 start run  @clk      813239
slice5 start run  @clk      813239
slice6 start run  @clk      813239
slice7 start run  @clk      813239
slice0 compute config finish @clk      813244
slice1 compute config finish @clk      813244
slice2 compute config finish @clk      813244
slice3 compute config finish @clk      813244
slice0 start run @clk      813245
slice1 start run  @clk      813245
slice2 start run  @clk      813245
slice3 start run  @clk      813245
slice12 start prefetch  @clk      813587
slice13 start prefetch  @clk      813587
slice14 start prefetch  @clk      813587
slice15 start prefetch  @clk      813587
slice8 start prefetch  @clk      813591
slice9 start prefetch  @clk      813591
slice10 start prefetch  @clk      813591
slice11 start prefetch  @clk      813591
slice4 start prefetch  @clk      813595
slice5 start prefetch  @clk      813595
slice6 start prefetch  @clk      813595
slice7 start prefetch  @clk      813595
slice0 start prefetch @clk      813601
slice1 start prefetch  @clk      813601
slice2 start prefetch  @clk      813601
slice3 start prefetch  @clk      813601
slice12 access done  @clk      831570
slice13 access done  @clk      831570
slice14 access done  @clk      831570
slice15 access done  @clk      831570
slice12 start write  @clk      831571
slice13 start write  @clk      831571
slice14 start write  @clk      831571
slice15 start write  @clk      831571
slice12 write_burst finish  @clk      831572
slice13 write_burst finish  @clk      831572
slice14 write_burst finish  @clk      831572
slice15 write_burst finish  @clk      831572
slice8 access done  @clk      831574
slice9 access done  @clk      831574
slice10 access done  @clk      831574
slice11 access done  @clk      831574
slice12 task finish  @clk      831574
slice13 task finish  @clk      831574
slice14 task finish  @clk      831574
slice15 task finish  @clk      831574
slice8 start write  @clk      831575
slice9 start write  @clk      831575
slice10 start write  @clk      831575
slice11 start write  @clk      831575
slice8 write_burst finish  @clk      831576
slice9 write_burst finish  @clk      831576
slice10 write_burst finish  @clk      831576
slice11 write_burst finish  @clk      831576
slice4 access done  @clk      831578
slice5 access done  @clk      831578
slice6 access done  @clk      831578
slice7 access done  @clk      831578
slice8 task finish  @clk      831578
slice9 task finish  @clk      831578
slice10 task finish  @clk      831578
slice11 task finish  @clk      831578
slice4 start write  @clk      831579
slice5 start write  @clk      831579
slice6 start write  @clk      831579
slice7 start write  @clk      831579
slice4 write_burst finish  @clk      831580
slice5 write_burst finish  @clk      831580
slice6 write_burst finish  @clk      831580
slice7 write_burst finish  @clk      831580
slice4 task finish  @clk      831582
slice5 task finish  @clk      831582
slice6 task finish  @clk      831582
slice7 task finish  @clk      831582
slice0 access done @clk      831584
slice1 access done  @clk      831584
slice2 access done  @clk      831584
slice3 access done  @clk      831584
slice0 start write @clk      831585
slice1 start write  @clk      831585
slice2 start write  @clk      831585
slice3 start write  @clk      831585
slice0 write_burst finish @clk      831586
slice1 write_burst finish  @clk      831586
slice2 write_burst finish  @clk      831586
slice3 write_burst finish  @clk      831586
slice0 task finish @clk      831588
slice1 task finish  @clk      831588
slice2 task finish  @clk      831588
slice3 task finish  @clk      831588
slice12 prefetch finish  @clk      857870
slice13 prefetch finish  @clk      857876
slice14 prefetch finish  @clk      857882
slice15 prefetch finish  @clk      857888
slice8 prefetch finish  @clk      857942
slice9 prefetch finish  @clk      857948
slice10 prefetch finish  @clk      857954
slice11 prefetch finish  @clk      857960
slice4 prefetch finish  @clk      857990
slice5 prefetch finish  @clk      857996
slice6 prefetch finish  @clk      858002
slice7 prefetch finish  @clk      858008
slice0 prefetch finish @clk      858014
slice1 prefetch finish  @clk      858020
slice2 prefetch finish  @clk      858026
slice3 prefetch finish  @clk      858032
slice12 compute config finish @clk      858980
slice13 compute config finish @clk      858980
slice14 compute config finish @clk      858980
slice15 compute config finish @clk      858980
slice12 start run  @clk      858981
slice13 start run  @clk      858981
slice14 start run  @clk      858981
slice15 start run  @clk      858981
slice8 compute config finish @clk      858984
slice9 compute config finish @clk      858984
slice10 compute config finish @clk      858984
slice11 compute config finish @clk      858984
slice8 start run  @clk      858985
slice9 start run  @clk      858985
slice10 start run  @clk      858985
slice11 start run  @clk      858985
slice4 compute config finish @clk      858988
slice5 compute config finish @clk      858988
slice6 compute config finish @clk      858988
slice7 compute config finish @clk      858988
slice4 start run  @clk      858989
slice5 start run  @clk      858989
slice6 start run  @clk      858989
slice7 start run  @clk      858989
slice0 compute config finish @clk      858994
slice1 compute config finish @clk      858994
slice2 compute config finish @clk      858994
slice3 compute config finish @clk      858994
slice0 start run @clk      858995
slice1 start run  @clk      858995
slice2 start run  @clk      858995
slice3 start run  @clk      858995
slice12 start prefetch  @clk      859337
slice13 start prefetch  @clk      859337
slice14 start prefetch  @clk      859337
slice15 start prefetch  @clk      859337
slice8 start prefetch  @clk      859341
slice9 start prefetch  @clk      859341
slice10 start prefetch  @clk      859341
slice11 start prefetch  @clk      859341
slice4 start prefetch  @clk      859345
slice5 start prefetch  @clk      859345
slice6 start prefetch  @clk      859345
slice7 start prefetch  @clk      859345
slice0 start prefetch @clk      859351
slice1 start prefetch  @clk      859351
slice2 start prefetch  @clk      859351
slice3 start prefetch  @clk      859351
slice12 access done  @clk      877320
slice13 access done  @clk      877320
slice14 access done  @clk      877320
slice15 access done  @clk      877320
slice12 start write  @clk      877321
slice13 start write  @clk      877321
slice14 start write  @clk      877321
slice15 start write  @clk      877321
slice12 write_burst finish  @clk      877322
slice13 write_burst finish  @clk      877322
slice14 write_burst finish  @clk      877322
slice15 write_burst finish  @clk      877322
slice8 access done  @clk      877324
slice9 access done  @clk      877324
slice10 access done  @clk      877324
slice11 access done  @clk      877324
slice12 task finish  @clk      877324
slice13 task finish  @clk      877324
slice14 task finish  @clk      877324
slice15 task finish  @clk      877324
slice8 start write  @clk      877325
slice9 start write  @clk      877325
slice10 start write  @clk      877325
slice11 start write  @clk      877325
slice8 write_burst finish  @clk      877326
slice9 write_burst finish  @clk      877326
slice10 write_burst finish  @clk      877326
slice11 write_burst finish  @clk      877326
slice4 access done  @clk      877328
slice5 access done  @clk      877328
slice6 access done  @clk      877328
slice7 access done  @clk      877328
slice8 task finish  @clk      877328
slice9 task finish  @clk      877328
slice10 task finish  @clk      877328
slice11 task finish  @clk      877328
slice4 start write  @clk      877329
slice5 start write  @clk      877329
slice6 start write  @clk      877329
slice7 start write  @clk      877329
slice4 write_burst finish  @clk      877330
slice5 write_burst finish  @clk      877330
slice6 write_burst finish  @clk      877330
slice7 write_burst finish  @clk      877330
slice4 task finish  @clk      877332
slice5 task finish  @clk      877332
slice6 task finish  @clk      877332
slice7 task finish  @clk      877332
slice0 access done @clk      877334
slice1 access done  @clk      877334
slice2 access done  @clk      877334
slice3 access done  @clk      877334
slice0 start write @clk      877335
slice1 start write  @clk      877335
slice2 start write  @clk      877335
slice3 start write  @clk      877335
slice0 write_burst finish @clk      877336
slice1 write_burst finish  @clk      877336
slice2 write_burst finish  @clk      877336
slice3 write_burst finish  @clk      877336
slice0 task finish @clk      877338
slice1 task finish  @clk      877338
slice2 task finish  @clk      877338
slice3 task finish  @clk      877338
slice12 prefetch finish  @clk      903620
slice13 prefetch finish  @clk      903626
slice14 prefetch finish  @clk      903632
slice15 prefetch finish  @clk      903638
slice8 prefetch finish  @clk      903692
slice9 prefetch finish  @clk      903698
slice10 prefetch finish  @clk      903704
slice11 prefetch finish  @clk      903710
slice4 prefetch finish  @clk      903740
slice5 prefetch finish  @clk      903746
slice6 prefetch finish  @clk      903752
slice7 prefetch finish  @clk      903758
slice0 prefetch finish @clk      903764
slice1 prefetch finish  @clk      903770
slice2 prefetch finish  @clk      903776
slice3 prefetch finish  @clk      903782
slice12 compute config finish @clk      904730
slice13 compute config finish @clk      904730
slice14 compute config finish @clk      904730
slice15 compute config finish @clk      904730
slice12 start run  @clk      904731
slice13 start run  @clk      904731
slice14 start run  @clk      904731
slice15 start run  @clk      904731
slice8 compute config finish @clk      904734
slice9 compute config finish @clk      904734
slice10 compute config finish @clk      904734
slice11 compute config finish @clk      904734
slice8 start run  @clk      904735
slice9 start run  @clk      904735
slice10 start run  @clk      904735
slice11 start run  @clk      904735
slice4 compute config finish @clk      904738
slice5 compute config finish @clk      904738
slice6 compute config finish @clk      904738
slice7 compute config finish @clk      904738
slice4 start run  @clk      904739
slice5 start run  @clk      904739
slice6 start run  @clk      904739
slice7 start run  @clk      904739
slice0 compute config finish @clk      904744
slice1 compute config finish @clk      904744
slice2 compute config finish @clk      904744
slice3 compute config finish @clk      904744
slice0 start run @clk      904745
slice1 start run  @clk      904745
slice2 start run  @clk      904745
slice3 start run  @clk      904745
slice12 start prefetch  @clk      905087
slice13 start prefetch  @clk      905087
slice14 start prefetch  @clk      905087
slice15 start prefetch  @clk      905087
slice8 start prefetch  @clk      905091
slice9 start prefetch  @clk      905091
slice10 start prefetch  @clk      905091
slice11 start prefetch  @clk      905091
slice4 start prefetch  @clk      905095
slice5 start prefetch  @clk      905095
slice6 start prefetch  @clk      905095
slice7 start prefetch  @clk      905095
slice0 start prefetch @clk      905101
slice1 start prefetch  @clk      905101
slice2 start prefetch  @clk      905101
slice3 start prefetch  @clk      905101
slice12 access done  @clk      923070
slice13 access done  @clk      923070
slice14 access done  @clk      923070
slice15 access done  @clk      923070
slice12 start write  @clk      923071
slice13 start write  @clk      923071
slice14 start write  @clk      923071
slice15 start write  @clk      923071
slice8 access done  @clk      923074
slice9 access done  @clk      923074
slice10 access done  @clk      923074
slice11 access done  @clk      923074
slice8 start write  @clk      923075
slice9 start write  @clk      923075
slice10 start write  @clk      923075
slice11 start write  @clk      923075
slice4 access done  @clk      923078
slice5 access done  @clk      923078
slice6 access done  @clk      923078
slice7 access done  @clk      923078
slice4 start write  @clk      923079
slice5 start write  @clk      923079
slice6 start write  @clk      923079
slice7 start write  @clk      923079
slice0 access done @clk      923084
slice1 access done  @clk      923084
slice2 access done  @clk      923084
slice3 access done  @clk      923084
slice0 start write @clk      923085
slice1 start write  @clk      923085
slice2 start write  @clk      923085
slice3 start write  @clk      923085
slice12 prefetch finish  @clk      949370
slice13 prefetch finish  @clk      949376
slice14 prefetch finish  @clk      949382
slice15 prefetch finish  @clk      949388
slice8 prefetch finish  @clk      949458
slice9 prefetch finish  @clk      949480
slice10 prefetch finish  @clk      949502
slice11 prefetch finish  @clk      949524
slice4 prefetch finish  @clk      949634
slice5 prefetch finish  @clk      949656
slice6 prefetch finish  @clk      949678
slice7 prefetch finish  @clk      949700
slice0 prefetch finish @clk      949722
slice1 prefetch finish  @clk      949744
slice2 prefetch finish  @clk      949766
slice3 prefetch finish  @clk      949788
slice12 compute config finish @clk      950752
slice13 compute config finish @clk      950752
slice14 compute config finish @clk      950752
slice15 compute config finish @clk      950752
slice8 compute config finish @clk      950756
slice9 compute config finish @clk      950756
slice10 compute config finish @clk      950756
slice11 compute config finish @clk      950756
slice4 compute config finish @clk      950760
slice5 compute config finish @clk      950760
slice6 compute config finish @clk      950760
slice7 compute config finish @clk      950760
slice0 compute config finish @clk      950766
slice1 compute config finish @clk      950766
slice2 compute config finish @clk      950766
slice3 compute config finish @clk      950766
slice12 write_burst finish  @clk      966144
slice12 task finish  @clk      966146
slice12 start run  @clk      966162
slice13 write_burst finish  @clk      966166
slice13 task finish  @clk      966168
slice13 start run  @clk      966179
slice14 write_burst finish  @clk      966188
slice14 task finish  @clk      966190
slice14 start run  @clk      966196
slice15 write_burst finish  @clk      966210
slice15 task finish  @clk      966212
slice15 start run  @clk      966213
slice8 write_burst finish  @clk      966408
slice8 task finish  @clk      966410
slice8 start run  @clk      966414
slice9 write_burst finish  @clk      966672
slice9 task finish  @clk      966674
slice9 start run  @clk      966687
slice10 write_burst finish  @clk      966694
slice10 task finish  @clk      966696
slice10 start run  @clk      966704
slice11 write_burst finish  @clk      966716
slice11 task finish  @clk      966718
slice11 start run  @clk      966721
slice4 write_burst finish  @clk      966826
slice4 task finish  @clk      966828
slice4 start run  @clk      966842
slice5 write_burst finish  @clk      966848
slice5 task finish  @clk      966850
slice5 start run  @clk      966859
slice6 write_burst finish  @clk      966870
slice6 task finish  @clk      966872
slice6 start run  @clk      966876
slice7 write_burst finish  @clk      966892
slice7 task finish  @clk      966894
slice7 start run  @clk      966909
slice0 write_burst finish @clk      966914
slice0 task finish @clk      966916
slice0 start run @clk      966918
slice1 write_burst finish  @clk      966936
slice1 task finish  @clk      966938
slice1 start run  @clk      966951
slice2 write_burst finish  @clk      966958
slice2 task finish  @clk      966960
slice2 start run  @clk      966968
slice3 write_burst finish  @clk      966980
slice3 task finish  @clk      966982
slice3 start run  @clk      966985
slice12 access done  @clk      984501
slice12 start write  @clk      984502
slice13 access done  @clk      984518
slice13 start write  @clk      984519
slice14 access done  @clk      984535
slice14 start write  @clk      984536
slice15 access done  @clk      984552
slice15 start write  @clk      984553
slice8 access done  @clk      984753
slice8 start write  @clk      984754
slice9 access done  @clk      985026
slice9 start write  @clk      985027
slice10 access done  @clk      985043
slice10 start write  @clk      985044
slice11 access done  @clk      985060
slice11 start write  @clk      985061
slice4 access done  @clk      985181
slice4 start write  @clk      985182
slice5 access done  @clk      985198
slice5 start write  @clk      985199
slice6 access done  @clk      985215
slice6 start write  @clk      985216
slice7 access done  @clk      985248
slice7 start write  @clk      985249
slice0 access done @clk      985257
slice0 start write @clk      985258
slice1 access done  @clk      985290
slice1 start write  @clk      985291
slice2 access done  @clk      985307
slice2 start write  @clk      985308
slice3 access done  @clk      985324
slice3 start write  @clk      985325
slice12 write_burst finish  @clk      999250
slice12 task finish  @clk      999252
slice13 write_burst finish  @clk      999602
slice13 task finish  @clk      999604
slice14 write_burst finish  @clk      999624
slice14 task finish  @clk      999626
slice15 write_burst finish  @clk      999932
slice15 task finish  @clk      999934
slice8 write_burst finish  @clk     1000658
slice8 task finish  @clk     1000660
slice9 write_burst finish  @clk     1001406
slice9 task finish  @clk     1001408
slice10 write_burst finish  @clk     1001428
slice10 task finish  @clk     1001430
slice11 write_burst finish  @clk     1001450
slice11 task finish  @clk     1001452
slice4 write_burst finish  @clk     1001560
slice4 task finish  @clk     1001562
slice5 write_burst finish  @clk     1001582
slice5 task finish  @clk     1001584
slice6 write_burst finish  @clk     1001604
slice6 task finish  @clk     1001606
slice7 write_burst finish  @clk     1001626
slice7 task finish  @clk     1001628
slice0 write_burst finish @clk     1001648
slice0 task finish @clk     1001650
slice1 write_burst finish  @clk     1001670
slice1 task finish  @clk     1001672
slice2 write_burst finish  @clk     1001692
slice2 task finish  @clk     1001694
slice3 write_burst finish  @clk     1001714
slice3 task finish  @clk     1001716
