slice12 start prefetch  @clk     1024197
slice13 start prefetch  @clk     1024197
slice14 start prefetch  @clk     1024197
slice15 start prefetch  @clk     1024197
slice8 start prefetch  @clk     1024199
slice9 start prefetch  @clk     1024199
slice10 start prefetch  @clk     1024199
slice11 start prefetch  @clk     1024199
slice4 start prefetch  @clk     1024201
slice5 start prefetch  @clk     1024201
slice6 start prefetch  @clk     1024201
slice7 start prefetch  @clk     1024201
slice0 start prefetch @clk     1024203
slice1 start prefetch  @clk     1024203
slice2 start prefetch  @clk     1024203
slice3 start prefetch  @clk     1024203
slice12 compute config finish @clk     1025818
slice13 compute config finish @clk     1025818
slice14 compute config finish @clk     1025818
slice15 compute config finish @clk     1025818
slice8 compute config finish @clk     1025820
slice9 compute config finish @clk     1025820
slice10 compute config finish @clk     1025820
slice11 compute config finish @clk     1025820
slice4 compute config finish @clk     1025822
slice5 compute config finish @clk     1025822
slice6 compute config finish @clk     1025822
slice7 compute config finish @clk     1025822
slice0 compute config finish @clk     1025824
slice1 compute config finish @clk     1025824
slice2 compute config finish @clk     1025824
slice3 compute config finish @clk     1025824
slice12 prefetch finish  @clk     1070460
slice12 start run  @clk     1070461
slice13 prefetch finish  @clk     1070466
slice13 start run  @clk     1070467
slice14 prefetch finish  @clk     1070472
slice14 start run  @clk     1070473
slice15 prefetch finish  @clk     1070478
slice15 start run  @clk     1070479
slice12 start prefetch  @clk     1070531
slice4 prefetch finish  @clk     1070536
slice13 start prefetch  @clk     1070537
slice4 start run  @clk     1070537
slice5 prefetch finish  @clk     1070542
slice14 start prefetch  @clk     1070543
slice5 start run  @clk     1070543
slice6 prefetch finish  @clk     1070548
slice15 start prefetch  @clk     1070549
slice6 start run  @clk     1070549
slice7 prefetch finish  @clk     1070554
slice7 start run  @clk     1070555
slice8 prefetch finish  @clk     1070574
slice8 start run  @clk     1070575
slice9 prefetch finish  @clk     1070580
slice9 start run  @clk     1070581
slice10 prefetch finish  @clk     1070586
slice10 start run  @clk     1070587
slice11 prefetch finish  @clk     1070592
slice11 start run  @clk     1070593
slice4 start prefetch  @clk     1070607
slice5 start prefetch  @clk     1070613
slice0 prefetch finish @clk     1070618
slice6 start prefetch  @clk     1070619
slice0 start run @clk     1070619
slice1 prefetch finish  @clk     1070624
slice7 start prefetch  @clk     1070625
slice1 start run  @clk     1070625
slice2 prefetch finish  @clk     1070630
slice2 start run  @clk     1070631
slice3 prefetch finish  @clk     1070636
slice3 start run  @clk     1070637
slice8 start prefetch  @clk     1070645
slice9 start prefetch  @clk     1070651
slice10 start prefetch  @clk     1070657
slice11 start prefetch  @clk     1070663
slice0 start prefetch @clk     1070689
slice1 start prefetch  @clk     1070695
slice0 prefetch finish @clk     1070696
slice2 start prefetch  @clk     1070701
slice1 prefetch finish  @clk     1070702
slice3 start prefetch  @clk     1070707
slice2 prefetch finish  @clk     1070708
slice3 prefetch finish  @clk     1070714
slice12 access done  @clk     1075157
slice12 start write  @clk     1075158
slice12 write_burst finish  @clk     1075159
slice12 task finish  @clk     1075161
slice13 access done  @clk     1075163
slice13 start write  @clk     1075164
slice13 write_burst finish  @clk     1075165
slice13 task finish  @clk     1075167
slice14 access done  @clk     1075169
slice14 start write  @clk     1075170
slice14 write_burst finish  @clk     1075171
slice14 task finish  @clk     1075173
slice15 access done  @clk     1075175
slice15 start write  @clk     1075176
slice15 write_burst finish  @clk     1075177
slice15 task finish  @clk     1075179
slice4 access done  @clk     1075233
slice4 start write  @clk     1075234
slice4 write_burst finish  @clk     1075235
slice4 task finish  @clk     1075237
slice5 access done  @clk     1075239
slice5 start write  @clk     1075240
slice5 write_burst finish  @clk     1075241
slice5 task finish  @clk     1075243
slice6 access done  @clk     1075245
slice6 start write  @clk     1075246
slice6 write_burst finish  @clk     1075247
slice6 task finish  @clk     1075249
slice7 access done  @clk     1075251
slice7 start write  @clk     1075252
slice7 write_burst finish  @clk     1075253
slice7 task finish  @clk     1075255
slice8 access done  @clk     1075271
slice8 start write  @clk     1075272
slice8 write_burst finish  @clk     1075273
slice8 task finish  @clk     1075275
slice9 access done  @clk     1075277
slice9 start write  @clk     1075278
slice9 write_burst finish  @clk     1075279
slice9 task finish  @clk     1075281
slice10 access done  @clk     1075283
slice10 start write  @clk     1075284
slice10 write_burst finish  @clk     1075285
slice10 task finish  @clk     1075287
slice11 access done  @clk     1075289
slice11 start write  @clk     1075290
slice11 write_burst finish  @clk     1075291
slice11 task finish  @clk     1075293
slice0 access done @clk     1075315
slice0 start write @clk     1075316
slice0 write_burst finish @clk     1075317
slice0 task finish @clk     1075319
slice1 access done  @clk     1075321
slice1 start write  @clk     1075322
slice1 write_burst finish  @clk     1075323
slice1 task finish  @clk     1075325
slice2 access done  @clk     1075327
slice2 start write  @clk     1075328
slice2 write_burst finish  @clk     1075329
slice2 task finish  @clk     1075331
slice3 access done  @clk     1075333
slice3 start write  @clk     1075334
slice3 write_burst finish  @clk     1075335
slice3 task finish  @clk     1075337
slice12 compute config finish @clk     1076053
slice13 compute config finish @clk     1076059
slice14 compute config finish @clk     1076065
slice15 compute config finish @clk     1076071
slice4 compute config finish @clk     1076129
slice5 compute config finish @clk     1076135
slice6 compute config finish @clk     1076141
slice7 compute config finish @clk     1076147
slice8 compute config finish @clk     1076167
slice9 compute config finish @clk     1076173
slice10 compute config finish @clk     1076179
slice11 compute config finish @clk     1076185
slice0 compute config finish @clk     1076211
slice0 start run @clk     1076212
slice1 compute config finish @clk     1076217
slice1 start run  @clk     1076218
slice0 access done @clk     1076221
slice2 compute config finish @clk     1076223
slice2 start run  @clk     1076224
slice1 access done  @clk     1076227
slice3 compute config finish @clk     1076229
slice3 start run  @clk     1076230
slice0 start write @clk     1076230
slice0 write_burst finish @clk     1076231
slice2 access done  @clk     1076233
slice0 task finish @clk     1076233
slice1 start write  @clk     1076236
slice1 write_burst finish  @clk     1076237
slice3 access done  @clk     1076239
slice1 task finish  @clk     1076239
slice2 start write  @clk     1076242
slice2 write_burst finish  @clk     1076243
slice2 task finish  @clk     1076245
slice3 start write  @clk     1076248
slice3 write_burst finish  @clk     1076249
slice3 task finish  @clk     1076251
slice0 start prefetch @clk     1076393
slice1 start prefetch  @clk     1076393
slice2 start prefetch  @clk     1076393
slice3 start prefetch  @clk     1076393
slice0 compute config finish @clk     1078076
slice1 compute config finish @clk     1078076
slice2 compute config finish @clk     1078076
slice3 compute config finish @clk     1078076
slice12 prefetch finish  @clk     1133520
slice12 start run  @clk     1133521
slice12 start prefetch  @clk     1133591
slice13 prefetch finish  @clk     1134238
slice13 start run  @clk     1134239
slice13 start prefetch  @clk     1134309
slice14 prefetch finish  @clk     1134358
slice14 start run  @clk     1134359
slice14 start prefetch  @clk     1134429
slice15 prefetch finish  @clk     1134466
slice15 start run  @clk     1134467
slice15 start prefetch  @clk     1134537
slice4 prefetch finish  @clk     1134914
slice4 start run  @clk     1134915
slice5 prefetch finish  @clk     1134918
slice5 start run  @clk     1134919
slice4 start prefetch  @clk     1134985
slice5 start prefetch  @clk     1134989
slice6 prefetch finish  @clk     1135006
slice6 start run  @clk     1135007
slice6 start prefetch  @clk     1135077
slice7 prefetch finish  @clk     1135094
slice7 start run  @clk     1135095
slice7 start prefetch  @clk     1135165
slice8 prefetch finish  @clk     1135256
slice8 start run  @clk     1135257
slice8 start prefetch  @clk     1135327
slice9 prefetch finish  @clk     1135340
slice9 start run  @clk     1135341
slice10 prefetch finish  @clk     1135372
slice10 start run  @clk     1135373
slice11 prefetch finish  @clk     1135378
slice11 start run  @clk     1135379
slice9 start prefetch  @clk     1135411
slice10 start prefetch  @clk     1135443
slice11 start prefetch  @clk     1135449
slice12 access done  @clk     1138220
slice12 start write  @clk     1138221
slice12 write_burst finish  @clk     1138222
slice12 task finish  @clk     1138224
slice13 access done  @clk     1138938
slice13 start write  @clk     1138939
slice13 write_burst finish  @clk     1138940
slice13 task finish  @clk     1138942
slice14 access done  @clk     1139058
slice14 start write  @clk     1139059
slice14 write_burst finish  @clk     1139060
slice14 task finish  @clk     1139062
slice12 compute config finish @clk     1139116
slice15 access done  @clk     1139166
slice15 start write  @clk     1139167
slice15 write_burst finish  @clk     1139168
slice15 task finish  @clk     1139170
slice4 access done  @clk     1139614
slice4 start write  @clk     1139615
slice4 write_burst finish  @clk     1139616
slice5 access done  @clk     1139618
slice4 task finish  @clk     1139618
slice5 start write  @clk     1139619
slice5 write_burst finish  @clk     1139620
slice5 task finish  @clk     1139622
slice6 access done  @clk     1139706
slice6 start write  @clk     1139707
slice6 write_burst finish  @clk     1139708
slice6 task finish  @clk     1139710
slice7 access done  @clk     1139794
slice7 start write  @clk     1139795
slice7 write_burst finish  @clk     1139796
slice7 task finish  @clk     1139798
slice13 compute config finish @clk     1139834
slice14 compute config finish @clk     1139954
slice8 access done  @clk     1139956
slice8 start write  @clk     1139957
slice8 write_burst finish  @clk     1139958
slice8 task finish  @clk     1139960
slice9 access done  @clk     1140040
slice9 start write  @clk     1140041
slice9 write_burst finish  @clk     1140042
slice9 task finish  @clk     1140044
slice15 compute config finish @clk     1140062
slice10 access done  @clk     1140072
slice10 start write  @clk     1140073
slice10 write_burst finish  @clk     1140074
slice10 task finish  @clk     1140076
slice11 access done  @clk     1140078
slice11 start write  @clk     1140079
slice11 write_burst finish  @clk     1140080
slice11 task finish  @clk     1140082
slice4 compute config finish @clk     1140510
slice5 compute config finish @clk     1140514
slice6 compute config finish @clk     1140602
slice7 compute config finish @clk     1140690
slice8 compute config finish @clk     1140852
slice9 compute config finish @clk     1140936
slice10 compute config finish @clk     1140968
slice11 compute config finish @clk     1140974
slice12 prefetch finish  @clk     1199084
slice12 start run  @clk     1199085
slice12 start prefetch  @clk     1199155
slice13 prefetch finish  @clk     1199932
slice13 start run  @clk     1199933
slice13 start prefetch  @clk     1200003
slice14 prefetch finish  @clk     1200054
slice14 start run  @clk     1200055
slice14 start prefetch  @clk     1200125
slice15 prefetch finish  @clk     1200176
slice15 start run  @clk     1200177
slice15 start prefetch  @clk     1200247
slice4 prefetch finish  @clk     1201066
slice4 start run  @clk     1201067
slice5 prefetch finish  @clk     1201068
slice5 start run  @clk     1201069
slice4 start prefetch  @clk     1201137
slice5 start prefetch  @clk     1201139
slice6 prefetch finish  @clk     1201156
slice6 start run  @clk     1201157
slice6 start prefetch  @clk     1201227
slice7 prefetch finish  @clk     1201238
slice7 start run  @clk     1201239
slice7 start prefetch  @clk     1201309
slice8 prefetch finish  @clk     1201570
slice8 start run  @clk     1201571
slice8 start prefetch  @clk     1201641
slice9 prefetch finish  @clk     1201760
slice9 start run  @clk     1201761
slice9 start prefetch  @clk     1201831
slice10 prefetch finish  @clk     1201848
slice10 start run  @clk     1201849
slice11 prefetch finish  @clk     1201854
slice11 start run  @clk     1201855
slice10 start prefetch  @clk     1201919
slice11 start prefetch  @clk     1201925
slice12 access done  @clk     1203784
slice12 start write  @clk     1203785
slice12 write_burst finish  @clk     1203786
slice12 task finish  @clk     1203788
slice13 access done  @clk     1204632
slice13 start write  @clk     1204633
slice13 write_burst finish  @clk     1204634
slice13 task finish  @clk     1204636
slice12 compute config finish @clk     1204680
slice14 access done  @clk     1204754
slice14 start write  @clk     1204755
slice14 write_burst finish  @clk     1204756
slice14 task finish  @clk     1204758
slice15 access done  @clk     1204876
slice15 start write  @clk     1204877
slice15 write_burst finish  @clk     1204878
slice15 task finish  @clk     1204880
slice13 compute config finish @clk     1205528
slice14 compute config finish @clk     1205650
slice4 access done  @clk     1205766
slice4 start write  @clk     1205767
slice5 access done  @clk     1205768
slice4 write_burst finish  @clk     1205768
slice5 start write  @clk     1205769
slice5 write_burst finish  @clk     1205770
slice4 task finish  @clk     1205770
slice15 compute config finish @clk     1205772
slice5 task finish  @clk     1205772
slice6 access done  @clk     1205856
slice6 start write  @clk     1205857
slice6 write_burst finish  @clk     1205858
slice6 task finish  @clk     1205860
slice7 access done  @clk     1205938
slice7 start write  @clk     1205939
slice7 write_burst finish  @clk     1205940
slice7 task finish  @clk     1205942
slice8 access done  @clk     1206270
slice8 start write  @clk     1206271
slice8 write_burst finish  @clk     1206272
slice8 task finish  @clk     1206274
slice9 access done  @clk     1206460
slice9 start write  @clk     1206461
slice9 write_burst finish  @clk     1206462
slice9 task finish  @clk     1206464
slice10 access done  @clk     1206548
slice10 start write  @clk     1206549
slice10 write_burst finish  @clk     1206550
slice10 task finish  @clk     1206552
slice11 access done  @clk     1206554
slice11 start write  @clk     1206555
slice11 write_burst finish  @clk     1206556
slice11 task finish  @clk     1206558
slice4 compute config finish @clk     1206662
slice5 compute config finish @clk     1206664
slice6 compute config finish @clk     1206752
slice7 compute config finish @clk     1206834
slice8 compute config finish @clk     1207166
slice9 compute config finish @clk     1207356
slice10 compute config finish @clk     1207444
slice11 compute config finish @clk     1207450
slice12 prefetch finish  @clk     1273686
slice12 start run  @clk     1273687
slice13 prefetch finish  @clk     1274498
slice13 start run  @clk     1274499
slice14 prefetch finish  @clk     1274634
slice14 start run  @clk     1274635
slice15 prefetch finish  @clk     1274762
slice15 start run  @clk     1274763
slice4 prefetch finish  @clk     1275088
slice4 start run  @clk     1275089
slice5 prefetch finish  @clk     1275102
slice5 start run  @clk     1275103
slice6 prefetch finish  @clk     1275166
slice6 start run  @clk     1275167
slice7 prefetch finish  @clk     1275230
slice7 start run  @clk     1275231
slice8 prefetch finish  @clk     1275412
slice8 start run  @clk     1275413
slice9 prefetch finish  @clk     1275520
slice9 start run  @clk     1275521
slice10 prefetch finish  @clk     1275550
slice10 start run  @clk     1275551
slice11 prefetch finish  @clk     1275584
slice11 start run  @clk     1275585
slice12 access done  @clk     1278386
slice12 start write  @clk     1278387
slice12 write_burst finish  @clk     1278388
slice12 task finish  @clk     1278390
slice13 access done  @clk     1279198
slice13 start write  @clk     1279199
slice13 write_burst finish  @clk     1279200
slice13 task finish  @clk     1279202
slice14 access done  @clk     1279334
slice14 start write  @clk     1279335
slice14 write_burst finish  @clk     1279336
slice14 task finish  @clk     1279338
slice15 access done  @clk     1279462
slice15 start write  @clk     1279463
slice15 write_burst finish  @clk     1279464
slice15 task finish  @clk     1279466
slice4 access done  @clk     1279788
slice4 start write  @clk     1279789
slice4 write_burst finish  @clk     1279790
slice4 task finish  @clk     1279792
slice12 start prefetch  @clk     1279793
slice13 start prefetch  @clk     1279793
slice14 start prefetch  @clk     1279793
slice15 start prefetch  @clk     1279793
slice8 start prefetch  @clk     1279795
slice9 start prefetch  @clk     1279795
slice10 start prefetch  @clk     1279795
slice11 start prefetch  @clk     1279795
slice4 start prefetch  @clk     1279797
slice5 start prefetch  @clk     1279797
slice6 start prefetch  @clk     1279797
slice7 start prefetch  @clk     1279797
slice5 access done  @clk     1279802
slice5 start write  @clk     1279803
slice5 write_burst finish  @clk     1279804
slice5 task finish  @clk     1279806
slice6 access done  @clk     1279866
slice6 start write  @clk     1279867
slice6 write_burst finish  @clk     1279868
slice6 task finish  @clk     1279870
slice7 access done  @clk     1279930
slice7 start write  @clk     1279931
slice7 write_burst finish  @clk     1279932
slice7 task finish  @clk     1279934
slice8 access done  @clk     1280112
slice8 start write  @clk     1280113
slice8 write_burst finish  @clk     1280114
slice8 task finish  @clk     1280116
slice9 access done  @clk     1280220
slice9 start write  @clk     1280221
slice9 write_burst finish  @clk     1280222
slice9 task finish  @clk     1280224
slice10 access done  @clk     1280250
slice10 start write  @clk     1280251
slice10 write_burst finish  @clk     1280252
slice10 task finish  @clk     1280254
slice11 access done  @clk     1280284
slice11 start write  @clk     1280285
slice11 write_burst finish  @clk     1280286
slice11 task finish  @clk     1280288
slice12 compute config finish @clk     1281508
slice13 compute config finish @clk     1281508
slice14 compute config finish @clk     1281508
slice15 compute config finish @clk     1281508
slice8 compute config finish @clk     1281510
slice9 compute config finish @clk     1281510
slice10 compute config finish @clk     1281510
slice11 compute config finish @clk     1281510
slice4 compute config finish @clk     1281512
slice5 compute config finish @clk     1281512
slice6 compute config finish @clk     1281512
slice7 compute config finish @clk     1281512
slice12 prefetch finish  @clk     1315718
slice12 start run  @clk     1315719
slice13 prefetch finish  @clk     1315724
slice13 start run  @clk     1315725
slice14 prefetch finish  @clk     1315730
slice14 start run  @clk     1315731
slice15 prefetch finish  @clk     1315736
slice15 start run  @clk     1315737
slice4 prefetch finish  @clk     1315762
slice4 start run  @clk     1315763
slice5 prefetch finish  @clk     1315768
slice5 start run  @clk     1315769
slice6 prefetch finish  @clk     1315774
slice6 start run  @clk     1315775
slice7 prefetch finish  @clk     1315780
slice7 start run  @clk     1315781
slice8 prefetch finish  @clk     1315794
slice8 start run  @clk     1315795
slice9 prefetch finish  @clk     1315800
slice9 start run  @clk     1315801
slice10 prefetch finish  @clk     1315806
slice10 start run  @clk     1315807
slice11 prefetch finish  @clk     1315812
slice11 start run  @clk     1315813
slice12 access done  @clk     1320418
slice12 start write  @clk     1320419
slice12 write_burst finish  @clk     1320420
slice12 task finish  @clk     1320422
slice13 access done  @clk     1320424
slice13 start write  @clk     1320425
slice13 write_burst finish  @clk     1320426
slice13 task finish  @clk     1320428
slice14 access done  @clk     1320430
slice14 start write  @clk     1320431
slice14 write_burst finish  @clk     1320432
slice14 task finish  @clk     1320434
slice15 access done  @clk     1320436
slice15 start write  @clk     1320437
slice15 write_burst finish  @clk     1320438
slice15 task finish  @clk     1320440
slice4 access done  @clk     1320462
slice4 start write  @clk     1320463
slice4 write_burst finish  @clk     1320464
slice4 task finish  @clk     1320466
slice5 access done  @clk     1320468
slice5 start write  @clk     1320469
slice5 write_burst finish  @clk     1320470
slice5 task finish  @clk     1320472
slice6 access done  @clk     1320474
slice6 start write  @clk     1320475
slice6 write_burst finish  @clk     1320476
slice6 task finish  @clk     1320478
slice7 access done  @clk     1320480
slice7 start write  @clk     1320481
slice7 write_burst finish  @clk     1320482
slice7 task finish  @clk     1320484
slice8 access done  @clk     1320494
slice8 start write  @clk     1320495
slice8 write_burst finish  @clk     1320496
slice8 task finish  @clk     1320498
slice9 access done  @clk     1320500
slice9 start write  @clk     1320501
slice9 write_burst finish  @clk     1320502
slice9 task finish  @clk     1320504
slice10 access done  @clk     1320506
slice10 start write  @clk     1320507
slice10 write_burst finish  @clk     1320508
slice10 task finish  @clk     1320510
slice11 access done  @clk     1320512
slice11 start write  @clk     1320513
slice11 write_burst finish  @clk     1320514
slice11 task finish  @clk     1320516
slice12 start prefetch  @clk     1320815
slice13 start prefetch  @clk     1320815
slice14 start prefetch  @clk     1320815
slice15 start prefetch  @clk     1320815
slice8 start prefetch  @clk     1320817
slice9 start prefetch  @clk     1320817
slice10 start prefetch  @clk     1320817
slice11 start prefetch  @clk     1320817
slice4 start prefetch  @clk     1320819
slice5 start prefetch  @clk     1320819
slice6 start prefetch  @clk     1320819
slice7 start prefetch  @clk     1320819
slice12 compute config finish @clk     1322522
slice13 compute config finish @clk     1322522
slice14 compute config finish @clk     1322522
slice15 compute config finish @clk     1322522
slice8 compute config finish @clk     1322524
slice9 compute config finish @clk     1322524
slice10 compute config finish @clk     1322524
slice11 compute config finish @clk     1322524
slice4 compute config finish @clk     1322526
slice5 compute config finish @clk     1322526
slice6 compute config finish @clk     1322526
slice7 compute config finish @clk     1322526
slice12 prefetch finish  @clk     1357524
slice12 start run  @clk     1357525
slice13 prefetch finish  @clk     1357530
slice13 start run  @clk     1357531
slice14 prefetch finish  @clk     1357536
slice14 start run  @clk     1357537
slice15 prefetch finish  @clk     1357550
slice15 start run  @clk     1357551
slice4 prefetch finish  @clk     1357568
slice4 start run  @clk     1357569
slice5 prefetch finish  @clk     1357574
slice5 start run  @clk     1357575
slice6 prefetch finish  @clk     1357580
slice6 start run  @clk     1357581
slice7 prefetch finish  @clk     1357594
slice7 start run  @clk     1357595
slice8 prefetch finish  @clk     1357600
slice8 start run  @clk     1357601
slice9 prefetch finish  @clk     1357606
slice9 start run  @clk     1357607
slice10 prefetch finish  @clk     1357612
slice10 start run  @clk     1357613
slice11 prefetch finish  @clk     1357626
slice11 start run  @clk     1357627
slice12 access done  @clk     1362224
slice12 start write  @clk     1362225
slice12 write_burst finish  @clk     1362226
slice12 task finish  @clk     1362228
slice13 access done  @clk     1362230
slice13 start write  @clk     1362231
slice13 write_burst finish  @clk     1362232
slice13 task finish  @clk     1362234
slice14 access done  @clk     1362236
slice14 start write  @clk     1362237
slice14 write_burst finish  @clk     1362238
slice14 task finish  @clk     1362240
slice15 access done  @clk     1362250
slice15 start write  @clk     1362251
slice15 write_burst finish  @clk     1362252
slice15 task finish  @clk     1362254
slice4 access done  @clk     1362268
slice4 start write  @clk     1362269
slice4 write_burst finish  @clk     1362270
slice4 task finish  @clk     1362272
slice5 access done  @clk     1362274
slice5 start write  @clk     1362275
slice5 write_burst finish  @clk     1362276
slice5 task finish  @clk     1362278
slice6 access done  @clk     1362280
slice6 start write  @clk     1362281
slice6 write_burst finish  @clk     1362282
slice6 task finish  @clk     1362284
slice7 access done  @clk     1362294
slice7 start write  @clk     1362295
slice7 write_burst finish  @clk     1362296
slice7 task finish  @clk     1362298
slice8 access done  @clk     1362300
slice8 start write  @clk     1362301
slice8 write_burst finish  @clk     1362302
slice8 task finish  @clk     1362304
slice9 access done  @clk     1362306
slice9 start write  @clk     1362307
slice9 write_burst finish  @clk     1362308
slice9 task finish  @clk     1362310
slice10 access done  @clk     1362312
slice10 start write  @clk     1362313
slice10 write_burst finish  @clk     1362314
slice10 task finish  @clk     1362316
slice11 access done  @clk     1362326
slice11 start write  @clk     1362327
slice11 write_burst finish  @clk     1362328
slice11 task finish  @clk     1362330
slice12 start prefetch  @clk     1362653
slice13 start prefetch  @clk     1362653
slice14 start prefetch  @clk     1362653
slice15 start prefetch  @clk     1362653
slice8 start prefetch  @clk     1362655
slice9 start prefetch  @clk     1362655
slice10 start prefetch  @clk     1362655
slice11 start prefetch  @clk     1362655
slice4 start prefetch  @clk     1362657
slice5 start prefetch  @clk     1362657
slice6 start prefetch  @clk     1362657
slice7 start prefetch  @clk     1362657
