slice12 start prefetch  @clk     1024197
slice13 start prefetch  @clk     1024197
slice14 start prefetch  @clk     1024197
slice15 start prefetch  @clk     1024197
slice8 start prefetch  @clk     1024199
slice9 start prefetch  @clk     1024199
slice10 start prefetch  @clk     1024199
slice11 start prefetch  @clk     1024199
slice4 start prefetch  @clk     1024201
slice5 start prefetch  @clk     1024201
slice6 start prefetch  @clk     1024201
slice7 start prefetch  @clk     1024201
slice0 start prefetch @clk     1024203
slice1 start prefetch  @clk     1024203
slice2 start prefetch  @clk     1024203
slice3 start prefetch  @clk     1024203
slice12 compute config finish @clk     1044850
slice13 compute config finish @clk     1044850
slice14 compute config finish @clk     1044850
slice15 compute config finish @clk     1044850
slice8 compute config finish @clk     1044852
slice9 compute config finish @clk     1044852
slice10 compute config finish @clk     1044852
slice11 compute config finish @clk     1044852
slice4 compute config finish @clk     1044854
slice5 compute config finish @clk     1044854
slice6 compute config finish @clk     1044854
slice7 compute config finish @clk     1044854
slice0 compute config finish @clk     1044856
slice1 compute config finish @clk     1044856
slice2 compute config finish @clk     1044856
slice3 compute config finish @clk     1044856
slice12 prefetch finish  @clk     1080957
slice12 start run  @clk     1080958
slice13 prefetch finish  @clk     1081007
slice13 start run  @clk     1081008
slice14 prefetch finish  @clk     1081011
slice14 start run  @clk     1081012
slice15 prefetch finish  @clk     1081015
slice15 start run  @clk     1081016
slice12 start prefetch  @clk     1081028
slice4 prefetch finish  @clk     1081035
slice4 start run  @clk     1081036
slice13 start prefetch  @clk     1081078
slice14 start prefetch  @clk     1081082
slice15 start prefetch  @clk     1081086
slice5 prefetch finish  @clk     1081087
slice5 start run  @clk     1081088
slice6 prefetch finish  @clk     1081091
slice6 start run  @clk     1081092
slice7 prefetch finish  @clk     1081095
slice7 start run  @clk     1081096
slice8 prefetch finish  @clk     1081099
slice8 start run  @clk     1081100
slice9 prefetch finish  @clk     1081103
slice9 start run  @clk     1081104
slice4 start prefetch  @clk     1081106
slice10 prefetch finish  @clk     1081107
slice10 start run  @clk     1081108
slice11 prefetch finish  @clk     1081111
slice11 start run  @clk     1081112
slice0 prefetch finish @clk     1081115
slice0 start run @clk     1081116
slice5 start prefetch  @clk     1081158
slice6 start prefetch  @clk     1081162
slice7 start prefetch  @clk     1081166
slice1 prefetch finish  @clk     1081167
slice1 start run  @clk     1081168
slice8 start prefetch  @clk     1081170
slice2 prefetch finish  @clk     1081171
slice2 start run  @clk     1081172
slice9 start prefetch  @clk     1081174
slice3 prefetch finish  @clk     1081175
slice3 start run  @clk     1081176
slice10 start prefetch  @clk     1081178
slice11 start prefetch  @clk     1081182
slice0 start prefetch @clk     1081186
slice1 start prefetch  @clk     1081238
slice2 start prefetch  @clk     1081242
slice3 start prefetch  @clk     1081246
slice12 access done  @clk     1085047
slice12 start write  @clk     1085048
slice13 access done  @clk     1085097
slice13 start write  @clk     1085098
slice14 access done  @clk     1085101
slice14 start write  @clk     1085102
slice15 access done  @clk     1085105
slice15 start write  @clk     1085106
slice4 access done  @clk     1085125
slice4 start write  @clk     1085126
slice5 access done  @clk     1085177
slice5 start write  @clk     1085178
slice6 access done  @clk     1085181
slice6 start write  @clk     1085182
slice7 access done  @clk     1085185
slice7 start write  @clk     1085186
slice8 access done  @clk     1085189
slice8 start write  @clk     1085190
slice9 access done  @clk     1085193
slice9 start write  @clk     1085194
slice10 access done  @clk     1085197
slice10 start write  @clk     1085198
slice11 access done  @clk     1085201
slice11 start write  @clk     1085202
slice0 access done @clk     1085205
slice0 start write @clk     1085206
slice1 access done  @clk     1085257
slice1 start write  @clk     1085258
slice2 access done  @clk     1085261
slice2 start write  @clk     1085262
slice3 access done  @clk     1085265
slice3 start write  @clk     1085266
slice12 compute config finish @clk     1085943
slice13 compute config finish @clk     1085993
slice14 compute config finish @clk     1085997
slice15 compute config finish @clk     1086001
slice4 compute config finish @clk     1086021
slice5 compute config finish @clk     1086073
slice6 compute config finish @clk     1086077
slice7 compute config finish @clk     1086081
slice8 compute config finish @clk     1086085
slice9 compute config finish @clk     1086089
slice10 compute config finish @clk     1086093
slice11 compute config finish @clk     1086097
slice0 compute config finish @clk     1086101
slice1 compute config finish @clk     1086153
slice2 compute config finish @clk     1086157
slice3 compute config finish @clk     1086161
slice12 prefetch finish  @clk     1141403
slice13 prefetch finish  @clk     1142283
slice14 prefetch finish  @clk     1142287
slice15 prefetch finish  @clk     1142291
slice4 prefetch finish  @clk     1142839
slice5 prefetch finish  @clk     1143069
slice6 prefetch finish  @clk     1143073
slice7 prefetch finish  @clk     1143077
slice8 prefetch finish  @clk     1143159
slice9 prefetch finish  @clk     1143163
slice0 prefetch finish @clk     1143227
slice10 prefetch finish  @clk     1143243
slice11 prefetch finish  @clk     1143247
slice1 prefetch finish  @clk     1143337
slice2 prefetch finish  @clk     1143341
slice3 prefetch finish  @clk     1143345
slice12 write_burst finish  @clk     1171479
slice12 task finish  @clk     1171481
slice12 start run  @clk     1171490
slice13 write_burst finish  @clk     1172257
slice13 task finish  @clk     1172259
slice14 write_burst finish  @clk     1172261
slice14 task finish  @clk     1172263
slice15 write_burst finish  @clk     1172265
slice15 task finish  @clk     1172267
slice13 start run  @clk     1172275
slice14 start run  @clk     1172276
slice15 start run  @clk     1172277
slice4 write_burst finish  @clk     1172711
slice4 task finish  @clk     1172713
slice4 start run  @clk     1172714
slice5 write_burst finish  @clk     1172911
slice5 task finish  @clk     1172913
slice6 write_burst finish  @clk     1172915
slice6 task finish  @clk     1172917
slice5 start run  @clk     1172923
slice6 start run  @clk     1172924
slice7 write_burst finish  @clk     1173011
slice7 task finish  @clk     1173013
slice7 start run  @clk     1173021
slice8 write_burst finish  @clk     1173083
slice8 task finish  @clk     1173085
slice8 start run  @clk     1173086
slice9 write_burst finish  @clk     1173105
slice9 task finish  @clk     1173107
slice9 start run  @clk     1173119
slice10 write_burst finish  @clk     1173151
slice10 task finish  @clk     1173153
slice10 start run  @clk     1173168
slice11 write_burst finish  @clk     1173173
slice11 task finish  @clk     1173175
slice0 write_burst finish @clk     1173177
slice0 task finish @clk     1173179
slice11 start run  @clk     1173185
slice0 start run @clk     1173190
slice1 write_burst finish  @clk     1173211
slice1 task finish  @clk     1173213
slice2 write_burst finish  @clk     1173215
slice3 write_burst finish  @clk     1173216
slice2 task finish  @clk     1173217
slice3 task finish  @clk     1173218
slice1 start run  @clk     1173223
slice2 start run  @clk     1173224
slice3 start run  @clk     1173225
slice12 start prefetch  @clk     1173555
slice13 start prefetch  @clk     1173555
slice14 start prefetch  @clk     1173555
slice15 start prefetch  @clk     1173555
slice8 start prefetch  @clk     1173557
slice9 start prefetch  @clk     1173557
slice10 start prefetch  @clk     1173557
slice11 start prefetch  @clk     1173557
slice4 start prefetch  @clk     1173559
slice5 start prefetch  @clk     1173559
slice6 start prefetch  @clk     1173559
slice7 start prefetch  @clk     1173559
slice0 start prefetch @clk     1173561
slice1 start prefetch  @clk     1173561
slice2 start prefetch  @clk     1173561
slice3 start prefetch  @clk     1173561
slice12 access done  @clk     1175582
slice12 start write  @clk     1175583
slice13 access done  @clk     1176367
slice14 access done  @clk     1176368
slice13 start write  @clk     1176368
slice15 access done  @clk     1176369
slice14 start write  @clk     1176369
slice15 start write  @clk     1176370
slice4 access done  @clk     1176806
slice4 start write  @clk     1176807
slice5 access done  @clk     1177015
slice6 access done  @clk     1177016
slice5 start write  @clk     1177016
slice6 start write  @clk     1177017
slice7 access done  @clk     1177113
slice7 start write  @clk     1177114
slice8 access done  @clk     1177178
slice8 start write  @clk     1177179
slice9 access done  @clk     1177211
slice9 start write  @clk     1177212
slice10 access done  @clk     1177260
slice10 start write  @clk     1177261
slice11 access done  @clk     1177277
slice11 start write  @clk     1177278
slice0 access done @clk     1177282
slice0 start write @clk     1177283
slice1 access done  @clk     1177315
slice2 access done  @clk     1177316
slice1 start write  @clk     1177316
slice3 access done  @clk     1177317
slice2 start write  @clk     1177317
slice3 start write  @clk     1177318
slice12 compute config finish @clk     1177696
slice13 compute config finish @clk     1177696
slice14 compute config finish @clk     1177696
slice15 compute config finish @clk     1177696
slice4 compute config finish @clk     1177702
slice5 compute config finish @clk     1177911
slice6 compute config finish @clk     1177912
slice7 compute config finish @clk     1178009
slice8 compute config finish @clk     1178074
slice9 compute config finish @clk     1178107
slice10 compute config finish @clk     1178156
slice11 compute config finish @clk     1178173
slice0 compute config finish @clk     1178178
slice1 compute config finish @clk     1178211
slice2 compute config finish @clk     1178212
slice3 compute config finish @clk     1178213
slice12 prefetch finish  @clk     1212623
slice13 prefetch finish  @clk     1212627
slice14 prefetch finish  @clk     1212631
slice15 prefetch finish  @clk     1212635
slice4 prefetch finish  @clk     1212701
slice5 prefetch finish  @clk     1212705
slice6 prefetch finish  @clk     1212709
slice7 prefetch finish  @clk     1212713
slice8 prefetch finish  @clk     1212795
slice9 prefetch finish  @clk     1212799
slice10 prefetch finish  @clk     1212803
slice11 prefetch finish  @clk     1212807
slice0 prefetch finish @clk     1212811
slice1 prefetch finish  @clk     1212815
slice2 prefetch finish  @clk     1212819
slice3 prefetch finish  @clk     1212823
slice12 write_burst finish  @clk     1242371
slice12 task finish  @clk     1242373
slice12 start run  @clk     1242386
slice13 write_burst finish  @clk     1242507
slice13 task finish  @clk     1242509
slice14 write_burst finish  @clk     1242511
slice14 task finish  @clk     1242513
slice13 start run  @clk     1242515
slice15 write_burst finish  @clk     1242515
slice14 start run  @clk     1242516
slice15 task finish  @clk     1242517
slice15 start run  @clk     1242533
slice4 write_burst finish  @clk     1242877
slice4 task finish  @clk     1242879
slice5 write_burst finish  @clk     1242881
slice5 task finish  @clk     1242883
slice6 write_burst finish  @clk     1242885
slice6 task finish  @clk     1242887
slice7 write_burst finish  @clk     1242889
slice4 start run  @clk     1242890
slice5 start run  @clk     1242891
slice7 task finish  @clk     1242891
slice6 start run  @clk     1242892
slice7 start run  @clk     1242893
slice8 write_burst finish  @clk     1242981
slice8 task finish  @clk     1242983
slice8 start run  @clk     1242990
slice0 write_burst finish @clk     1243015
slice0 task finish @clk     1243017
slice1 write_burst finish  @clk     1243019
slice1 task finish  @clk     1243021
slice2 write_burst finish  @clk     1243023
slice2 task finish  @clk     1243025
slice0 start run @clk     1243030
slice1 start run  @clk     1243031
slice2 start run  @clk     1243032
slice3 write_burst finish  @clk     1243045
slice3 task finish  @clk     1243047
slice3 start run  @clk     1243049
slice9 write_burst finish  @clk     1243049
slice9 task finish  @clk     1243051
slice10 write_burst finish  @clk     1243053
slice11 write_burst finish  @clk     1243054
slice9 start run  @clk     1243055
slice10 task finish  @clk     1243055
slice10 start run  @clk     1243056
slice11 task finish  @clk     1243056
slice11 start run  @clk     1243057
slice12 start prefetch  @clk     1243385
slice13 start prefetch  @clk     1243385
slice14 start prefetch  @clk     1243385
slice15 start prefetch  @clk     1243385
slice8 start prefetch  @clk     1243387
slice9 start prefetch  @clk     1243387
slice10 start prefetch  @clk     1243387
slice11 start prefetch  @clk     1243387
slice4 start prefetch  @clk     1243389
slice5 start prefetch  @clk     1243389
slice6 start prefetch  @clk     1243389
slice7 start prefetch  @clk     1243389
slice0 start prefetch @clk     1243391
slice1 start prefetch  @clk     1243391
slice2 start prefetch  @clk     1243391
slice3 start prefetch  @clk     1243391
slice12 access done  @clk     1246478
slice12 start write  @clk     1246479
slice13 access done  @clk     1246607
slice14 access done  @clk     1246608
slice13 start write  @clk     1246608
slice14 start write  @clk     1246609
slice15 access done  @clk     1246625
slice15 start write  @clk     1246626
slice4 access done  @clk     1246982
slice5 access done  @clk     1246983
slice4 start write  @clk     1246983
slice6 access done  @clk     1246984
slice5 start write  @clk     1246984
slice7 access done  @clk     1246985
slice6 start write  @clk     1246985
slice7 start write  @clk     1246986
slice8 access done  @clk     1247082
slice8 start write  @clk     1247083
slice0 access done @clk     1247122
slice1 access done  @clk     1247123
slice0 start write @clk     1247123
slice2 access done  @clk     1247124
slice1 start write  @clk     1247124
slice2 start write  @clk     1247125
slice3 access done  @clk     1247141
slice3 start write  @clk     1247142
slice9 access done  @clk     1247147
slice10 access done  @clk     1247148
slice9 start write  @clk     1247148
slice11 access done  @clk     1247149
slice10 start write  @clk     1247149
slice11 start write  @clk     1247150
slice12 compute config finish @clk     1247518
slice13 compute config finish @clk     1247518
slice14 compute config finish @clk     1247518
slice15 compute config finish @clk     1247521
slice4 compute config finish @clk     1247878
slice5 compute config finish @clk     1247879
slice6 compute config finish @clk     1247880
slice7 compute config finish @clk     1247881
slice8 compute config finish @clk     1247978
slice0 compute config finish @clk     1248018
slice1 compute config finish @clk     1248019
slice2 compute config finish @clk     1248020
slice3 compute config finish @clk     1248037
slice9 compute config finish @clk     1248043
slice10 compute config finish @clk     1248044
slice11 compute config finish @clk     1248045
slice12 prefetch finish  @clk     1282413
slice13 prefetch finish  @clk     1282463
slice14 prefetch finish  @clk     1282467
slice15 prefetch finish  @clk     1282471
slice4 prefetch finish  @clk     1282491
slice5 prefetch finish  @clk     1282543
slice6 prefetch finish  @clk     1282547
slice7 prefetch finish  @clk     1282551
slice8 prefetch finish  @clk     1282555
slice9 prefetch finish  @clk     1282559
slice10 prefetch finish  @clk     1282563
slice11 prefetch finish  @clk     1282567
slice0 prefetch finish @clk     1282571
slice1 prefetch finish  @clk     1282633
slice2 prefetch finish  @clk     1282637
slice3 prefetch finish  @clk     1282641
slice12 write_burst finish  @clk     1312409
slice12 task finish  @clk     1312411
slice13 write_burst finish  @clk     1312413
slice13 task finish  @clk     1312415
slice14 write_burst finish  @clk     1312417
slice12 start run  @clk     1312418
slice13 start run  @clk     1312419
slice14 task finish  @clk     1312419
slice14 start run  @clk     1312420
slice15 write_burst finish  @clk     1312545
slice15 task finish  @clk     1312547
slice15 start run  @clk     1312549
slice4 write_burst finish  @clk     1312685
slice4 task finish  @clk     1312687
slice4 start run  @clk     1312698
slice5 write_burst finish  @clk     1312787
slice5 task finish  @clk     1312789
slice6 write_burst finish  @clk     1312791
slice6 task finish  @clk     1312793
slice5 start run  @clk     1312795
slice7 write_burst finish  @clk     1312795
slice6 start run  @clk     1312796
slice7 task finish  @clk     1312797
slice7 start run  @clk     1312813
slice8 write_burst finish  @clk     1312817
slice8 task finish  @clk     1312819
slice9 write_burst finish  @clk     1312821
slice9 task finish  @clk     1312823
slice10 write_burst finish  @clk     1312825
slice10 task finish  @clk     1312827
slice11 write_burst finish  @clk     1312829
slice8 start run  @clk     1312830
slice9 start run  @clk     1312831
slice11 task finish  @clk     1312831
slice10 start run  @clk     1312832
slice11 start run  @clk     1312833
slice0 write_burst finish @clk     1312851
slice0 task finish @clk     1312853
slice0 start run @clk     1312854
slice1 write_burst finish  @clk     1312887
slice1 task finish  @clk     1312889
slice2 write_burst finish  @clk     1312891
slice3 write_burst finish  @clk     1312892
slice2 task finish  @clk     1312893
slice3 task finish  @clk     1312894
slice1 start run  @clk     1312903
slice2 start run  @clk     1312904
slice3 start run  @clk     1312905
slice12 start prefetch  @clk     1313231
slice13 start prefetch  @clk     1313231
slice14 start prefetch  @clk     1313231
slice15 start prefetch  @clk     1313231
slice8 start prefetch  @clk     1313233
slice9 start prefetch  @clk     1313233
slice10 start prefetch  @clk     1313233
slice11 start prefetch  @clk     1313233
slice4 start prefetch  @clk     1313235
slice5 start prefetch  @clk     1313235
slice6 start prefetch  @clk     1313235
slice7 start prefetch  @clk     1313235
slice0 start prefetch @clk     1313237
slice1 start prefetch  @clk     1313237
slice2 start prefetch  @clk     1313237
slice3 start prefetch  @clk     1313237
slice12 access done  @clk     1316510
slice13 access done  @clk     1316511
slice12 start write  @clk     1316511
slice14 access done  @clk     1316512
slice13 start write  @clk     1316512
slice14 start write  @clk     1316513
slice15 access done  @clk     1316641
slice15 start write  @clk     1316642
slice4 access done  @clk     1316790
slice4 start write  @clk     1316791
slice5 access done  @clk     1316887
slice6 access done  @clk     1316888
slice5 start write  @clk     1316888
slice6 start write  @clk     1316889
slice7 access done  @clk     1316905
slice7 start write  @clk     1316906
slice8 access done  @clk     1316922
slice9 access done  @clk     1316923
slice8 start write  @clk     1316923
slice10 access done  @clk     1316924
slice9 start write  @clk     1316924
slice11 access done  @clk     1316925
slice10 start write  @clk     1316925
slice11 start write  @clk     1316926
slice0 access done @clk     1316946
slice0 start write @clk     1316947
slice1 access done  @clk     1316995
slice2 access done  @clk     1316996
slice1 start write  @clk     1316996
slice3 access done  @clk     1316997
slice2 start write  @clk     1316997
slice3 start write  @clk     1316998
slice12 compute config finish @clk     1319874
slice13 compute config finish @clk     1319874
slice14 compute config finish @clk     1319874
slice15 compute config finish @clk     1319874
slice8 compute config finish @clk     1319876
slice9 compute config finish @clk     1319876
slice10 compute config finish @clk     1319876
slice11 compute config finish @clk     1319876
slice4 compute config finish @clk     1319878
slice5 compute config finish @clk     1319878
slice6 compute config finish @clk     1319878
slice7 compute config finish @clk     1319878
slice0 compute config finish @clk     1319880
slice1 compute config finish @clk     1319880
slice2 compute config finish @clk     1319880
slice3 compute config finish @clk     1319880
slice12 prefetch finish  @clk     1352847
slice13 prefetch finish  @clk     1352851
slice14 prefetch finish  @clk     1352855
slice15 prefetch finish  @clk     1352859
slice4 prefetch finish  @clk     1352927
slice5 prefetch finish  @clk     1352931
slice6 prefetch finish  @clk     1352935
slice7 prefetch finish  @clk     1352939
slice8 prefetch finish  @clk     1352943
slice9 prefetch finish  @clk     1352947
slice10 prefetch finish  @clk     1352951
slice11 prefetch finish  @clk     1352955
slice0 prefetch finish @clk     1353017
slice1 prefetch finish  @clk     1353021
slice2 prefetch finish  @clk     1353025
slice3 prefetch finish  @clk     1353029
slice12 write_burst finish  @clk     1382765
slice12 task finish  @clk     1382767
slice13 write_burst finish  @clk     1382769
slice12 start run  @clk     1382770
slice13 task finish  @clk     1382771
slice14 write_burst finish  @clk     1382773
slice14 task finish  @clk     1382775
slice13 start run  @clk     1382787
slice14 start run  @clk     1382788
slice15 write_burst finish  @clk     1382795
slice15 task finish  @clk     1382797
slice15 start run  @clk     1382805
slice4 write_burst finish  @clk     1383139
slice4 task finish  @clk     1383141
slice5 write_burst finish  @clk     1383143
slice5 task finish  @clk     1383145
slice4 start run  @clk     1383146
slice5 start run  @clk     1383147
slice6 write_burst finish  @clk     1383147
slice6 task finish  @clk     1383149
slice6 start run  @clk     1383164
slice7 write_burst finish  @clk     1383169
slice7 task finish  @clk     1383171
slice8 write_burst finish  @clk     1383173
slice8 task finish  @clk     1383175
slice9 write_burst finish  @clk     1383177
slice9 task finish  @clk     1383179
slice7 start run  @clk     1383181
slice8 start run  @clk     1383182
slice9 start run  @clk     1383183
slice10 write_burst finish  @clk     1383240
slice10 task finish  @clk     1383242
slice11 write_burst finish  @clk     1383245
slice11 task finish  @clk     1383247
slice10 start run  @clk     1383248
slice11 start run  @clk     1383249
slice0 write_burst finish @clk     1383249
slice0 task finish @clk     1383251
slice0 start run @clk     1383254
slice1 write_burst finish  @clk     1383271
slice1 task finish  @clk     1383273
slice2 write_burst finish  @clk     1383275
slice2 task finish  @clk     1383277
slice3 write_burst finish  @clk     1383279
slice3 task finish  @clk     1383281
slice1 start run  @clk     1383287
slice2 start run  @clk     1383288
slice3 start run  @clk     1383289
slice12 start prefetch  @clk     1383619
slice13 start prefetch  @clk     1383619
slice14 start prefetch  @clk     1383619
slice15 start prefetch  @clk     1383619
slice8 start prefetch  @clk     1383621
slice9 start prefetch  @clk     1383621
slice10 start prefetch  @clk     1383621
slice11 start prefetch  @clk     1383621
slice4 start prefetch  @clk     1383623
slice5 start prefetch  @clk     1383623
slice6 start prefetch  @clk     1383623
slice7 start prefetch  @clk     1383623
slice0 start prefetch @clk     1383625
slice1 start prefetch  @clk     1383625
slice2 start prefetch  @clk     1383625
slice3 start prefetch  @clk     1383625
slice12 access done  @clk     1386862
slice12 start write  @clk     1386863
slice13 access done  @clk     1386879
slice14 access done  @clk     1386880
slice13 start write  @clk     1386880
slice14 start write  @clk     1386881
slice15 access done  @clk     1386897
slice15 start write  @clk     1386898
slice4 access done  @clk     1387238
slice5 access done  @clk     1387239
slice4 start write  @clk     1387239
slice5 start write  @clk     1387240
slice6 access done  @clk     1387256
slice6 start write  @clk     1387257
slice7 access done  @clk     1387273
slice8 access done  @clk     1387274
slice7 start write  @clk     1387274
slice9 access done  @clk     1387275
slice8 start write  @clk     1387275
slice9 start write  @clk     1387276
slice10 access done  @clk     1387340
slice11 access done  @clk     1387341
slice10 start write  @clk     1387341
slice11 start write  @clk     1387342
slice0 access done @clk     1387346
slice0 start write @clk     1387347
slice1 access done  @clk     1387379
slice2 access done  @clk     1387380
slice1 start write  @clk     1387380
slice3 access done  @clk     1387381
slice2 start write  @clk     1387381
slice3 start write  @clk     1387382
slice12 compute config finish @clk     1388006
slice13 compute config finish @clk     1388006
slice14 compute config finish @clk     1388006
slice15 compute config finish @clk     1388006
slice4 compute config finish @clk     1388134
slice5 compute config finish @clk     1388135
slice6 compute config finish @clk     1388152
slice7 compute config finish @clk     1388169
slice8 compute config finish @clk     1388170
slice9 compute config finish @clk     1388171
slice10 compute config finish @clk     1388236
slice11 compute config finish @clk     1388237
slice0 compute config finish @clk     1388242
slice1 compute config finish @clk     1388275
slice2 compute config finish @clk     1388276
slice3 compute config finish @clk     1388277
slice12 prefetch finish  @clk     1422621
slice13 prefetch finish  @clk     1422625
slice14 prefetch finish  @clk     1422629
slice15 prefetch finish  @clk     1422633
slice4 prefetch finish  @clk     1422699
slice5 prefetch finish  @clk     1422703
slice6 prefetch finish  @clk     1422707
slice7 prefetch finish  @clk     1422711
slice8 prefetch finish  @clk     1422793
slice9 prefetch finish  @clk     1422797
slice10 prefetch finish  @clk     1422801
slice11 prefetch finish  @clk     1422805
slice0 prefetch finish @clk     1422809
slice1 prefetch finish  @clk     1422813
slice2 prefetch finish  @clk     1422817
slice3 prefetch finish  @clk     1422821
slice12 write_burst finish  @clk     1452369
slice12 task finish  @clk     1452371
slice12 start run  @clk     1452386
slice13 write_burst finish  @clk     1452505
slice13 task finish  @clk     1452507
slice14 write_burst finish  @clk     1452509
slice14 task finish  @clk     1452511
slice15 write_burst finish  @clk     1452513
slice13 start run  @clk     1452515
slice15 task finish  @clk     1452515
slice14 start run  @clk     1452516
slice15 start run  @clk     1452517
slice4 write_burst finish  @clk     1452875
slice4 task finish  @clk     1452877
slice5 write_burst finish  @clk     1452879
slice5 task finish  @clk     1452881
slice6 write_burst finish  @clk     1452883
slice6 task finish  @clk     1452885
slice7 write_burst finish  @clk     1452887
slice7 task finish  @clk     1452889
slice4 start run  @clk     1452890
slice5 start run  @clk     1452891
slice6 start run  @clk     1452892
slice7 start run  @clk     1452893
slice8 write_burst finish  @clk     1452979
slice8 task finish  @clk     1452981
slice8 start run  @clk     1452990
slice0 write_burst finish @clk     1453013
slice0 task finish @clk     1453015
slice1 write_burst finish  @clk     1453017
slice1 task finish  @clk     1453019
slice2 write_burst finish  @clk     1453021
slice2 task finish  @clk     1453023
slice0 start run @clk     1453030
slice1 start run  @clk     1453031
slice2 start run  @clk     1453032
slice3 write_burst finish  @clk     1453043
slice3 task finish  @clk     1453045
slice9 write_burst finish  @clk     1453047
slice3 start run  @clk     1453049
slice9 task finish  @clk     1453049
slice10 write_burst finish  @clk     1453051
slice11 write_burst finish  @clk     1453052
slice10 task finish  @clk     1453053
slice11 task finish  @clk     1453054
slice9 start run  @clk     1453055
slice10 start run  @clk     1453056
slice11 start run  @clk     1453057
slice12 start prefetch  @clk     1453383
slice13 start prefetch  @clk     1453383
slice14 start prefetch  @clk     1453383
slice15 start prefetch  @clk     1453383
slice8 start prefetch  @clk     1453385
slice9 start prefetch  @clk     1453385
slice10 start prefetch  @clk     1453385
slice11 start prefetch  @clk     1453385
slice4 start prefetch  @clk     1453387
slice5 start prefetch  @clk     1453387
slice6 start prefetch  @clk     1453387
slice7 start prefetch  @clk     1453387
slice0 start prefetch @clk     1453389
slice1 start prefetch  @clk     1453389
slice2 start prefetch  @clk     1453389
slice3 start prefetch  @clk     1453389
slice12 access done  @clk     1456478
slice12 start write  @clk     1456479
slice13 access done  @clk     1456607
slice14 access done  @clk     1456608
slice13 start write  @clk     1456608
slice15 access done  @clk     1456609
slice14 start write  @clk     1456609
slice15 start write  @clk     1456610
slice4 access done  @clk     1456982
slice5 access done  @clk     1456983
slice4 start write  @clk     1456983
slice6 access done  @clk     1456984
slice5 start write  @clk     1456984
slice7 access done  @clk     1456985
slice6 start write  @clk     1456985
slice7 start write  @clk     1456986
slice8 access done  @clk     1457082
slice8 start write  @clk     1457083
slice0 access done @clk     1457122
slice1 access done  @clk     1457123
slice0 start write @clk     1457123
slice2 access done  @clk     1457124
slice1 start write  @clk     1457124
slice2 start write  @clk     1457125
slice3 access done  @clk     1457141
slice3 start write  @clk     1457142
slice9 access done  @clk     1457147
slice10 access done  @clk     1457148
slice9 start write  @clk     1457148
slice11 access done  @clk     1457149
slice10 start write  @clk     1457149
slice11 start write  @clk     1457150
slice12 compute config finish @clk     1458234
slice13 compute config finish @clk     1458234
slice14 compute config finish @clk     1458234
slice15 compute config finish @clk     1458234
slice8 compute config finish @clk     1458236
slice9 compute config finish @clk     1458236
slice10 compute config finish @clk     1458236
slice11 compute config finish @clk     1458236
slice4 compute config finish @clk     1458238
slice5 compute config finish @clk     1458238
slice6 compute config finish @clk     1458238
slice7 compute config finish @clk     1458238
slice0 compute config finish @clk     1458240
slice1 compute config finish @clk     1458240
slice2 compute config finish @clk     1458240
slice3 compute config finish @clk     1458240
slice12 prefetch finish  @clk     1492467
slice13 prefetch finish  @clk     1492471
slice14 prefetch finish  @clk     1492475
slice15 prefetch finish  @clk     1492479
slice4 prefetch finish  @clk     1492545
slice5 prefetch finish  @clk     1492549
slice6 prefetch finish  @clk     1492553
slice7 prefetch finish  @clk     1492557
slice8 prefetch finish  @clk     1492639
slice9 prefetch finish  @clk     1492643
slice10 prefetch finish  @clk     1492647
slice11 prefetch finish  @clk     1492651
slice0 prefetch finish @clk     1492655
slice1 prefetch finish  @clk     1492659
slice2 prefetch finish  @clk     1492663
slice3 prefetch finish  @clk     1492667
slice12 write_burst finish  @clk     1522215
slice12 task finish  @clk     1522217
slice12 start run  @clk     1522226
slice13 write_burst finish  @clk     1522351
slice13 task finish  @clk     1522353
slice13 start run  @clk     1522355
slice14 write_burst finish  @clk     1522355
slice14 task finish  @clk     1522357
slice15 write_burst finish  @clk     1522359
slice15 task finish  @clk     1522361
slice14 start run  @clk     1522372
slice15 start run  @clk     1522373
slice4 write_burst finish  @clk     1522721
slice4 task finish  @clk     1522723
slice5 write_burst finish  @clk     1522725
slice5 task finish  @clk     1522727
slice6 write_burst finish  @clk     1522729
slice4 start run  @clk     1522730
slice5 start run  @clk     1522731
slice6 task finish  @clk     1522731
slice6 start run  @clk     1522732
slice7 write_burst finish  @clk     1522733
slice7 task finish  @clk     1522735
slice7 start run  @clk     1522749
slice8 write_burst finish  @clk     1522825
slice8 task finish  @clk     1522827
slice8 start run  @clk     1522830
slice0 write_burst finish @clk     1522859
slice0 task finish @clk     1522861
slice1 write_burst finish  @clk     1522863
slice1 task finish  @clk     1522865
slice2 write_burst finish  @clk     1522867
slice2 task finish  @clk     1522869
slice0 start run @clk     1522870
slice1 start run  @clk     1522871
slice2 start run  @clk     1522872
slice3 write_burst finish  @clk     1522889
slice3 task finish  @clk     1522891
slice9 write_burst finish  @clk     1522893
slice9 task finish  @clk     1522895
slice10 write_burst finish  @clk     1522897
slice11 write_burst finish  @clk     1522898
slice10 task finish  @clk     1522899
slice11 task finish  @clk     1522900
slice3 start run  @clk     1522905
slice9 start run  @clk     1522911
slice10 start run  @clk     1522912
slice11 start run  @clk     1522913
slice12 start prefetch  @clk     1523285
slice13 start prefetch  @clk     1523285
slice14 start prefetch  @clk     1523285
slice15 start prefetch  @clk     1523285
slice8 start prefetch  @clk     1523287
slice9 start prefetch  @clk     1523287
slice10 start prefetch  @clk     1523287
slice11 start prefetch  @clk     1523287
slice4 start prefetch  @clk     1523289
slice5 start prefetch  @clk     1523289
slice6 start prefetch  @clk     1523289
slice7 start prefetch  @clk     1523289
slice0 start prefetch @clk     1523291
slice1 start prefetch  @clk     1523291
slice2 start prefetch  @clk     1523291
slice3 start prefetch  @clk     1523291
slice12 access done  @clk     1526318
slice12 start write  @clk     1526319
slice13 access done  @clk     1526447
slice13 start write  @clk     1526448
slice14 access done  @clk     1526464
slice15 access done  @clk     1526465
slice14 start write  @clk     1526465
slice15 start write  @clk     1526466
slice4 access done  @clk     1526822
slice5 access done  @clk     1526823
slice4 start write  @clk     1526823
slice6 access done  @clk     1526824
slice5 start write  @clk     1526824
slice6 start write  @clk     1526825
slice7 access done  @clk     1526841
slice7 start write  @clk     1526842
slice8 access done  @clk     1526922
slice8 start write  @clk     1526923
slice0 access done @clk     1526962
slice1 access done  @clk     1526963
slice0 start write @clk     1526963
slice2 access done  @clk     1526964
slice1 start write  @clk     1526964
slice2 start write  @clk     1526965
slice3 access done  @clk     1526997
slice3 start write  @clk     1526998
slice9 access done  @clk     1527003
slice10 access done  @clk     1527004
slice9 start write  @clk     1527004
slice11 access done  @clk     1527005
slice10 start write  @clk     1527005
slice11 start write  @clk     1527006
slice12 compute config finish @clk     1527444
slice13 compute config finish @clk     1527444
slice14 compute config finish @clk     1527444
slice15 compute config finish @clk     1527444
slice4 compute config finish @clk     1527718
slice5 compute config finish @clk     1527719
slice6 compute config finish @clk     1527720
slice7 compute config finish @clk     1527737
slice8 compute config finish @clk     1527818
slice0 compute config finish @clk     1527858
slice1 compute config finish @clk     1527859
slice2 compute config finish @clk     1527860
slice3 compute config finish @clk     1527893
slice9 compute config finish @clk     1527899
slice10 compute config finish @clk     1527900
slice11 compute config finish @clk     1527901
slice12 prefetch finish  @clk     1562231
slice13 prefetch finish  @clk     1562281
slice14 prefetch finish  @clk     1562285
slice15 prefetch finish  @clk     1562289
slice4 prefetch finish  @clk     1562309
slice5 prefetch finish  @clk     1562361
slice6 prefetch finish  @clk     1562365
slice7 prefetch finish  @clk     1562369
slice8 prefetch finish  @clk     1562373
slice9 prefetch finish  @clk     1562377
slice10 prefetch finish  @clk     1562381
slice11 prefetch finish  @clk     1562385
slice0 prefetch finish @clk     1562389
slice1 prefetch finish  @clk     1562451
slice2 prefetch finish  @clk     1562455
slice3 prefetch finish  @clk     1562459
slice12 write_burst finish  @clk     1592227
slice12 task finish  @clk     1592229
slice13 write_burst finish  @clk     1592231
slice13 task finish  @clk     1592233
slice14 write_burst finish  @clk     1592235
slice14 task finish  @clk     1592237
slice12 start run  @clk     1592242
slice13 start run  @clk     1592243
slice14 start run  @clk     1592244
slice15 write_burst finish  @clk     1592363
slice15 task finish  @clk     1592365
slice15 start run  @clk     1592373
slice4 write_burst finish  @clk     1592503
slice4 task finish  @clk     1592505
slice4 start run  @clk     1592506
slice5 write_burst finish  @clk     1592605
slice5 task finish  @clk     1592607
slice6 write_burst finish  @clk     1592609
slice6 task finish  @clk     1592611
slice7 write_burst finish  @clk     1592613
slice7 task finish  @clk     1592615
slice5 start run  @clk     1592619
slice6 start run  @clk     1592620
slice7 start run  @clk     1592621
slice8 write_burst finish  @clk     1592635
slice8 task finish  @clk     1592637
slice8 start run  @clk     1592638
slice9 write_burst finish  @clk     1592639
slice9 task finish  @clk     1592641
slice10 write_burst finish  @clk     1592643
slice10 task finish  @clk     1592645
slice11 write_burst finish  @clk     1592647
slice11 task finish  @clk     1592649
slice9 start run  @clk     1592655
slice10 start run  @clk     1592656
slice11 start run  @clk     1592657
slice0 write_burst finish @clk     1592669
slice0 task finish @clk     1592671
slice0 start run @clk     1592678
slice1 write_burst finish  @clk     1592705
slice1 task finish  @clk     1592707
slice2 write_burst finish  @clk     1592709
slice3 write_burst finish  @clk     1592710
slice1 start run  @clk     1592711
slice2 task finish  @clk     1592711
slice2 start run  @clk     1592712
slice3 task finish  @clk     1592712
slice3 start run  @clk     1592713
slice12 start prefetch  @clk     1593045
slice13 start prefetch  @clk     1593045
slice14 start prefetch  @clk     1593045
slice15 start prefetch  @clk     1593045
slice8 start prefetch  @clk     1593047
slice9 start prefetch  @clk     1593047
slice10 start prefetch  @clk     1593047
slice11 start prefetch  @clk     1593047
slice4 start prefetch  @clk     1593049
slice5 start prefetch  @clk     1593049
slice6 start prefetch  @clk     1593049
slice7 start prefetch  @clk     1593049
slice0 start prefetch @clk     1593051
slice1 start prefetch  @clk     1593051
slice2 start prefetch  @clk     1593051
slice3 start prefetch  @clk     1593051
slice12 access done  @clk     1596334
slice13 access done  @clk     1596335
slice12 start write  @clk     1596335
slice14 access done  @clk     1596336
slice13 start write  @clk     1596336
slice14 start write  @clk     1596337
slice15 access done  @clk     1596465
slice15 start write  @clk     1596466
slice4 access done  @clk     1596598
slice4 start write  @clk     1596599
slice5 access done  @clk     1596711
slice6 access done  @clk     1596712
slice5 start write  @clk     1596712
slice7 access done  @clk     1596713
slice6 start write  @clk     1596713
slice7 start write  @clk     1596714
slice8 access done  @clk     1596730
slice8 start write  @clk     1596731
slice9 access done  @clk     1596747
slice10 access done  @clk     1596748
slice9 start write  @clk     1596748
slice11 access done  @clk     1596749
slice10 start write  @clk     1596749
slice11 start write  @clk     1596750
slice0 access done @clk     1596770
slice0 start write @clk     1596771
slice1 access done  @clk     1596803
slice2 access done  @clk     1596804
slice1 start write  @clk     1596804
slice3 access done  @clk     1596805
slice2 start write  @clk     1596805
slice3 start write  @clk     1596806
slice12 compute config finish @clk     1597230
slice13 compute config finish @clk     1597231
slice14 compute config finish @clk     1597232
slice15 compute config finish @clk     1597361
slice4 compute config finish @clk     1597494
slice5 compute config finish @clk     1597607
slice6 compute config finish @clk     1597608
slice7 compute config finish @clk     1597609
slice8 compute config finish @clk     1597626
slice9 compute config finish @clk     1597643
slice10 compute config finish @clk     1597644
slice11 compute config finish @clk     1597645
slice0 compute config finish @clk     1597666
slice1 compute config finish @clk     1597699
slice2 compute config finish @clk     1597700
slice3 compute config finish @clk     1597701
slice12 prefetch finish  @clk     1631997
slice13 prefetch finish  @clk     1632047
slice14 prefetch finish  @clk     1632051
slice15 prefetch finish  @clk     1632055
slice4 prefetch finish  @clk     1632075
slice5 prefetch finish  @clk     1632127
slice6 prefetch finish  @clk     1632131
slice7 prefetch finish  @clk     1632135
slice8 prefetch finish  @clk     1632139
slice9 prefetch finish  @clk     1632143
slice10 prefetch finish  @clk     1632147
slice11 prefetch finish  @clk     1632151
slice0 prefetch finish @clk     1632155
slice1 prefetch finish  @clk     1632217
slice2 prefetch finish  @clk     1632221
slice3 prefetch finish  @clk     1632225
slice12 write_burst finish  @clk     1661993
slice12 task finish  @clk     1661995
slice13 write_burst finish  @clk     1661997
slice13 task finish  @clk     1661999
slice14 write_burst finish  @clk     1662001
slice12 start run  @clk     1662002
slice13 start run  @clk     1662003
slice14 task finish  @clk     1662003
slice14 start run  @clk     1662004
slice15 write_burst finish  @clk     1662129
slice15 task finish  @clk     1662131
slice15 start run  @clk     1662133
slice4 write_burst finish  @clk     1662269
slice4 task finish  @clk     1662271
slice4 start run  @clk     1662282
slice5 write_burst finish  @clk     1662371
slice5 task finish  @clk     1662373
slice6 write_burst finish  @clk     1662375
slice6 task finish  @clk     1662377
slice5 start run  @clk     1662379
slice7 write_burst finish  @clk     1662379
slice6 start run  @clk     1662380
slice7 task finish  @clk     1662381
slice7 start run  @clk     1662397
slice8 write_burst finish  @clk     1662401
slice8 task finish  @clk     1662403
slice9 write_burst finish  @clk     1662405
slice9 task finish  @clk     1662407
slice10 write_burst finish  @clk     1662409
slice10 task finish  @clk     1662411
slice11 write_burst finish  @clk     1662413
slice8 start run  @clk     1662414
slice9 start run  @clk     1662415
slice11 task finish  @clk     1662415
slice10 start run  @clk     1662416
slice11 start run  @clk     1662417
slice0 write_burst finish @clk     1662435
slice0 task finish @clk     1662437
slice0 start run @clk     1662438
slice1 write_burst finish  @clk     1662471
slice1 task finish  @clk     1662473
slice2 write_burst finish  @clk     1662475
slice3 write_burst finish  @clk     1662476
slice2 task finish  @clk     1662477
slice3 task finish  @clk     1662478
slice1 start run  @clk     1662487
slice2 start run  @clk     1662488
slice3 start run  @clk     1662489
slice12 start prefetch  @clk     1662819
slice13 start prefetch  @clk     1662819
slice14 start prefetch  @clk     1662819
slice15 start prefetch  @clk     1662819
slice8 start prefetch  @clk     1662821
slice9 start prefetch  @clk     1662821
slice10 start prefetch  @clk     1662821
slice11 start prefetch  @clk     1662821
slice4 start prefetch  @clk     1662823
slice5 start prefetch  @clk     1662823
slice6 start prefetch  @clk     1662823
slice7 start prefetch  @clk     1662823
slice0 start prefetch @clk     1662825
slice1 start prefetch  @clk     1662825
slice2 start prefetch  @clk     1662825
slice3 start prefetch  @clk     1662825
slice12 access done  @clk     1666094
slice13 access done  @clk     1666095
slice12 start write  @clk     1666095
slice14 access done  @clk     1666096
slice13 start write  @clk     1666096
slice14 start write  @clk     1666097
slice15 access done  @clk     1666225
slice15 start write  @clk     1666226
slice4 access done  @clk     1666374
slice4 start write  @clk     1666375
slice5 access done  @clk     1666471
slice6 access done  @clk     1666472
slice5 start write  @clk     1666472
slice6 start write  @clk     1666473
slice7 access done  @clk     1666489
slice7 start write  @clk     1666490
slice8 access done  @clk     1666506
slice9 access done  @clk     1666507
slice8 start write  @clk     1666507
slice10 access done  @clk     1666508
slice9 start write  @clk     1666508
slice11 access done  @clk     1666509
slice10 start write  @clk     1666509
slice11 start write  @clk     1666510
slice0 access done @clk     1666530
slice0 start write @clk     1666531
slice1 access done  @clk     1666579
slice2 access done  @clk     1666580
slice1 start write  @clk     1666580
slice3 access done  @clk     1666581
slice2 start write  @clk     1666581
slice3 start write  @clk     1666582
slice12 compute config finish @clk     1668242
slice13 compute config finish @clk     1668242
slice14 compute config finish @clk     1668242
slice15 compute config finish @clk     1668242
slice8 compute config finish @clk     1668244
slice9 compute config finish @clk     1668244
slice10 compute config finish @clk     1668244
slice11 compute config finish @clk     1668244
slice4 compute config finish @clk     1668246
slice5 compute config finish @clk     1668246
slice6 compute config finish @clk     1668246
slice7 compute config finish @clk     1668246
slice0 compute config finish @clk     1668248
slice1 compute config finish @clk     1668248
slice2 compute config finish @clk     1668248
slice3 compute config finish @clk     1668248
slice12 prefetch finish  @clk     1701741
slice13 prefetch finish  @clk     1701745
slice14 prefetch finish  @clk     1701749
slice15 prefetch finish  @clk     1701753
slice4 prefetch finish  @clk     1701821
slice5 prefetch finish  @clk     1701825
slice6 prefetch finish  @clk     1701829
slice7 prefetch finish  @clk     1701833
slice8 prefetch finish  @clk     1701837
slice9 prefetch finish  @clk     1701841
slice10 prefetch finish  @clk     1701845
slice11 prefetch finish  @clk     1701849
slice0 prefetch finish @clk     1701911
slice1 prefetch finish  @clk     1701915
slice2 prefetch finish  @clk     1701919
slice3 prefetch finish  @clk     1701923
slice12 write_burst finish  @clk     1731659
slice12 task finish  @clk     1731661
slice13 write_burst finish  @clk     1731663
slice13 task finish  @clk     1731665
slice12 start run  @clk     1731666
slice13 start run  @clk     1731667
slice14 write_burst finish  @clk     1731667
slice14 task finish  @clk     1731669
slice14 start run  @clk     1731684
slice15 write_burst finish  @clk     1731689
slice15 task finish  @clk     1731691
slice15 start run  @clk     1731701
slice4 write_burst finish  @clk     1732033
slice4 task finish  @clk     1732035
slice5 write_burst finish  @clk     1732037
slice5 task finish  @clk     1732039
slice6 write_burst finish  @clk     1732041
slice4 start run  @clk     1732042
slice5 start run  @clk     1732043
slice6 task finish  @clk     1732043
slice6 start run  @clk     1732044
slice7 write_burst finish  @clk     1732063
slice7 task finish  @clk     1732065
slice8 write_burst finish  @clk     1732067
slice8 task finish  @clk     1732069
slice9 write_burst finish  @clk     1732071
slice9 task finish  @clk     1732073
slice7 start run  @clk     1732077
slice8 start run  @clk     1732078
slice9 start run  @clk     1732079
slice10 write_burst finish  @clk     1732134
slice10 task finish  @clk     1732136
slice11 write_burst finish  @clk     1732139
slice11 task finish  @clk     1732141
slice0 write_burst finish @clk     1732143
slice10 start run  @clk     1732144
slice11 start run  @clk     1732145
slice0 task finish @clk     1732145
slice0 start run @clk     1732150
slice1 write_burst finish  @clk     1732165
slice1 task finish  @clk     1732167
slice2 write_burst finish  @clk     1732169
slice2 task finish  @clk     1732171
slice3 write_burst finish  @clk     1732173
slice3 task finish  @clk     1732175
slice1 start run  @clk     1732183
slice2 start run  @clk     1732184
slice3 start run  @clk     1732185
slice12 start prefetch  @clk     1732517
slice13 start prefetch  @clk     1732517
slice14 start prefetch  @clk     1732517
slice15 start prefetch  @clk     1732517
slice8 start prefetch  @clk     1732519
slice9 start prefetch  @clk     1732519
slice10 start prefetch  @clk     1732519
slice11 start prefetch  @clk     1732519
slice4 start prefetch  @clk     1732521
slice5 start prefetch  @clk     1732521
slice6 start prefetch  @clk     1732521
slice7 start prefetch  @clk     1732521
slice0 start prefetch @clk     1732523
slice1 start prefetch  @clk     1732523
slice2 start prefetch  @clk     1732523
slice3 start prefetch  @clk     1732523
slice12 access done  @clk     1735758
slice13 access done  @clk     1735759
slice12 start write  @clk     1735759
slice13 start write  @clk     1735760
slice14 access done  @clk     1735776
slice14 start write  @clk     1735777
slice15 access done  @clk     1735793
slice15 start write  @clk     1735794
slice4 access done  @clk     1736134
slice5 access done  @clk     1736135
slice4 start write  @clk     1736135
slice6 access done  @clk     1736136
slice5 start write  @clk     1736136
slice6 start write  @clk     1736137
slice7 access done  @clk     1736169
slice8 access done  @clk     1736170
slice7 start write  @clk     1736170
slice9 access done  @clk     1736171
slice8 start write  @clk     1736171
slice9 start write  @clk     1736172
slice10 access done  @clk     1736236
slice11 access done  @clk     1736237
slice10 start write  @clk     1736237
slice11 start write  @clk     1736238
slice0 access done @clk     1736242
slice0 start write @clk     1736243
slice1 access done  @clk     1736275
slice2 access done  @clk     1736276
slice1 start write  @clk     1736276
slice3 access done  @clk     1736277
slice2 start write  @clk     1736277
slice3 start write  @clk     1736278
slice12 compute config finish @clk     1736738
slice13 compute config finish @clk     1736738
slice14 compute config finish @clk     1736738
slice15 compute config finish @clk     1736738
slice4 compute config finish @clk     1737030
slice5 compute config finish @clk     1737031
slice6 compute config finish @clk     1737032
slice7 compute config finish @clk     1737065
slice8 compute config finish @clk     1737066
slice9 compute config finish @clk     1737067
slice10 compute config finish @clk     1737132
slice11 compute config finish @clk     1737133
slice0 compute config finish @clk     1737138
slice1 compute config finish @clk     1737171
slice2 compute config finish @clk     1737172
slice3 compute config finish @clk     1737173
slice12 prefetch finish  @clk     1771445
slice13 prefetch finish  @clk     1771495
slice14 prefetch finish  @clk     1771499
slice15 prefetch finish  @clk     1771503
slice4 prefetch finish  @clk     1771523
slice5 prefetch finish  @clk     1771575
slice6 prefetch finish  @clk     1771579
slice7 prefetch finish  @clk     1771583
slice8 prefetch finish  @clk     1771587
slice9 prefetch finish  @clk     1771591
slice10 prefetch finish  @clk     1771595
slice11 prefetch finish  @clk     1771599
slice0 prefetch finish @clk     1771603
slice1 prefetch finish  @clk     1771665
slice2 prefetch finish  @clk     1771669
slice3 prefetch finish  @clk     1771673
slice12 write_burst finish  @clk     1801441
slice12 task finish  @clk     1801443
slice13 write_burst finish  @clk     1801445
slice13 task finish  @clk     1801447
slice14 write_burst finish  @clk     1801449
slice14 task finish  @clk     1801451
slice12 start run  @clk     1801458
slice13 start run  @clk     1801459
slice14 start run  @clk     1801460
slice15 write_burst finish  @clk     1801577
slice15 task finish  @clk     1801579
slice15 start run  @clk     1801589
slice4 write_burst finish  @clk     1801717
slice4 task finish  @clk     1801719
slice4 start run  @clk     1801722
slice5 write_burst finish  @clk     1801819
slice5 task finish  @clk     1801821
slice6 write_burst finish  @clk     1801823
slice6 task finish  @clk     1801825
slice7 write_burst finish  @clk     1801827
slice7 task finish  @clk     1801829
slice5 start run  @clk     1801835
slice6 start run  @clk     1801836
slice7 start run  @clk     1801837
slice8 write_burst finish  @clk     1801849
slice8 task finish  @clk     1801851
slice9 write_burst finish  @clk     1801853
slice8 start run  @clk     1801854
slice9 task finish  @clk     1801855
slice10 write_burst finish  @clk     1801857
slice10 task finish  @clk     1801859
slice11 write_burst finish  @clk     1801861
slice11 task finish  @clk     1801863
slice9 start run  @clk     1801871
slice10 start run  @clk     1801872
slice11 start run  @clk     1801873
slice0 write_burst finish @clk     1801883
slice0 task finish @clk     1801885
slice0 start run @clk     1801894
slice1 write_burst finish  @clk     1801919
slice1 task finish  @clk     1801921
slice2 write_burst finish  @clk     1801923
slice3 write_burst finish  @clk     1801924
slice2 task finish  @clk     1801925
slice3 task finish  @clk     1801926
slice1 start run  @clk     1801927
slice2 start run  @clk     1801928
slice3 start run  @clk     1801929
slice12 start prefetch  @clk     1802259
slice13 start prefetch  @clk     1802259
slice14 start prefetch  @clk     1802259
slice15 start prefetch  @clk     1802259
slice8 start prefetch  @clk     1802261
slice9 start prefetch  @clk     1802261
slice10 start prefetch  @clk     1802261
slice11 start prefetch  @clk     1802261
slice4 start prefetch  @clk     1802263
slice5 start prefetch  @clk     1802263
slice6 start prefetch  @clk     1802263
slice7 start prefetch  @clk     1802263
slice0 start prefetch @clk     1802265
slice1 start prefetch  @clk     1802265
slice2 start prefetch  @clk     1802265
slice3 start prefetch  @clk     1802265
slice12 access done  @clk     1805550
slice13 access done  @clk     1805551
slice12 start write  @clk     1805551
slice14 access done  @clk     1805552
slice13 start write  @clk     1805552
slice14 start write  @clk     1805553
slice15 access done  @clk     1805681
slice15 start write  @clk     1805682
slice4 access done  @clk     1805814
slice4 start write  @clk     1805815
slice5 access done  @clk     1805927
slice6 access done  @clk     1805928
slice5 start write  @clk     1805928
slice7 access done  @clk     1805929
slice6 start write  @clk     1805929
slice7 start write  @clk     1805930
slice8 access done  @clk     1805946
slice8 start write  @clk     1805947
slice9 access done  @clk     1805963
slice10 access done  @clk     1805964
slice9 start write  @clk     1805964
slice11 access done  @clk     1805965
slice10 start write  @clk     1805965
slice11 start write  @clk     1805966
slice0 access done @clk     1805986
slice0 start write @clk     1805987
slice1 access done  @clk     1806019
slice2 access done  @clk     1806020
slice1 start write  @clk     1806020
slice3 access done  @clk     1806021
slice2 start write  @clk     1806021
slice3 start write  @clk     1806022
slice12 compute config finish @clk     1808834
slice13 compute config finish @clk     1808834
slice14 compute config finish @clk     1808834
slice15 compute config finish @clk     1808834
slice8 compute config finish @clk     1808836
slice9 compute config finish @clk     1808836
slice10 compute config finish @clk     1808836
slice11 compute config finish @clk     1808836
slice4 compute config finish @clk     1808838
slice5 compute config finish @clk     1808838
slice6 compute config finish @clk     1808838
slice7 compute config finish @clk     1808838
slice0 compute config finish @clk     1808840
slice1 compute config finish @clk     1808840
slice2 compute config finish @clk     1808840
slice3 compute config finish @clk     1808840
slice12 prefetch finish  @clk     1841739
slice13 prefetch finish  @clk     1841743
slice14 prefetch finish  @clk     1841747
slice15 prefetch finish  @clk     1841751
slice4 prefetch finish  @clk     1841819
slice5 prefetch finish  @clk     1841823
slice6 prefetch finish  @clk     1841827
slice7 prefetch finish  @clk     1841831
slice8 prefetch finish  @clk     1841835
slice9 prefetch finish  @clk     1841839
slice10 prefetch finish  @clk     1841843
slice11 prefetch finish  @clk     1841847
slice0 prefetch finish @clk     1841909
slice1 prefetch finish  @clk     1841913
slice2 prefetch finish  @clk     1841917
slice3 prefetch finish  @clk     1841921
slice12 write_burst finish  @clk     1871657
slice12 task finish  @clk     1871659
slice13 write_burst finish  @clk     1871661
slice13 task finish  @clk     1871663
slice14 write_burst finish  @clk     1871665
slice12 start run  @clk     1871666
slice13 start run  @clk     1871667
slice14 task finish  @clk     1871667
slice14 start run  @clk     1871668
slice15 write_burst finish  @clk     1871687
slice15 task finish  @clk     1871689
slice15 start run  @clk     1871701
slice4 write_burst finish  @clk     1872031
slice4 task finish  @clk     1872033
slice5 write_burst finish  @clk     1872035
slice5 task finish  @clk     1872037
slice6 write_burst finish  @clk     1872039
slice6 task finish  @clk     1872041
slice4 start run  @clk     1872042
slice5 start run  @clk     1872043
slice6 start run  @clk     1872044
slice7 write_burst finish  @clk     1872061
slice7 task finish  @clk     1872063
slice8 write_burst finish  @clk     1872065
slice8 task finish  @clk     1872067
slice9 write_burst finish  @clk     1872069
slice9 task finish  @clk     1872071
slice7 start run  @clk     1872077
slice8 start run  @clk     1872078
slice9 start run  @clk     1872079
slice10 write_burst finish  @clk     1872132
slice10 task finish  @clk     1872134
slice11 write_burst finish  @clk     1872137
slice11 task finish  @clk     1872139
slice0 write_burst finish @clk     1872141
slice0 task finish @clk     1872143
slice10 start run  @clk     1872144
slice11 start run  @clk     1872145
slice0 start run @clk     1872150
slice1 write_burst finish  @clk     1872163
slice1 task finish  @clk     1872165
slice1 start run  @clk     1872167
slice2 write_burst finish  @clk     1872167
slice2 task finish  @clk     1872169
slice3 write_burst finish  @clk     1872171
slice3 task finish  @clk     1872173
slice2 start run  @clk     1872184
slice3 start run  @clk     1872185
slice12 start prefetch  @clk     1872515
slice13 start prefetch  @clk     1872515
slice14 start prefetch  @clk     1872515
slice15 start prefetch  @clk     1872515
slice8 start prefetch  @clk     1872517
slice9 start prefetch  @clk     1872517
slice10 start prefetch  @clk     1872517
slice11 start prefetch  @clk     1872517
slice4 start prefetch  @clk     1872519
slice5 start prefetch  @clk     1872519
slice6 start prefetch  @clk     1872519
slice7 start prefetch  @clk     1872519
slice0 start prefetch @clk     1872521
slice1 start prefetch  @clk     1872521
slice2 start prefetch  @clk     1872521
slice3 start prefetch  @clk     1872521
slice12 access done  @clk     1875758
slice13 access done  @clk     1875759
slice12 start write  @clk     1875759
slice14 access done  @clk     1875760
slice13 start write  @clk     1875760
slice14 start write  @clk     1875761
slice15 access done  @clk     1875793
slice15 start write  @clk     1875794
slice4 access done  @clk     1876134
slice5 access done  @clk     1876135
slice4 start write  @clk     1876135
slice6 access done  @clk     1876136
slice5 start write  @clk     1876136
slice6 start write  @clk     1876137
slice7 access done  @clk     1876169
slice8 access done  @clk     1876170
slice7 start write  @clk     1876170
slice9 access done  @clk     1876171
slice8 start write  @clk     1876171
slice9 start write  @clk     1876172
slice10 access done  @clk     1876236
slice11 access done  @clk     1876237
slice10 start write  @clk     1876237
slice11 start write  @clk     1876238
slice0 access done @clk     1876242
slice0 start write @clk     1876243
slice1 access done  @clk     1876259
slice1 start write  @clk     1876260
slice2 access done  @clk     1876276
slice3 access done  @clk     1876277
slice2 start write  @clk     1876277
slice3 start write  @clk     1876278
slice12 compute config finish @clk     1876734
slice13 compute config finish @clk     1876734
slice14 compute config finish @clk     1876734
slice15 compute config finish @clk     1876734
slice4 compute config finish @clk     1877030
slice5 compute config finish @clk     1877031
slice6 compute config finish @clk     1877032
slice7 compute config finish @clk     1877065
slice8 compute config finish @clk     1877066
slice9 compute config finish @clk     1877067
slice10 compute config finish @clk     1877132
slice11 compute config finish @clk     1877133
slice0 compute config finish @clk     1877138
slice1 compute config finish @clk     1877155
slice2 compute config finish @clk     1877172
slice3 compute config finish @clk     1877173
slice12 prefetch finish  @clk     1911441
slice13 prefetch finish  @clk     1911491
slice14 prefetch finish  @clk     1911495
slice15 prefetch finish  @clk     1911499
slice4 prefetch finish  @clk     1911519
slice5 prefetch finish  @clk     1911571
slice6 prefetch finish  @clk     1911575
slice7 prefetch finish  @clk     1911579
slice8 prefetch finish  @clk     1911583
slice9 prefetch finish  @clk     1911587
slice10 prefetch finish  @clk     1911591
slice11 prefetch finish  @clk     1911595
slice0 prefetch finish @clk     1911599
slice1 prefetch finish  @clk     1911661
slice2 prefetch finish  @clk     1911665
slice3 prefetch finish  @clk     1911669
slice12 write_burst finish  @clk     1941437
slice12 task finish  @clk     1941439
slice13 write_burst finish  @clk     1941441
slice12 start run  @clk     1941442
slice13 task finish  @clk     1941443
slice14 write_burst finish  @clk     1941445
slice14 task finish  @clk     1941447
slice13 start run  @clk     1941459
slice14 start run  @clk     1941460
slice15 write_burst finish  @clk     1941573
slice15 task finish  @clk     1941575
slice15 start run  @clk     1941589
slice4 write_burst finish  @clk     1941713
slice4 task finish  @clk     1941715
slice4 start run  @clk     1941722
slice5 write_burst finish  @clk     1941815
slice5 task finish  @clk     1941817
slice5 start run  @clk     1941819
slice6 write_burst finish  @clk     1941819
slice6 task finish  @clk     1941821
slice7 write_burst finish  @clk     1941823
slice7 task finish  @clk     1941825
slice6 start run  @clk     1941836
slice7 start run  @clk     1941837
slice8 write_burst finish  @clk     1941845
slice8 task finish  @clk     1941847
slice9 write_burst finish  @clk     1941849
slice9 task finish  @clk     1941851
slice10 write_burst finish  @clk     1941853
slice8 start run  @clk     1941854
slice9 start run  @clk     1941855
slice10 task finish  @clk     1941855
slice10 start run  @clk     1941856
slice11 write_burst finish  @clk     1941857
slice11 task finish  @clk     1941859
slice11 start run  @clk     1941873
slice0 write_burst finish @clk     1941879
slice0 task finish @clk     1941881
slice0 start run @clk     1941894
slice1 write_burst finish  @clk     1941915
slice1 task finish  @clk     1941917
slice2 write_burst finish  @clk     1941919
slice3 write_burst finish  @clk     1941920
slice2 task finish  @clk     1941921
slice3 task finish  @clk     1941922
slice1 start run  @clk     1941927
slice2 start run  @clk     1941928
slice3 start run  @clk     1941929
slice12 start prefetch  @clk     1942255
slice13 start prefetch  @clk     1942255
slice14 start prefetch  @clk     1942255
slice15 start prefetch  @clk     1942255
slice8 start prefetch  @clk     1942257
slice9 start prefetch  @clk     1942257
slice10 start prefetch  @clk     1942257
slice11 start prefetch  @clk     1942257
slice4 start prefetch  @clk     1942259
slice5 start prefetch  @clk     1942259
slice6 start prefetch  @clk     1942259
slice7 start prefetch  @clk     1942259
slice0 start prefetch @clk     1942261
slice1 start prefetch  @clk     1942261
slice2 start prefetch  @clk     1942261
slice3 start prefetch  @clk     1942261
slice12 access done  @clk     1945534
slice12 start write  @clk     1945535
slice13 access done  @clk     1945551
slice14 access done  @clk     1945552
slice13 start write  @clk     1945552
slice14 start write  @clk     1945553
slice15 access done  @clk     1945681
slice15 start write  @clk     1945682
slice4 access done  @clk     1945814
slice4 start write  @clk     1945815
slice5 access done  @clk     1945911
slice5 start write  @clk     1945912
slice6 access done  @clk     1945928
slice7 access done  @clk     1945929
slice6 start write  @clk     1945929
slice7 start write  @clk     1945930
slice8 access done  @clk     1945946
slice9 access done  @clk     1945947
slice8 start write  @clk     1945947
slice10 access done  @clk     1945948
slice9 start write  @clk     1945948
slice10 start write  @clk     1945949
slice11 access done  @clk     1945965
slice11 start write  @clk     1945966
slice0 access done @clk     1945986
slice0 start write @clk     1945987
slice1 access done  @clk     1946019
slice2 access done  @clk     1946020
slice1 start write  @clk     1946020
slice3 access done  @clk     1946021
slice2 start write  @clk     1946021
slice3 start write  @clk     1946022
slice12 compute config finish @clk     1946508
slice13 compute config finish @clk     1946508
slice14 compute config finish @clk     1946508
slice15 compute config finish @clk     1946577
slice4 compute config finish @clk     1946710
slice5 compute config finish @clk     1946807
slice6 compute config finish @clk     1946824
slice7 compute config finish @clk     1946825
slice8 compute config finish @clk     1946842
slice9 compute config finish @clk     1946843
slice10 compute config finish @clk     1946844
slice11 compute config finish @clk     1946861
slice0 compute config finish @clk     1946882
slice1 compute config finish @clk     1946915
slice2 compute config finish @clk     1946916
slice3 compute config finish @clk     1946917
slice12 prefetch finish  @clk     1981287
slice13 prefetch finish  @clk     1981337
slice14 prefetch finish  @clk     1981341
slice15 prefetch finish  @clk     1981345
slice4 prefetch finish  @clk     1981365
slice5 prefetch finish  @clk     1981417
slice6 prefetch finish  @clk     1981421
slice7 prefetch finish  @clk     1981425
slice8 prefetch finish  @clk     1981429
slice9 prefetch finish  @clk     1981433
slice10 prefetch finish  @clk     1981437
slice11 prefetch finish  @clk     1981441
slice0 prefetch finish @clk     1981445
slice1 prefetch finish  @clk     1981507
slice2 prefetch finish  @clk     1981511
slice3 prefetch finish  @clk     1981515
slice12 write_burst finish  @clk     2011283
slice12 task finish  @clk     2011285
slice13 write_burst finish  @clk     2011287
slice13 task finish  @clk     2011289
slice14 write_burst finish  @clk     2011291
slice14 task finish  @clk     2011293
slice12 start run  @clk     2011298
slice13 start run  @clk     2011299
slice14 start run  @clk     2011300
slice15 write_burst finish  @clk     2011419
slice15 task finish  @clk     2011421
slice15 start run  @clk     2011429
slice4 write_burst finish  @clk     2011559
slice4 task finish  @clk     2011561
slice4 start run  @clk     2011562
slice5 write_burst finish  @clk     2011661
slice5 task finish  @clk     2011663
slice6 write_burst finish  @clk     2011665
slice6 task finish  @clk     2011667
slice7 write_burst finish  @clk     2011669
slice7 task finish  @clk     2011671
slice5 start run  @clk     2011675
slice6 start run  @clk     2011676
slice7 start run  @clk     2011677
slice8 write_burst finish  @clk     2011691
slice8 task finish  @clk     2011693
slice8 start run  @clk     2011694
slice9 write_burst finish  @clk     2011695
slice9 task finish  @clk     2011697
slice10 write_burst finish  @clk     2011699
slice10 task finish  @clk     2011701
slice11 write_burst finish  @clk     2011703
slice11 task finish  @clk     2011705
slice9 start run  @clk     2011711
slice10 start run  @clk     2011712
slice11 start run  @clk     2011713
slice0 write_burst finish @clk     2011725
slice0 task finish @clk     2011727
slice0 start run @clk     2011734
slice1 write_burst finish  @clk     2011761
slice1 task finish  @clk     2011763
slice2 write_burst finish  @clk     2011765
slice3 write_burst finish  @clk     2011766
slice1 start run  @clk     2011767
slice2 task finish  @clk     2011767
slice2 start run  @clk     2011768
slice3 task finish  @clk     2011768
slice3 start run  @clk     2011769
slice12 access done  @clk     2015390
slice13 access done  @clk     2015391
slice12 start write  @clk     2015391
slice14 access done  @clk     2015392
slice13 start write  @clk     2015392
slice14 start write  @clk     2015393
slice15 access done  @clk     2015521
slice15 start write  @clk     2015522
slice4 access done  @clk     2015654
slice4 start write  @clk     2015655
slice5 access done  @clk     2015767
slice6 access done  @clk     2015768
slice5 start write  @clk     2015768
slice7 access done  @clk     2015769
slice6 start write  @clk     2015769
slice7 start write  @clk     2015770
slice8 access done  @clk     2015786
slice8 start write  @clk     2015787
slice9 access done  @clk     2015803
slice10 access done  @clk     2015804
slice9 start write  @clk     2015804
slice11 access done  @clk     2015805
slice10 start write  @clk     2015805
slice11 start write  @clk     2015806
slice0 access done @clk     2015826
slice0 start write @clk     2015827
slice1 access done  @clk     2015859
slice2 access done  @clk     2015860
slice1 start write  @clk     2015860
slice3 access done  @clk     2015861
slice2 start write  @clk     2015861
slice3 start write  @clk     2015862
slice12 write_burst finish  @clk     2044255
slice12 task finish  @clk     2044257
slice13 write_burst finish  @clk     2044259
slice13 task finish  @clk     2044261
slice14 write_burst finish  @clk     2044281
slice14 task finish  @clk     2044283
slice15 write_burst finish  @clk     2044939
slice15 task finish  @clk     2044941
slice4 write_burst finish  @clk     2045403
slice4 task finish  @clk     2045405
slice5 write_burst finish  @clk     2045683
slice5 task finish  @clk     2045685
slice6 write_burst finish  @clk     2045687
slice6 task finish  @clk     2045689
slice7 write_burst finish  @clk     2045709
slice7 task finish  @clk     2045711
slice8 write_burst finish  @clk     2045713
slice8 task finish  @clk     2045715
slice0 write_burst finish @clk     2045749
slice0 task finish @clk     2045751
slice9 write_burst finish  @clk     2045783
slice10 write_burst finish  @clk     2045784
slice9 task finish  @clk     2045785
slice10 task finish  @clk     2045786
slice11 write_burst finish  @clk     2045789
slice11 task finish  @clk     2045791
slice1 write_burst finish  @clk     2045811
slice1 task finish  @clk     2045813
slice2 write_burst finish  @clk     2045815
slice2 task finish  @clk     2045817
slice3 write_burst finish  @clk     2045819
slice3 task finish  @clk     2045821
